{"timestamp": "2026-05-06T11:44:49.000+00:00", "rule": {"id": "61603", "level": 5, "description": "Sysmon - Event: 1 - Process creation.", "groups": ["sysmon", "sysmon_event1"]}, "agent": {"id": "104", "name": "WS-AP-01", "ip": "10.10.4.40"}, "manager": {"name": "log-srv-01"}, "id": "alert-1778067889-26299", "decoder": {"name": "sysmon-event"}, "data": {"win": {"eventdata": {"utcTime": "2026-05-06 11:44:49.000", "processGuid": "{df0e7b98-fb5b-adf0-6682-aacf32a1ce76}", "processId": "26299", "image": "C:\\Program Files\\Microsoft Office\\root\\Office16\\OUTLOOK.EXE", "commandLine": "\"OUTLOOK.EXE\"", "currentDirectory": "C:\\Windows\\System32\\", "user": "MEDDEFENSE\\ap01", "logonGuid": "{99a68957-0ee3-723a-1508-b33202ae3b00}", "logonId": "0x23bdc5b", "terminalSessionId": "1", "integrityLevel": "Medium", "hashes": "SHA256=50a4a34060186ff35f8d5af97c85a538b3f332bb8b378a6b20459c23a477163a", "parentProcessGuid": "{37ea7639-5e93-41d6-ebd0-ff34dcc61b57}", "parentProcessId": "13665", "parentImage": "C:\\Windows\\explorer.exe", "parentCommandLine": "C:\\Windows\\Explorer.EXE", "parentUser": "MEDDEFENSE\\ap01", "agentName": "WS-AP-01"}, "system": {"eventID": "1", "channel": "Microsoft-Windows-Sysmon/Operational", "computer": "WS-AP-01", "providerName": "Microsoft-Windows-Sysmon", "providerGuid": "{5770385F-C22A-43E0-BF4C-06F5698FFBD9}", "userID": "S-1-5-18"}}}}
{"timestamp": "2026-05-06T11:45:00.000+00:00", "rule": {"id": "61603", "level": 5, "description": "Sysmon - Event: 1 - Process creation.", "groups": ["sysmon", "sysmon_event1"]}, "agent": {"id": "631", "name": "WS-NURSE-01", "ip": "10.10.2.11"}, "manager": {"name": "log-srv-01"}, "id": "alert-1778067900-13331", "decoder": {"name": "sysmon-event"}, "data": {"win": {"eventdata": {"utcTime": "2026-05-06 11:45:00.000", "processGuid": "{99751c50-94a2-abfe-4610-c5948aba3b01}", "processId": "13331", "image": "C:\\Program Files\\Google\\Chrome\\Application\\chrome.exe", "commandLine": "\"chrome.exe\"", "currentDirectory": "C:\\Windows\\System32\\", "user": "MEDDEFENSE\\nurse01", "logonGuid": "{67b1586d-cf05-1f5f-9aaf-48ec518eeae5}", "logonId": "0xdc2556f", "terminalSessionId": "1", "integrityLevel": "Medium", "hashes": "SHA256=8e89fb6b00a7c160bae391cb9f7a0d640eef7223a78d65343e2b9f1b57d81260", "parentProcessGuid": "{c5b8c890-91e6-356f-692e-3b6ba234f5e0}", "parentProcessId": "11841", "parentImage": "C:\\Windows\\explorer.exe", "parentCommandLine": "C:\\Windows\\Explorer.EXE", "parentUser": "MEDDEFENSE\\nurse01", "agentName": "WS-NURSE-01"}, "system": {"eventID": "1", "channel": "Microsoft-Windows-Sysmon/Operational", "computer": "WS-NURSE-01", "providerName": "Microsoft-Windows-Sysmon", "providerGuid": "{5770385F-C22A-43E0-BF4C-06F5698FFBD9}", "userID": "S-1-5-18"}}}}
{"timestamp": "2026-05-06T11:49:52.000+00:00", "rule": {"id": "61645", "level": 3, "description": "Sysmon - Event: 22 - DNS query.", "groups": ["sysmon", "sysmon_event_22"]}, "agent": {"id": "631", "name": "WS-NURSE-01", "ip": "10.10.2.11"}, "manager": {"name": "log-srv-01"}, "id": "alert-1778068192-dns-74881", "decoder": {"name": "sysmon-event"}, "data": {"win": {"eventdata": {"utcTime": "2026-05-06 11:49:52.000", "queryName": "sync.healthbane-c2.net", "queryStatus": "0", "queryResults": "type:  5 185.220.101.45", "image": "C:\\Windows\\System32\\svchost.exe"}, "system": {"eventID": "22", "channel": "Microsoft-Windows-Sysmon/Operational", "computer": "WS-NURSE-01"}}}, "hunt_meta": null}
{"timestamp": "2026-05-06T11:55:33.000+00:00", "rule": {"id": "61613", "level": 3, "description": "Sysmon - Event: 11 - File created.", "groups": ["sysmon", "sysmon_event_11"]}, "agent": {"id": "829", "name": "WS-HELPDESK-01", "ip": "10.10.9.20"}, "manager": {"name": "log-srv-01"}, "id": "alert-1778068533-fc-15895", "decoder": {"name": "sysmon-event"}, "data": {"win": {"eventdata": {"utcTime": "2026-05-06 11:55:33.000", "image": "C:\\Program Files\\Microsoft Office\\root\\Office16\\OUTLOOK.EXE", "targetFilename": "C:\\Users\\helpdesk01\\AppData\\Local\\Temp\\OICE_6195.tmp", "creationUtcTime": "2026-05-06 11:55:33.000"}, "system": {"eventID": "11", "channel": "Microsoft-Windows-Sysmon/Operational", "computer": "WS-HELPDESK-01"}}}}
{"timestamp": "2026-05-06T11:59:45.000+00:00", "rule": {"id": "61603", "level": 5, "description": "Sysmon - Event: 1 - Process creation.", "groups": ["sysmon", "sysmon_event1"]}, "agent": {"id": "937", "name": "WS-NURSE-03", "ip": "10.10.2.13"}, "manager": {"name": "log-srv-01"}, "id": "alert-1778068785-32935", "decoder": {"name": "sysmon-event"}, "data": {"win": {"eventdata": {"utcTime": "2026-05-06 11:59:45.000", "processGuid": "{d56fe33a-9a97-d3a0-b16d-1b4cf14a5a76}", "processId": "32935", "image": "C:\\Program Files\\Microsoft Office\\root\\Office16\\OUTLOOK.EXE", "commandLine": "\"OUTLOOK.EXE\"", "currentDirectory": "C:\\Windows\\System32\\", "user": "MEDDEFENSE\\nurse03", "logonGuid": "{f5db47d6-222c-0470-b84c-831933981c8d}", "logonId": "0x85a3d53", "terminalSessionId": "1", "integrityLevel": "Medium", "hashes": "SHA256=c9712fb84a1e94cde5e6419f3b15f23198f04d91a9c31187107e2a506a739a7b", "parentProcessGuid": "{a9617ee7-e9c0-009c-4cf5-d42e4d868d01}", "parentProcessId": "53341", "parentImage": "C:\\Windows\\explorer.exe", "parentCommandLine": "C:\\Windows\\Explorer.EXE", "parentUser": "MEDDEFENSE\\nurse03", "agentName": "WS-NURSE-03"}, "system": {"eventID": "1", "channel": "Microsoft-Windows-Sysmon/Operational", "computer": "WS-NURSE-03", "providerName": "Microsoft-Windows-Sysmon", "providerGuid": "{5770385F-C22A-43E0-BF4C-06F5698FFBD9}", "userID": "S-1-5-18"}}}}
{"timestamp": "2026-05-06T12:05:11.000+00:00", "rule": {"id": "61612", "level": 3, "description": "Sysmon - Event: 13 - Registry value set.", "groups": ["sysmon", "sysmon_event_13"]}, "agent": {"id": "773", "name": "WS-DOC-02", "ip": "10.10.2.31"}, "manager": {"name": "log-srv-01"}, "id": "alert-1778069111-reg-50521", "decoder": {"name": "sysmon-event"}, "data": {"win": {"eventdata": {"utcTime": "2026-05-06 12:05:11.000", "eventType": "SetValue", "image": "C:\\Windows\\System32\\msiexec.exe", "targetObject": "HKLM\\SYSTEM\\CurrentControlSet\\Services\\Value62", "details": "QWORD (0x00000064)"}, "system": {"eventID": "13", "channel": "Microsoft-Windows-Sysmon/Operational", "computer": "WS-DOC-02"}}}}
{"timestamp": "2026-05-06T12:10:30.000+00:00", "rule": {"id": "61603", "level": 5, "description": "Sysmon - Event: 1 - Process creation.", "groups": ["sysmon", "sysmon_event1"]}, "agent": {"id": "907", "name": "WS-BILL-01", "ip": "10.10.4.30"}, "manager": {"name": "log-srv-01"}, "id": "alert-1778069430-9546", "decoder": {"name": "sysmon-event"}, "data": {"win": {"eventdata": {"utcTime": "2026-05-06 12:10:30.000", "processGuid": "{187b8ff6-c715-489c-72e4-49211e586cd3}", "processId": "9546", "image": "C:\\Program Files\\Microsoft Office\\root\\Office16\\WINWORD.EXE", "commandLine": "\"WINWORD.EXE\"", "currentDirectory": "C:\\Windows\\System32\\", "user": "MEDDEFENSE\\bill01", "logonGuid": "{8e830fa4-56da-fbaf-f9dc-dfe9a2e0bb81}", "logonId": "0x191169f", "terminalSessionId": "1", "integrityLevel": "Medium", "hashes": "SHA256=d671e05fe0131ae161236010ef7ccf90bd18a09cd8f16c9d43dba32453ff0ddb", "parentProcessGuid": "{dfb84c57-a95f-75f1-9777-e2097a3020e8}", "parentProcessId": "62193", "parentImage": "C:\\Windows\\explorer.exe", "parentCommandLine": "C:\\Windows\\Explorer.EXE", "parentUser": "MEDDEFENSE\\bill01", "agentName": "WS-BILL-01"}, "system": {"eventID": "1", "channel": "Microsoft-Windows-Sysmon/Operational", "computer": "WS-BILL-01", "providerName": "Microsoft-Windows-Sysmon", "providerGuid": "{5770385F-C22A-43E0-BF4C-06F5698FFBD9}", "userID": "S-1-5-18"}}}}
{"timestamp": "2026-05-06T12:19:45.000+00:00", "rule": {"id": "61603", "level": 5, "description": "Sysmon - Event: 1 - Process creation.", "groups": ["sysmon", "sysmon_event1"]}, "agent": {"id": "829", "name": "WS-HELPDESK-01", "ip": "10.10.9.20"}, "manager": {"name": "log-srv-01"}, "id": "alert-1778069985-42259", "decoder": {"name": "sysmon-event"}, "data": {"win": {"eventdata": {"utcTime": "2026-05-06 12:19:45.000", "processGuid": "{23144465-ae0e-12d6-f7bf-59bc71d218b0}", "processId": "42259", "image": "C:\\Program Files\\Microsoft Office\\root\\Office16\\OUTLOOK.EXE", "commandLine": "\"OUTLOOK.EXE\"", "currentDirectory": "C:\\Windows\\System32\\", "user": "MEDDEFENSE\\helpdesk01", "logonGuid": "{08cc2d9b-f7ac-0f5d-eb8d-42435d31cd3b}", "logonId": "0x6032ed1", "terminalSessionId": "1", "integrityLevel": "Medium", "hashes": "SHA256=739694f2c750952949600920d6dd9d231826c11ced96ca74ddf3995ebd494593", "parentProcessGuid": "{42d2960f-0d04-c7c9-128d-62aab54a808e}", "parentProcessId": "40325", "parentImage": "C:\\Windows\\explorer.exe", "parentCommandLine": "C:\\Windows\\Explorer.EXE", "parentUser": "MEDDEFENSE\\helpdesk01", "agentName": "WS-HELPDESK-01"}, "system": {"eventID": "1", "channel": "Microsoft-Windows-Sysmon/Operational", "computer": "WS-HELPDESK-01", "providerName": "Microsoft-Windows-Sysmon", "providerGuid": "{5770385F-C22A-43E0-BF4C-06F5698FFBD9}", "userID": "S-1-5-18"}}}}
{"timestamp": "2026-05-06T12:20:29.000+00:00", "rule": {"id": "61603", "level": 5, "description": "Sysmon - Event: 1 - Process creation.", "groups": ["sysmon", "sysmon_event1"]}, "agent": {"id": "696", "name": "WS-NURSE-04", "ip": "10.10.2.15"}, "manager": {"name": "log-srv-01"}, "id": "alert-1778070029-27765", "decoder": {"name": "sysmon-event"}, "data": {"win": {"eventdata": {"utcTime": "2026-05-06 12:20:29.000", "processGuid": "{93d65ab7-df2e-5ca2-ae9b-20e5117cc6e1}", "processId": "27765", "image": "C:\\Program Files\\Google\\Chrome\\Application\\chrome.exe", "commandLine": "\"chrome.exe\"", "currentDirectory": "C:\\Windows\\System32\\", "user": "MEDDEFENSE\\dmarsh", "logonGuid": "{34a75b0f-32ad-f8fe-14b6-7808c27603c7}", "logonId": "0x09069d9", "terminalSessionId": "1", "integrityLevel": "Medium", "hashes": "SHA256=1d30538c499157542d42f6113071650364de3c448220c915693673a75ed4b94b", "parentProcessGuid": "{a938aeee-7cfe-b8d1-5728-605618b5fddb}", "parentProcessId": "55735", "parentImage": "C:\\Windows\\explorer.exe", "parentCommandLine": "C:\\Windows\\Explorer.EXE", "parentUser": "MEDDEFENSE\\dmarsh", "agentName": "WS-NURSE-04"}, "system": {"eventID": "1", "channel": "Microsoft-Windows-Sysmon/Operational", "computer": "WS-NURSE-04", "providerName": "Microsoft-Windows-Sysmon", "providerGuid": "{5770385F-C22A-43E0-BF4C-06F5698FFBD9}", "userID": "S-1-5-18"}}}}
{"timestamp": "2026-05-06T12:21:20.000+00:00", "rule": {"id": "61603", "level": 5, "description": "Sysmon - Event: 1 - Process creation.", "groups": ["sysmon", "sysmon_event1"]}, "agent": {"id": "845", "name": "WS-AP-07", "ip": "10.10.4.41"}, "manager": {"name": "log-srv-01"}, "id": "alert-1778070080-49002", "decoder": {"name": "sysmon-event"}, "data": {"win": {"eventdata": {"utcTime": "2026-05-06 12:21:20.000", "processGuid": "{ac2f1d8e-cd7f-0bfc-135e-ad3c70fa884f}", "processId": "49002", "image": "C:\\Windows\\System32\\svchost.exe", "commandLine": "C:\\Windows\\System32\\svchost.exe -k netsvcs", "currentDirectory": "C:\\Windows\\System32\\", "user": "MEDDEFENSE\\arivera", "logonGuid": "{d11b3351-e917-e93d-d7c6-bb2e124a8694}", "logonId": "0x84b9671", "terminalSessionId": "1", "integrityLevel": "Medium", "hashes": "SHA256=9aa80d0d1d44d200a6e820ff572ac30525c4d204c467f5b9d97b128de7811cff", "parentProcessGuid": "{f90239d7-b4d7-e313-d5da-8f4c89408d3a}", "parentProcessId": "60405", "parentImage": "C:\\Windows\\explorer.exe", "parentCommandLine": "C:\\Windows\\Explorer.EXE", "parentUser": "MEDDEFENSE\\arivera", "agentName": "WS-AP-07"}, "system": {"eventID": "1", "channel": "Microsoft-Windows-Sysmon/Operational", "computer": "WS-AP-07", "providerName": "Microsoft-Windows-Sysmon", "providerGuid": "{5770385F-C22A-43E0-BF4C-06F5698FFBD9}", "userID": "S-1-5-18"}}}}
{"timestamp": "2026-05-06T12:22:59.000+00:00", "rule": {"id": "61605", "level": 3, "description": "Sysmon - Event: 3 - Network connection.", "groups": ["sysmon", "sysmon_event3"]}, "agent": {"id": "755", "name": "WS-NURSE-02", "ip": "10.10.2.12"}, "manager": {"name": "log-srv-01"}, "id": "alert-1778070179-net-20086", "decoder": {"name": "sysmon-event"}, "data": {"win": {"eventdata": {"utcTime": "2026-05-06 12:22:59.000", "image": "C:\\Windows\\System32\\svchost.exe", "user": "MEDDEFENSE\\system", "protocol": "tcp", "initiated": "true", "sourceIp": "10.10.2.12", "sourcePort": "60621", "destinationIp": "10.10.20.15", "destinationPort": "636", "destinationHostname": "SRV-HEALTH-DB"}, "system": {"eventID": "3", "channel": "Microsoft-Windows-Sysmon/Operational", "computer": "WS-NURSE-02"}}}, "hunt_meta": null}
{"timestamp": "2026-05-06T12:30:50.000+00:00", "rule": {"id": "61603", "level": 5, "description": "Sysmon - Event: 1 - Process creation.", "groups": ["sysmon", "sysmon_event1"]}, "agent": {"id": "794", "name": "WS-BILL-02", "ip": "10.10.4.33"}, "manager": {"name": "log-srv-01"}, "id": "alert-1778070650-40289", "decoder": {"name": "sysmon-event"}, "data": {"win": {"eventdata": {"utcTime": "2026-05-06 12:30:50.000", "processGuid": "{165d5a1d-3e28-b31a-62a0-26d654429d99}", "processId": "40289", "image": "C:\\Windows\\System32\\svchost.exe", "commandLine": "C:\\Windows\\System32\\svchost.exe -k netsvcs", "currentDirectory": "C:\\Windows\\System32\\", "user": "MEDDEFENSE\\lpatterson", "logonGuid": "{7dfa6131-dc2f-dbc2-2413-b88e6f1a895a}", "logonId": "0x31ba745", "terminalSessionId": "1", "integrityLevel": "Medium", "hashes": "SHA256=5278c51254eb4c3ae3dbf23a7212319e881c53c5bb6bba51e287b1ecd5f2f7eb", "parentProcessGuid": "{78cdb8ce-78b5-ae52-63e3-fd2af13dd352}", "parentProcessId": "51304", "parentImage": "C:\\Windows\\explorer.exe", "parentCommandLine": "C:\\Windows\\Explorer.EXE", "parentUser": "MEDDEFENSE\\lpatterson", "agentName": "WS-BILL-02"}, "system": {"eventID": "1", "channel": "Microsoft-Windows-Sysmon/Operational", "computer": "WS-BILL-02", "providerName": "Microsoft-Windows-Sysmon", "providerGuid": "{5770385F-C22A-43E0-BF4C-06F5698FFBD9}", "userID": "S-1-5-18"}}}}
{"timestamp": "2026-05-06T12:31:39.000+00:00", "rule": {"id": "61612", "level": 3, "description": "Sysmon - Event: 13 - Registry value set.", "groups": ["sysmon", "sysmon_event_13"]}, "agent": {"id": "066", "name": "WS-DOC-01", "ip": "10.10.2.30"}, "manager": {"name": "log-srv-01"}, "id": "alert-1778070699-reg-23701", "decoder": {"name": "sysmon-event"}, "data": {"win": {"eventdata": {"utcTime": "2026-05-06 12:31:39.000", "eventType": "SetValue", "image": "C:\\Windows\\System32\\TrustedInstaller.exe", "targetObject": "HKLM\\SOFTWARE\\Microsoft\\Cryptography\\Value93", "details": "DWORD (0x00000001)"}, "system": {"eventID": "13", "channel": "Microsoft-Windows-Sysmon/Operational", "computer": "WS-DOC-01"}}}}
{"timestamp": "2026-05-06T12:53:54.000+00:00", "rule": {"id": "61603", "level": 5, "description": "Sysmon - Event: 1 - Process creation.", "groups": ["sysmon", "sysmon_event1"]}, "agent": {"id": "909", "name": "WS-RECV-02", "ip": "10.10.3.20"}, "manager": {"name": "log-srv-01"}, "id": "alert-1778072034-9238", "decoder": {"name": "sysmon-event"}, "data": {"win": {"eventdata": {"utcTime": "2026-05-06 12:53:54.000", "processGuid": "{3138c5c1-d9eb-50fe-a029-b96494bb957f}", "processId": "9238", "image": "C:\\Windows\\System32\\svchost.exe", "commandLine": "C:\\Windows\\System32\\svchost.exe -k netsvcs", "currentDirectory": "C:\\Windows\\System32\\", "user": "MEDDEFENSE\\records02", "logonGuid": "{dbe3a52c-dc40-7200-d6cf-a75f3c59ffe5}", "logonId": "0xf769d45", "terminalSessionId": "1", "integrityLevel": "Medium", "hashes": "SHA256=36cc1833d67bdc164f6b20f8d8742579b905701d343ae04803236ca4ab662f68", "parentProcessGuid": "{b75e1778-28ff-15e9-7bd8-f0d01e836ae3}", "parentProcessId": "4089", "parentImage": "C:\\Windows\\explorer.exe", "parentCommandLine": "C:\\Windows\\Explorer.EXE", "parentUser": "MEDDEFENSE\\records02", "agentName": "WS-RECV-02"}, "system": {"eventID": "1", "channel": "Microsoft-Windows-Sysmon/Operational", "computer": "WS-RECV-02", "providerName": "Microsoft-Windows-Sysmon", "providerGuid": "{5770385F-C22A-43E0-BF4C-06F5698FFBD9}", "userID": "S-1-5-18"}}}}
{"timestamp": "2026-05-06T13:04:49.000+00:00", "rule": {"id": "61603", "level": 5, "description": "Sysmon - Event: 1 - Process creation.", "groups": ["sysmon", "sysmon_event1"]}, "agent": {"id": "104", "name": "WS-AP-01", "ip": "10.10.4.40"}, "manager": {"name": "log-srv-01"}, "id": "alert-1778072689-54665", "decoder": {"name": "sysmon-event"}, "data": {"win": {"eventdata": {"utcTime": "2026-05-06 13:04:49.000", "processGuid": "{d7ec5811-0af8-83af-8833-4fae82894b83}", "processId": "54665", "image": "C:\\Program Files\\Google\\Chrome\\Application\\chrome.exe", "commandLine": "\"chrome.exe\"", "currentDirectory": "C:\\Windows\\System32\\", "user": "MEDDEFENSE\\ap01", "logonGuid": "{1fc2b0fb-2edb-b939-df29-a844b1eb7309}", "logonId": "0x2c16f6c", "terminalSessionId": "1", "integrityLevel": "Medium", "hashes": "SHA256=182fa28932ba15698296d769d4c77a979afe64e9f054e3fc1c848463a1549f50", "parentProcessGuid": "{6343f149-bb54-6d1b-f049-5ab5018a10e9}", "parentProcessId": "10248", "parentImage": "C:\\Windows\\explorer.exe", "parentCommandLine": "C:\\Windows\\Explorer.EXE", "parentUser": "MEDDEFENSE\\ap01", "agentName": "WS-AP-01"}, "system": {"eventID": "1", "channel": "Microsoft-Windows-Sysmon/Operational", "computer": "WS-AP-01", "providerName": "Microsoft-Windows-Sysmon", "providerGuid": "{5770385F-C22A-43E0-BF4C-06F5698FFBD9}", "userID": "S-1-5-18"}}}}
{"timestamp": "2026-05-06T13:10:13.000+00:00", "rule": {"id": "61612", "level": 3, "description": "Sysmon - Event: 13 - Registry value set.", "groups": ["sysmon", "sysmon_event_13"]}, "agent": {"id": "773", "name": "WS-DOC-02", "ip": "10.10.2.31"}, "manager": {"name": "log-srv-01"}, "id": "alert-1778073013-reg-13405", "decoder": {"name": "sysmon-event"}, "data": {"win": {"eventdata": {"utcTime": "2026-05-06 13:10:13.000", "eventType": "SetValue", "image": "C:\\Windows\\System32\\msiexec.exe", "targetObject": "HKLM\\SYSTEM\\CurrentControlSet\\Services\\Value73", "details": "DWORD (0x00000001)"}, "system": {"eventID": "13", "channel": "Microsoft-Windows-Sysmon/Operational", "computer": "WS-DOC-02"}}}}
{"timestamp": "2026-05-06T13:13:09.000+00:00", "rule": {"id": "61603", "level": 5, "description": "Sysmon - Event: 1 - Process creation.", "groups": ["sysmon", "sysmon_event1"]}, "agent": {"id": "907", "name": "WS-BILL-01", "ip": "10.10.4.30"}, "manager": {"name": "log-srv-01"}, "id": "alert-1778073189-20498", "decoder": {"name": "sysmon-event"}, "data": {"win": {"eventdata": {"utcTime": "2026-05-06 13:13:09.000", "processGuid": "{0b3e98cc-22b1-0dfe-a82e-439745921d68}", "processId": "20498", "image": "C:\\Windows\\explorer.exe", "commandLine": "C:\\Windows\\Explorer.EXE", "currentDirectory": "C:\\Windows\\System32\\", "user": "MEDDEFENSE\\bill01", "logonGuid": "{ca1f8e3e-1bb5-a960-498d-ce308a941cb0}", "logonId": "0x5daff60", "terminalSessionId": "1", "integrityLevel": "Medium", "hashes": "SHA256=2aec0e071f8180157b43428657283b5c018c0e3b505294bd46c0547f01024ee7", "parentProcessGuid": "{74cb0732-7247-bf43-2922-8d42c99f6cff}", "parentProcessId": "40619", "parentImage": "C:\\Windows\\explorer.exe", "parentCommandLine": "C:\\Windows\\Explorer.EXE", "parentUser": "MEDDEFENSE\\bill01", "agentName": "WS-BILL-01"}, "system": {"eventID": "1", "channel": "Microsoft-Windows-Sysmon/Operational", "computer": "WS-BILL-01", "providerName": "Microsoft-Windows-Sysmon", "providerGuid": "{5770385F-C22A-43E0-BF4C-06F5698FFBD9}", "userID": "S-1-5-18"}}}}
{"timestamp": "2026-05-06T13:13:29.000+00:00", "rule": {"id": "61603", "level": 5, "description": "Sysmon - Event: 1 - Process creation.", "groups": ["sysmon", "sysmon_event1"]}, "agent": {"id": "794", "name": "WS-BILL-02", "ip": "10.10.4.33"}, "manager": {"name": "log-srv-01"}, "id": "alert-1778073209-23355", "decoder": {"name": "sysmon-event"}, "data": {"win": {"eventdata": {"utcTime": "2026-05-06 13:13:29.000", "processGuid": "{9179b20f-c127-6049-e40e-4e54bfd5244e}", "processId": "23355", "image": "C:\\Program Files\\Google\\Chrome\\Application\\chrome.exe", "commandLine": "\"chrome.exe\"", "currentDirectory": "C:\\Windows\\System32\\", "user": "MEDDEFENSE\\lpatterson", "logonGuid": "{f3812bbb-bb14-bbd6-524f-229a7d3b8a19}", "logonId": "0xb7862aa", "terminalSessionId": "1", "integrityLevel": "Medium", "hashes": "SHA256=21999e4f83aae694b741f4e29c97f4974126572615b013748f52ec8c07623b50", "parentProcessGuid": "{5d1549b6-0d43-3350-f29b-c5e5eb65a659}", "parentProcessId": "53762", "parentImage": "C:\\Windows\\explorer.exe", "parentCommandLine": "C:\\Windows\\Explorer.EXE", "parentUser": "MEDDEFENSE\\lpatterson", "agentName": "WS-BILL-02"}, "system": {"eventID": "1", "channel": "Microsoft-Windows-Sysmon/Operational", "computer": "WS-BILL-02", "providerName": "Microsoft-Windows-Sysmon", "providerGuid": "{5770385F-C22A-43E0-BF4C-06F5698FFBD9}", "userID": "S-1-5-18"}}}}
{"timestamp": "2026-05-06T13:15:35.000+00:00", "rule": {"id": "61612", "level": 3, "description": "Sysmon - Event: 13 - Registry value set.", "groups": ["sysmon", "sysmon_event_13"]}, "agent": {"id": "561", "name": "WS-HELPDESK-02", "ip": "10.10.9.21"}, "manager": {"name": "log-srv-01"}, "id": "alert-1778073335-reg-22181", "decoder": {"name": "sysmon-event"}, "data": {"win": {"eventdata": {"utcTime": "2026-05-06 13:15:35.000", "eventType": "SetValue", "image": "C:\\Program Files\\Microsoft Office\\root\\Office16\\WINWORD.EXE", "targetObject": "HKLM\\SOFTWARE\\Microsoft\\Windows\\CurrentVersion\\Uninstall\\Value71", "details": "DWORD (0x00000001)"}, "system": {"eventID": "13", "channel": "Microsoft-Windows-Sysmon/Operational", "computer": "WS-HELPDESK-02"}}}}
{"timestamp": "2026-05-06T13:28:18.000+00:00", "rule": {"id": "61603", "level": 5, "description": "Sysmon - Event: 1 - Process creation.", "groups": ["sysmon", "sysmon_event1"]}, "agent": {"id": "014", "name": "WS-ADMIN-01", "ip": "10.10.9.10"}, "manager": {"name": "log-srv-01"}, "id": "baseline-1778074098-60922", "decoder": {"name": "sysmon-event"}, "data": {"win": {"eventdata": {"utcTime": "2026-05-06 13:28:18.000", "processGuid": "{6f8df186-0639-40e3-43fe-f12311f5d0c5}", "processId": "60922", "image": "C:\\Windows\\System32\\wbem\\WMIC.exe", "commandLine": "wmic /node:SRV-INS-DB /user:MEDDEFENSE\\robert.kim process where name='MsMpEng.exe' get processid,handlecount", "currentDirectory": "C:\\Tools\\Scripts\\", "user": "MEDDEFENSE\\robert.kim", "logonGuid": "{9dff2873-1b88-8ee9-5597-dcecc97ac77f}", "logonId": "0x1a4e31b", "terminalSessionId": "2", "integrityLevel": "High", "hashes": "SHA256=c7c8e86e7a4c8a9a7b7c6f5e4d3c2b1a0908070605040302010908070605040", "parentProcessGuid": "{4bc2ec64-bdb7-e618-885f-5dae2af82db6}", "parentProcessId": "40802", "parentImage": "C:\\Windows\\System32\\cmd.exe", "parentCommandLine": "\"C:\\Windows\\System32\\cmd.exe\"", "parentUser": "MEDDEFENSE\\robert.kim", "agentName": "WS-ADMIN-01"}, "system": {"eventID": "1", "channel": "Microsoft-Windows-Sysmon/Operational", "computer": "WS-ADMIN-01", "providerName": "Microsoft-Windows-Sysmon", "providerGuid": "{5770385F-C22A-43E0-BF4C-06F5698FFBD9}", "userID": "S-1-5-18"}}}, "hunt_meta": {"category": "baseline", "source_host": "WS-ADMIN-01", "target_host": "SRV-INS-DB", "target_ip": "10.10.20.25", "tool": "WMI", "authorized": true}}
{"timestamp": "2026-05-06T13:35:48.000+00:00", "rule": {"id": "61603", "level": 5, "description": "Sysmon - Event: 1 - Process creation.", "groups": ["sysmon", "sysmon_event1"]}, "agent": {"id": "817", "name": "WS-RECV-01", "ip": "10.10.3.19"}, "manager": {"name": "log-srv-01"}, "id": "alert-1778074548-55035", "decoder": {"name": "sysmon-event"}, "data": {"win": {"eventdata": {"utcTime": "2026-05-06 13:35:48.000", "processGuid": "{862d71db-1513-aa0c-f2e3-959f9481a80c}", "processId": "55035", "image": "C:\\Program Files\\Microsoft Office\\root\\Office16\\OUTLOOK.EXE", "commandLine": "\"OUTLOOK.EXE\"", "currentDirectory": "C:\\Windows\\System32\\", "user": "MEDDEFENSE\\records01", "logonGuid": "{92ec0aac-8fa0-4ff6-0164-b82553e7ba69}", "logonId": "0x4e74219", "terminalSessionId": "1", "integrityLevel": "Medium", "hashes": "SHA256=9c5445d70a1f2d9157ec23d80381fb207099614797076bfb6194e874edfb8950", "parentProcessGuid": "{934391f7-61bc-0609-8bd0-6e0e859fdb18}", "parentProcessId": "48750", "parentImage": "C:\\Windows\\explorer.exe", "parentCommandLine": "C:\\Windows\\Explorer.EXE", "parentUser": "MEDDEFENSE\\records01", "agentName": "WS-RECV-01"}, "system": {"eventID": "1", "channel": "Microsoft-Windows-Sysmon/Operational", "computer": "WS-RECV-01", "providerName": "Microsoft-Windows-Sysmon", "providerGuid": "{5770385F-C22A-43E0-BF4C-06F5698FFBD9}", "userID": "S-1-5-18"}}}}
{"timestamp": "2026-05-06T13:35:51.000+00:00", "rule": {"id": "61613", "level": 3, "description": "Sysmon - Event: 11 - File created.", "groups": ["sysmon", "sysmon_event_11"]}, "agent": {"id": "794", "name": "WS-BILL-02", "ip": "10.10.4.33"}, "manager": {"name": "log-srv-01"}, "id": "alert-1778074551-fc-23898", "decoder": {"name": "sysmon-event"}, "data": {"win": {"eventdata": {"utcTime": "2026-05-06 13:35:51.000", "image": "C:\\Program Files\\Microsoft Office\\root\\Office16\\OUTLOOK.EXE", "targetFilename": "C:\\Users\\lpatterson\\AppData\\Local\\Temp\\OICE_1458.tmp", "creationUtcTime": "2026-05-06 13:35:51.000"}, "system": {"eventID": "11", "channel": "Microsoft-Windows-Sysmon/Operational", "computer": "WS-BILL-02"}}}}
{"timestamp": "2026-05-06T13:46:06.000+00:00", "rule": {"id": "61603", "level": 5, "description": "Sysmon - Event: 1 - Process creation.", "groups": ["sysmon", "sysmon_event1"]}, "agent": {"id": "233", "name": "WS-RECV-03", "ip": "10.10.3.21"}, "manager": {"name": "log-srv-01"}, "id": "alert-1778075166-33194", "decoder": {"name": "sysmon-event"}, "data": {"win": {"eventdata": {"utcTime": "2026-05-06 13:46:06.000", "processGuid": "{f25873ba-40f7-652d-54b0-d495375b6afb}", "processId": "33194", "image": "C:\\Program Files\\Google\\Chrome\\Application\\chrome.exe", "commandLine": "\"chrome.exe\"", "currentDirectory": "C:\\Windows\\System32\\", "user": "MEDDEFENSE\\records03", "logonGuid": "{acfe3452-09b6-8959-05c7-6dc7dcbc4229}", "logonId": "0x5ee439f", "terminalSessionId": "1", "integrityLevel": "Medium", "hashes": "SHA256=26effa5d75c9db564317eca6095f49d3a430dd0e48d256244a450f4fc0482363", "parentProcessGuid": "{c11e74ea-a4ae-55bb-38db-282f2b65cb74}", "parentProcessId": "17606", "parentImage": "C:\\Windows\\explorer.exe", "parentCommandLine": "C:\\Windows\\Explorer.EXE", "parentUser": "MEDDEFENSE\\records03", "agentName": "WS-RECV-03"}, "system": {"eventID": "1", "channel": "Microsoft-Windows-Sysmon/Operational", "computer": "WS-RECV-03", "providerName": "Microsoft-Windows-Sysmon", "providerGuid": "{5770385F-C22A-43E0-BF4C-06F5698FFBD9}", "userID": "S-1-5-18"}}}}
{"timestamp": "2026-05-06T13:46:21.000+00:00", "rule": {"id": "61603", "level": 5, "description": "Sysmon - Event: 1 - Process creation.", "groups": ["sysmon", "sysmon_event1"]}, "agent": {"id": "233", "name": "WS-RECV-03", "ip": "10.10.3.21"}, "manager": {"name": "log-srv-01"}, "id": "alert-1778075181-52819", "decoder": {"name": "sysmon-event"}, "data": {"win": {"eventdata": {"utcTime": "2026-05-06 13:46:21.000", "processGuid": "{4d2aa31a-4941-9f74-0afb-b285fe652051}", "processId": "52819", "image": "C:\\Program Files\\Google\\Chrome\\Application\\chrome.exe", "commandLine": "\"chrome.exe\"", "currentDirectory": "C:\\Windows\\System32\\", "user": "MEDDEFENSE\\records03", "logonGuid": "{4c3daf37-df1c-c98a-5fab-ed0dc068a924}", "logonId": "0xa47b6d3", "terminalSessionId": "1", "integrityLevel": "Medium", "hashes": "SHA256=48e042b4d5a2081caae68fc409e434a28528bd3a84e4abebddc33ac28d4b2028", "parentProcessGuid": "{10e3779f-db01-1b86-3ed4-e5bb45be4e57}", "parentProcessId": "21614", "parentImage": "C:\\Windows\\explorer.exe", "parentCommandLine": "C:\\Windows\\Explorer.EXE", "parentUser": "MEDDEFENSE\\records03", "agentName": "WS-RECV-03"}, "system": {"eventID": "1", "channel": "Microsoft-Windows-Sysmon/Operational", "computer": "WS-RECV-03", "providerName": "Microsoft-Windows-Sysmon", "providerGuid": "{5770385F-C22A-43E0-BF4C-06F5698FFBD9}", "userID": "S-1-5-18"}}}}
{"timestamp": "2026-05-06T13:53:32.000+00:00", "rule": {"id": "61612", "level": 3, "description": "Sysmon - Event: 13 - Registry value set.", "groups": ["sysmon", "sysmon_event_13"]}, "agent": {"id": "314", "name": "WS-RECV-04", "ip": "10.10.3.22"}, "manager": {"name": "log-srv-01"}, "id": "alert-1778075612-reg-18437", "decoder": {"name": "sysmon-event"}, "data": {"win": {"eventdata": {"utcTime": "2026-05-06 13:53:32.000", "eventType": "SetValue", "image": "C:\\Windows\\System32\\TrustedInstaller.exe", "targetObject": "HKLM\\SOFTWARE\\Microsoft\\Windows\\CurrentVersion\\Uninstall\\Value65", "details": "Binary Data"}, "system": {"eventID": "13", "channel": "Microsoft-Windows-Sysmon/Operational", "computer": "WS-RECV-04"}}}}
{"timestamp": "2026-05-06T13:53:34.000+00:00", "rule": {"id": "61612", "level": 3, "description": "Sysmon - Event: 13 - Registry value set.", "groups": ["sysmon", "sysmon_event_13"]}, "agent": {"id": "909", "name": "WS-RECV-02", "ip": "10.10.3.20"}, "manager": {"name": "log-srv-01"}, "id": "alert-1778075614-reg-48851", "decoder": {"name": "sysmon-event"}, "data": {"win": {"eventdata": {"utcTime": "2026-05-06 13:53:34.000", "eventType": "SetValue", "image": "C:\\Windows\\System32\\msiexec.exe", "targetObject": "HKLM\\SOFTWARE\\Policies\\Microsoft\\Windows Defender\\Value79", "details": "DWORD (0x00000000)"}, "system": {"eventID": "13", "channel": "Microsoft-Windows-Sysmon/Operational", "computer": "WS-RECV-02"}}}}
{"timestamp": "2026-05-06T13:55:54.000+00:00", "rule": {"id": "61603", "level": 5, "description": "Sysmon - Event: 1 - Process creation.", "groups": ["sysmon", "sysmon_event1"]}, "agent": {"id": "576", "name": "WS-NURSE-05", "ip": "10.10.2.16"}, "manager": {"name": "log-srv-01"}, "id": "alert-1778075754-63430", "decoder": {"name": "sysmon-event"}, "data": {"win": {"eventdata": {"utcTime": "2026-05-06 13:55:54.000", "processGuid": "{a7e4ac81-2687-5c9f-0da5-0439bf313dfe}", "processId": "63430", "image": "C:\\Windows\\System32\\svchost.exe", "commandLine": "C:\\Windows\\System32\\svchost.exe -k netsvcs", "currentDirectory": "C:\\Windows\\System32\\", "user": "MEDDEFENSE\\nurse05", "logonGuid": "{2b001664-28a2-a4f4-dde2-1ae9bc5a7866}", "logonId": "0xda4b4d6", "terminalSessionId": "1", "integrityLevel": "Medium", "hashes": "SHA256=fb4345d51f80720eb380ae685854ca9b5d4e2ca21a3d805bff31158a4201dbdb", "parentProcessGuid": "{2d6ee4ae-ef26-5a54-284b-7c010ce129ed}", "parentProcessId": "63488", "parentImage": "C:\\Windows\\explorer.exe", "parentCommandLine": "C:\\Windows\\Explorer.EXE", "parentUser": "MEDDEFENSE\\nurse05", "agentName": "WS-NURSE-05"}, "system": {"eventID": "1", "channel": "Microsoft-Windows-Sysmon/Operational", "computer": "WS-NURSE-05", "providerName": "Microsoft-Windows-Sysmon", "providerGuid": "{5770385F-C22A-43E0-BF4C-06F5698FFBD9}", "userID": "S-1-5-18"}}}}
{"timestamp": "2026-05-06T13:58:40.000+00:00", "rule": {"id": "61603", "level": 5, "description": "Sysmon - Event: 1 - Process creation.", "groups": ["sysmon", "sysmon_event1"]}, "agent": {"id": "907", "name": "WS-BILL-01", "ip": "10.10.4.30"}, "manager": {"name": "log-srv-01"}, "id": "alert-1778075920-63058", "decoder": {"name": "sysmon-event"}, "data": {"win": {"eventdata": {"utcTime": "2026-05-06 13:58:40.000", "processGuid": "{44d15030-ff96-9843-3f8e-51f63e741810}", "processId": "63058", "image": "C:\\Windows\\explorer.exe", "commandLine": "C:\\Windows\\Explorer.EXE", "currentDirectory": "C:\\Windows\\System32\\", "user": "MEDDEFENSE\\bill01", "logonGuid": "{77a6e280-af27-4fd6-f095-2a0357f6128d}", "logonId": "0x5ac7498", "terminalSessionId": "1", "integrityLevel": "Medium", "hashes": "SHA256=0a0341b3598ece4ec4c4b59216bdfc7c5bf23f16cfd34d51373458f595b7f3f5", "parentProcessGuid": "{5edfe2d2-db4f-748e-2c90-0cdbdb946f94}", "parentProcessId": "28306", "parentImage": "C:\\Windows\\explorer.exe", "parentCommandLine": "C:\\Windows\\Explorer.EXE", "parentUser": "MEDDEFENSE\\bill01", "agentName": "WS-BILL-01"}, "system": {"eventID": "1", "channel": "Microsoft-Windows-Sysmon/Operational", "computer": "WS-BILL-01", "providerName": "Microsoft-Windows-Sysmon", "providerGuid": "{5770385F-C22A-43E0-BF4C-06F5698FFBD9}", "userID": "S-1-5-18"}}}}
{"timestamp": "2026-05-06T14:00:06.000+00:00", "rule": {"id": "61603", "level": 5, "description": "Sysmon - Event: 1 - Process creation.", "groups": ["sysmon", "sysmon_event1"]}, "agent": {"id": "014", "name": "WS-ADMIN-01", "ip": "10.10.9.10"}, "manager": {"name": "log-srv-01"}, "id": "baseline-1778076006-52467", "decoder": {"name": "sysmon-event"}, "data": {"win": {"eventdata": {"utcTime": "2026-05-06 14:00:06.000", "processGuid": "{1547f55f-41c3-75db-dff8-5d79ab031eed}", "processId": "52467", "image": "C:\\Windows\\System32\\wbem\\WMIC.exe", "commandLine": "wmic /node:SRV-DC-01 /user:MEDDEFENSE\\robert.kim product get name,version,installdate", "currentDirectory": "C:\\Tools\\Scripts\\", "user": "MEDDEFENSE\\robert.kim", "logonGuid": "{64e8f04d-1fd8-eae0-57bf-5f498e58c05a}", "logonId": "0x1a4e31b", "terminalSessionId": "2", "integrityLevel": "High", "hashes": "SHA256=c7c8e86e7a4c8a9a7b7c6f5e4d3c2b1a0908070605040302010908070605040", "parentProcessGuid": "{64cd69f1-05d3-88ef-afc1-c3b57709e9be}", "parentProcessId": "33175", "parentImage": "C:\\Windows\\System32\\cmd.exe", "parentCommandLine": "\"C:\\Windows\\System32\\cmd.exe\"", "parentUser": "MEDDEFENSE\\robert.kim", "agentName": "WS-ADMIN-01"}, "system": {"eventID": "1", "channel": "Microsoft-Windows-Sysmon/Operational", "computer": "WS-ADMIN-01", "providerName": "Microsoft-Windows-Sysmon", "providerGuid": "{5770385F-C22A-43E0-BF4C-06F5698FFBD9}", "userID": "S-1-5-18"}}}, "hunt_meta": {"category": "baseline", "source_host": "WS-ADMIN-01", "target_host": "SRV-DC-01", "target_ip": "10.10.20.5", "tool": "WMI", "authorized": true}}
{"timestamp": "2026-05-06T14:01:04.000+00:00", "rule": {"id": "61612", "level": 3, "description": "Sysmon - Event: 13 - Registry value set.", "groups": ["sysmon", "sysmon_event_13"]}, "agent": {"id": "817", "name": "WS-RECV-01", "ip": "10.10.3.19"}, "manager": {"name": "log-srv-01"}, "id": "alert-1778076064-reg-88101", "decoder": {"name": "sysmon-event"}, "data": {"win": {"eventdata": {"utcTime": "2026-05-06 14:01:04.000", "eventType": "SetValue", "image": "C:\\Windows\\System32\\TrustedInstaller.exe", "targetObject": "HKLM\\SOFTWARE\\Microsoft\\Windows\\CurrentVersion\\Uninstall\\Value77", "details": "DWORD (0x00000000)"}, "system": {"eventID": "13", "channel": "Microsoft-Windows-Sysmon/Operational", "computer": "WS-RECV-01"}}}}
{"timestamp": "2026-05-06T14:04:09.000+00:00", "rule": {"id": "61603", "level": 5, "description": "Sysmon - Event: 1 - Process creation.", "groups": ["sysmon", "sysmon_event1"]}, "agent": {"id": "773", "name": "WS-DOC-02", "ip": "10.10.2.31"}, "manager": {"name": "log-srv-01"}, "id": "alert-1778076249-17567", "decoder": {"name": "sysmon-event"}, "data": {"win": {"eventdata": {"utcTime": "2026-05-06 14:04:09.000", "processGuid": "{86836477-d43f-c8b5-a26a-b19894d2132c}", "processId": "17567", "image": "C:\\Windows\\explorer.exe", "commandLine": "C:\\Windows\\Explorer.EXE", "currentDirectory": "C:\\Windows\\System32\\", "user": "MEDDEFENSE\\flores", "logonGuid": "{6e9c7968-6cbd-add4-dd39-70da58fabc6e}", "logonId": "0x17d4744", "terminalSessionId": "1", "integrityLevel": "Medium", "hashes": "SHA256=a33dc0dc18b8a97111ca1bc99816e0ed5e3e04039df4d8cb1d394e6bd8724ae8", "parentProcessGuid": "{17a2eed4-cd33-96a5-2c42-5f1ab64013e5}", "parentProcessId": "31433", "parentImage": "C:\\Windows\\explorer.exe", "parentCommandLine": "C:\\Windows\\Explorer.EXE", "parentUser": "MEDDEFENSE\\flores", "agentName": "WS-DOC-02"}, "system": {"eventID": "1", "channel": "Microsoft-Windows-Sysmon/Operational", "computer": "WS-DOC-02", "providerName": "Microsoft-Windows-Sysmon", "providerGuid": "{5770385F-C22A-43E0-BF4C-06F5698FFBD9}", "userID": "S-1-5-18"}}}}
{"timestamp": "2026-05-06T14:08:18.000+00:00", "rule": {"id": "61603", "level": 5, "description": "Sysmon - Event: 1 - Process creation.", "groups": ["sysmon", "sysmon_event1"]}, "agent": {"id": "817", "name": "WS-RECV-01", "ip": "10.10.3.19"}, "manager": {"name": "log-srv-01"}, "id": "alert-1778076498-63226", "decoder": {"name": "sysmon-event"}, "data": {"win": {"eventdata": {"utcTime": "2026-05-06 14:08:18.000", "processGuid": "{55e603c9-9371-6177-b465-37aa3b72c41d}", "processId": "63226", "image": "C:\\Program Files\\Microsoft Office\\root\\Office16\\WINWORD.EXE", "commandLine": "\"WINWORD.EXE\"", "currentDirectory": "C:\\Windows\\System32\\", "user": "MEDDEFENSE\\records01", "logonGuid": "{aa41ea9c-e530-8a25-ff64-c7ec5dd31191}", "logonId": "0x5d08c7c", "terminalSessionId": "1", "integrityLevel": "Medium", "hashes": "SHA256=a0c5571803e5b889334403f739708104fa7ba0062776bf6963b83703a86862a3", "parentProcessGuid": "{806e57ad-d91a-c5da-0814-fee95353e6d1}", "parentProcessId": "29460", "parentImage": "C:\\Windows\\explorer.exe", "parentCommandLine": "C:\\Windows\\Explorer.EXE", "parentUser": "MEDDEFENSE\\records01", "agentName": "WS-RECV-01"}, "system": {"eventID": "1", "channel": "Microsoft-Windows-Sysmon/Operational", "computer": "WS-RECV-01", "providerName": "Microsoft-Windows-Sysmon", "providerGuid": "{5770385F-C22A-43E0-BF4C-06F5698FFBD9}", "userID": "S-1-5-18"}}}}
{"timestamp": "2026-05-06T14:08:35.000+00:00", "rule": {"id": "61605", "level": 3, "description": "Sysmon - Event: 3 - Network connection.", "groups": ["sysmon", "sysmon_event3"]}, "agent": {"id": "829", "name": "WS-HELPDESK-01", "ip": "10.10.9.20"}, "manager": {"name": "log-srv-01"}, "id": "alert-1778076515-net-85893", "decoder": {"name": "sysmon-event"}, "data": {"win": {"eventdata": {"utcTime": "2026-05-06 14:08:35.000", "image": "C:\\Windows\\System32\\svchost.exe", "user": "MEDDEFENSE\\system", "protocol": "tcp", "initiated": "true", "sourceIp": "10.10.9.20", "sourcePort": "57299", "destinationIp": "10.10.20.5", "destinationPort": "5985", "destinationHostname": "SRV-DC-01"}, "system": {"eventID": "3", "channel": "Microsoft-Windows-Sysmon/Operational", "computer": "WS-HELPDESK-01"}}}, "hunt_meta": null}
{"timestamp": "2026-05-06T14:08:52.000+00:00", "rule": {"id": "61603", "level": 5, "description": "Sysmon - Event: 1 - Process creation.", "groups": ["sysmon", "sysmon_event1"]}, "agent": {"id": "104", "name": "WS-AP-01", "ip": "10.10.4.40"}, "manager": {"name": "log-srv-01"}, "id": "alert-1778076532-27796", "decoder": {"name": "sysmon-event"}, "data": {"win": {"eventdata": {"utcTime": "2026-05-06 14:08:52.000", "processGuid": "{da26aca5-0c43-4271-c175-d4ed8a01ac87}", "processId": "27796", "image": "C:\\Program Files\\Microsoft Office\\root\\Office16\\OUTLOOK.EXE", "commandLine": "\"OUTLOOK.EXE\"", "currentDirectory": "C:\\Windows\\System32\\", "user": "MEDDEFENSE\\ap01", "logonGuid": "{e62a8a9c-63cb-a4d1-f9a7-8e467dd42693}", "logonId": "0x3760efb", "terminalSessionId": "1", "integrityLevel": "Medium", "hashes": "SHA256=8db98988030ba37f761fe6bd70eb4bee6250c4c707585d91a6122d1c90927bd3", "parentProcessGuid": "{9ef0da1c-32ec-85be-cace-51a052e7dcef}", "parentProcessId": "8705", "parentImage": "C:\\Windows\\explorer.exe", "parentCommandLine": "C:\\Windows\\Explorer.EXE", "parentUser": "MEDDEFENSE\\ap01", "agentName": "WS-AP-01"}, "system": {"eventID": "1", "channel": "Microsoft-Windows-Sysmon/Operational", "computer": "WS-AP-01", "providerName": "Microsoft-Windows-Sysmon", "providerGuid": "{5770385F-C22A-43E0-BF4C-06F5698FFBD9}", "userID": "S-1-5-18"}}}}
{"timestamp": "2026-05-06T14:17:46.000+00:00", "rule": {"id": "61612", "level": 3, "description": "Sysmon - Event: 13 - Registry value set.", "groups": ["sysmon", "sysmon_event_13"]}, "agent": {"id": "314", "name": "WS-RECV-04", "ip": "10.10.3.22"}, "manager": {"name": "log-srv-01"}, "id": "alert-1778077066-reg-96668", "decoder": {"name": "sysmon-event"}, "data": {"win": {"eventdata": {"utcTime": "2026-05-06 14:17:46.000", "eventType": "SetValue", "image": "C:\\Program Files\\Microsoft Office\\root\\Office16\\WINWORD.EXE", "targetObject": "HKLM\\SYSTEM\\CurrentControlSet\\Services\\Value93", "details": "DWORD (0x00000000)"}, "system": {"eventID": "13", "channel": "Microsoft-Windows-Sysmon/Operational", "computer": "WS-RECV-04"}}}}
{"timestamp": "2026-05-06T14:18:21.000+00:00", "rule": {"id": "61603", "level": 5, "description": "Sysmon - Event: 1 - Process creation.", "groups": ["sysmon", "sysmon_event1"]}, "agent": {"id": "263", "name": "WS-BILL-03", "ip": "10.10.4.34"}, "manager": {"name": "log-srv-01"}, "id": "alert-1778077101-27305", "decoder": {"name": "sysmon-event"}, "data": {"win": {"eventdata": {"utcTime": "2026-05-06 14:18:21.000", "processGuid": "{2ac8b01a-98b6-8d18-f385-f3e03b525828}", "processId": "27305", "image": "C:\\Program Files\\Microsoft Office\\root\\Office16\\WINWORD.EXE", "commandLine": "\"WINWORD.EXE\"", "currentDirectory": "C:\\Windows\\System32\\", "user": "MEDDEFENSE\\bill03", "logonGuid": "{72301278-b343-705a-79a1-0a4bca5064c3}", "logonId": "0x558444d", "terminalSessionId": "1", "integrityLevel": "Medium", "hashes": "SHA256=cbee7d279c53438ba7c236e8eee796c0949d9ea63b660ec048973d9fdd0c1f23", "parentProcessGuid": "{3e71e5e9-21f7-b310-a090-4cdd9df9bb5a}", "parentProcessId": "46548", "parentImage": "C:\\Windows\\explorer.exe", "parentCommandLine": "C:\\Windows\\Explorer.EXE", "parentUser": "MEDDEFENSE\\bill03", "agentName": "WS-BILL-03"}, "system": {"eventID": "1", "channel": "Microsoft-Windows-Sysmon/Operational", "computer": "WS-BILL-03", "providerName": "Microsoft-Windows-Sysmon", "providerGuid": "{5770385F-C22A-43E0-BF4C-06F5698FFBD9}", "userID": "S-1-5-18"}}}}
{"timestamp": "2026-05-06T14:19:57.000+00:00", "rule": {"id": "61603", "level": 5, "description": "Sysmon - Event: 1 - Process creation.", "groups": ["sysmon", "sysmon_event1"]}, "agent": {"id": "263", "name": "WS-BILL-03", "ip": "10.10.4.34"}, "manager": {"name": "log-srv-01"}, "id": "alert-1778077197-18577", "decoder": {"name": "sysmon-event"}, "data": {"win": {"eventdata": {"utcTime": "2026-05-06 14:19:57.000", "processGuid": "{01cae81f-5c29-3151-b33d-4b9d166dbecc}", "processId": "18577", "image": "C:\\Program Files\\Microsoft Office\\root\\Office16\\WINWORD.EXE", "commandLine": "\"WINWORD.EXE\"", "currentDirectory": "C:\\Windows\\System32\\", "user": "MEDDEFENSE\\bill03", "logonGuid": "{955da609-2eab-2420-4578-96c525e7ba89}", "logonId": "0x345d887", "terminalSessionId": "1", "integrityLevel": "Medium", "hashes": "SHA256=97dd80c5b252f89412c4fe9699d4b106f7b8b4ffde545f3102209fbe336d9c97", "parentProcessGuid": "{046b13b5-4ada-3df8-1893-1f463acbd751}", "parentProcessId": "62193", "parentImage": "C:\\Windows\\explorer.exe", "parentCommandLine": "C:\\Windows\\Explorer.EXE", "parentUser": "MEDDEFENSE\\bill03", "agentName": "WS-BILL-03"}, "system": {"eventID": "1", "channel": "Microsoft-Windows-Sysmon/Operational", "computer": "WS-BILL-03", "providerName": "Microsoft-Windows-Sysmon", "providerGuid": "{5770385F-C22A-43E0-BF4C-06F5698FFBD9}", "userID": "S-1-5-18"}}}}
{"timestamp": "2026-05-06T14:20:04.000+00:00", "rule": {"id": "61603", "level": 5, "description": "Sysmon - Event: 1 - Process creation.", "groups": ["sysmon", "sysmon_event1"]}, "agent": {"id": "263", "name": "WS-BILL-03", "ip": "10.10.4.34"}, "manager": {"name": "log-srv-01"}, "id": "alert-1778077204-28309", "decoder": {"name": "sysmon-event"}, "data": {"win": {"eventdata": {"utcTime": "2026-05-06 14:20:04.000", "processGuid": "{8e9fe427-a0dc-f4a3-e253-73616544be91}", "processId": "28309", "image": "C:\\Windows\\System32\\svchost.exe", "commandLine": "C:\\Windows\\System32\\svchost.exe -k netsvcs", "currentDirectory": "C:\\Windows\\System32\\", "user": "MEDDEFENSE\\bill03", "logonGuid": "{a0164616-340c-f3b5-53c2-2720ffe0ebf4}", "logonId": "0x23189fd", "terminalSessionId": "1", "integrityLevel": "Medium", "hashes": "SHA256=82d030d390a2cd9c5c920111c61b86c66997f313fac09befc76d86cca618a174", "parentProcessGuid": "{5b144c6d-8ae5-c0c1-2dcb-6dd0a0ae9f83}", "parentProcessId": "4006", "parentImage": "C:\\Windows\\explorer.exe", "parentCommandLine": "C:\\Windows\\Explorer.EXE", "parentUser": "MEDDEFENSE\\bill03", "agentName": "WS-BILL-03"}, "system": {"eventID": "1", "channel": "Microsoft-Windows-Sysmon/Operational", "computer": "WS-BILL-03", "providerName": "Microsoft-Windows-Sysmon", "providerGuid": "{5770385F-C22A-43E0-BF4C-06F5698FFBD9}", "userID": "S-1-5-18"}}}}
{"timestamp": "2026-05-06T14:20:06.000+00:00", "rule": {"id": "61603", "level": 5, "description": "Sysmon - Event: 1 - Process creation.", "groups": ["sysmon", "sysmon_event1"]}, "agent": {"id": "066", "name": "WS-DOC-01", "ip": "10.10.2.30"}, "manager": {"name": "log-srv-01"}, "id": "alert-1778077206-10393", "decoder": {"name": "sysmon-event"}, "data": {"win": {"eventdata": {"utcTime": "2026-05-06 14:20:06.000", "processGuid": "{705e77ac-3152-8a1b-29a4-fbce6116a49d}", "processId": "10393", "image": "C:\\Program Files\\Microsoft Office\\root\\Office16\\OUTLOOK.EXE", "commandLine": "\"OUTLOOK.EXE\"", "currentDirectory": "C:\\Windows\\System32\\", "user": "MEDDEFENSE\\kapoor", "logonGuid": "{6869a215-ed98-05dc-eda6-f9afb1143283}", "logonId": "0x3936f3e", "terminalSessionId": "1", "integrityLevel": "Medium", "hashes": "SHA256=83ec9c8bd7403d1adf1aac58f04eb7a5931455b22bf978b963c1b9a3d7dff7da", "parentProcessGuid": "{c6438783-1ddc-1bc6-6dd6-3132e76d4785}", "parentProcessId": "12664", "parentImage": "C:\\Windows\\explorer.exe", "parentCommandLine": "C:\\Windows\\Explorer.EXE", "parentUser": "MEDDEFENSE\\kapoor", "agentName": "WS-DOC-01"}, "system": {"eventID": "1", "channel": "Microsoft-Windows-Sysmon/Operational", "computer": "WS-DOC-01", "providerName": "Microsoft-Windows-Sysmon", "providerGuid": "{5770385F-C22A-43E0-BF4C-06F5698FFBD9}", "userID": "S-1-5-18"}}}}
{"timestamp": "2026-05-06T14:21:32.000+00:00", "rule": {"id": "61612", "level": 3, "description": "Sysmon - Event: 13 - Registry value set.", "groups": ["sysmon", "sysmon_event_13"]}, "agent": {"id": "907", "name": "WS-BILL-01", "ip": "10.10.4.30"}, "manager": {"name": "log-srv-01"}, "id": "alert-1778077292-reg-51116", "decoder": {"name": "sysmon-event"}, "data": {"win": {"eventdata": {"utcTime": "2026-05-06 14:21:32.000", "eventType": "SetValue", "image": "C:\\Program Files\\Microsoft Office\\root\\Office16\\WINWORD.EXE", "targetObject": "HKCU\\Software\\Microsoft\\Office\\16.0\\Word\\Value55", "details": "DWORD (0x00000001)"}, "system": {"eventID": "13", "channel": "Microsoft-Windows-Sysmon/Operational", "computer": "WS-BILL-01"}}}}
{"timestamp": "2026-05-06T14:27:28.000+00:00", "rule": {"id": "61603", "level": 5, "description": "Sysmon - Event: 1 - Process creation.", "groups": ["sysmon", "sysmon_event1"]}, "agent": {"id": "329", "name": "WS-NURSE-06", "ip": "10.10.2.17"}, "manager": {"name": "log-srv-01"}, "id": "alert-1778077648-24502", "decoder": {"name": "sysmon-event"}, "data": {"win": {"eventdata": {"utcTime": "2026-05-06 14:27:28.000", "processGuid": "{c79f4b29-90bb-5960-0563-a3949c9ddf90}", "processId": "24502", "image": "C:\\Program Files\\Microsoft Office\\root\\Office16\\OUTLOOK.EXE", "commandLine": "\"OUTLOOK.EXE\"", "currentDirectory": "C:\\Windows\\System32\\", "user": "MEDDEFENSE\\nurse06", "logonGuid": "{84ffb64f-a51d-4635-bed8-b22f6195ce7c}", "logonId": "0x0a116a3", "terminalSessionId": "1", "integrityLevel": "Medium", "hashes": "SHA256=46fffbb32417f3f6691cf3a231f84ec5fc5b1e736fc10cb4af7bc3b83cbe5959", "parentProcessGuid": "{9588c7bb-1eba-c8b7-5786-b443d8dff0e4}", "parentProcessId": "59822", "parentImage": "C:\\Windows\\explorer.exe", "parentCommandLine": "C:\\Windows\\Explorer.EXE", "parentUser": "MEDDEFENSE\\nurse06", "agentName": "WS-NURSE-06"}, "system": {"eventID": "1", "channel": "Microsoft-Windows-Sysmon/Operational", "computer": "WS-NURSE-06", "providerName": "Microsoft-Windows-Sysmon", "providerGuid": "{5770385F-C22A-43E0-BF4C-06F5698FFBD9}", "userID": "S-1-5-18"}}}}
{"timestamp": "2026-05-06T14:31:47.000+00:00", "rule": {"id": "61612", "level": 3, "description": "Sysmon - Event: 13 - Registry value set.", "groups": ["sysmon", "sysmon_event_13"]}, "agent": {"id": "937", "name": "WS-NURSE-03", "ip": "10.10.2.13"}, "manager": {"name": "log-srv-01"}, "id": "alert-1778077907-reg-78021", "decoder": {"name": "sysmon-event"}, "data": {"win": {"eventdata": {"utcTime": "2026-05-06 14:31:47.000", "eventType": "SetValue", "image": "C:\\Windows\\System32\\TrustedInstaller.exe", "targetObject": "HKLM\\SOFTWARE\\Microsoft\\Cryptography\\Value25", "details": "DWORD (0x00000000)"}, "system": {"eventID": "13", "channel": "Microsoft-Windows-Sysmon/Operational", "computer": "WS-NURSE-03"}}}}
