{"timestamp": "2026-05-07T11:08:26.000+00:00", "rule": {"id": "61603", "level": 5, "description": "Sysmon - Event: 1 - Process creation.", "groups": ["sysmon", "sysmon_event1"]}, "agent": {"id": "329", "name": "WS-NURSE-06", "ip": "10.10.2.17"}, "manager": {"name": "log-srv-01"}, "id": "alert-1778152106-63163", "decoder": {"name": "sysmon-event"}, "data": {"win": {"eventdata": {"utcTime": "2026-05-07 11:08:26.000", "processGuid": "{2f058166-c9a5-4e92-8a60-b0e087a2de69}", "processId": "63163", "image": "C:\\Program Files\\Google\\Chrome\\Application\\chrome.exe", "commandLine": "\"chrome.exe\"", "currentDirectory": "C:\\Windows\\System32\\", "user": "MEDDEFENSE\\nurse06", "logonGuid": "{fac5ba9d-916a-3c3d-354d-e52037f7f4bd}", "logonId": "0xbf1a1fa", "terminalSessionId": "1", "integrityLevel": "Medium", "hashes": "SHA256=803213098793478dfb4c028f92304e687aca92c7b4f37cb8400a00e20cd4f43e", "parentProcessGuid": "{c6c2629e-c9bc-34a2-0732-24df2463b87a}", "parentProcessId": "11074", "parentImage": "C:\\Windows\\explorer.exe", "parentCommandLine": "C:\\Windows\\Explorer.EXE", "parentUser": "MEDDEFENSE\\nurse06", "agentName": "WS-NURSE-06"}, "system": {"eventID": "1", "channel": "Microsoft-Windows-Sysmon/Operational", "computer": "WS-NURSE-06", "providerName": "Microsoft-Windows-Sysmon", "providerGuid": "{5770385F-C22A-43E0-BF4C-06F5698FFBD9}", "userID": "S-1-5-18"}}}}
{"timestamp": "2026-05-07T11:08:49.000+00:00", "rule": {"id": "61603", "level": 5, "description": "Sysmon - Event: 1 - Process creation.", "groups": ["sysmon", "sysmon_event1"]}, "agent": {"id": "829", "name": "WS-HELPDESK-01", "ip": "10.10.9.20"}, "manager": {"name": "log-srv-01"}, "id": "alert-1778152129-2046", "decoder": {"name": "sysmon-event"}, "data": {"win": {"eventdata": {"utcTime": "2026-05-07 11:08:49.000", "processGuid": "{697dccb6-61b0-3bcf-768f-9296fac58480}", "processId": "2046", "image": "C:\\Windows\\System32\\svchost.exe", "commandLine": "C:\\Windows\\System32\\svchost.exe -k netsvcs", "currentDirectory": "C:\\Windows\\System32\\", "user": "MEDDEFENSE\\helpdesk01", "logonGuid": "{a36c74d9-8751-c893-c6dc-6d0ddb60a29e}", "logonId": "0x93f1e39", "terminalSessionId": "1", "integrityLevel": "Medium", "hashes": "SHA256=5a301fc18639b7c182b8af9bf88584edcfc4025e23c759651a9e73e2dd0adab4", "parentProcessGuid": "{f099e7fb-2675-acd4-98e0-40c7241da9a9}", "parentProcessId": "25445", "parentImage": "C:\\Windows\\explorer.exe", "parentCommandLine": "C:\\Windows\\Explorer.EXE", "parentUser": "MEDDEFENSE\\helpdesk01", "agentName": "WS-HELPDESK-01"}, "system": {"eventID": "1", "channel": "Microsoft-Windows-Sysmon/Operational", "computer": "WS-HELPDESK-01", "providerName": "Microsoft-Windows-Sysmon", "providerGuid": "{5770385F-C22A-43E0-BF4C-06F5698FFBD9}", "userID": "S-1-5-18"}}}}
{"timestamp": "2026-05-07T11:10:49.000+00:00", "rule": {"id": "61603", "level": 5, "description": "Sysmon - Event: 1 - Process creation.", "groups": ["sysmon", "sysmon_event1"]}, "agent": {"id": "829", "name": "WS-HELPDESK-01", "ip": "10.10.9.20"}, "manager": {"name": "log-srv-01"}, "id": "alert-1778152249-63775", "decoder": {"name": "sysmon-event"}, "data": {"win": {"eventdata": {"utcTime": "2026-05-07 11:10:49.000", "processGuid": "{b7bf2f12-5f1d-4075-0346-5a2a1a0de596}", "processId": "63775", "image": "C:\\Program Files\\Microsoft Office\\root\\Office16\\OUTLOOK.EXE", "commandLine": "\"OUTLOOK.EXE\"", "currentDirectory": "C:\\Windows\\System32\\", "user": "MEDDEFENSE\\helpdesk01", "logonGuid": "{415f2a90-0565-090a-5703-ea4676d58ceb}", "logonId": "0x0890699", "terminalSessionId": "1", "integrityLevel": "Medium", "hashes": "SHA256=8a4a3eae3e2288f5e950ba405d9363b7f7b284d409de4ef264970baeddad18ad", "parentProcessGuid": "{6a54c7dd-d80a-3a7c-7920-bda9e5c5cec9}", "parentProcessId": "7513", "parentImage": "C:\\Windows\\explorer.exe", "parentCommandLine": "C:\\Windows\\Explorer.EXE", "parentUser": "MEDDEFENSE\\helpdesk01", "agentName": "WS-HELPDESK-01"}, "system": {"eventID": "1", "channel": "Microsoft-Windows-Sysmon/Operational", "computer": "WS-HELPDESK-01", "providerName": "Microsoft-Windows-Sysmon", "providerGuid": "{5770385F-C22A-43E0-BF4C-06F5698FFBD9}", "userID": "S-1-5-18"}}}}
{"timestamp": "2026-05-07T11:10:51.000+00:00", "rule": {"id": "61605", "level": 3, "description": "Sysmon - Event: 3 - Network connection.", "groups": ["sysmon", "sysmon_event3"]}, "agent": {"id": "329", "name": "WS-NURSE-06", "ip": "10.10.2.17"}, "manager": {"name": "log-srv-01"}, "id": "alert-1778152251-net-30773", "decoder": {"name": "sysmon-event"}, "data": {"win": {"eventdata": {"utcTime": "2026-05-07 11:10:51.000", "image": "C:\\Windows\\System32\\svchost.exe", "user": "MEDDEFENSE\\system", "protocol": "tcp", "initiated": "true", "sourceIp": "10.10.2.17", "sourcePort": "51008", "destinationIp": "10.10.20.5", "destinationPort": "53", "destinationHostname": "SRV-DC-01"}, "system": {"eventID": "3", "channel": "Microsoft-Windows-Sysmon/Operational", "computer": "WS-NURSE-06"}}}, "hunt_meta": null}
{"timestamp": "2026-05-07T11:11:26.000+00:00", "rule": {"id": "61605", "level": 3, "description": "Sysmon - Event: 3 - Network connection.", "groups": ["sysmon", "sysmon_event3"]}, "agent": {"id": "773", "name": "WS-DOC-02", "ip": "10.10.2.31"}, "manager": {"name": "log-srv-01"}, "id": "alert-1778152286-net-23861", "decoder": {"name": "sysmon-event"}, "data": {"win": {"eventdata": {"utcTime": "2026-05-07 11:11:26.000", "image": "C:\\Windows\\System32\\svchost.exe", "user": "MEDDEFENSE\\system", "protocol": "tcp", "initiated": "true", "sourceIp": "10.10.2.31", "sourcePort": "49760", "destinationIp": "10.10.20.5", "destinationPort": "5985", "destinationHostname": "SRV-DC-01"}, "system": {"eventID": "3", "channel": "Microsoft-Windows-Sysmon/Operational", "computer": "WS-DOC-02"}}}, "hunt_meta": null}
{"timestamp": "2026-05-07T11:13:10.000+00:00", "rule": {"id": "61603", "level": 5, "description": "Sysmon - Event: 1 - Process creation.", "groups": ["sysmon", "sysmon_event1"]}, "agent": {"id": "314", "name": "WS-RECV-04", "ip": "10.10.3.22"}, "manager": {"name": "log-srv-01"}, "id": "alert-1778152390-33318", "decoder": {"name": "sysmon-event"}, "data": {"win": {"eventdata": {"utcTime": "2026-05-07 11:13:10.000", "processGuid": "{70db560e-f1fc-b000-8436-3401f0edaf2c}", "processId": "33318", "image": "C:\\Program Files\\Microsoft Office\\root\\Office16\\OUTLOOK.EXE", "commandLine": "\"OUTLOOK.EXE\"", "currentDirectory": "C:\\Windows\\System32\\", "user": "MEDDEFENSE\\records04", "logonGuid": "{4436261d-e166-c991-a6f1-640e233412ef}", "logonId": "0x0a05730", "terminalSessionId": "1", "integrityLevel": "Medium", "hashes": "SHA256=51bf66604b2fe0ba1fba743aca2bb2cb892344d5a22ef014f1484612142aff9b", "parentProcessGuid": "{4d0f686d-a4b6-048a-c75d-6f52562f2c67}", "parentProcessId": "49424", "parentImage": "C:\\Windows\\explorer.exe", "parentCommandLine": "C:\\Windows\\Explorer.EXE", "parentUser": "MEDDEFENSE\\records04", "agentName": "WS-RECV-04"}, "system": {"eventID": "1", "channel": "Microsoft-Windows-Sysmon/Operational", "computer": "WS-RECV-04", "providerName": "Microsoft-Windows-Sysmon", "providerGuid": "{5770385F-C22A-43E0-BF4C-06F5698FFBD9}", "userID": "S-1-5-18"}}}}
{"timestamp": "2026-05-07T11:21:34.000+00:00", "rule": {"id": "61603", "level": 5, "description": "Sysmon - Event: 1 - Process creation.", "groups": ["sysmon", "sysmon_event1"]}, "agent": {"id": "329", "name": "WS-NURSE-06", "ip": "10.10.2.17"}, "manager": {"name": "log-srv-01"}, "id": "alert-1778152894-50176", "decoder": {"name": "sysmon-event"}, "data": {"win": {"eventdata": {"utcTime": "2026-05-07 11:21:34.000", "processGuid": "{3eb4a881-a1a9-ed83-f66a-f9f30e66943a}", "processId": "50176", "image": "C:\\Windows\\System32\\svchost.exe", "commandLine": "C:\\Windows\\System32\\svchost.exe -k netsvcs", "currentDirectory": "C:\\Windows\\System32\\", "user": "MEDDEFENSE\\nurse06", "logonGuid": "{59bf1de3-8ebd-0db5-9d1e-f7fcaca6af9f}", "logonId": "0x5141fbb", "terminalSessionId": "1", "integrityLevel": "Medium", "hashes": "SHA256=9d02ba5c2ddf7aa5620bd058055f9a628889394dd343e79ba169e57f15c2667e", "parentProcessGuid": "{ccab18c6-6477-98de-ca33-d131b0145888}", "parentProcessId": "44192", "parentImage": "C:\\Windows\\explorer.exe", "parentCommandLine": "C:\\Windows\\Explorer.EXE", "parentUser": "MEDDEFENSE\\nurse06", "agentName": "WS-NURSE-06"}, "system": {"eventID": "1", "channel": "Microsoft-Windows-Sysmon/Operational", "computer": "WS-NURSE-06", "providerName": "Microsoft-Windows-Sysmon", "providerGuid": "{5770385F-C22A-43E0-BF4C-06F5698FFBD9}", "userID": "S-1-5-18"}}}}
{"timestamp": "2026-05-07T11:33:07.000+00:00", "rule": {"id": "61612", "level": 3, "description": "Sysmon - Event: 13 - Registry value set.", "groups": ["sysmon", "sysmon_event_13"]}, "agent": {"id": "829", "name": "WS-HELPDESK-01", "ip": "10.10.9.20"}, "manager": {"name": "log-srv-01"}, "id": "alert-1778153587-reg-61561", "decoder": {"name": "sysmon-event"}, "data": {"win": {"eventdata": {"utcTime": "2026-05-07 11:33:07.000", "eventType": "SetValue", "image": "C:\\Windows\\System32\\TrustedInstaller.exe", "targetObject": "HKLM\\SOFTWARE\\Microsoft\\Windows\\CurrentVersion\\Uninstall\\Value58", "details": "DWORD (0x00000000)"}, "system": {"eventID": "13", "channel": "Microsoft-Windows-Sysmon/Operational", "computer": "WS-HELPDESK-01"}}}}
{"timestamp": "2026-05-07T11:36:10.000+00:00", "rule": {"id": "61613", "level": 3, "description": "Sysmon - Event: 11 - File created.", "groups": ["sysmon", "sysmon_event_11"]}, "agent": {"id": "829", "name": "WS-HELPDESK-01", "ip": "10.10.9.20"}, "manager": {"name": "log-srv-01"}, "id": "alert-1778153770-fc-49720", "decoder": {"name": "sysmon-event"}, "data": {"win": {"eventdata": {"utcTime": "2026-05-07 11:36:10.000", "image": "C:\\Program Files\\Microsoft Office\\root\\Office16\\OUTLOOK.EXE", "targetFilename": "C:\\Users\\helpdesk01\\AppData\\Local\\Temp\\OICE_5974.tmp", "creationUtcTime": "2026-05-07 11:36:10.000"}, "system": {"eventID": "11", "channel": "Microsoft-Windows-Sysmon/Operational", "computer": "WS-HELPDESK-01"}}}}
{"timestamp": "2026-05-07T11:44:38.000+00:00", "rule": {"id": "61640", "level": 5, "description": "Sysmon - Event: 10 - Process accessed.", "groups": ["sysmon", "sysmon_event_10"]}, "agent": {"id": "440", "name": "SRV-BACKUP-01", "ip": "10.10.20.80"}, "manager": {"name": "log-srv-01"}, "id": "alert-1778154278-lsass-23182", "decoder": {"name": "sysmon-event"}, "data": {"win": {"eventdata": {"utcTime": "2026-05-07 11:44:38.000", "sourceProcessGuid": "{35fddf7c-be7f-dd38-e3ff-3fee993dcd94}", "sourceProcessId": "40341", "sourceImage": "C:\\Windows\\System32\\services.exe", "targetProcessGuid": "{223edb6d-8976-6523-db5e-f6e0b2c8cd78}", "targetProcessId": "648", "targetImage": "C:\\Windows\\System32\\lsass.exe", "grantedAccess": "0x101010", "callTrace": "C:\\Windows\\SYSTEM32\\ntdll.dll+9d0c4|C:\\Windows\\System32\\KERNELBASE.dll+1eef9", "sourceUser": "NT AUTHORITY\\SYSTEM", "targetUser": "NT AUTHORITY\\SYSTEM"}, "system": {"eventID": "10", "channel": "Microsoft-Windows-Sysmon/Operational", "computer": "SRV-BACKUP-01"}}}, "hunt_meta": {"category": "baseline_lsass_legit", "authorized": true}}
{"timestamp": "2026-05-07T11:49:58.000+00:00", "rule": {"id": "61603", "level": 5, "description": "Sysmon - Event: 1 - Process creation.", "groups": ["sysmon", "sysmon_event1"]}, "agent": {"id": "314", "name": "WS-RECV-04", "ip": "10.10.3.22"}, "manager": {"name": "log-srv-01"}, "id": "alert-1778154598-25824", "decoder": {"name": "sysmon-event"}, "data": {"win": {"eventdata": {"utcTime": "2026-05-07 11:49:58.000", "processGuid": "{a94335dd-a070-cb06-c5d3-368767f3387f}", "processId": "25824", "image": "C:\\Windows\\System32\\svchost.exe", "commandLine": "C:\\Windows\\System32\\svchost.exe -k netsvcs", "currentDirectory": "C:\\Windows\\System32\\", "user": "MEDDEFENSE\\records04", "logonGuid": "{52ceb751-11ba-003f-5d70-660c354a502a}", "logonId": "0x8ae373e", "terminalSessionId": "1", "integrityLevel": "Medium", "hashes": "SHA256=9188fa8de99d628b6b967fb013186cde72355fd16f9bc234ef149760c435649e", "parentProcessGuid": "{49bd4d4f-1e25-22b7-a68e-5c32c7288662}", "parentProcessId": "26410", "parentImage": "C:\\Windows\\explorer.exe", "parentCommandLine": "C:\\Windows\\Explorer.EXE", "parentUser": "MEDDEFENSE\\records04", "agentName": "WS-RECV-04"}, "system": {"eventID": "1", "channel": "Microsoft-Windows-Sysmon/Operational", "computer": "WS-RECV-04", "providerName": "Microsoft-Windows-Sysmon", "providerGuid": "{5770385F-C22A-43E0-BF4C-06F5698FFBD9}", "userID": "S-1-5-18"}}}}
{"timestamp": "2026-05-07T11:54:54.000+00:00", "rule": {"id": "61603", "level": 5, "description": "Sysmon - Event: 1 - Process creation.", "groups": ["sysmon", "sysmon_event1"]}, "agent": {"id": "817", "name": "WS-RECV-01", "ip": "10.10.3.19"}, "manager": {"name": "log-srv-01"}, "id": "alert-1778154894-33632", "decoder": {"name": "sysmon-event"}, "data": {"win": {"eventdata": {"utcTime": "2026-05-07 11:54:54.000", "processGuid": "{286c81be-83de-a4e7-0bba-632401b6dfeb}", "processId": "33632", "image": "C:\\Program Files\\Google\\Chrome\\Application\\chrome.exe", "commandLine": "\"chrome.exe\"", "currentDirectory": "C:\\Windows\\System32\\", "user": "MEDDEFENSE\\records01", "logonGuid": "{bd864563-9728-7127-f88f-3eb6cc8821a4}", "logonId": "0x0d0528e", "terminalSessionId": "1", "integrityLevel": "Medium", "hashes": "SHA256=42e99cdf8112453a010e8e0d240536751208b95e4a838b39f822a303851a6a13", "parentProcessGuid": "{892aae1b-26cf-2c81-907c-0a1b2a588e8b}", "parentProcessId": "56114", "parentImage": "C:\\Windows\\explorer.exe", "parentCommandLine": "C:\\Windows\\Explorer.EXE", "parentUser": "MEDDEFENSE\\records01", "agentName": "WS-RECV-01"}, "system": {"eventID": "1", "channel": "Microsoft-Windows-Sysmon/Operational", "computer": "WS-RECV-01", "providerName": "Microsoft-Windows-Sysmon", "providerGuid": "{5770385F-C22A-43E0-BF4C-06F5698FFBD9}", "userID": "S-1-5-18"}}}}
{"timestamp": "2026-05-07T11:55:25.000+00:00", "rule": {"id": "61605", "level": 3, "description": "Sysmon - Event: 3 - Network connection.", "groups": ["sysmon", "sysmon_event3"]}, "agent": {"id": "817", "name": "WS-RECV-01", "ip": "10.10.3.19"}, "manager": {"name": "log-srv-01"}, "id": "alert-1778154925-net-58129", "decoder": {"name": "sysmon-event"}, "data": {"win": {"eventdata": {"utcTime": "2026-05-07 11:55:25.000", "image": "C:\\Windows\\System32\\svchost.exe", "user": "MEDDEFENSE\\system", "protocol": "tcp", "initiated": "true", "sourceIp": "10.10.3.19", "sourcePort": "58689", "destinationIp": "10.10.20.80", "destinationPort": "636", "destinationHostname": "SRV-BACKUP-01"}, "system": {"eventID": "3", "channel": "Microsoft-Windows-Sysmon/Operational", "computer": "WS-RECV-01"}}}, "hunt_meta": null}
{"timestamp": "2026-05-07T12:01:06.000+00:00", "rule": {"id": "61605", "level": 3, "description": "Sysmon - Event: 3 - Network connection.", "groups": ["sysmon", "sysmon_event3"]}, "agent": {"id": "329", "name": "WS-NURSE-06", "ip": "10.10.2.17"}, "manager": {"name": "log-srv-01"}, "id": "alert-1778155266-net-65199", "decoder": {"name": "sysmon-event"}, "data": {"win": {"eventdata": {"utcTime": "2026-05-07 12:01:06.000", "image": "C:\\Windows\\System32\\svchost.exe", "user": "MEDDEFENSE\\system", "protocol": "tcp", "initiated": "true", "sourceIp": "10.10.2.17", "sourcePort": "64941", "destinationIp": "10.10.20.70", "destinationPort": "53", "destinationHostname": "SRV-AV-01"}, "system": {"eventID": "3", "channel": "Microsoft-Windows-Sysmon/Operational", "computer": "WS-NURSE-06"}}}, "hunt_meta": null}
{"timestamp": "2026-05-07T12:03:33.000+00:00", "rule": {"id": "61603", "level": 5, "description": "Sysmon - Event: 1 - Process creation.", "groups": ["sysmon", "sysmon_event1"]}, "agent": {"id": "696", "name": "WS-NURSE-04", "ip": "10.10.2.15"}, "manager": {"name": "log-srv-01"}, "id": "alert-1778155413-9594", "decoder": {"name": "sysmon-event"}, "data": {"win": {"eventdata": {"utcTime": "2026-05-07 12:03:33.000", "processGuid": "{28327dc9-2d4e-8265-bc81-8bd8a40c7502}", "processId": "9594", "image": "C:\\Program Files\\Google\\Chrome\\Application\\chrome.exe", "commandLine": "\"chrome.exe\"", "currentDirectory": "C:\\Windows\\System32\\", "user": "MEDDEFENSE\\dmarsh", "logonGuid": "{a3d9a2e1-1b3c-6b27-c291-0d4a1c2bd974}", "logonId": "0xc5466fd", "terminalSessionId": "1", "integrityLevel": "Medium", "hashes": "SHA256=88c866ea0c3bd98893be209fb6cec36757af68a5fe32a1401856969813971775", "parentProcessGuid": "{25d83717-5867-c345-6188-cd6ad4a4f965}", "parentProcessId": "51321", "parentImage": "C:\\Windows\\explorer.exe", "parentCommandLine": "C:\\Windows\\Explorer.EXE", "parentUser": "MEDDEFENSE\\dmarsh", "agentName": "WS-NURSE-04"}, "system": {"eventID": "1", "channel": "Microsoft-Windows-Sysmon/Operational", "computer": "WS-NURSE-04", "providerName": "Microsoft-Windows-Sysmon", "providerGuid": "{5770385F-C22A-43E0-BF4C-06F5698FFBD9}", "userID": "S-1-5-18"}}}}
{"timestamp": "2026-05-07T12:17:21.000+00:00", "rule": {"id": "61603", "level": 5, "description": "Sysmon - Event: 1 - Process creation.", "groups": ["sysmon", "sysmon_event1"]}, "agent": {"id": "561", "name": "WS-HELPDESK-02", "ip": "10.10.9.21"}, "manager": {"name": "log-srv-01"}, "id": "alert-1778156241-51017", "decoder": {"name": "sysmon-event"}, "data": {"win": {"eventdata": {"utcTime": "2026-05-07 12:17:21.000", "processGuid": "{3d2d7590-0e45-7de8-9af4-cc422acefa66}", "processId": "51017", "image": "C:\\Program Files\\Microsoft Office\\root\\Office16\\WINWORD.EXE", "commandLine": "\"WINWORD.EXE\"", "currentDirectory": "C:\\Windows\\System32\\", "user": "MEDDEFENSE\\helpdesk02", "logonGuid": "{c2bdb392-d3c7-dfe8-a11b-518e55159975}", "logonId": "0x662e5e8", "terminalSessionId": "1", "integrityLevel": "Medium", "hashes": "SHA256=b3fc4948351410c591562fdb484650534d2da4280663490ab1127e5d8bb2d455", "parentProcessGuid": "{f21ff27f-8670-321b-9bff-a43a26aa8727}", "parentProcessId": "29217", "parentImage": "C:\\Windows\\explorer.exe", "parentCommandLine": "C:\\Windows\\Explorer.EXE", "parentUser": "MEDDEFENSE\\helpdesk02", "agentName": "WS-HELPDESK-02"}, "system": {"eventID": "1", "channel": "Microsoft-Windows-Sysmon/Operational", "computer": "WS-HELPDESK-02", "providerName": "Microsoft-Windows-Sysmon", "providerGuid": "{5770385F-C22A-43E0-BF4C-06F5698FFBD9}", "userID": "S-1-5-18"}}}}
{"timestamp": "2026-05-07T12:17:55.000+00:00", "rule": {"id": "61603", "level": 5, "description": "Sysmon - Event: 1 - Process creation.", "groups": ["sysmon", "sysmon_event1"]}, "agent": {"id": "104", "name": "WS-AP-01", "ip": "10.10.4.40"}, "manager": {"name": "log-srv-01"}, "id": "alert-1778156275-15095", "decoder": {"name": "sysmon-event"}, "data": {"win": {"eventdata": {"utcTime": "2026-05-07 12:17:55.000", "processGuid": "{dc1ce466-fff9-8a95-5cee-7daac17160fc}", "processId": "15095", "image": "C:\\Program Files\\Microsoft Office\\root\\Office16\\OUTLOOK.EXE", "commandLine": "\"OUTLOOK.EXE\"", "currentDirectory": "C:\\Windows\\System32\\", "user": "MEDDEFENSE\\ap01", "logonGuid": "{858f6652-45d6-02db-2cc1-3ff0caa30e07}", "logonId": "0xb723a70", "terminalSessionId": "1", "integrityLevel": "Medium", "hashes": "SHA256=323e7aef54323c7751a707e3699453eaaeb8855b02c174471dcc991699898c95", "parentProcessGuid": "{2afb8168-ba41-8d0f-b25d-69bb0361e1a9}", "parentProcessId": "17783", "parentImage": "C:\\Windows\\explorer.exe", "parentCommandLine": "C:\\Windows\\Explorer.EXE", "parentUser": "MEDDEFENSE\\ap01", "agentName": "WS-AP-01"}, "system": {"eventID": "1", "channel": "Microsoft-Windows-Sysmon/Operational", "computer": "WS-AP-01", "providerName": "Microsoft-Windows-Sysmon", "providerGuid": "{5770385F-C22A-43E0-BF4C-06F5698FFBD9}", "userID": "S-1-5-18"}}}}
{"timestamp": "2026-05-07T12:20:50.000+00:00", "rule": {"id": "61603", "level": 5, "description": "Sysmon - Event: 1 - Process creation.", "groups": ["sysmon", "sysmon_event1"]}, "agent": {"id": "937", "name": "WS-NURSE-03", "ip": "10.10.2.13"}, "manager": {"name": "log-srv-01"}, "id": "alert-1778156450-53241", "decoder": {"name": "sysmon-event"}, "data": {"win": {"eventdata": {"utcTime": "2026-05-07 12:20:50.000", "processGuid": "{378c9cf2-fdf3-0352-996d-12f346bca49c}", "processId": "53241", "image": "C:\\Program Files\\Microsoft Office\\root\\Office16\\OUTLOOK.EXE", "commandLine": "\"OUTLOOK.EXE\"", "currentDirectory": "C:\\Windows\\System32\\", "user": "MEDDEFENSE\\nurse03", "logonGuid": "{3e828d69-eddb-66b9-3c34-2d22bc351cb1}", "logonId": "0x21410dc", "terminalSessionId": "1", "integrityLevel": "Medium", "hashes": "SHA256=dc1cb68b896e43ca8f8b33f64d1a7142337f9a865b0cadd3b631bc2e50593289", "parentProcessGuid": "{b7712cb7-ca35-f777-65b5-77f5ce992381}", "parentProcessId": "30586", "parentImage": "C:\\Windows\\explorer.exe", "parentCommandLine": "C:\\Windows\\Explorer.EXE", "parentUser": "MEDDEFENSE\\nurse03", "agentName": "WS-NURSE-03"}, "system": {"eventID": "1", "channel": "Microsoft-Windows-Sysmon/Operational", "computer": "WS-NURSE-03", "providerName": "Microsoft-Windows-Sysmon", "providerGuid": "{5770385F-C22A-43E0-BF4C-06F5698FFBD9}", "userID": "S-1-5-18"}}}}
{"timestamp": "2026-05-07T12:21:21.000+00:00", "rule": {"id": "61605", "level": 3, "description": "Sysmon - Event: 3 - Network connection.", "groups": ["sysmon", "sysmon_event3"]}, "agent": {"id": "561", "name": "WS-HELPDESK-02", "ip": "10.10.9.21"}, "manager": {"name": "log-srv-01"}, "id": "alert-1778156481-net-80690", "decoder": {"name": "sysmon-event"}, "data": {"win": {"eventdata": {"utcTime": "2026-05-07 12:21:21.000", "image": "C:\\Windows\\System32\\svchost.exe", "user": "MEDDEFENSE\\system", "protocol": "tcp", "initiated": "true", "sourceIp": "10.10.9.21", "sourcePort": "59302", "destinationIp": "10.10.20.50", "destinationPort": "445", "destinationHostname": "SRV-FILE-01"}, "system": {"eventID": "3", "channel": "Microsoft-Windows-Sysmon/Operational", "computer": "WS-HELPDESK-02"}}}, "hunt_meta": null}
{"timestamp": "2026-05-07T12:24:42.000+00:00", "rule": {"id": "61612", "level": 3, "description": "Sysmon - Event: 13 - Registry value set.", "groups": ["sysmon", "sysmon_event_13"]}, "agent": {"id": "263", "name": "WS-BILL-03", "ip": "10.10.4.34"}, "manager": {"name": "log-srv-01"}, "id": "alert-1778156682-reg-27597", "decoder": {"name": "sysmon-event"}, "data": {"win": {"eventdata": {"utcTime": "2026-05-07 12:24:42.000", "eventType": "SetValue", "image": "C:\\Windows\\System32\\msiexec.exe", "targetObject": "HKCU\\Software\\Microsoft\\Office\\16.0\\Word\\Value40", "details": "QWORD (0x00000064)"}, "system": {"eventID": "13", "channel": "Microsoft-Windows-Sysmon/Operational", "computer": "WS-BILL-03"}}}}
{"timestamp": "2026-05-07T12:26:23.000+00:00", "rule": {"id": "61612", "level": 3, "description": "Sysmon - Event: 13 - Registry value set.", "groups": ["sysmon", "sysmon_event_13"]}, "agent": {"id": "263", "name": "WS-BILL-03", "ip": "10.10.4.34"}, "manager": {"name": "log-srv-01"}, "id": "alert-1778156783-reg-67970", "decoder": {"name": "sysmon-event"}, "data": {"win": {"eventdata": {"utcTime": "2026-05-07 12:26:23.000", "eventType": "SetValue", "image": "C:\\Windows\\System32\\msiexec.exe", "targetObject": "HKLM\\SYSTEM\\CurrentControlSet\\Services\\Value61", "details": "DWORD (0x00000000)"}, "system": {"eventID": "13", "channel": "Microsoft-Windows-Sysmon/Operational", "computer": "WS-BILL-03"}}}}
{"timestamp": "2026-05-07T12:33:35.000+00:00", "rule": {"id": "61605", "level": 3, "description": "Sysmon - Event: 3 - Network connection.", "groups": ["sysmon", "sysmon_event3"]}, "agent": {"id": "561", "name": "WS-HELPDESK-02", "ip": "10.10.9.21"}, "manager": {"name": "log-srv-01"}, "id": "alert-1778157215-net-53883", "decoder": {"name": "sysmon-event"}, "data": {"win": {"eventdata": {"utcTime": "2026-05-07 12:33:35.000", "image": "C:\\Windows\\System32\\svchost.exe", "user": "MEDDEFENSE\\system", "protocol": "tcp", "initiated": "true", "sourceIp": "10.10.9.21", "sourcePort": "54315", "destinationIp": "10.10.20.70", "destinationPort": "389", "destinationHostname": "SRV-AV-01"}, "system": {"eventID": "3", "channel": "Microsoft-Windows-Sysmon/Operational", "computer": "WS-HELPDESK-02"}}}, "hunt_meta": null}
{"timestamp": "2026-05-07T12:34:20.000+00:00", "rule": {"id": "61603", "level": 5, "description": "Sysmon - Event: 1 - Process creation.", "groups": ["sysmon", "sysmon_event1"]}, "agent": {"id": "773", "name": "WS-DOC-02", "ip": "10.10.2.31"}, "manager": {"name": "log-srv-01"}, "id": "alert-1778157260-17545", "decoder": {"name": "sysmon-event"}, "data": {"win": {"eventdata": {"utcTime": "2026-05-07 12:34:20.000", "processGuid": "{4a29285e-e98f-94dc-d786-286546fec91f}", "processId": "17545", "image": "C:\\Program Files\\Google\\Chrome\\Application\\chrome.exe", "commandLine": "\"chrome.exe\"", "currentDirectory": "C:\\Windows\\System32\\", "user": "MEDDEFENSE\\flores", "logonGuid": "{3841123e-4558-d8cc-46e1-caa2301ee2ff}", "logonId": "0xb917ae6", "terminalSessionId": "1", "integrityLevel": "Medium", "hashes": "SHA256=0350fadeb8ec4246433d57d1f12db42781dd3dfb4b8f5e59e11d3f7ffeed3702", "parentProcessGuid": "{0bbb7cdd-718a-7022-230a-7a99d986835d}", "parentProcessId": "28595", "parentImage": "C:\\Windows\\explorer.exe", "parentCommandLine": "C:\\Windows\\Explorer.EXE", "parentUser": "MEDDEFENSE\\flores", "agentName": "WS-DOC-02"}, "system": {"eventID": "1", "channel": "Microsoft-Windows-Sysmon/Operational", "computer": "WS-DOC-02", "providerName": "Microsoft-Windows-Sysmon", "providerGuid": "{5770385F-C22A-43E0-BF4C-06F5698FFBD9}", "userID": "S-1-5-18"}}}}
{"timestamp": "2026-05-07T12:35:27.000+00:00", "rule": {"id": "61603", "level": 5, "description": "Sysmon - Event: 1 - Process creation.", "groups": ["sysmon", "sysmon_event1"]}, "agent": {"id": "576", "name": "WS-NURSE-05", "ip": "10.10.2.16"}, "manager": {"name": "log-srv-01"}, "id": "alert-1778157327-58144", "decoder": {"name": "sysmon-event"}, "data": {"win": {"eventdata": {"utcTime": "2026-05-07 12:35:27.000", "processGuid": "{ec34e372-49f9-3811-55b5-5bb9b67e3560}", "processId": "58144", "image": "C:\\Program Files\\Microsoft Office\\root\\Office16\\WINWORD.EXE", "commandLine": "\"WINWORD.EXE\"", "currentDirectory": "C:\\Windows\\System32\\", "user": "MEDDEFENSE\\nurse05", "logonGuid": "{c894dde4-ac69-21f9-a6dd-6d8cf8016bf0}", "logonId": "0x022a5c0", "terminalSessionId": "1", "integrityLevel": "Medium", "hashes": "SHA256=a6f2011652ac521a64ad0b2499564f302c7ebcae66c7b4e54afd9fc82e9dd42b", "parentProcessGuid": "{62103569-1a2f-1467-cfab-9f8d495812a2}", "parentProcessId": "22448", "parentImage": "C:\\Windows\\explorer.exe", "parentCommandLine": "C:\\Windows\\Explorer.EXE", "parentUser": "MEDDEFENSE\\nurse05", "agentName": "WS-NURSE-05"}, "system": {"eventID": "1", "channel": "Microsoft-Windows-Sysmon/Operational", "computer": "WS-NURSE-05", "providerName": "Microsoft-Windows-Sysmon", "providerGuid": "{5770385F-C22A-43E0-BF4C-06F5698FFBD9}", "userID": "S-1-5-18"}}}}
{"timestamp": "2026-05-07T12:36:04.000+00:00", "rule": {"id": "61645", "level": 3, "description": "Sysmon - Event: 22 - DNS query.", "groups": ["sysmon", "sysmon_event_22"]}, "agent": {"id": "773", "name": "WS-DOC-02", "ip": "10.10.2.31"}, "manager": {"name": "log-srv-01"}, "id": "alert-1778157364-dns-41977", "decoder": {"name": "sysmon-event"}, "data": {"win": {"eventdata": {"utcTime": "2026-05-07 12:36:04.000", "queryName": "clients.google.com", "queryStatus": "0", "queryResults": "type:  5 172.217.16.110", "image": "C:\\Windows\\System32\\svchost.exe"}, "system": {"eventID": "22", "channel": "Microsoft-Windows-Sysmon/Operational", "computer": "WS-DOC-02"}}}, "hunt_meta": null}
{"timestamp": "2026-05-07T12:36:05.000+00:00", "rule": {"id": "61603", "level": 5, "description": "Sysmon - Event: 1 - Process creation.", "groups": ["sysmon", "sysmon_event1"]}, "agent": {"id": "329", "name": "WS-NURSE-06", "ip": "10.10.2.17"}, "manager": {"name": "log-srv-01"}, "id": "alert-1778157365-30845", "decoder": {"name": "sysmon-event"}, "data": {"win": {"eventdata": {"utcTime": "2026-05-07 12:36:05.000", "processGuid": "{99148cbd-9baf-cde4-5d92-4b7e06620bce}", "processId": "30845", "image": "C:\\Windows\\System32\\svchost.exe", "commandLine": "C:\\Windows\\System32\\svchost.exe -k netsvcs", "currentDirectory": "C:\\Windows\\System32\\", "user": "MEDDEFENSE\\nurse06", "logonGuid": "{f4f0fd07-3952-5161-9080-8635477b8073}", "logonId": "0x6bbcb83", "terminalSessionId": "1", "integrityLevel": "Medium", "hashes": "SHA256=eb9d0b64032388894710ca659c18c9db97997e24fc4ffb827a0f9ade96af40c9", "parentProcessGuid": "{f57d025c-fc6e-148f-dc40-0f9e05cde011}", "parentProcessId": "24227", "parentImage": "C:\\Windows\\explorer.exe", "parentCommandLine": "C:\\Windows\\Explorer.EXE", "parentUser": "MEDDEFENSE\\nurse06", "agentName": "WS-NURSE-06"}, "system": {"eventID": "1", "channel": "Microsoft-Windows-Sysmon/Operational", "computer": "WS-NURSE-06", "providerName": "Microsoft-Windows-Sysmon", "providerGuid": "{5770385F-C22A-43E0-BF4C-06F5698FFBD9}", "userID": "S-1-5-18"}}}}
{"timestamp": "2026-05-07T12:38:24.000+00:00", "rule": {"id": "61603", "level": 5, "description": "Sysmon - Event: 1 - Process creation.", "groups": ["sysmon", "sysmon_event1"]}, "agent": {"id": "233", "name": "WS-RECV-03", "ip": "10.10.3.21"}, "manager": {"name": "log-srv-01"}, "id": "alert-1778157504-60912", "decoder": {"name": "sysmon-event"}, "data": {"win": {"eventdata": {"utcTime": "2026-05-07 12:38:24.000", "processGuid": "{206a35d2-f47a-26d3-1de6-3ed9e53a2322}", "processId": "60912", "image": "C:\\Program Files\\Microsoft Office\\root\\Office16\\WINWORD.EXE", "commandLine": "\"WINWORD.EXE\"", "currentDirectory": "C:\\Windows\\System32\\", "user": "MEDDEFENSE\\records03", "logonGuid": "{7fb632c8-aca7-da2e-9dd2-8bba759ac243}", "logonId": "0x8f1066b", "terminalSessionId": "1", "integrityLevel": "Medium", "hashes": "SHA256=470d005abcfe37b3190bd4e9fd58a61034d754e94b4af83f7e69b98c752c22e6", "parentProcessGuid": "{8020cf7a-2b84-9692-1e99-ec4b2347dd7e}", "parentProcessId": "46748", "parentImage": "C:\\Windows\\explorer.exe", "parentCommandLine": "C:\\Windows\\Explorer.EXE", "parentUser": "MEDDEFENSE\\records03", "agentName": "WS-RECV-03"}, "system": {"eventID": "1", "channel": "Microsoft-Windows-Sysmon/Operational", "computer": "WS-RECV-03", "providerName": "Microsoft-Windows-Sysmon", "providerGuid": "{5770385F-C22A-43E0-BF4C-06F5698FFBD9}", "userID": "S-1-5-18"}}}}
{"timestamp": "2026-05-07T12:40:21.000+00:00", "rule": {"id": "61603", "level": 5, "description": "Sysmon - Event: 1 - Process creation.", "groups": ["sysmon", "sysmon_event1"]}, "agent": {"id": "314", "name": "WS-RECV-04", "ip": "10.10.3.22"}, "manager": {"name": "log-srv-01"}, "id": "alert-1778157621-29963", "decoder": {"name": "sysmon-event"}, "data": {"win": {"eventdata": {"utcTime": "2026-05-07 12:40:21.000", "processGuid": "{969420b2-0bd6-6edf-e9ee-0cd684c391dd}", "processId": "29963", "image": "C:\\Program Files\\Google\\Chrome\\Application\\chrome.exe", "commandLine": "\"chrome.exe\"", "currentDirectory": "C:\\Windows\\System32\\", "user": "MEDDEFENSE\\records04", "logonGuid": "{d10f102e-7616-48aa-4ac2-8bbc7c407c89}", "logonId": "0x8129ce7", "terminalSessionId": "1", "integrityLevel": "Medium", "hashes": "SHA256=d4f1395314cf95bbccd096355956c97beb53d10197dc3110d3d7215e773b9030", "parentProcessGuid": "{aa39c499-5a4c-ef5b-c207-bea761908eae}", "parentProcessId": "38329", "parentImage": "C:\\Windows\\explorer.exe", "parentCommandLine": "C:\\Windows\\Explorer.EXE", "parentUser": "MEDDEFENSE\\records04", "agentName": "WS-RECV-04"}, "system": {"eventID": "1", "channel": "Microsoft-Windows-Sysmon/Operational", "computer": "WS-RECV-04", "providerName": "Microsoft-Windows-Sysmon", "providerGuid": "{5770385F-C22A-43E0-BF4C-06F5698FFBD9}", "userID": "S-1-5-18"}}}}
{"timestamp": "2026-05-07T12:41:56.000+00:00", "rule": {"id": "61645", "level": 3, "description": "Sysmon - Event: 22 - DNS query.", "groups": ["sysmon", "sysmon_event_22"]}, "agent": {"id": "817", "name": "WS-RECV-01", "ip": "10.10.3.19"}, "manager": {"name": "log-srv-01"}, "id": "alert-1778157716-dns-20246", "decoder": {"name": "sysmon-event"}, "data": {"win": {"eventdata": {"utcTime": "2026-05-07 12:41:56.000", "queryName": "intranet.meddefense.local", "queryStatus": "0", "queryResults": "type:  5 10.10.0.40", "image": "C:\\Windows\\System32\\svchost.exe"}, "system": {"eventID": "22", "channel": "Microsoft-Windows-Sysmon/Operational", "computer": "WS-RECV-01"}}}, "hunt_meta": null}
{"timestamp": "2026-05-07T12:44:41.000+00:00", "rule": {"id": "61612", "level": 3, "description": "Sysmon - Event: 13 - Registry value set.", "groups": ["sysmon", "sysmon_event_13"]}, "agent": {"id": "829", "name": "WS-HELPDESK-01", "ip": "10.10.9.20"}, "manager": {"name": "log-srv-01"}, "id": "alert-1778157881-reg-48389", "decoder": {"name": "sysmon-event"}, "data": {"win": {"eventdata": {"utcTime": "2026-05-07 12:44:41.000", "eventType": "SetValue", "image": "C:\\Program Files\\Microsoft Office\\root\\Office16\\WINWORD.EXE", "targetObject": "HKLM\\SOFTWARE\\Policies\\Microsoft\\Windows Defender\\Value21", "details": "Binary Data"}, "system": {"eventID": "13", "channel": "Microsoft-Windows-Sysmon/Operational", "computer": "WS-HELPDESK-01"}}}}
{"timestamp": "2026-05-07T12:46:48.000+00:00", "rule": {"id": "61603", "level": 5, "description": "Sysmon - Event: 1 - Process creation.", "groups": ["sysmon", "sysmon_event1"]}, "agent": {"id": "104", "name": "WS-AP-01", "ip": "10.10.4.40"}, "manager": {"name": "log-srv-01"}, "id": "alert-1778158008-63261", "decoder": {"name": "sysmon-event"}, "data": {"win": {"eventdata": {"utcTime": "2026-05-07 12:46:48.000", "processGuid": "{b9a61094-2003-bd80-ce07-85620e445b9e}", "processId": "63261", "image": "C:\\Windows\\System32\\svchost.exe", "commandLine": "C:\\Windows\\System32\\svchost.exe -k netsvcs", "currentDirectory": "C:\\Windows\\System32\\", "user": "MEDDEFENSE\\ap01", "logonGuid": "{4a0e788b-0470-b74f-d7ee-a9df047715c9}", "logonId": "0x91eddb2", "terminalSessionId": "1", "integrityLevel": "Medium", "hashes": "SHA256=5a8475707a755b9f2cf97b34b6d136e35f666030469fc6de96e0005dd53e2a96", "parentProcessGuid": "{27f55c1c-8c9a-5fda-a116-a706c55770fd}", "parentProcessId": "48800", "parentImage": "C:\\Windows\\explorer.exe", "parentCommandLine": "C:\\Windows\\Explorer.EXE", "parentUser": "MEDDEFENSE\\ap01", "agentName": "WS-AP-01"}, "system": {"eventID": "1", "channel": "Microsoft-Windows-Sysmon/Operational", "computer": "WS-AP-01", "providerName": "Microsoft-Windows-Sysmon", "providerGuid": "{5770385F-C22A-43E0-BF4C-06F5698FFBD9}", "userID": "S-1-5-18"}}}}
{"timestamp": "2026-05-07T12:48:19.000+00:00", "rule": {"id": "61603", "level": 5, "description": "Sysmon - Event: 1 - Process creation.", "groups": ["sysmon", "sysmon_event1"]}, "agent": {"id": "631", "name": "WS-NURSE-01", "ip": "10.10.2.11"}, "manager": {"name": "log-srv-01"}, "id": "alert-1778158099-8117", "decoder": {"name": "sysmon-event"}, "data": {"win": {"eventdata": {"utcTime": "2026-05-07 12:48:19.000", "processGuid": "{b9c38984-9450-226f-4744-20bee2d88c91}", "processId": "8117", "image": "C:\\Program Files\\Microsoft Office\\root\\Office16\\OUTLOOK.EXE", "commandLine": "\"OUTLOOK.EXE\"", "currentDirectory": "C:\\Windows\\System32\\", "user": "MEDDEFENSE\\nurse01", "logonGuid": "{61d19f6a-8b3f-7de4-5d48-3ec199bc0135}", "logonId": "0x6c6f70f", "terminalSessionId": "1", "integrityLevel": "Medium", "hashes": "SHA256=e72087c594ddf4fb395b6885f34ca5fe06250dd7518737277776f5664a9ab186", "parentProcessGuid": "{62e4cf0c-fee2-e5bb-38ff-679d76516dec}", "parentProcessId": "42123", "parentImage": "C:\\Windows\\explorer.exe", "parentCommandLine": "C:\\Windows\\Explorer.EXE", "parentUser": "MEDDEFENSE\\nurse01", "agentName": "WS-NURSE-01"}, "system": {"eventID": "1", "channel": "Microsoft-Windows-Sysmon/Operational", "computer": "WS-NURSE-01", "providerName": "Microsoft-Windows-Sysmon", "providerGuid": "{5770385F-C22A-43E0-BF4C-06F5698FFBD9}", "userID": "S-1-5-18"}}}}
{"timestamp": "2026-05-07T12:50:17.000+00:00", "rule": {"id": "61613", "level": 3, "description": "Sysmon - Event: 11 - File created.", "groups": ["sysmon", "sysmon_event_11"]}, "agent": {"id": "845", "name": "WS-AP-07", "ip": "10.10.4.41"}, "manager": {"name": "log-srv-01"}, "id": "alert-1778158217-fc-53988", "decoder": {"name": "sysmon-event"}, "data": {"win": {"eventdata": {"utcTime": "2026-05-07 12:50:17.000", "image": "C:\\Program Files\\Microsoft Office\\root\\Office16\\OUTLOOK.EXE", "targetFilename": "C:\\Users\\arivera\\AppData\\Local\\Temp\\OICE_8901.tmp", "creationUtcTime": "2026-05-07 12:50:17.000"}, "system": {"eventID": "11", "channel": "Microsoft-Windows-Sysmon/Operational", "computer": "WS-AP-07"}}}}
{"timestamp": "2026-05-07T12:52:34.000+00:00", "rule": {"id": "61603", "level": 5, "description": "Sysmon - Event: 1 - Process creation.", "groups": ["sysmon", "sysmon_event1"]}, "agent": {"id": "314", "name": "WS-RECV-04", "ip": "10.10.3.22"}, "manager": {"name": "log-srv-01"}, "id": "alert-1778158354-6269", "decoder": {"name": "sysmon-event"}, "data": {"win": {"eventdata": {"utcTime": "2026-05-07 12:52:34.000", "processGuid": "{a5510c4f-8ee0-e84a-251b-22d9062b6b5a}", "processId": "6269", "image": "C:\\Program Files\\Google\\Chrome\\Application\\chrome.exe", "commandLine": "\"chrome.exe\"", "currentDirectory": "C:\\Windows\\System32\\", "user": "MEDDEFENSE\\records04", "logonGuid": "{db4354e9-264a-4cdf-74c0-eb76207006de}", "logonId": "0xfcb2609", "terminalSessionId": "1", "integrityLevel": "Medium", "hashes": "SHA256=2d692954a5aa6781ec248cc7dfe4a1f4641726f3c96faf308b48bd02623533dc", "parentProcessGuid": "{fe5f5be6-b304-d908-2761-405d98af1904}", "parentProcessId": "29959", "parentImage": "C:\\Windows\\explorer.exe", "parentCommandLine": "C:\\Windows\\Explorer.EXE", "parentUser": "MEDDEFENSE\\records04", "agentName": "WS-RECV-04"}, "system": {"eventID": "1", "channel": "Microsoft-Windows-Sysmon/Operational", "computer": "WS-RECV-04", "providerName": "Microsoft-Windows-Sysmon", "providerGuid": "{5770385F-C22A-43E0-BF4C-06F5698FFBD9}", "userID": "S-1-5-18"}}}}
{"timestamp": "2026-05-07T12:54:41.000+00:00", "rule": {"id": "61605", "level": 3, "description": "Sysmon - Event: 3 - Network connection.", "groups": ["sysmon", "sysmon_event3"]}, "agent": {"id": "263", "name": "WS-BILL-03", "ip": "10.10.4.34"}, "manager": {"name": "log-srv-01"}, "id": "alert-1778158481-net-45588", "decoder": {"name": "sysmon-event"}, "data": {"win": {"eventdata": {"utcTime": "2026-05-07 12:54:41.000", "image": "C:\\Windows\\System32\\svchost.exe", "user": "MEDDEFENSE\\system", "protocol": "tcp", "initiated": "true", "sourceIp": "10.10.4.34", "sourcePort": "53378", "destinationIp": "10.10.20.50", "destinationPort": "636", "destinationHostname": "SRV-FILE-01"}, "system": {"eventID": "3", "channel": "Microsoft-Windows-Sysmon/Operational", "computer": "WS-BILL-03"}}}, "hunt_meta": null}
{"timestamp": "2026-05-07T12:58:42.000+00:00", "rule": {"id": "61612", "level": 3, "description": "Sysmon - Event: 13 - Registry value set.", "groups": ["sysmon", "sysmon_event_13"]}, "agent": {"id": "817", "name": "WS-RECV-01", "ip": "10.10.3.19"}, "manager": {"name": "log-srv-01"}, "id": "alert-1778158722-reg-24534", "decoder": {"name": "sysmon-event"}, "data": {"win": {"eventdata": {"utcTime": "2026-05-07 12:58:42.000", "eventType": "SetValue", "image": "C:\\Windows\\System32\\msiexec.exe", "targetObject": "HKLM\\SOFTWARE\\Microsoft\\Windows\\CurrentVersion\\Uninstall\\Value20", "details": "DWORD (0x00000000)"}, "system": {"eventID": "13", "channel": "Microsoft-Windows-Sysmon/Operational", "computer": "WS-RECV-01"}}}}
{"timestamp": "2026-05-07T13:04:34.000+00:00", "rule": {"id": "61603", "level": 5, "description": "Sysmon - Event: 1 - Process creation.", "groups": ["sysmon", "sysmon_event1"]}, "agent": {"id": "263", "name": "WS-BILL-03", "ip": "10.10.4.34"}, "manager": {"name": "log-srv-01"}, "id": "alert-1778159074-57584", "decoder": {"name": "sysmon-event"}, "data": {"win": {"eventdata": {"utcTime": "2026-05-07 13:04:34.000", "processGuid": "{49a0e9d0-4baf-c152-88da-845627a9e1dd}", "processId": "57584", "image": "C:\\Program Files\\Microsoft Office\\root\\Office16\\OUTLOOK.EXE", "commandLine": "\"OUTLOOK.EXE\"", "currentDirectory": "C:\\Windows\\System32\\", "user": "MEDDEFENSE\\bill03", "logonGuid": "{9954141c-6ec6-e9e2-0a55-16408589c9ea}", "logonId": "0x858f5c0", "terminalSessionId": "1", "integrityLevel": "Medium", "hashes": "SHA256=d9d658e9aef168f71ea729407cbb700e0cee708913d3c9dad4e201505943de1f", "parentProcessGuid": "{ab63ced2-71e6-a449-3af4-c301c9a95c7f}", "parentProcessId": "16752", "parentImage": "C:\\Windows\\explorer.exe", "parentCommandLine": "C:\\Windows\\Explorer.EXE", "parentUser": "MEDDEFENSE\\bill03", "agentName": "WS-BILL-03"}, "system": {"eventID": "1", "channel": "Microsoft-Windows-Sysmon/Operational", "computer": "WS-BILL-03", "providerName": "Microsoft-Windows-Sysmon", "providerGuid": "{5770385F-C22A-43E0-BF4C-06F5698FFBD9}", "userID": "S-1-5-18"}}}}
{"timestamp": "2026-05-07T13:04:36.000+00:00", "rule": {"id": "61645", "level": 3, "description": "Sysmon - Event: 22 - DNS query.", "groups": ["sysmon", "sysmon_event_22"]}, "agent": {"id": "329", "name": "WS-NURSE-06", "ip": "10.10.2.17"}, "manager": {"name": "log-srv-01"}, "id": "alert-1778159076-dns-95356", "decoder": {"name": "sysmon-event"}, "data": {"win": {"eventdata": {"utcTime": "2026-05-07 13:04:36.000", "queryName": "login.microsoftonline.com", "queryStatus": "0", "queryResults": "type:  5 20.190.141.20", "image": "C:\\Windows\\System32\\svchost.exe"}, "system": {"eventID": "22", "channel": "Microsoft-Windows-Sysmon/Operational", "computer": "WS-NURSE-06"}}}, "hunt_meta": null}
{"timestamp": "2026-05-07T13:07:48.000+00:00", "rule": {"id": "61613", "level": 3, "description": "Sysmon - Event: 11 - File created.", "groups": ["sysmon", "sysmon_event_11"]}, "agent": {"id": "066", "name": "WS-DOC-01", "ip": "10.10.2.30"}, "manager": {"name": "log-srv-01"}, "id": "alert-1778159268-fc-79945", "decoder": {"name": "sysmon-event"}, "data": {"win": {"eventdata": {"utcTime": "2026-05-07 13:07:48.000", "image": "C:\\Program Files\\Microsoft Office\\root\\Office16\\OUTLOOK.EXE", "targetFilename": "C:\\Users\\kapoor\\AppData\\Local\\Temp\\OICE_7734.tmp", "creationUtcTime": "2026-05-07 13:07:48.000"}, "system": {"eventID": "11", "channel": "Microsoft-Windows-Sysmon/Operational", "computer": "WS-DOC-01"}}}}
{"timestamp": "2026-05-07T13:10:00.000+00:00", "rule": {"id": "61603", "level": 5, "description": "Sysmon - Event: 1 - Process creation.", "groups": ["sysmon", "sysmon_event1"]}, "agent": {"id": "794", "name": "WS-BILL-02", "ip": "10.10.4.33"}, "manager": {"name": "log-srv-01"}, "id": "alert-1778159400-28312", "decoder": {"name": "sysmon-event"}, "data": {"win": {"eventdata": {"utcTime": "2026-05-07 13:10:00.000", "processGuid": "{3321873d-3310-a04e-eb17-b67ec184e327}", "processId": "28312", "image": "C:\\Program Files\\Google\\Chrome\\Application\\chrome.exe", "commandLine": "\"chrome.exe\"", "currentDirectory": "C:\\Windows\\System32\\", "user": "MEDDEFENSE\\lpatterson", "logonGuid": "{1f6b6d11-ddb8-963e-d69d-b360e534fa6b}", "logonId": "0xdf584e0", "terminalSessionId": "1", "integrityLevel": "Medium", "hashes": "SHA256=a3e2be081a0a19bbe334b4e92e7761277061ed5c9b93685adb037fbb4febee48", "parentProcessGuid": "{b19e0fb8-11fa-bc18-9bc3-539311f31ee6}", "parentProcessId": "49729", "parentImage": "C:\\Windows\\explorer.exe", "parentCommandLine": "C:\\Windows\\Explorer.EXE", "parentUser": "MEDDEFENSE\\lpatterson", "agentName": "WS-BILL-02"}, "system": {"eventID": "1", "channel": "Microsoft-Windows-Sysmon/Operational", "computer": "WS-BILL-02", "providerName": "Microsoft-Windows-Sysmon", "providerGuid": "{5770385F-C22A-43E0-BF4C-06F5698FFBD9}", "userID": "S-1-5-18"}}}}
{"timestamp": "2026-05-07T13:11:55.000+00:00", "rule": {"id": "61605", "level": 3, "description": "Sysmon - Event: 3 - Network connection.", "groups": ["sysmon", "sysmon_event3"]}, "agent": {"id": "576", "name": "WS-NURSE-05", "ip": "10.10.2.16"}, "manager": {"name": "log-srv-01"}, "id": "alert-1778159515-net-33776", "decoder": {"name": "sysmon-event"}, "data": {"win": {"eventdata": {"utcTime": "2026-05-07 13:11:55.000", "image": "C:\\Windows\\System32\\svchost.exe", "user": "MEDDEFENSE\\system", "protocol": "tcp", "initiated": "true", "sourceIp": "10.10.2.16", "sourcePort": "60255", "destinationIp": "10.10.20.25", "destinationPort": "636", "destinationHostname": "SRV-INS-DB"}, "system": {"eventID": "3", "channel": "Microsoft-Windows-Sysmon/Operational", "computer": "WS-NURSE-05"}}}, "hunt_meta": null}
{"timestamp": "2026-05-07T13:16:02.000+00:00", "rule": {"id": "61603", "level": 5, "description": "Sysmon - Event: 1 - Process creation.", "groups": ["sysmon", "sysmon_event1"]}, "agent": {"id": "845", "name": "WS-AP-07", "ip": "10.10.4.41"}, "manager": {"name": "log-srv-01"}, "id": "alert-1778159762-45398", "decoder": {"name": "sysmon-event"}, "data": {"win": {"eventdata": {"utcTime": "2026-05-07 13:16:02.000", "processGuid": "{4515fede-f4e9-0144-2135-b51830d01a2a}", "processId": "45398", "image": "C:\\Program Files\\Google\\Chrome\\Application\\chrome.exe", "commandLine": "\"chrome.exe\"", "currentDirectory": "C:\\Windows\\System32\\", "user": "MEDDEFENSE\\arivera", "logonGuid": "{55a438e6-ec0b-27b7-51bd-2b4eacf20b9f}", "logonId": "0xf3522f2", "terminalSessionId": "1", "integrityLevel": "Medium", "hashes": "SHA256=f9ad06fd215761ee3ac92d8bded6234a8f8b079f5439ebf58e030063434cf40a", "parentProcessGuid": "{ebcc07a5-d6bb-0b72-6147-1222e37f53e6}", "parentProcessId": "56546", "parentImage": "C:\\Windows\\explorer.exe", "parentCommandLine": "C:\\Windows\\Explorer.EXE", "parentUser": "MEDDEFENSE\\arivera", "agentName": "WS-AP-07"}, "system": {"eventID": "1", "channel": "Microsoft-Windows-Sysmon/Operational", "computer": "WS-AP-07", "providerName": "Microsoft-Windows-Sysmon", "providerGuid": "{5770385F-C22A-43E0-BF4C-06F5698FFBD9}", "userID": "S-1-5-18"}}}}
{"timestamp": "2026-05-07T13:19:36.000+00:00", "rule": {"id": "61603", "level": 5, "description": "Sysmon - Event: 1 - Process creation.", "groups": ["sysmon", "sysmon_event1"]}, "agent": {"id": "907", "name": "WS-BILL-01", "ip": "10.10.4.30"}, "manager": {"name": "log-srv-01"}, "id": "alert-1778159976-59454", "decoder": {"name": "sysmon-event"}, "data": {"win": {"eventdata": {"utcTime": "2026-05-07 13:19:36.000", "processGuid": "{cea5b32b-769c-d4fd-4ce7-de74bcd94407}", "processId": "59454", "image": "C:\\Program Files\\Microsoft Office\\root\\Office16\\OUTLOOK.EXE", "commandLine": "\"OUTLOOK.EXE\"", "currentDirectory": "C:\\Windows\\System32\\", "user": "MEDDEFENSE\\bill01", "logonGuid": "{49d9d60a-710b-b694-8e06-1892efb467a8}", "logonId": "0xaab553b", "terminalSessionId": "1", "integrityLevel": "Medium", "hashes": "SHA256=1bbb8717d093d9b48d731790957d87af53365993d77e54382d8443290fdef3b1", "parentProcessGuid": "{ed9de288-ac8c-5104-c939-9c01a8f89ad3}", "parentProcessId": "32994", "parentImage": "C:\\Windows\\explorer.exe", "parentCommandLine": "C:\\Windows\\Explorer.EXE", "parentUser": "MEDDEFENSE\\bill01", "agentName": "WS-BILL-01"}, "system": {"eventID": "1", "channel": "Microsoft-Windows-Sysmon/Operational", "computer": "WS-BILL-01", "providerName": "Microsoft-Windows-Sysmon", "providerGuid": "{5770385F-C22A-43E0-BF4C-06F5698FFBD9}", "userID": "S-1-5-18"}}}}
{"timestamp": "2026-05-07T13:19:55.000+00:00", "rule": {"id": "61603", "level": 5, "description": "Sysmon - Event: 1 - Process creation.", "groups": ["sysmon", "sysmon_event1"]}, "agent": {"id": "937", "name": "WS-NURSE-03", "ip": "10.10.2.13"}, "manager": {"name": "log-srv-01"}, "id": "alert-1778159995-47069", "decoder": {"name": "sysmon-event"}, "data": {"win": {"eventdata": {"utcTime": "2026-05-07 13:19:55.000", "processGuid": "{d69d86f4-a8db-02f8-cdf2-eced55ce13c9}", "processId": "47069", "image": "C:\\Program Files\\Microsoft Office\\root\\Office16\\OUTLOOK.EXE", "commandLine": "\"OUTLOOK.EXE\"", "currentDirectory": "C:\\Windows\\System32\\", "user": "MEDDEFENSE\\nurse03", "logonGuid": "{1114cd42-3f63-1017-6a53-10ff9584d058}", "logonId": "0xbb99d90", "terminalSessionId": "1", "integrityLevel": "Medium", "hashes": "SHA256=ad99faf3f2b64e1f74fb3231def9d53fc7b0d06f42c588bf29b9ad12a9778b1e", "parentProcessGuid": "{deadaab1-f112-7be2-604a-3387035da595}", "parentProcessId": "56015", "parentImage": "C:\\Windows\\explorer.exe", "parentCommandLine": "C:\\Windows\\Explorer.EXE", "parentUser": "MEDDEFENSE\\nurse03", "agentName": "WS-NURSE-03"}, "system": {"eventID": "1", "channel": "Microsoft-Windows-Sysmon/Operational", "computer": "WS-NURSE-03", "providerName": "Microsoft-Windows-Sysmon", "providerGuid": "{5770385F-C22A-43E0-BF4C-06F5698FFBD9}", "userID": "S-1-5-18"}}}}
{"timestamp": "2026-05-07T13:29:22.000+00:00", "rule": {"id": "61612", "level": 3, "description": "Sysmon - Event: 13 - Registry value set.", "groups": ["sysmon", "sysmon_event_13"]}, "agent": {"id": "104", "name": "WS-AP-01", "ip": "10.10.4.40"}, "manager": {"name": "log-srv-01"}, "id": "alert-1778160562-reg-46498", "decoder": {"name": "sysmon-event"}, "data": {"win": {"eventdata": {"utcTime": "2026-05-07 13:29:22.000", "eventType": "SetValue", "image": "C:\\Program Files\\Microsoft Office\\root\\Office16\\WINWORD.EXE", "targetObject": "HKLM\\SOFTWARE\\Microsoft\\Windows\\CurrentVersion\\Uninstall\\Value11", "details": "Binary Data"}, "system": {"eventID": "13", "channel": "Microsoft-Windows-Sysmon/Operational", "computer": "WS-AP-01"}}}}
