{"timestamp": "2026-05-05T14:28:13.000+00:00", "rule": {"id": "61603", "level": 5, "description": "Sysmon - Event: 1 - Process creation.", "groups": ["sysmon", "sysmon_event1"]}, "agent": {"id": "314", "name": "WS-RECV-04", "ip": "10.10.3.22"}, "manager": {"name": "log-srv-01"}, "id": "alert-1777991293-41003", "decoder": {"name": "sysmon-event"}, "data": {"win": {"eventdata": {"utcTime": "2026-05-05 14:28:13.000", "processGuid": "{766d6d8a-7ee3-7fd0-eb31-e1b628c30788}", "processId": "41003", "image": "C:\\Program Files\\Microsoft Office\\root\\Office16\\WINWORD.EXE", "commandLine": "\"WINWORD.EXE\"", "currentDirectory": "C:\\Windows\\System32\\", "user": "MEDDEFENSE\\records04", "logonGuid": "{4ac3f3af-85d7-1258-a20b-dd1749004db8}", "logonId": "0x01bfc91", "terminalSessionId": "1", "integrityLevel": "Medium", "hashes": "SHA256=1d03df9306620b8a96a574047d6bc006509787c40bee8baa69a6c032437aa343", "parentProcessGuid": "{c24d9047-2933-7ef6-dcb3-c83266bdbee9}", "parentProcessId": "8065", "parentImage": "C:\\Windows\\explorer.exe", "parentCommandLine": "C:\\Windows\\Explorer.EXE", "parentUser": "MEDDEFENSE\\records04", "agentName": "WS-RECV-04"}, "system": {"eventID": "1", "channel": "Microsoft-Windows-Sysmon/Operational", "computer": "WS-RECV-04", "providerName": "Microsoft-Windows-Sysmon", "providerGuid": "{5770385F-C22A-43E0-BF4C-06F5698FFBD9}", "userID": "S-1-5-18"}}}}
{"timestamp": "2026-05-05T14:35:01.000+00:00", "rule": {"id": "61613", "level": 3, "description": "Sysmon - Event: 11 - File created.", "groups": ["sysmon", "sysmon_event_11"]}, "agent": {"id": "066", "name": "WS-DOC-01", "ip": "10.10.2.30"}, "manager": {"name": "log-srv-01"}, "id": "alert-1777991701-fc-99941", "decoder": {"name": "sysmon-event"}, "data": {"win": {"eventdata": {"utcTime": "2026-05-05 14:35:01.000", "image": "C:\\Program Files\\Microsoft Office\\root\\Office16\\OUTLOOK.EXE", "targetFilename": "C:\\Users\\kapoor\\AppData\\Local\\Temp\\OICE_3731.tmp", "creationUtcTime": "2026-05-05 14:35:01.000"}, "system": {"eventID": "11", "channel": "Microsoft-Windows-Sysmon/Operational", "computer": "WS-DOC-01"}}}}
{"timestamp": "2026-05-05T14:37:53.000+00:00", "rule": {"id": "61603", "level": 5, "description": "Sysmon - Event: 1 - Process creation.", "groups": ["sysmon", "sysmon_event1"]}, "agent": {"id": "937", "name": "WS-NURSE-03", "ip": "10.10.2.13"}, "manager": {"name": "log-srv-01"}, "id": "alert-1777991873-54026", "decoder": {"name": "sysmon-event"}, "data": {"win": {"eventdata": {"utcTime": "2026-05-05 14:37:53.000", "processGuid": "{2ada0e84-65d4-db80-a4de-80fa49997643}", "processId": "54026", "image": "C:\\Windows\\explorer.exe", "commandLine": "C:\\Windows\\Explorer.EXE", "currentDirectory": "C:\\Windows\\System32\\", "user": "MEDDEFENSE\\nurse03", "logonGuid": "{30b79ffa-2435-26b1-c178-bfef036197f5}", "logonId": "0x18ddc65", "terminalSessionId": "1", "integrityLevel": "Medium", "hashes": "SHA256=c978c2fa53ba1823eed1b3c0e7765ddcfc8901e13d6505533fb077f8485299e2", "parentProcessGuid": "{fe8714a6-6839-99c1-83d7-75359b3c6bda}", "parentProcessId": "49584", "parentImage": "C:\\Windows\\explorer.exe", "parentCommandLine": "C:\\Windows\\Explorer.EXE", "parentUser": "MEDDEFENSE\\nurse03", "agentName": "WS-NURSE-03"}, "system": {"eventID": "1", "channel": "Microsoft-Windows-Sysmon/Operational", "computer": "WS-NURSE-03", "providerName": "Microsoft-Windows-Sysmon", "providerGuid": "{5770385F-C22A-43E0-BF4C-06F5698FFBD9}", "userID": "S-1-5-18"}}}}
{"timestamp": "2026-05-05T14:40:41.000+00:00", "rule": {"id": "61603", "level": 5, "description": "Sysmon - Event: 1 - Process creation.", "groups": ["sysmon", "sysmon_event1"]}, "agent": {"id": "014", "name": "WS-ADMIN-01", "ip": "10.10.9.10"}, "manager": {"name": "log-srv-01"}, "id": "baseline-1777992041-17684", "decoder": {"name": "sysmon-event"}, "data": {"win": {"eventdata": {"utcTime": "2026-05-05 14:40:41.000", "processGuid": "{39f002c2-c514-27ab-c033-9c7d183b6d6b}", "processId": "17684", "image": "C:\\Windows\\System32\\WindowsPowerShell\\v1.0\\powershell.exe", "commandLine": "powershell.exe -Command \"Invoke-Command -ComputerName SRV-FILE-01 -ScriptBlock { Test-Path 'C:\\Program Files\\Common Files\\Microsoft Shared\\ClickToRun' }\"", "currentDirectory": "C:\\Tools\\Scripts\\", "user": "MEDDEFENSE\\robert.kim", "logonGuid": "{4013343f-ef30-caa4-ecdc-1eff8fbc8f5a}", "logonId": "0x1a4e31b", "terminalSessionId": "2", "integrityLevel": "High", "hashes": "SHA256=c7c8e86e7a4c8a9a7b7c6f5e4d3c2b1a0908070605040302010908070605040", "parentProcessGuid": "{a7826f9b-f8b1-e8ea-b63d-79bd47c380e7}", "parentProcessId": "1857", "parentImage": "C:\\Windows\\System32\\cmd.exe", "parentCommandLine": "\"C:\\Windows\\System32\\cmd.exe\"", "parentUser": "MEDDEFENSE\\robert.kim", "agentName": "WS-ADMIN-01"}, "system": {"eventID": "1", "channel": "Microsoft-Windows-Sysmon/Operational", "computer": "WS-ADMIN-01", "providerName": "Microsoft-Windows-Sysmon", "providerGuid": "{5770385F-C22A-43E0-BF4C-06F5698FFBD9}", "userID": "S-1-5-18"}}}, "hunt_meta": {"category": "baseline", "source_host": "WS-ADMIN-01", "target_host": "SRV-FILE-01", "target_ip": "10.10.20.50", "tool": "PSRemoting", "authorized": true}}
{"timestamp": "2026-05-05T14:59:52.000+00:00", "rule": {"id": "61603", "level": 5, "description": "Sysmon - Event: 1 - Process creation.", "groups": ["sysmon", "sysmon_event1"]}, "agent": {"id": "909", "name": "WS-RECV-02", "ip": "10.10.3.20"}, "manager": {"name": "log-srv-01"}, "id": "alert-1777993192-11280", "decoder": {"name": "sysmon-event"}, "data": {"win": {"eventdata": {"utcTime": "2026-05-05 14:59:52.000", "processGuid": "{d328986e-fbc5-61a1-704d-1180c1991693}", "processId": "11280", "image": "C:\\Program Files\\Microsoft Office\\root\\Office16\\WINWORD.EXE", "commandLine": "\"WINWORD.EXE\"", "currentDirectory": "C:\\Windows\\System32\\", "user": "MEDDEFENSE\\records02", "logonGuid": "{1d379f34-5585-13da-735c-14e055b8445d}", "logonId": "0x30dcf0c", "terminalSessionId": "1", "integrityLevel": "Medium", "hashes": "SHA256=5da7d68f7e1cd0b5adcc6a841dd42f3a6c2b2c190574cc17717745cf7ef8dec2", "parentProcessGuid": "{fe997c5b-1cc0-e2b1-1253-1c35ad4d993b}", "parentProcessId": "27596", "parentImage": "C:\\Windows\\explorer.exe", "parentCommandLine": "C:\\Windows\\Explorer.EXE", "parentUser": "MEDDEFENSE\\records02", "agentName": "WS-RECV-02"}, "system": {"eventID": "1", "channel": "Microsoft-Windows-Sysmon/Operational", "computer": "WS-RECV-02", "providerName": "Microsoft-Windows-Sysmon", "providerGuid": "{5770385F-C22A-43E0-BF4C-06F5698FFBD9}", "userID": "S-1-5-18"}}}}
{"timestamp": "2026-05-05T15:01:04.000+00:00", "rule": {"id": "61603", "level": 5, "description": "Sysmon - Event: 1 - Process creation.", "groups": ["sysmon", "sysmon_event1"]}, "agent": {"id": "014", "name": "WS-ADMIN-01", "ip": "10.10.9.10"}, "manager": {"name": "log-srv-01"}, "id": "baseline-1777993264-32139", "decoder": {"name": "sysmon-event"}, "data": {"win": {"eventdata": {"utcTime": "2026-05-05 15:01:04.000", "processGuid": "{60f9341a-a2db-e0da-d9e4-079ed7e9b626}", "processId": "32139", "image": "C:\\Tools\\Sysinternals\\PsExec.exe", "commandLine": "C:\\Tools\\Sysinternals\\PsExec.exe \\\\SRV-HEALTH-DB -s -accepteula cmd.exe /c \"sc query 'MsMpSvc'\"", "currentDirectory": "C:\\Tools\\Scripts\\", "user": "MEDDEFENSE\\robert.kim", "logonGuid": "{0f2e980c-3b43-c5e2-671b-c5a2ab61d938}", "logonId": "0x1a4e31b", "terminalSessionId": "2", "integrityLevel": "High", "hashes": "SHA256=c7c8e86e7a4c8a9a7b7c6f5e4d3c2b1a0908070605040302010908070605040", "parentProcessGuid": "{bf42ede8-835e-f9aa-3fb1-5cda288ec5ed}", "parentProcessId": "37249", "parentImage": "C:\\Windows\\System32\\cmd.exe", "parentCommandLine": "\"C:\\Windows\\System32\\cmd.exe\"", "parentUser": "MEDDEFENSE\\robert.kim", "agentName": "WS-ADMIN-01"}, "system": {"eventID": "1", "channel": "Microsoft-Windows-Sysmon/Operational", "computer": "WS-ADMIN-01", "providerName": "Microsoft-Windows-Sysmon", "providerGuid": "{5770385F-C22A-43E0-BF4C-06F5698FFBD9}", "userID": "S-1-5-18"}}}, "hunt_meta": {"category": "baseline", "source_host": "WS-ADMIN-01", "target_host": "SRV-HEALTH-DB", "target_ip": "10.10.20.15", "tool": "PsExec", "authorized": true}}
{"timestamp": "2026-05-05T15:03:16.000+00:00", "rule": {"id": "61603", "level": 5, "description": "Sysmon - Event: 1 - Process creation.", "groups": ["sysmon", "sysmon_event1"]}, "agent": {"id": "829", "name": "WS-HELPDESK-01", "ip": "10.10.9.20"}, "manager": {"name": "log-srv-01"}, "id": "alert-1777993396-2055", "decoder": {"name": "sysmon-event"}, "data": {"win": {"eventdata": {"utcTime": "2026-05-05 15:03:16.000", "processGuid": "{2c54ead5-1753-6693-8f3e-81c19c033b71}", "processId": "2055", "image": "C:\\Program Files\\Microsoft Office\\root\\Office16\\WINWORD.EXE", "commandLine": "\"WINWORD.EXE\"", "currentDirectory": "C:\\Windows\\System32\\", "user": "MEDDEFENSE\\helpdesk01", "logonGuid": "{e7f89b97-fcc5-bb1e-0d44-4d9bed0e3b42}", "logonId": "0xdec70d9", "terminalSessionId": "1", "integrityLevel": "Medium", "hashes": "SHA256=1f85c63c12231ad5da89b2d8f4c06da5a595f2464bd3c5d34da11efc1aaf5cdd", "parentProcessGuid": "{baa8c10b-27f9-6044-e547-fc2b3bbd5f77}", "parentProcessId": "61960", "parentImage": "C:\\Windows\\explorer.exe", "parentCommandLine": "C:\\Windows\\Explorer.EXE", "parentUser": "MEDDEFENSE\\helpdesk01", "agentName": "WS-HELPDESK-01"}, "system": {"eventID": "1", "channel": "Microsoft-Windows-Sysmon/Operational", "computer": "WS-HELPDESK-01", "providerName": "Microsoft-Windows-Sysmon", "providerGuid": "{5770385F-C22A-43E0-BF4C-06F5698FFBD9}", "userID": "S-1-5-18"}}}}
{"timestamp": "2026-05-05T15:04:44.000+00:00", "rule": {"id": "61603", "level": 5, "description": "Sysmon - Event: 1 - Process creation.", "groups": ["sysmon", "sysmon_event1"]}, "agent": {"id": "014", "name": "WS-ADMIN-01", "ip": "10.10.9.10"}, "manager": {"name": "log-srv-01"}, "id": "baseline-1777993484-51834", "decoder": {"name": "sysmon-event"}, "data": {"win": {"eventdata": {"utcTime": "2026-05-05 15:04:44.000", "processGuid": "{4c874ee2-37d4-4b16-58de-a11973d89c12}", "processId": "51834", "image": "C:\\Tools\\Sysinternals\\PsExec.exe", "commandLine": "C:\\Tools\\Sysinternals\\PsExec.exe \\\\SRV-INS-DB -s -accepteula cmd.exe /c \"sc query 'MsMpSvc'\"", "currentDirectory": "C:\\Tools\\Scripts\\", "user": "MEDDEFENSE\\robert.kim", "logonGuid": "{9dd897af-5abb-1a88-111d-7c3d222b771c}", "logonId": "0x1a4e31b", "terminalSessionId": "2", "integrityLevel": "High", "hashes": "SHA256=c7c8e86e7a4c8a9a7b7c6f5e4d3c2b1a0908070605040302010908070605040", "parentProcessGuid": "{ea339432-e6dc-b590-1f85-876e521a27f4}", "parentProcessId": "62711", "parentImage": "C:\\Windows\\System32\\cmd.exe", "parentCommandLine": "\"C:\\Windows\\System32\\cmd.exe\"", "parentUser": "MEDDEFENSE\\robert.kim", "agentName": "WS-ADMIN-01"}, "system": {"eventID": "1", "channel": "Microsoft-Windows-Sysmon/Operational", "computer": "WS-ADMIN-01", "providerName": "Microsoft-Windows-Sysmon", "providerGuid": "{5770385F-C22A-43E0-BF4C-06F5698FFBD9}", "userID": "S-1-5-18"}}}, "hunt_meta": {"category": "baseline", "source_host": "WS-ADMIN-01", "target_host": "SRV-INS-DB", "target_ip": "10.10.20.25", "tool": "PsExec", "authorized": true}}
{"timestamp": "2026-05-05T15:07:01.000+00:00", "rule": {"id": "61612", "level": 3, "description": "Sysmon - Event: 13 - Registry value set.", "groups": ["sysmon", "sysmon_event_13"]}, "agent": {"id": "314", "name": "WS-RECV-04", "ip": "10.10.3.22"}, "manager": {"name": "log-srv-01"}, "id": "alert-1777993621-reg-38414", "decoder": {"name": "sysmon-event"}, "data": {"win": {"eventdata": {"utcTime": "2026-05-05 15:07:01.000", "eventType": "SetValue", "image": "C:\\Windows\\System32\\TrustedInstaller.exe", "targetObject": "HKLM\\SOFTWARE\\Microsoft\\Windows\\CurrentVersion\\Uninstall\\Value87", "details": "DWORD (0x00000000)"}, "system": {"eventID": "13", "channel": "Microsoft-Windows-Sysmon/Operational", "computer": "WS-RECV-04"}}}}
{"timestamp": "2026-05-05T15:07:33.000+00:00", "rule": {"id": "61603", "level": 5, "description": "Sysmon - Event: 1 - Process creation.", "groups": ["sysmon", "sysmon_event1"]}, "agent": {"id": "829", "name": "WS-HELPDESK-01", "ip": "10.10.9.20"}, "manager": {"name": "log-srv-01"}, "id": "alert-1777993653-57846", "decoder": {"name": "sysmon-event"}, "data": {"win": {"eventdata": {"utcTime": "2026-05-05 15:07:33.000", "processGuid": "{6e96de16-4273-56f3-3352-516e3ae41148}", "processId": "57846", "image": "C:\\Program Files\\Microsoft Office\\root\\Office16\\OUTLOOK.EXE", "commandLine": "\"OUTLOOK.EXE\"", "currentDirectory": "C:\\Windows\\System32\\", "user": "MEDDEFENSE\\helpdesk01", "logonGuid": "{81eee7ba-ee0e-d72e-77b8-e1562be7faca}", "logonId": "0x58957d2", "terminalSessionId": "1", "integrityLevel": "Medium", "hashes": "SHA256=57c60b1761146a13326378bda53270c5c0b6c39a6daeba0d2ff46a97f840972d", "parentProcessGuid": "{753f3092-3108-4c09-7305-e6f302a03f0f}", "parentProcessId": "23115", "parentImage": "C:\\Windows\\explorer.exe", "parentCommandLine": "C:\\Windows\\Explorer.EXE", "parentUser": "MEDDEFENSE\\helpdesk01", "agentName": "WS-HELPDESK-01"}, "system": {"eventID": "1", "channel": "Microsoft-Windows-Sysmon/Operational", "computer": "WS-HELPDESK-01", "providerName": "Microsoft-Windows-Sysmon", "providerGuid": "{5770385F-C22A-43E0-BF4C-06F5698FFBD9}", "userID": "S-1-5-18"}}}}
{"timestamp": "2026-05-05T15:08:01.000+00:00", "rule": {"id": "61645", "level": 3, "description": "Sysmon - Event: 22 - DNS query.", "groups": ["sysmon", "sysmon_event_22"]}, "agent": {"id": "631", "name": "WS-NURSE-01", "ip": "10.10.2.11"}, "manager": {"name": "log-srv-01"}, "id": "alert-1777993681-dns-17188", "decoder": {"name": "sysmon-event"}, "data": {"win": {"eventdata": {"utcTime": "2026-05-05 15:08:01.000", "queryName": "outlook.office365.com", "queryStatus": "0", "queryResults": "type:  5 52.97.136.226", "image": "C:\\Windows\\System32\\svchost.exe"}, "system": {"eventID": "22", "channel": "Microsoft-Windows-Sysmon/Operational", "computer": "WS-NURSE-01"}}}, "hunt_meta": null}
{"timestamp": "2026-05-05T15:09:30.000+00:00", "rule": {"id": "61603", "level": 5, "description": "Sysmon - Event: 1 - Process creation.", "groups": ["sysmon", "sysmon_event1"]}, "agent": {"id": "937", "name": "WS-NURSE-03", "ip": "10.10.2.13"}, "manager": {"name": "log-srv-01"}, "id": "alert-1777993770-57503", "decoder": {"name": "sysmon-event"}, "data": {"win": {"eventdata": {"utcTime": "2026-05-05 15:09:30.000", "processGuid": "{e52336cb-9ed2-d709-d80f-f8f99c30a2b4}", "processId": "57503", "image": "C:\\Windows\\System32\\svchost.exe", "commandLine": "C:\\Windows\\System32\\svchost.exe -k netsvcs", "currentDirectory": "C:\\Windows\\System32\\", "user": "MEDDEFENSE\\nurse03", "logonGuid": "{cb334612-7458-4512-33b6-ea4e6b6c4d76}", "logonId": "0xa9f86a3", "terminalSessionId": "1", "integrityLevel": "Medium", "hashes": "SHA256=b9ecb1c7703824aea91c56d00280662fb864a0e6206431c7e1b5efb4d69c899c", "parentProcessGuid": "{075eaff5-47ef-9823-fe5b-75ce719c95d3}", "parentProcessId": "20349", "parentImage": "C:\\Windows\\explorer.exe", "parentCommandLine": "C:\\Windows\\Explorer.EXE", "parentUser": "MEDDEFENSE\\nurse03", "agentName": "WS-NURSE-03"}, "system": {"eventID": "1", "channel": "Microsoft-Windows-Sysmon/Operational", "computer": "WS-NURSE-03", "providerName": "Microsoft-Windows-Sysmon", "providerGuid": "{5770385F-C22A-43E0-BF4C-06F5698FFBD9}", "userID": "S-1-5-18"}}}}
{"timestamp": "2026-05-05T15:12:23.000+00:00", "rule": {"id": "61603", "level": 5, "description": "Sysmon - Event: 1 - Process creation.", "groups": ["sysmon", "sysmon_event1"]}, "agent": {"id": "329", "name": "WS-NURSE-06", "ip": "10.10.2.17"}, "manager": {"name": "log-srv-01"}, "id": "alert-1777993943-47927", "decoder": {"name": "sysmon-event"}, "data": {"win": {"eventdata": {"utcTime": "2026-05-05 15:12:23.000", "processGuid": "{2ef61e46-ff2f-9e85-3ace-909323b074d0}", "processId": "47927", "image": "C:\\Windows\\System32\\svchost.exe", "commandLine": "C:\\Windows\\System32\\svchost.exe -k netsvcs", "currentDirectory": "C:\\Windows\\System32\\", "user": "MEDDEFENSE\\nurse06", "logonGuid": "{652be001-8bd0-c187-5416-50e6087feb8f}", "logonId": "0x12a5599", "terminalSessionId": "1", "integrityLevel": "Medium", "hashes": "SHA256=d73c11c755dc58f376d0b36f210e1a5bcf2fed0a1286e5ea2b01fc618433bc60", "parentProcessGuid": "{8101a7f5-20a8-c6c4-3d45-5b612fc1d6ff}", "parentProcessId": "2604", "parentImage": "C:\\Windows\\explorer.exe", "parentCommandLine": "C:\\Windows\\Explorer.EXE", "parentUser": "MEDDEFENSE\\nurse06", "agentName": "WS-NURSE-06"}, "system": {"eventID": "1", "channel": "Microsoft-Windows-Sysmon/Operational", "computer": "WS-NURSE-06", "providerName": "Microsoft-Windows-Sysmon", "providerGuid": "{5770385F-C22A-43E0-BF4C-06F5698FFBD9}", "userID": "S-1-5-18"}}}}
{"timestamp": "2026-05-05T15:21:40.000+00:00", "rule": {"id": "61603", "level": 5, "description": "Sysmon - Event: 1 - Process creation.", "groups": ["sysmon", "sysmon_event1"]}, "agent": {"id": "014", "name": "WS-ADMIN-01", "ip": "10.10.9.10"}, "manager": {"name": "log-srv-01"}, "id": "baseline-1777994500-14310", "decoder": {"name": "sysmon-event"}, "data": {"win": {"eventdata": {"utcTime": "2026-05-05 15:21:40.000", "processGuid": "{bc8abb29-9685-0cbf-f695-a816772f3d20}", "processId": "14310", "image": "C:\\Tools\\Sysinternals\\PsExec.exe", "commandLine": "C:\\Tools\\Sysinternals\\PsExec.exe \\\\SRV-BACKUP-01 -s -accepteula cmd.exe /c \"sc query 'MsMpSvc'\"", "currentDirectory": "C:\\Tools\\Scripts\\", "user": "MEDDEFENSE\\robert.kim", "logonGuid": "{78c33691-077c-588e-1aed-c1fcb793f79a}", "logonId": "0x1a4e31b", "terminalSessionId": "2", "integrityLevel": "High", "hashes": "SHA256=c7c8e86e7a4c8a9a7b7c6f5e4d3c2b1a0908070605040302010908070605040", "parentProcessGuid": "{a387523c-5b17-a9ec-c255-e1ff49738d7d}", "parentProcessId": "63443", "parentImage": "C:\\Windows\\System32\\cmd.exe", "parentCommandLine": "\"C:\\Windows\\System32\\cmd.exe\"", "parentUser": "MEDDEFENSE\\robert.kim", "agentName": "WS-ADMIN-01"}, "system": {"eventID": "1", "channel": "Microsoft-Windows-Sysmon/Operational", "computer": "WS-ADMIN-01", "providerName": "Microsoft-Windows-Sysmon", "providerGuid": "{5770385F-C22A-43E0-BF4C-06F5698FFBD9}", "userID": "S-1-5-18"}}}, "hunt_meta": {"category": "baseline", "source_host": "WS-ADMIN-01", "target_host": "SRV-BACKUP-01", "target_ip": "10.10.20.80", "tool": "PsExec", "authorized": true}}
{"timestamp": "2026-05-05T15:22:09.000+00:00", "rule": {"id": "61603", "level": 5, "description": "Sysmon - Event: 1 - Process creation.", "groups": ["sysmon", "sysmon_event1"]}, "agent": {"id": "576", "name": "WS-NURSE-05", "ip": "10.10.2.16"}, "manager": {"name": "log-srv-01"}, "id": "alert-1777994529-58632", "decoder": {"name": "sysmon-event"}, "data": {"win": {"eventdata": {"utcTime": "2026-05-05 15:22:09.000", "processGuid": "{0c2fe285-74bf-dbb3-fbf0-cd22a5f09f46}", "processId": "58632", "image": "C:\\Program Files\\Microsoft Office\\root\\Office16\\WINWORD.EXE", "commandLine": "\"WINWORD.EXE\"", "currentDirectory": "C:\\Windows\\System32\\", "user": "MEDDEFENSE\\nurse05", "logonGuid": "{373021bd-acb9-666a-47be-d680cdddff38}", "logonId": "0x7ecc27b", "terminalSessionId": "1", "integrityLevel": "Medium", "hashes": "SHA256=ac4de77f188aef556c5eb0e7a3d13a3c0be00be40ad8431e4211d90a99c484b5", "parentProcessGuid": "{94deb075-3aed-b715-0132-db41236f044a}", "parentProcessId": "44037", "parentImage": "C:\\Windows\\explorer.exe", "parentCommandLine": "C:\\Windows\\Explorer.EXE", "parentUser": "MEDDEFENSE\\nurse05", "agentName": "WS-NURSE-05"}, "system": {"eventID": "1", "channel": "Microsoft-Windows-Sysmon/Operational", "computer": "WS-NURSE-05", "providerName": "Microsoft-Windows-Sysmon", "providerGuid": "{5770385F-C22A-43E0-BF4C-06F5698FFBD9}", "userID": "S-1-5-18"}}}}
{"timestamp": "2026-05-05T15:22:19.000+00:00", "rule": {"id": "61603", "level": 5, "description": "Sysmon - Event: 1 - Process creation.", "groups": ["sysmon", "sysmon_event1"]}, "agent": {"id": "845", "name": "WS-AP-07", "ip": "10.10.4.41"}, "manager": {"name": "log-srv-01"}, "id": "alert-1777994539-34723", "decoder": {"name": "sysmon-event"}, "data": {"win": {"eventdata": {"utcTime": "2026-05-05 15:22:19.000", "processGuid": "{4d617518-662f-cfb1-45a7-529b474abd31}", "processId": "34723", "image": "C:\\Program Files\\Google\\Chrome\\Application\\chrome.exe", "commandLine": "\"chrome.exe\"", "currentDirectory": "C:\\Windows\\System32\\", "user": "MEDDEFENSE\\arivera", "logonGuid": "{334fd312-faad-5090-8e6d-f02d1e732586}", "logonId": "0xc3bcd1a", "terminalSessionId": "1", "integrityLevel": "Medium", "hashes": "SHA256=3adef6e458654f62ac8f3e5af2cd5692788c7ae214fbcdb158f5963702fe363c", "parentProcessGuid": "{c86e2852-a505-cf80-12d5-7341aee0e010}", "parentProcessId": "28645", "parentImage": "C:\\Windows\\explorer.exe", "parentCommandLine": "C:\\Windows\\Explorer.EXE", "parentUser": "MEDDEFENSE\\arivera", "agentName": "WS-AP-07"}, "system": {"eventID": "1", "channel": "Microsoft-Windows-Sysmon/Operational", "computer": "WS-AP-07", "providerName": "Microsoft-Windows-Sysmon", "providerGuid": "{5770385F-C22A-43E0-BF4C-06F5698FFBD9}", "userID": "S-1-5-18"}}}}
{"timestamp": "2026-05-05T15:29:36.000+00:00", "rule": {"id": "61613", "level": 3, "description": "Sysmon - Event: 11 - File created.", "groups": ["sysmon", "sysmon_event_11"]}, "agent": {"id": "272", "name": "WS-ADMIN-01", "ip": "10.10.9.10"}, "manager": {"name": "log-srv-01"}, "id": "alert-1777994976-fc-68690", "decoder": {"name": "sysmon-event"}, "data": {"win": {"eventdata": {"utcTime": "2026-05-05 15:29:36.000", "image": "C:\\Program Files\\Microsoft Office\\root\\Office16\\OUTLOOK.EXE", "targetFilename": "C:\\Users\\robert.kim\\AppData\\Local\\Temp\\OICE_5633.tmp", "creationUtcTime": "2026-05-05 15:29:36.000"}, "system": {"eventID": "11", "channel": "Microsoft-Windows-Sysmon/Operational", "computer": "WS-ADMIN-01"}}}}
{"timestamp": "2026-05-05T15:35:47.000+00:00", "rule": {"id": "61613", "level": 3, "description": "Sysmon - Event: 11 - File created.", "groups": ["sysmon", "sysmon_event_11"]}, "agent": {"id": "631", "name": "WS-NURSE-01", "ip": "10.10.2.11"}, "manager": {"name": "log-srv-01"}, "id": "alert-1777995347-fc-92662", "decoder": {"name": "sysmon-event"}, "data": {"win": {"eventdata": {"utcTime": "2026-05-05 15:35:47.000", "image": "C:\\Program Files\\Microsoft Office\\root\\Office16\\OUTLOOK.EXE", "targetFilename": "C:\\Users\\nurse01\\AppData\\Local\\Temp\\OICE_7510.tmp", "creationUtcTime": "2026-05-05 15:35:47.000"}, "system": {"eventID": "11", "channel": "Microsoft-Windows-Sysmon/Operational", "computer": "WS-NURSE-01"}}}}
{"timestamp": "2026-05-05T15:37:33.000+00:00", "rule": {"id": "61612", "level": 3, "description": "Sysmon - Event: 13 - Registry value set.", "groups": ["sysmon", "sysmon_event_13"]}, "agent": {"id": "909", "name": "WS-RECV-02", "ip": "10.10.3.20"}, "manager": {"name": "log-srv-01"}, "id": "alert-1777995453-reg-62839", "decoder": {"name": "sysmon-event"}, "data": {"win": {"eventdata": {"utcTime": "2026-05-05 15:37:33.000", "eventType": "SetValue", "image": "C:\\Windows\\System32\\msiexec.exe", "targetObject": "HKLM\\SOFTWARE\\Microsoft\\Cryptography\\Value9", "details": "QWORD (0x00000064)"}, "system": {"eventID": "13", "channel": "Microsoft-Windows-Sysmon/Operational", "computer": "WS-RECV-02"}}}}
{"timestamp": "2026-05-05T15:37:51.000+00:00", "rule": {"id": "61603", "level": 5, "description": "Sysmon - Event: 1 - Process creation.", "groups": ["sysmon", "sysmon_event1"]}, "agent": {"id": "561", "name": "WS-HELPDESK-02", "ip": "10.10.9.21"}, "manager": {"name": "log-srv-01"}, "id": "alert-1777995471-29626", "decoder": {"name": "sysmon-event"}, "data": {"win": {"eventdata": {"utcTime": "2026-05-05 15:37:51.000", "processGuid": "{7f6466d1-466a-4554-1723-1d51e266da5d}", "processId": "29626", "image": "C:\\Windows\\System32\\svchost.exe", "commandLine": "C:\\Windows\\System32\\svchost.exe -k netsvcs", "currentDirectory": "C:\\Windows\\System32\\", "user": "MEDDEFENSE\\helpdesk02", "logonGuid": "{4438c32a-cbbc-9683-080c-77d4eb2e4f4d}", "logonId": "0x850539a", "terminalSessionId": "1", "integrityLevel": "Medium", "hashes": "SHA256=39e68420db33db04a7a2028fe9618886d300581d64b5ab26baab3ff1f005cb14", "parentProcessGuid": "{cb40c60a-39d0-fef4-24f5-f10503d98d2d}", "parentProcessId": "30773", "parentImage": "C:\\Windows\\explorer.exe", "parentCommandLine": "C:\\Windows\\Explorer.EXE", "parentUser": "MEDDEFENSE\\helpdesk02", "agentName": "WS-HELPDESK-02"}, "system": {"eventID": "1", "channel": "Microsoft-Windows-Sysmon/Operational", "computer": "WS-HELPDESK-02", "providerName": "Microsoft-Windows-Sysmon", "providerGuid": "{5770385F-C22A-43E0-BF4C-06F5698FFBD9}", "userID": "S-1-5-18"}}}}
{"timestamp": "2026-05-05T15:41:46.000+00:00", "rule": {"id": "61603", "level": 5, "description": "Sysmon - Event: 1 - Process creation.", "groups": ["sysmon", "sysmon_event1"]}, "agent": {"id": "014", "name": "WS-ADMIN-01", "ip": "10.10.9.10"}, "manager": {"name": "log-srv-01"}, "id": "baseline-1777995706-8440", "decoder": {"name": "sysmon-event"}, "data": {"win": {"eventdata": {"utcTime": "2026-05-05 15:41:46.000", "processGuid": "{ad01b3b8-dafe-5b30-ceb1-f52ec403c7a2}", "processId": "8440", "image": "C:\\Windows\\System32\\WindowsPowerShell\\v1.0\\powershell.exe", "commandLine": "powershell.exe -Command \"Invoke-Command -ComputerName SRV-INS-DB -ScriptBlock { Get-Service -Name 'MsMpSvc','WinDefend','Veeam*' | Format-Table }\"", "currentDirectory": "C:\\Tools\\Scripts\\", "user": "MEDDEFENSE\\robert.kim", "logonGuid": "{fdfe3b31-0770-3efd-1ff3-7ce223c1e45d}", "logonId": "0x1a4e31b", "terminalSessionId": "2", "integrityLevel": "High", "hashes": "SHA256=c7c8e86e7a4c8a9a7b7c6f5e4d3c2b1a0908070605040302010908070605040", "parentProcessGuid": "{a92011d7-52bd-a40f-e877-fbaad78635a0}", "parentProcessId": "47371", "parentImage": "C:\\Windows\\System32\\cmd.exe", "parentCommandLine": "\"C:\\Windows\\System32\\cmd.exe\"", "parentUser": "MEDDEFENSE\\robert.kim", "agentName": "WS-ADMIN-01"}, "system": {"eventID": "1", "channel": "Microsoft-Windows-Sysmon/Operational", "computer": "WS-ADMIN-01", "providerName": "Microsoft-Windows-Sysmon", "providerGuid": "{5770385F-C22A-43E0-BF4C-06F5698FFBD9}", "userID": "S-1-5-18"}}}, "hunt_meta": {"category": "baseline", "source_host": "WS-ADMIN-01", "target_host": "SRV-INS-DB", "target_ip": "10.10.20.25", "tool": "PSRemoting", "authorized": true}}
{"timestamp": "2026-05-05T15:42:54.000+00:00", "rule": {"id": "61603", "level": 5, "description": "Sysmon - Event: 1 - Process creation.", "groups": ["sysmon", "sysmon_event1"]}, "agent": {"id": "014", "name": "WS-ADMIN-01", "ip": "10.10.9.10"}, "manager": {"name": "log-srv-01"}, "id": "baseline-1777995774-14047", "decoder": {"name": "sysmon-event"}, "data": {"win": {"eventdata": {"utcTime": "2026-05-05 15:42:54.000", "processGuid": "{e4a74627-7fb8-48eb-522e-f3135364209d}", "processId": "14047", "image": "C:\\Windows\\System32\\WindowsPowerShell\\v1.0\\powershell.exe", "commandLine": "powershell.exe -Command \"Invoke-Command -ComputerName SRV-INS-DB -ScriptBlock { Get-Service -Name 'MsMpSvc','WinDefend','Veeam*' | Format-Table }\"", "currentDirectory": "C:\\Tools\\Scripts\\", "user": "MEDDEFENSE\\robert.kim", "logonGuid": "{f1ca9b91-66c3-b5ef-ac4c-5bcd152648e1}", "logonId": "0x1a4e31b", "terminalSessionId": "2", "integrityLevel": "High", "hashes": "SHA256=c7c8e86e7a4c8a9a7b7c6f5e4d3c2b1a0908070605040302010908070605040", "parentProcessGuid": "{5183abe5-6533-572f-addf-f9dc3c464cc9}", "parentProcessId": "33128", "parentImage": "C:\\Windows\\System32\\cmd.exe", "parentCommandLine": "\"C:\\Windows\\System32\\cmd.exe\"", "parentUser": "MEDDEFENSE\\robert.kim", "agentName": "WS-ADMIN-01"}, "system": {"eventID": "1", "channel": "Microsoft-Windows-Sysmon/Operational", "computer": "WS-ADMIN-01", "providerName": "Microsoft-Windows-Sysmon", "providerGuid": "{5770385F-C22A-43E0-BF4C-06F5698FFBD9}", "userID": "S-1-5-18"}}}, "hunt_meta": {"category": "baseline", "source_host": "WS-ADMIN-01", "target_host": "SRV-INS-DB", "target_ip": "10.10.20.25", "tool": "PSRemoting", "authorized": true}}
{"timestamp": "2026-05-05T15:44:16.000+00:00", "rule": {"id": "61645", "level": 3, "description": "Sysmon - Event: 22 - DNS query.", "groups": ["sysmon", "sysmon_event_22"]}, "agent": {"id": "773", "name": "WS-DOC-02", "ip": "10.10.2.31"}, "manager": {"name": "log-srv-01"}, "id": "alert-1777995856-dns-56404", "decoder": {"name": "sysmon-event"}, "data": {"win": {"eventdata": {"utcTime": "2026-05-05 15:44:16.000", "queryName": "clients.google.com", "queryStatus": "0", "queryResults": "type:  5 172.217.16.110", "image": "C:\\Windows\\System32\\svchost.exe"}, "system": {"eventID": "22", "channel": "Microsoft-Windows-Sysmon/Operational", "computer": "WS-DOC-02"}}}, "hunt_meta": null}
{"timestamp": "2026-05-05T15:44:29.000+00:00", "rule": {"id": "61603", "level": 5, "description": "Sysmon - Event: 1 - Process creation.", "groups": ["sysmon", "sysmon_event1"]}, "agent": {"id": "233", "name": "WS-RECV-03", "ip": "10.10.3.21"}, "manager": {"name": "log-srv-01"}, "id": "alert-1777995869-34818", "decoder": {"name": "sysmon-event"}, "data": {"win": {"eventdata": {"utcTime": "2026-05-05 15:44:29.000", "processGuid": "{56e83f43-cee8-c096-2f1e-2329d399c59b}", "processId": "34818", "image": "C:\\Windows\\explorer.exe", "commandLine": "C:\\Windows\\Explorer.EXE", "currentDirectory": "C:\\Windows\\System32\\", "user": "MEDDEFENSE\\records03", "logonGuid": "{c58c6e0d-398e-8b62-d76b-7ec8dd767a30}", "logonId": "0x5cbcdbe", "terminalSessionId": "1", "integrityLevel": "Medium", "hashes": "SHA256=57d8328c72c13f5bed1d30d689b69ff9d2fa6a1a8bb962b15dd0695ca66fb7f9", "parentProcessGuid": "{5d379b58-f66a-a738-0435-500b77cc3beb}", "parentProcessId": "8434", "parentImage": "C:\\Windows\\explorer.exe", "parentCommandLine": "C:\\Windows\\Explorer.EXE", "parentUser": "MEDDEFENSE\\records03", "agentName": "WS-RECV-03"}, "system": {"eventID": "1", "channel": "Microsoft-Windows-Sysmon/Operational", "computer": "WS-RECV-03", "providerName": "Microsoft-Windows-Sysmon", "providerGuid": "{5770385F-C22A-43E0-BF4C-06F5698FFBD9}", "userID": "S-1-5-18"}}}}
{"timestamp": "2026-05-05T15:47:04.000+00:00", "rule": {"id": "61603", "level": 5, "description": "Sysmon - Event: 1 - Process creation.", "groups": ["sysmon", "sysmon_event1"]}, "agent": {"id": "014", "name": "WS-ADMIN-01", "ip": "10.10.9.10"}, "manager": {"name": "log-srv-01"}, "id": "baseline-1777996024-40204", "decoder": {"name": "sysmon-event"}, "data": {"win": {"eventdata": {"utcTime": "2026-05-05 15:47:04.000", "processGuid": "{dab9a8a0-822a-2c31-298d-3db432253b2c}", "processId": "40204", "image": "C:\\Windows\\System32\\WindowsPowerShell\\v1.0\\powershell.exe", "commandLine": "powershell.exe -Command \"Enter-PSSession -ComputerName SRV-DC-01; Get-HotFix | Select-Object -First 5; Exit-PSSession\"", "currentDirectory": "C:\\Tools\\Scripts\\", "user": "MEDDEFENSE\\robert.kim", "logonGuid": "{ad121fd5-2d09-cb65-e75f-673d492fcd98}", "logonId": "0x1a4e31b", "terminalSessionId": "2", "integrityLevel": "High", "hashes": "SHA256=c7c8e86e7a4c8a9a7b7c6f5e4d3c2b1a0908070605040302010908070605040", "parentProcessGuid": "{302e3765-8564-3400-e4b0-a068eb799d58}", "parentProcessId": "24124", "parentImage": "C:\\Windows\\System32\\cmd.exe", "parentCommandLine": "\"C:\\Windows\\System32\\cmd.exe\"", "parentUser": "MEDDEFENSE\\robert.kim", "agentName": "WS-ADMIN-01"}, "system": {"eventID": "1", "channel": "Microsoft-Windows-Sysmon/Operational", "computer": "WS-ADMIN-01", "providerName": "Microsoft-Windows-Sysmon", "providerGuid": "{5770385F-C22A-43E0-BF4C-06F5698FFBD9}", "userID": "S-1-5-18"}}}, "hunt_meta": {"category": "baseline", "source_host": "WS-ADMIN-01", "target_host": "SRV-DC-01", "target_ip": "10.10.20.5", "tool": "PSRemoting", "authorized": true}}
{"timestamp": "2026-05-05T15:47:13.000+00:00", "rule": {"id": "61612", "level": 3, "description": "Sysmon - Event: 13 - Registry value set.", "groups": ["sysmon", "sysmon_event_13"]}, "agent": {"id": "104", "name": "WS-AP-01", "ip": "10.10.4.40"}, "manager": {"name": "log-srv-01"}, "id": "alert-1777996033-reg-56594", "decoder": {"name": "sysmon-event"}, "data": {"win": {"eventdata": {"utcTime": "2026-05-05 15:47:13.000", "eventType": "SetValue", "image": "C:\\Program Files\\Microsoft Office\\root\\Office16\\WINWORD.EXE", "targetObject": "HKLM\\SOFTWARE\\Microsoft\\Windows\\CurrentVersion\\Uninstall\\Value86", "details": "DWORD (0x00000000)"}, "system": {"eventID": "13", "channel": "Microsoft-Windows-Sysmon/Operational", "computer": "WS-AP-01"}}}}
{"timestamp": "2026-05-05T15:54:22.000+00:00", "rule": {"id": "61603", "level": 5, "description": "Sysmon - Event: 1 - Process creation.", "groups": ["sysmon", "sysmon_event1"]}, "agent": {"id": "631", "name": "WS-NURSE-01", "ip": "10.10.2.11"}, "manager": {"name": "log-srv-01"}, "id": "alert-1777996462-54750", "decoder": {"name": "sysmon-event"}, "data": {"win": {"eventdata": {"utcTime": "2026-05-05 15:54:22.000", "processGuid": "{46f565c4-6a54-ca85-4f95-2c14bc89b175}", "processId": "54750", "image": "C:\\Program Files\\Microsoft Office\\root\\Office16\\OUTLOOK.EXE", "commandLine": "\"OUTLOOK.EXE\"", "currentDirectory": "C:\\Windows\\System32\\", "user": "MEDDEFENSE\\nurse01", "logonGuid": "{e150bfdc-8cb5-2965-f108-959995ab1b47}", "logonId": "0x0e0ef1a", "terminalSessionId": "1", "integrityLevel": "Medium", "hashes": "SHA256=cdc4709f24bee5ff731850f59496b19ea4a09d4737b5c716bb441c979e0fbd24", "parentProcessGuid": "{45ddfbef-701c-678b-d43a-266665e9ee5c}", "parentProcessId": "18765", "parentImage": "C:\\Windows\\explorer.exe", "parentCommandLine": "C:\\Windows\\Explorer.EXE", "parentUser": "MEDDEFENSE\\nurse01", "agentName": "WS-NURSE-01"}, "system": {"eventID": "1", "channel": "Microsoft-Windows-Sysmon/Operational", "computer": "WS-NURSE-01", "providerName": "Microsoft-Windows-Sysmon", "providerGuid": "{5770385F-C22A-43E0-BF4C-06F5698FFBD9}", "userID": "S-1-5-18"}}}}
{"timestamp": "2026-05-05T15:57:47.000+00:00", "rule": {"id": "61645", "level": 3, "description": "Sysmon - Event: 22 - DNS query.", "groups": ["sysmon", "sysmon_event_22"]}, "agent": {"id": "233", "name": "WS-RECV-03", "ip": "10.10.3.21"}, "manager": {"name": "log-srv-01"}, "id": "alert-1777996667-dns-12202", "decoder": {"name": "sysmon-event"}, "data": {"win": {"eventdata": {"utcTime": "2026-05-05 15:57:47.000", "queryName": "api.veeam.com", "queryStatus": "0", "queryResults": "type:  5 104.16.20.14", "image": "C:\\Windows\\System32\\svchost.exe"}, "system": {"eventID": "22", "channel": "Microsoft-Windows-Sysmon/Operational", "computer": "WS-RECV-03"}}}, "hunt_meta": null}
{"timestamp": "2026-05-05T15:59:24.000+00:00", "rule": {"id": "61603", "level": 5, "description": "Sysmon - Event: 1 - Process creation.", "groups": ["sysmon", "sysmon_event1"]}, "agent": {"id": "907", "name": "WS-BILL-01", "ip": "10.10.4.30"}, "manager": {"name": "log-srv-01"}, "id": "alert-1777996764-44353", "decoder": {"name": "sysmon-event"}, "data": {"win": {"eventdata": {"utcTime": "2026-05-05 15:59:24.000", "processGuid": "{7e6003fc-441f-e416-1903-5b8441cbe3a8}", "processId": "44353", "image": "C:\\Program Files\\Google\\Chrome\\Application\\chrome.exe", "commandLine": "\"chrome.exe\"", "currentDirectory": "C:\\Windows\\System32\\", "user": "MEDDEFENSE\\bill01", "logonGuid": "{557a934d-b9e9-0c18-ad7c-575c2374793d}", "logonId": "0x1fd18cf", "terminalSessionId": "1", "integrityLevel": "Medium", "hashes": "SHA256=fe583b489adff962b2e585f0f68d30de6f28f3a35c085d0272f4f4f5af5eae46", "parentProcessGuid": "{57e890d6-0c48-24d5-43b6-975997a733eb}", "parentProcessId": "54143", "parentImage": "C:\\Windows\\explorer.exe", "parentCommandLine": "C:\\Windows\\Explorer.EXE", "parentUser": "MEDDEFENSE\\bill01", "agentName": "WS-BILL-01"}, "system": {"eventID": "1", "channel": "Microsoft-Windows-Sysmon/Operational", "computer": "WS-BILL-01", "providerName": "Microsoft-Windows-Sysmon", "providerGuid": "{5770385F-C22A-43E0-BF4C-06F5698FFBD9}", "userID": "S-1-5-18"}}}}
{"timestamp": "2026-05-05T15:59:28.000+00:00", "rule": {"id": "61603", "level": 5, "description": "Sysmon - Event: 1 - Process creation.", "groups": ["sysmon", "sysmon_event1"]}, "agent": {"id": "817", "name": "WS-RECV-01", "ip": "10.10.3.19"}, "manager": {"name": "log-srv-01"}, "id": "alert-1777996768-21954", "decoder": {"name": "sysmon-event"}, "data": {"win": {"eventdata": {"utcTime": "2026-05-05 15:59:28.000", "processGuid": "{4ad9ac0b-948f-7067-5bea-57795663a6a9}", "processId": "21954", "image": "C:\\Program Files\\Microsoft Office\\root\\Office16\\WINWORD.EXE", "commandLine": "\"WINWORD.EXE\"", "currentDirectory": "C:\\Windows\\System32\\", "user": "MEDDEFENSE\\records01", "logonGuid": "{5e03e1c3-3eb7-661f-0d26-1892c5e83ce1}", "logonId": "0x31afaa4", "terminalSessionId": "1", "integrityLevel": "Medium", "hashes": "SHA256=edf4d86aca61734d3bea60f513bbd0722d3e25351666d3f2733c3109dfc1a5a0", "parentProcessGuid": "{8aa003ee-f6bf-ce24-25f6-aad64a1316b8}", "parentProcessId": "44954", "parentImage": "C:\\Windows\\explorer.exe", "parentCommandLine": "C:\\Windows\\Explorer.EXE", "parentUser": "MEDDEFENSE\\records01", "agentName": "WS-RECV-01"}, "system": {"eventID": "1", "channel": "Microsoft-Windows-Sysmon/Operational", "computer": "WS-RECV-01", "providerName": "Microsoft-Windows-Sysmon", "providerGuid": "{5770385F-C22A-43E0-BF4C-06F5698FFBD9}", "userID": "S-1-5-18"}}}}
{"timestamp": "2026-05-05T16:07:24.000+00:00", "rule": {"id": "61612", "level": 3, "description": "Sysmon - Event: 13 - Registry value set.", "groups": ["sysmon", "sysmon_event_13"]}, "agent": {"id": "696", "name": "WS-NURSE-04", "ip": "10.10.2.15"}, "manager": {"name": "log-srv-01"}, "id": "alert-1777997244-reg-29647", "decoder": {"name": "sysmon-event"}, "data": {"win": {"eventdata": {"utcTime": "2026-05-05 16:07:24.000", "eventType": "SetValue", "image": "C:\\Windows\\System32\\svchost.exe", "targetObject": "HKLM\\SOFTWARE\\Microsoft\\Cryptography\\Value79", "details": "DWORD (0x00000000)"}, "system": {"eventID": "13", "channel": "Microsoft-Windows-Sysmon/Operational", "computer": "WS-NURSE-04"}}}}
{"timestamp": "2026-05-05T16:07:50.000+00:00", "rule": {"id": "61603", "level": 5, "description": "Sysmon - Event: 1 - Process creation.", "groups": ["sysmon", "sysmon_event1"]}, "agent": {"id": "696", "name": "WS-NURSE-04", "ip": "10.10.2.15"}, "manager": {"name": "log-srv-01"}, "id": "alert-1777997270-16838", "decoder": {"name": "sysmon-event"}, "data": {"win": {"eventdata": {"utcTime": "2026-05-05 16:07:50.000", "processGuid": "{f837b6bf-32e8-cdea-60f4-e0dc5b27b85e}", "processId": "16838", "image": "C:\\Program Files\\Microsoft Office\\root\\Office16\\OUTLOOK.EXE", "commandLine": "\"OUTLOOK.EXE\"", "currentDirectory": "C:\\Windows\\System32\\", "user": "MEDDEFENSE\\dmarsh", "logonGuid": "{b472f395-1915-24b2-e4ac-a0d99477031f}", "logonId": "0xc63da08", "terminalSessionId": "1", "integrityLevel": "Medium", "hashes": "SHA256=d2dea0826df40a2c9c41f7ab4c95c13dd8796dbed2ab7eea69e5f5f11acd91ad", "parentProcessGuid": "{e4699d02-31c5-adc8-c72e-7b01a9199671}", "parentProcessId": "5906", "parentImage": "C:\\Windows\\explorer.exe", "parentCommandLine": "C:\\Windows\\Explorer.EXE", "parentUser": "MEDDEFENSE\\dmarsh", "agentName": "WS-NURSE-04"}, "system": {"eventID": "1", "channel": "Microsoft-Windows-Sysmon/Operational", "computer": "WS-NURSE-04", "providerName": "Microsoft-Windows-Sysmon", "providerGuid": "{5770385F-C22A-43E0-BF4C-06F5698FFBD9}", "userID": "S-1-5-18"}}}}
{"timestamp": "2026-05-05T16:08:02.000+00:00", "rule": {"id": "61603", "level": 5, "description": "Sysmon - Event: 1 - Process creation.", "groups": ["sysmon", "sysmon_event1"]}, "agent": {"id": "631", "name": "WS-NURSE-01", "ip": "10.10.2.11"}, "manager": {"name": "log-srv-01"}, "id": "alert-1777997282-4414", "decoder": {"name": "sysmon-event"}, "data": {"win": {"eventdata": {"utcTime": "2026-05-05 16:08:02.000", "processGuid": "{f0c02efa-ea07-5542-8586-5f06972b1d85}", "processId": "4414", "image": "C:\\Windows\\explorer.exe", "commandLine": "C:\\Windows\\Explorer.EXE", "currentDirectory": "C:\\Windows\\System32\\", "user": "MEDDEFENSE\\nurse01", "logonGuid": "{45cc863f-2626-ac10-462f-24d16cf7e571}", "logonId": "0x1ec4a6e", "terminalSessionId": "1", "integrityLevel": "Medium", "hashes": "SHA256=f2f178c60ddcb9d24063981c902459b3efd5281a9dadfd84bbad556cdb306892", "parentProcessGuid": "{764eea84-d4be-e3f1-5e45-e91f87c535b1}", "parentProcessId": "28868", "parentImage": "C:\\Windows\\explorer.exe", "parentCommandLine": "C:\\Windows\\Explorer.EXE", "parentUser": "MEDDEFENSE\\nurse01", "agentName": "WS-NURSE-01"}, "system": {"eventID": "1", "channel": "Microsoft-Windows-Sysmon/Operational", "computer": "WS-NURSE-01", "providerName": "Microsoft-Windows-Sysmon", "providerGuid": "{5770385F-C22A-43E0-BF4C-06F5698FFBD9}", "userID": "S-1-5-18"}}}}
{"timestamp": "2026-05-05T16:14:21.000+00:00", "rule": {"id": "61645", "level": 3, "description": "Sysmon - Event: 22 - DNS query.", "groups": ["sysmon", "sysmon_event_22"]}, "agent": {"id": "576", "name": "WS-NURSE-05", "ip": "10.10.2.16"}, "manager": {"name": "log-srv-01"}, "id": "alert-1777997661-dns-72279", "decoder": {"name": "sysmon-event"}, "data": {"win": {"eventdata": {"utcTime": "2026-05-05 16:14:21.000", "queryName": "meddefense.local", "queryStatus": "0", "queryResults": "type:  5 10.10.20.5", "image": "C:\\Windows\\System32\\svchost.exe"}, "system": {"eventID": "22", "channel": "Microsoft-Windows-Sysmon/Operational", "computer": "WS-NURSE-05"}}}, "hunt_meta": null}
{"timestamp": "2026-05-05T16:15:47.000+00:00", "rule": {"id": "61603", "level": 5, "description": "Sysmon - Event: 1 - Process creation.", "groups": ["sysmon", "sysmon_event1"]}, "agent": {"id": "014", "name": "WS-ADMIN-01", "ip": "10.10.9.10"}, "manager": {"name": "log-srv-01"}, "id": "baseline-1777997747-42213", "decoder": {"name": "sysmon-event"}, "data": {"win": {"eventdata": {"utcTime": "2026-05-05 16:15:47.000", "processGuid": "{e39f2104-cdb1-4d69-50d9-d75ef78b26bc}", "processId": "42213", "image": "C:\\Tools\\Sysinternals\\PsExec.exe", "commandLine": "C:\\Tools\\Sysinternals\\PsExec.exe \\\\SRV-FILE-01 -s -accepteula cmd.exe /c \"\\\\SRV-FILE-01\\deploy\\checksum_verify.bat\"", "currentDirectory": "C:\\Tools\\Scripts\\", "user": "MEDDEFENSE\\robert.kim", "logonGuid": "{28838389-855d-49c8-8bd7-a6192d599329}", "logonId": "0x1a4e31b", "terminalSessionId": "2", "integrityLevel": "High", "hashes": "SHA256=c7c8e86e7a4c8a9a7b7c6f5e4d3c2b1a0908070605040302010908070605040", "parentProcessGuid": "{93456810-4d23-72b2-f906-0cc0c93be5f7}", "parentProcessId": "48426", "parentImage": "C:\\Windows\\System32\\cmd.exe", "parentCommandLine": "\"C:\\Windows\\System32\\cmd.exe\"", "parentUser": "MEDDEFENSE\\robert.kim", "agentName": "WS-ADMIN-01"}, "system": {"eventID": "1", "channel": "Microsoft-Windows-Sysmon/Operational", "computer": "WS-ADMIN-01", "providerName": "Microsoft-Windows-Sysmon", "providerGuid": "{5770385F-C22A-43E0-BF4C-06F5698FFBD9}", "userID": "S-1-5-18"}}}, "hunt_meta": {"category": "baseline", "source_host": "WS-ADMIN-01", "target_host": "SRV-FILE-01", "target_ip": "10.10.20.50", "tool": "PsExec", "authorized": true}}
{"timestamp": "2026-05-05T16:17:04.000+00:00", "rule": {"id": "61605", "level": 3, "description": "Sysmon - Event: 3 - Network connection.", "groups": ["sysmon", "sysmon_event3"]}, "agent": {"id": "794", "name": "WS-BILL-02", "ip": "10.10.4.33"}, "manager": {"name": "log-srv-01"}, "id": "alert-1777997824-net-42363", "decoder": {"name": "sysmon-event"}, "data": {"win": {"eventdata": {"utcTime": "2026-05-05 16:17:04.000", "image": "C:\\Windows\\System32\\svchost.exe", "user": "MEDDEFENSE\\system", "protocol": "tcp", "initiated": "true", "sourceIp": "10.10.4.33", "sourcePort": "55679", "destinationIp": "10.10.20.5", "destinationPort": "88", "destinationHostname": "SRV-DC-01"}, "system": {"eventID": "3", "channel": "Microsoft-Windows-Sysmon/Operational", "computer": "WS-BILL-02"}}}, "hunt_meta": null}
{"timestamp": "2026-05-05T16:18:59.000+00:00", "rule": {"id": "61603", "level": 5, "description": "Sysmon - Event: 1 - Process creation.", "groups": ["sysmon", "sysmon_event1"]}, "agent": {"id": "829", "name": "WS-HELPDESK-01", "ip": "10.10.9.20"}, "manager": {"name": "log-srv-01"}, "id": "alert-1777997939-63258", "decoder": {"name": "sysmon-event"}, "data": {"win": {"eventdata": {"utcTime": "2026-05-05 16:18:59.000", "processGuid": "{389d8750-6f78-6c3c-9a21-d63c1ffa37fe}", "processId": "63258", "image": "C:\\Windows\\explorer.exe", "commandLine": "C:\\Windows\\Explorer.EXE", "currentDirectory": "C:\\Windows\\System32\\", "user": "MEDDEFENSE\\helpdesk01", "logonGuid": "{ccaa70d7-bbac-08a0-3106-83f06fbfc6d2}", "logonId": "0x3f8ce9f", "terminalSessionId": "1", "integrityLevel": "Medium", "hashes": "SHA256=1b06cc66c74bd363a8360d255ed7cf3db9ce55409bbb3630e6f50dca7cc3aba7", "parentProcessGuid": "{8d642fb2-4710-afb3-bab7-146fe2315bc6}", "parentProcessId": "59555", "parentImage": "C:\\Windows\\explorer.exe", "parentCommandLine": "C:\\Windows\\Explorer.EXE", "parentUser": "MEDDEFENSE\\helpdesk01", "agentName": "WS-HELPDESK-01"}, "system": {"eventID": "1", "channel": "Microsoft-Windows-Sysmon/Operational", "computer": "WS-HELPDESK-01", "providerName": "Microsoft-Windows-Sysmon", "providerGuid": "{5770385F-C22A-43E0-BF4C-06F5698FFBD9}", "userID": "S-1-5-18"}}}}
{"timestamp": "2026-05-05T16:19:33.000+00:00", "rule": {"id": "61603", "level": 5, "description": "Sysmon - Event: 1 - Process creation.", "groups": ["sysmon", "sysmon_event1"]}, "agent": {"id": "829", "name": "WS-HELPDESK-01", "ip": "10.10.9.20"}, "manager": {"name": "log-srv-01"}, "id": "alert-1777997973-20083", "decoder": {"name": "sysmon-event"}, "data": {"win": {"eventdata": {"utcTime": "2026-05-05 16:19:33.000", "processGuid": "{c25bfbeb-3a9e-f005-b25f-f3d9740ba72e}", "processId": "20083", "image": "C:\\Program Files\\Microsoft Office\\root\\Office16\\OUTLOOK.EXE", "commandLine": "\"OUTLOOK.EXE\"", "currentDirectory": "C:\\Windows\\System32\\", "user": "MEDDEFENSE\\helpdesk01", "logonGuid": "{b5696c52-6be8-2ec4-8f09-6a6493f6a98a}", "logonId": "0xf1819d1", "terminalSessionId": "1", "integrityLevel": "Medium", "hashes": "SHA256=47ffa76278c6a976420ac08f11aae4fbca570fea575a66b70f12ffd6ca8b7aa5", "parentProcessGuid": "{2a157c26-ad52-7727-9250-1abc631978bc}", "parentProcessId": "25871", "parentImage": "C:\\Windows\\explorer.exe", "parentCommandLine": "C:\\Windows\\Explorer.EXE", "parentUser": "MEDDEFENSE\\helpdesk01", "agentName": "WS-HELPDESK-01"}, "system": {"eventID": "1", "channel": "Microsoft-Windows-Sysmon/Operational", "computer": "WS-HELPDESK-01", "providerName": "Microsoft-Windows-Sysmon", "providerGuid": "{5770385F-C22A-43E0-BF4C-06F5698FFBD9}", "userID": "S-1-5-18"}}}}
{"timestamp": "2026-05-05T16:19:59.000+00:00", "rule": {"id": "61603", "level": 5, "description": "Sysmon - Event: 1 - Process creation.", "groups": ["sysmon", "sysmon_event1"]}, "agent": {"id": "845", "name": "WS-AP-07", "ip": "10.10.4.41"}, "manager": {"name": "log-srv-01"}, "id": "alert-1777997999-59687", "decoder": {"name": "sysmon-event"}, "data": {"win": {"eventdata": {"utcTime": "2026-05-05 16:19:59.000", "processGuid": "{c19b2188-9985-b407-4e9f-8685a2b9e02c}", "processId": "59687", "image": "C:\\Program Files\\Microsoft Office\\root\\Office16\\WINWORD.EXE", "commandLine": "\"WINWORD.EXE\"", "currentDirectory": "C:\\Windows\\System32\\", "user": "MEDDEFENSE\\arivera", "logonGuid": "{06b66bf0-4140-e98d-916d-302ff749f69d}", "logonId": "0xaa28572", "terminalSessionId": "1", "integrityLevel": "Medium", "hashes": "SHA256=2f9d7e5c6c131331e29ef6068bd3b3e27684699d374b08920c1b4b5699223d4b", "parentProcessGuid": "{2b1c76b5-1789-7bc3-2d6b-37885afcbdf1}", "parentProcessId": "18440", "parentImage": "C:\\Windows\\explorer.exe", "parentCommandLine": "C:\\Windows\\Explorer.EXE", "parentUser": "MEDDEFENSE\\arivera", "agentName": "WS-AP-07"}, "system": {"eventID": "1", "channel": "Microsoft-Windows-Sysmon/Operational", "computer": "WS-AP-07", "providerName": "Microsoft-Windows-Sysmon", "providerGuid": "{5770385F-C22A-43E0-BF4C-06F5698FFBD9}", "userID": "S-1-5-18"}}}}
{"timestamp": "2026-05-05T16:20:00.000+00:00", "rule": {"id": "61645", "level": 3, "description": "Sysmon - Event: 22 - DNS query.", "groups": ["sysmon", "sysmon_event_22"]}, "agent": {"id": "696", "name": "WS-NURSE-04", "ip": "10.10.2.15"}, "manager": {"name": "log-srv-01"}, "id": "alert-1777998000-dns-37046", "decoder": {"name": "sysmon-event"}, "data": {"win": {"eventdata": {"utcTime": "2026-05-05 16:20:00.000", "queryName": "update.microsoft.com", "queryStatus": "0", "queryResults": "type:  5 23.211.159.146", "image": "C:\\Windows\\System32\\svchost.exe"}, "system": {"eventID": "22", "channel": "Microsoft-Windows-Sysmon/Operational", "computer": "WS-NURSE-04"}}}, "hunt_meta": null}
