{"timestamp": "2026-05-06T06:16:57.000+00:00", "rule": {"id": "61612", "level": 3, "description": "Sysmon - Event: 13 - Registry value set.", "groups": ["sysmon", "sysmon_event_13"]}, "agent": {"id": "576", "name": "WS-NURSE-05", "ip": "10.10.2.16"}, "manager": {"name": "log-srv-01"}, "id": "alert-1778048217-reg-29308", "decoder": {"name": "sysmon-event"}, "data": {"win": {"eventdata": {"utcTime": "2026-05-06 06:16:57.000", "eventType": "SetValue", "image": "C:\\Windows\\System32\\TrustedInstaller.exe", "targetObject": "HKLM\\SYSTEM\\CurrentControlSet\\Services\\Value46", "details": "DWORD (0x00000000)"}, "system": {"eventID": "13", "channel": "Microsoft-Windows-Sysmon/Operational", "computer": "WS-NURSE-05"}}}}
{"timestamp": "2026-05-06T06:23:37.000+00:00", "rule": {"id": "61645", "level": 3, "description": "Sysmon - Event: 22 - DNS query.", "groups": ["sysmon", "sysmon_event_22"]}, "agent": {"id": "817", "name": "WS-RECV-01", "ip": "10.10.3.19"}, "manager": {"name": "log-srv-01"}, "id": "alert-1778048617-dns-65407", "decoder": {"name": "sysmon-event"}, "data": {"win": {"eventdata": {"utcTime": "2026-05-06 06:23:37.000", "queryName": "data-sync.healthbane-c2.net", "queryStatus": "0", "queryResults": "type:  5 185.220.101.46", "image": "C:\\Windows\\System32\\svchost.exe"}, "system": {"eventID": "22", "channel": "Microsoft-Windows-Sysmon/Operational", "computer": "WS-RECV-01"}}}, "hunt_meta": null}
{"timestamp": "2026-05-06T06:23:38.000+00:00", "rule": {"id": "61612", "level": 3, "description": "Sysmon - Event: 13 - Registry value set.", "groups": ["sysmon", "sysmon_event_13"]}, "agent": {"id": "794", "name": "WS-BILL-02", "ip": "10.10.4.33"}, "manager": {"name": "log-srv-01"}, "id": "alert-1778048618-reg-84696", "decoder": {"name": "sysmon-event"}, "data": {"win": {"eventdata": {"utcTime": "2026-05-06 06:23:38.000", "eventType": "SetValue", "image": "C:\\Windows\\System32\\msiexec.exe", "targetObject": "HKCU\\Software\\Microsoft\\Office\\16.0\\Word\\Value85", "details": "DWORD (0x00000000)"}, "system": {"eventID": "13", "channel": "Microsoft-Windows-Sysmon/Operational", "computer": "WS-BILL-02"}}}}
{"timestamp": "2026-05-06T06:35:29.000+00:00", "rule": {"id": "61605", "level": 3, "description": "Sysmon - Event: 3 - Network connection.", "groups": ["sysmon", "sysmon_event3"]}, "agent": {"id": "845", "name": "WS-AP-07", "ip": "10.10.4.41"}, "manager": {"name": "log-srv-01"}, "id": "alert-1778049329-net-60860", "decoder": {"name": "sysmon-event"}, "data": {"win": {"eventdata": {"utcTime": "2026-05-06 06:35:29.000", "image": "C:\\Windows\\System32\\svchost.exe", "user": "MEDDEFENSE\\system", "protocol": "tcp", "initiated": "true", "sourceIp": "10.10.4.41", "sourcePort": "60232", "destinationIp": "10.10.20.60", "destinationPort": "389", "destinationHostname": "SRV-PATCH-01"}, "system": {"eventID": "3", "channel": "Microsoft-Windows-Sysmon/Operational", "computer": "WS-AP-07"}}}, "hunt_meta": null}
{"timestamp": "2026-05-06T06:37:47.000+00:00", "rule": {"id": "61605", "level": 3, "description": "Sysmon - Event: 3 - Network connection.", "groups": ["sysmon", "sysmon_event3"]}, "agent": {"id": "576", "name": "WS-NURSE-05", "ip": "10.10.2.16"}, "manager": {"name": "log-srv-01"}, "id": "alert-1778049467-net-24691", "decoder": {"name": "sysmon-event"}, "data": {"win": {"eventdata": {"utcTime": "2026-05-06 06:37:47.000", "image": "C:\\Windows\\System32\\svchost.exe", "user": "MEDDEFENSE\\system", "protocol": "tcp", "initiated": "true", "sourceIp": "10.10.2.16", "sourcePort": "55944", "destinationIp": "10.10.20.70", "destinationPort": "445", "destinationHostname": "SRV-AV-01"}, "system": {"eventID": "3", "channel": "Microsoft-Windows-Sysmon/Operational", "computer": "WS-NURSE-05"}}}, "hunt_meta": null}
{"timestamp": "2026-05-06T06:40:10.000+00:00", "rule": {"id": "61612", "level": 3, "description": "Sysmon - Event: 13 - Registry value set.", "groups": ["sysmon", "sysmon_event_13"]}, "agent": {"id": "329", "name": "WS-NURSE-06", "ip": "10.10.2.17"}, "manager": {"name": "log-srv-01"}, "id": "alert-1778049610-reg-33658", "decoder": {"name": "sysmon-event"}, "data": {"win": {"eventdata": {"utcTime": "2026-05-06 06:40:10.000", "eventType": "SetValue", "image": "C:\\Windows\\System32\\msiexec.exe", "targetObject": "HKLM\\SOFTWARE\\Microsoft\\Cryptography\\Value9", "details": "DWORD (0x00000001)"}, "system": {"eventID": "13", "channel": "Microsoft-Windows-Sysmon/Operational", "computer": "WS-NURSE-06"}}}}
{"timestamp": "2026-05-06T06:42:41.000+00:00", "rule": {"id": "61605", "level": 3, "description": "Sysmon - Event: 3 - Network connection.", "groups": ["sysmon", "sysmon_event3"]}, "agent": {"id": "329", "name": "WS-NURSE-06", "ip": "10.10.2.17"}, "manager": {"name": "log-srv-01"}, "id": "alert-1778049761-net-23318", "decoder": {"name": "sysmon-event"}, "data": {"win": {"eventdata": {"utcTime": "2026-05-06 06:42:41.000", "image": "C:\\Windows\\System32\\svchost.exe", "user": "MEDDEFENSE\\system", "protocol": "tcp", "initiated": "true", "sourceIp": "10.10.2.17", "sourcePort": "63936", "destinationIp": "10.10.20.25", "destinationPort": "636", "destinationHostname": "SRV-INS-DB"}, "system": {"eventID": "3", "channel": "Microsoft-Windows-Sysmon/Operational", "computer": "WS-NURSE-06"}}}, "hunt_meta": null}
{"timestamp": "2026-05-06T06:59:37.000+00:00", "rule": {"id": "61645", "level": 3, "description": "Sysmon - Event: 22 - DNS query.", "groups": ["sysmon", "sysmon_event_22"]}, "agent": {"id": "066", "name": "WS-DOC-01", "ip": "10.10.2.30"}, "manager": {"name": "log-srv-01"}, "id": "alert-1778050777-dns-55227", "decoder": {"name": "sysmon-event"}, "data": {"win": {"eventdata": {"utcTime": "2026-05-06 06:59:37.000", "queryName": "clients.google.com", "queryStatus": "0", "queryResults": "type:  5 172.217.16.110", "image": "C:\\Windows\\System32\\svchost.exe"}, "system": {"eventID": "22", "channel": "Microsoft-Windows-Sysmon/Operational", "computer": "WS-DOC-01"}}}, "hunt_meta": null}
{"timestamp": "2026-05-06T07:01:27.000+00:00", "rule": {"id": "61612", "level": 3, "description": "Sysmon - Event: 13 - Registry value set.", "groups": ["sysmon", "sysmon_event_13"]}, "agent": {"id": "909", "name": "WS-RECV-02", "ip": "10.10.3.20"}, "manager": {"name": "log-srv-01"}, "id": "alert-1778050887-reg-40274", "decoder": {"name": "sysmon-event"}, "data": {"win": {"eventdata": {"utcTime": "2026-05-06 07:01:27.000", "eventType": "SetValue", "image": "C:\\Windows\\System32\\msiexec.exe", "targetObject": "HKCU\\Software\\Microsoft\\Office\\16.0\\Word\\Value62", "details": "DWORD (0x00000001)"}, "system": {"eventID": "13", "channel": "Microsoft-Windows-Sysmon/Operational", "computer": "WS-RECV-02"}}}}
{"timestamp": "2026-05-06T07:14:24.000+00:00", "rule": {"id": "61645", "level": 3, "description": "Sysmon - Event: 22 - DNS query.", "groups": ["sysmon", "sysmon_event_22"]}, "agent": {"id": "794", "name": "WS-BILL-02", "ip": "10.10.4.33"}, "manager": {"name": "log-srv-01"}, "id": "alert-1778051664-dns-40863", "decoder": {"name": "sysmon-event"}, "data": {"win": {"eventdata": {"utcTime": "2026-05-06 07:14:24.000", "queryName": "data-sync.healthbane-c2.net", "queryStatus": "0", "queryResults": "type:  5 185.220.101.46", "image": "C:\\Windows\\System32\\svchost.exe"}, "system": {"eventID": "22", "channel": "Microsoft-Windows-Sysmon/Operational", "computer": "WS-BILL-02"}}}, "hunt_meta": null}
{"timestamp": "2026-05-06T07:14:34.000+00:00", "rule": {"id": "61603", "level": 5, "description": "Sysmon - Event: 1 - Process creation.", "groups": ["sysmon", "sysmon_event1"]}, "agent": {"id": "021", "name": "WS-RECV-03", "ip": "10.10.3.21"}, "manager": {"name": "log-srv-01"}, "id": "alert-1778051674-42115", "decoder": {"name": "sysmon-event"}, "data": {"win": {"eventdata": {"utcTime": "2026-05-06 07:14:34.000", "processGuid": "{b33062a6-2218-41ce-5aed-85404d5d2cc0}", "processId": "42115", "image": "C:\\Users\\Public\\Downloads\\PsExec64.exe", "commandLine": "C:\\Users\\Public\\Downloads\\PsExec64.exe \\\\SRV-HEALTH-DB -u MEDDEFENSE\\svc_healthsync -p [REDACTED] -s -accepteula cmd.exe", "currentDirectory": "C:\\Windows\\System32\\", "user": "MEDDEFENSE\\svc_healthsync", "logonGuid": "{81cdb29c-7608-05c9-c8f6-d1ecf28373ac}", "logonId": "0x856b5ba", "terminalSessionId": "1", "integrityLevel": "High", "hashes": "SHA256=f91fbc0170e618a252125c4cc5abc26c20c54bb75d0e06af14915243db266a3c", "parentProcessGuid": "{ded70fd3-2d46-20ea-e606-90f4092325f1}", "parentProcessId": "61246", "parentImage": "C:\\Windows\\System32\\cmd.exe", "parentCommandLine": "\"C:\\Windows\\System32\\cmd.exe\"", "parentUser": "MEDDEFENSE\\svc_healthsync", "agentName": "WS-RECV-03"}, "system": {"eventID": "1", "channel": "Microsoft-Windows-Sysmon/Operational", "computer": "WS-RECV-03", "providerName": "Microsoft-Windows-Sysmon", "providerGuid": "{5770385F-C22A-43E0-BF4C-06F5698FFBD9}", "userID": "S-1-5-18"}}}, "hunt_meta": {"category": "attack", "source_host": "WS-RECV-03", "target_host": "SRV-HEALTH-DB", "target_ip": "10.10.20.15", "tool": "PsExec", "authorized": false}}
{"timestamp": "2026-05-06T07:14:35.000+00:00", "rule": {"id": "61605", "level": 3, "description": "Sysmon - Event: 3 - Network connection.", "groups": ["sysmon", "sysmon_event3"]}, "agent": {"id": "021", "name": "WS-RECV-03", "ip": "10.10.3.21"}, "manager": {"name": "log-srv-01"}, "id": "alert-1778051675-net-52323", "decoder": {"name": "sysmon-event"}, "data": {"win": {"eventdata": {"utcTime": "2026-05-06 07:14:35.000", "image": "C:\\Users\\Public\\Downloads\\PsExec64.exe", "user": "MEDDEFENSE\\system", "protocol": "tcp", "initiated": "true", "sourceIp": "10.10.3.21", "sourcePort": "49510", "destinationIp": "10.10.20.15", "destinationPort": "445", "destinationHostname": "SRV-HEALTH-DB"}, "system": {"eventID": "3", "channel": "Microsoft-Windows-Sysmon/Operational", "computer": "WS-RECV-03"}}}, "hunt_meta": {"category": "attack", "source_host": "WS-RECV-03", "target_host": "SRV-HEALTH-DB", "target_ip": "10.10.20.15", "tool": "PsExec_smb", "authorized": false}}
{"timestamp": "2026-05-06T07:20:24.000+00:00", "rule": {"id": "61612", "level": 3, "description": "Sysmon - Event: 13 - Registry value set.", "groups": ["sysmon", "sysmon_event_13"]}, "agent": {"id": "817", "name": "WS-RECV-01", "ip": "10.10.3.19"}, "manager": {"name": "log-srv-01"}, "id": "alert-1778052024-reg-57590", "decoder": {"name": "sysmon-event"}, "data": {"win": {"eventdata": {"utcTime": "2026-05-06 07:20:24.000", "eventType": "SetValue", "image": "C:\\Program Files\\Microsoft Office\\root\\Office16\\WINWORD.EXE", "targetObject": "HKLM\\SOFTWARE\\Microsoft\\Windows\\CurrentVersion\\Uninstall\\Value8", "details": "DWORD (0x00000000)"}, "system": {"eventID": "13", "channel": "Microsoft-Windows-Sysmon/Operational", "computer": "WS-RECV-01"}}}}
{"timestamp": "2026-05-06T07:30:29.000+00:00", "rule": {"id": "61605", "level": 3, "description": "Sysmon - Event: 3 - Network connection.", "groups": ["sysmon", "sysmon_event3"]}, "agent": {"id": "329", "name": "WS-NURSE-06", "ip": "10.10.2.17"}, "manager": {"name": "log-srv-01"}, "id": "alert-1778052629-net-49163", "decoder": {"name": "sysmon-event"}, "data": {"win": {"eventdata": {"utcTime": "2026-05-06 07:30:29.000", "image": "C:\\Windows\\System32\\svchost.exe", "user": "MEDDEFENSE\\system", "protocol": "tcp", "initiated": "true", "sourceIp": "10.10.2.17", "sourcePort": "53335", "destinationIp": "10.10.20.50", "destinationPort": "88", "destinationHostname": "SRV-FILE-01"}, "system": {"eventID": "3", "channel": "Microsoft-Windows-Sysmon/Operational", "computer": "WS-NURSE-06"}}}, "hunt_meta": null}
{"timestamp": "2026-05-06T07:31:19.000+00:00", "rule": {"id": "61612", "level": 3, "description": "Sysmon - Event: 13 - Registry value set.", "groups": ["sysmon", "sysmon_event_13"]}, "agent": {"id": "272", "name": "WS-ADMIN-01", "ip": "10.10.9.10"}, "manager": {"name": "log-srv-01"}, "id": "alert-1778052679-reg-83493", "decoder": {"name": "sysmon-event"}, "data": {"win": {"eventdata": {"utcTime": "2026-05-06 07:31:19.000", "eventType": "SetValue", "image": "C:\\Windows\\System32\\msiexec.exe", "targetObject": "HKLM\\SOFTWARE\\Microsoft\\Windows\\CurrentVersion\\Uninstall\\Value45", "details": "QWORD (0x00000064)"}, "system": {"eventID": "13", "channel": "Microsoft-Windows-Sysmon/Operational", "computer": "WS-ADMIN-01"}}}}
{"timestamp": "2026-05-06T07:31:44.000+00:00", "rule": {"id": "61603", "level": 5, "description": "Sysmon - Event: 1 - Process creation.", "groups": ["sysmon", "sysmon_event1"]}, "agent": {"id": "115", "name": "SRV-HEALTH-DB", "ip": "10.10.20.15"}, "manager": {"name": "log-srv-01"}, "id": "alert-1778052704-9566", "decoder": {"name": "sysmon-event"}, "data": {"win": {"eventdata": {"utcTime": "2026-05-06 07:31:44.000", "processGuid": "{9e6121cf-c4b1-7b43-e137-8c46ca94863b}", "processId": "9566", "image": "C:\\Windows\\System32\\cmd.exe", "commandLine": "cmd.exe /c dir \\\\SRV-HEALTH-DB\\C$\\backup /B /S", "currentDirectory": "C:\\Windows\\System32\\", "user": "MEDDEFENSE\\svc_healthsync", "logonGuid": "{f7937626-d620-9fff-a7cf-a8eae3841dc0}", "logonId": "0xb654d63", "terminalSessionId": "1", "integrityLevel": "High", "hashes": "SHA256=d8f06f8f138396203f7e669fd509aa100d00a3869787e6b770a147a7070e377e", "parentProcessGuid": "{c8de9858-a1be-0b63-c684-8ba2acdda531}", "parentProcessId": "4374", "parentImage": "C:\\Windows\\System32\\wbem\\WmiPrvSE.exe", "parentCommandLine": "C:\\Windows\\System32\\wbem\\WmiPrvSE.exe -Embedding", "parentUser": "MEDDEFENSE\\svc_healthsync", "agentName": "SRV-HEALTH-DB"}, "system": {"eventID": "1", "channel": "Microsoft-Windows-Sysmon/Operational", "computer": "SRV-HEALTH-DB", "providerName": "Microsoft-Windows-Sysmon", "providerGuid": "{5770385F-C22A-43E0-BF4C-06F5698FFBD9}", "userID": "S-1-5-18"}}}, "hunt_meta": {"category": "attack", "source_host": "WS-RECV-03", "target_host": "SRV-HEALTH-DB", "target_ip": "10.10.20.15", "tool": "WMI_remote_exec", "authorized": false}}
{"timestamp": "2026-05-06T07:33:56.000+00:00", "rule": {"id": "61603", "level": 5, "description": "Sysmon - Event: 1 - Process creation.", "groups": ["sysmon", "sysmon_event1"]}, "agent": {"id": "115", "name": "SRV-HEALTH-DB", "ip": "10.10.20.15"}, "manager": {"name": "log-srv-01"}, "id": "alert-1778052836-17020", "decoder": {"name": "sysmon-event"}, "data": {"win": {"eventdata": {"utcTime": "2026-05-06 07:33:56.000", "processGuid": "{0f384c25-049d-81fc-ddd2-627e6e8edf49}", "processId": "17020", "image": "C:\\Windows\\System32\\cmd.exe", "commandLine": "cmd.exe /c sc query type=service state=all", "currentDirectory": "C:\\Windows\\System32\\", "user": "MEDDEFENSE\\svc_healthsync", "logonGuid": "{56a6a728-19a1-f877-0448-b4ddf4ac064d}", "logonId": "0xb05ce1a", "terminalSessionId": "1", "integrityLevel": "High", "hashes": "SHA256=5b8f3acd8da2ea617cf145c27caca70de11abfc873d0768410ee03cc7fd3bc8a", "parentProcessGuid": "{bb299685-0cbf-f695-a816-772f3d2078c3}", "parentProcessId": "39816", "parentImage": "C:\\Windows\\System32\\wbem\\WmiPrvSE.exe", "parentCommandLine": "C:\\Windows\\System32\\wbem\\WmiPrvSE.exe -Embedding", "parentUser": "MEDDEFENSE\\svc_healthsync", "agentName": "SRV-HEALTH-DB"}, "system": {"eventID": "1", "channel": "Microsoft-Windows-Sysmon/Operational", "computer": "SRV-HEALTH-DB", "providerName": "Microsoft-Windows-Sysmon", "providerGuid": "{5770385F-C22A-43E0-BF4C-06F5698FFBD9}", "userID": "S-1-5-18"}}}, "hunt_meta": {"category": "attack", "source_host": "WS-RECV-03", "target_host": "SRV-HEALTH-DB", "target_ip": "10.10.20.15", "tool": "WMI_remote_exec", "authorized": false}}
{"timestamp": "2026-05-06T07:34:08.000+00:00", "rule": {"id": "61613", "level": 3, "description": "Sysmon - Event: 11 - File created.", "groups": ["sysmon", "sysmon_event_11"]}, "agent": {"id": "794", "name": "WS-BILL-02", "ip": "10.10.4.33"}, "manager": {"name": "log-srv-01"}, "id": "alert-1778052848-fc-79798", "decoder": {"name": "sysmon-event"}, "data": {"win": {"eventdata": {"utcTime": "2026-05-06 07:34:08.000", "image": "C:\\Program Files\\Microsoft Office\\root\\Office16\\OUTLOOK.EXE", "targetFilename": "C:\\Users\\lpatterson\\AppData\\Local\\Temp\\OICE_1120.tmp", "creationUtcTime": "2026-05-06 07:34:08.000"}, "system": {"eventID": "11", "channel": "Microsoft-Windows-Sysmon/Operational", "computer": "WS-BILL-02"}}}}
{"timestamp": "2026-05-06T07:35:42.000+00:00", "rule": {"id": "61613", "level": 3, "description": "Sysmon - Event: 11 - File created.", "groups": ["sysmon", "sysmon_event_11"]}, "agent": {"id": "909", "name": "WS-RECV-02", "ip": "10.10.3.20"}, "manager": {"name": "log-srv-01"}, "id": "alert-1778052942-fc-93005", "decoder": {"name": "sysmon-event"}, "data": {"win": {"eventdata": {"utcTime": "2026-05-06 07:35:42.000", "image": "C:\\Program Files\\Microsoft Office\\root\\Office16\\OUTLOOK.EXE", "targetFilename": "C:\\Users\\records02\\AppData\\Local\\Temp\\OICE_3011.tmp", "creationUtcTime": "2026-05-06 07:35:42.000"}, "system": {"eventID": "11", "channel": "Microsoft-Windows-Sysmon/Operational", "computer": "WS-RECV-02"}}}}
{"timestamp": "2026-05-06T07:38:14.000+00:00", "rule": {"id": "61612", "level": 3, "description": "Sysmon - Event: 13 - Registry value set.", "groups": ["sysmon", "sysmon_event_13"]}, "agent": {"id": "272", "name": "WS-ADMIN-01", "ip": "10.10.9.10"}, "manager": {"name": "log-srv-01"}, "id": "alert-1778053094-reg-78118", "decoder": {"name": "sysmon-event"}, "data": {"win": {"eventdata": {"utcTime": "2026-05-06 07:38:14.000", "eventType": "SetValue", "image": "C:\\Program Files\\Microsoft Office\\root\\Office16\\WINWORD.EXE", "targetObject": "HKCU\\Software\\Microsoft\\Office\\16.0\\Word\\Value42", "details": "QWORD (0x00000064)"}, "system": {"eventID": "13", "channel": "Microsoft-Windows-Sysmon/Operational", "computer": "WS-ADMIN-01"}}}}
{"timestamp": "2026-05-06T07:43:17.000+00:00", "rule": {"id": "61605", "level": 3, "description": "Sysmon - Event: 3 - Network connection.", "groups": ["sysmon", "sysmon_event3"]}, "agent": {"id": "263", "name": "WS-BILL-03", "ip": "10.10.4.34"}, "manager": {"name": "log-srv-01"}, "id": "alert-1778053397-net-82577", "decoder": {"name": "sysmon-event"}, "data": {"win": {"eventdata": {"utcTime": "2026-05-06 07:43:17.000", "image": "C:\\Windows\\System32\\svchost.exe", "user": "MEDDEFENSE\\system", "protocol": "tcp", "initiated": "true", "sourceIp": "10.10.4.34", "sourcePort": "61854", "destinationIp": "10.10.20.6", "destinationPort": "5985", "destinationHostname": "SRV-DC-02"}, "system": {"eventID": "3", "channel": "Microsoft-Windows-Sysmon/Operational", "computer": "WS-BILL-03"}}}, "hunt_meta": null}
{"timestamp": "2026-05-06T07:48:44.000+00:00", "rule": {"id": "61603", "level": 5, "description": "Sysmon - Event: 1 - Process creation.", "groups": ["sysmon", "sysmon_event1"]}, "agent": {"id": "021", "name": "WS-RECV-03", "ip": "10.10.3.21"}, "manager": {"name": "log-srv-01"}, "id": "alert-1778053724-14667", "decoder": {"name": "sysmon-event"}, "data": {"win": {"eventdata": {"utcTime": "2026-05-06 07:48:44.000", "processGuid": "{691077c5-88e1-aedc-1fcb-793f79aa3875}", "processId": "14667", "image": "C:\\Windows\\System32\\WindowsPowerShell\\v1.0\\powershell.exe", "commandLine": "powershell.exe -NoProfile -Command \"Enter-PSSession -ComputerName SRV-HEALTH-DB -Credential (New-Object System.Management.Automation.PSCredential ('MEDDEFENSE\\svc_healthsync', $secpwd))\"", "currentDirectory": "C:\\Windows\\System32\\", "user": "MEDDEFENSE\\svc_healthsync", "logonGuid": "{23c5b17a-9ecc-255e-1ff4-9738d7d0277a}", "logonId": "0x7237c37", "terminalSessionId": "1", "integrityLevel": "High", "hashes": "SHA256=257ee82ed21f43520ff6c8836f5671e39e11571c096797c88b4425bd0b91d863", "parentProcessGuid": "{334eb24f-80cd-a5d1-6cf9-1f162e7f90ce}", "parentProcessId": "32116", "parentImage": "C:\\Windows\\System32\\cmd.exe", "parentCommandLine": "\"C:\\Windows\\System32\\cmd.exe\"", "parentUser": "MEDDEFENSE\\svc_healthsync", "agentName": "WS-RECV-03"}, "system": {"eventID": "1", "channel": "Microsoft-Windows-Sysmon/Operational", "computer": "WS-RECV-03", "providerName": "Microsoft-Windows-Sysmon", "providerGuid": "{5770385F-C22A-43E0-BF4C-06F5698FFBD9}", "userID": "S-1-5-18"}}}, "hunt_meta": {"category": "attack", "source_host": "WS-RECV-03", "target_host": "SRV-HEALTH-DB", "target_ip": "10.10.20.15", "tool": "PSRemoting", "authorized": false}}
{"timestamp": "2026-05-06T07:49:14.000+00:00", "rule": {"id": "61605", "level": 3, "description": "Sysmon - Event: 3 - Network connection.", "groups": ["sysmon", "sysmon_event3"]}, "agent": {"id": "561", "name": "WS-HELPDESK-02", "ip": "10.10.9.21"}, "manager": {"name": "log-srv-01"}, "id": "alert-1778053754-net-98219", "decoder": {"name": "sysmon-event"}, "data": {"win": {"eventdata": {"utcTime": "2026-05-06 07:49:14.000", "image": "C:\\Windows\\System32\\svchost.exe", "user": "MEDDEFENSE\\system", "protocol": "tcp", "initiated": "true", "sourceIp": "10.10.9.21", "sourcePort": "60763", "destinationIp": "10.10.20.80", "destinationPort": "636", "destinationHostname": "SRV-BACKUP-01"}, "system": {"eventID": "3", "channel": "Microsoft-Windows-Sysmon/Operational", "computer": "WS-HELPDESK-02"}}}, "hunt_meta": null}
{"timestamp": "2026-05-06T07:52:44.000+00:00", "rule": {"id": "61603", "level": 5, "description": "Sysmon - Event: 1 - Process creation.", "groups": ["sysmon", "sysmon_event1"]}, "agent": {"id": "115", "name": "SRV-HEALTH-DB", "ip": "10.10.20.15"}, "manager": {"name": "log-srv-01"}, "id": "alert-1778053964-63292", "decoder": {"name": "sysmon-event"}, "data": {"win": {"eventdata": {"utcTime": "2026-05-06 07:52:44.000", "processGuid": "{7de79117-7614-221c-6c25-7e0cc3bab3f9}", "processId": "63292", "image": "C:\\Windows\\System32\\WindowsPowerShell\\v1.0\\powershell.exe", "commandLine": "powershell.exe -NoProfile -Command \"Copy-Item -Path \\\\WS-RECV-03\\C$\\Users\\Public\\Downloads\\sync_healthdata.ps1 -Destination C:\\Windows\\Temp\\stage1.ps1 -Force\"", "currentDirectory": "C:\\Windows\\System32\\", "user": "MEDDEFENSE\\svc_healthsync", "logonGuid": "{46428a06-8cc5-4459-2a55-52ef38734f76}", "logonId": "0xda4363e", "terminalSessionId": "1", "integrityLevel": "High", "hashes": "SHA256=71ac9afbef7d80781f893ca93cf776de90b371f6caca643d8daa83f4ea3b7ef3", "parentProcessGuid": "{c05d084d-27c0-b982-8da3-5d8d33829229}", "parentProcessId": "61708", "parentImage": "C:\\Windows\\System32\\wsmprovhost.exe", "parentCommandLine": "C:\\Windows\\System32\\wsmprovhost.exe -Embedding", "parentUser": "MEDDEFENSE\\svc_healthsync", "agentName": "SRV-HEALTH-DB"}, "system": {"eventID": "1", "channel": "Microsoft-Windows-Sysmon/Operational", "computer": "SRV-HEALTH-DB", "providerName": "Microsoft-Windows-Sysmon", "providerGuid": "{5770385F-C22A-43E0-BF4C-06F5698FFBD9}", "userID": "S-1-5-18"}}}, "hunt_meta": {"category": "attack", "source_host": "WS-RECV-03", "target_host": "SRV-HEALTH-DB", "target_ip": "10.10.20.15", "tool": "PSRemoting_copy_item", "authorized": false}}
{"timestamp": "2026-05-06T07:52:46.000+00:00", "rule": {"id": "61613", "level": 3, "description": "Sysmon - Event: 11 - File created.", "groups": ["sysmon", "sysmon_event_11"]}, "agent": {"id": "115", "name": "SRV-HEALTH-DB", "ip": "10.10.20.15"}, "manager": {"name": "log-srv-01"}, "id": "alert-1778053966-fc-19605", "decoder": {"name": "sysmon-event"}, "data": {"win": {"eventdata": {"utcTime": "2026-05-06 07:52:46.000", "image": "C:\\Windows\\System32\\wsmprovhost.exe", "targetFilename": "C:\\Windows\\Temp\\stage1.ps1", "creationUtcTime": "2026-05-06 07:52:46.000"}, "system": {"eventID": "11", "channel": "Microsoft-Windows-Sysmon/Operational", "computer": "SRV-HEALTH-DB"}}}}
{"timestamp": "2026-05-06T07:57:06.000+00:00", "rule": {"id": "61612", "level": 3, "description": "Sysmon - Event: 13 - Registry value set.", "groups": ["sysmon", "sysmon_event_13"]}, "agent": {"id": "314", "name": "WS-RECV-04", "ip": "10.10.3.22"}, "manager": {"name": "log-srv-01"}, "id": "alert-1778054226-reg-50712", "decoder": {"name": "sysmon-event"}, "data": {"win": {"eventdata": {"utcTime": "2026-05-06 07:57:06.000", "eventType": "SetValue", "image": "C:\\Windows\\System32\\msiexec.exe", "targetObject": "HKLM\\SOFTWARE\\Policies\\Microsoft\\Windows Defender\\Value34", "details": "DWORD (0x00000001)"}, "system": {"eventID": "13", "channel": "Microsoft-Windows-Sysmon/Operational", "computer": "WS-RECV-04"}}}}
{"timestamp": "2026-05-06T08:00:47.000+00:00", "rule": {"id": "61603", "level": 5, "description": "Sysmon - Event: 1 - Process creation.", "groups": ["sysmon", "sysmon_event1"]}, "agent": {"id": "329", "name": "WS-NURSE-06", "ip": "10.10.2.17"}, "manager": {"name": "log-srv-01"}, "id": "alert-1778054447-51188", "decoder": {"name": "sysmon-event"}, "data": {"win": {"eventdata": {"utcTime": "2026-05-06 08:00:47.000", "processGuid": "{6944ba15-2eea-8777-c07b-cebfb905a1b5}", "processId": "51188", "image": "C:\\Program Files\\Microsoft Office\\root\\Office16\\WINWORD.EXE", "commandLine": "\"WINWORD.EXE\"", "currentDirectory": "C:\\Windows\\System32\\", "user": "MEDDEFENSE\\nurse06", "logonGuid": "{a3a7cac8-e5fc-1565-270d-cbc3ed460ca7}", "logonId": "0x45f597c", "terminalSessionId": "1", "integrityLevel": "Medium", "hashes": "SHA256=fa89c75956b93a7fe0ed1b7be62701d030ba4e7c599a47c236add084de96598a", "parentProcessGuid": "{dd818c6f-e4a5-810c-142c-d849d0f2ce3a}", "parentProcessId": "58097", "parentImage": "C:\\Windows\\explorer.exe", "parentCommandLine": "C:\\Windows\\Explorer.EXE", "parentUser": "MEDDEFENSE\\nurse06", "agentName": "WS-NURSE-06"}, "system": {"eventID": "1", "channel": "Microsoft-Windows-Sysmon/Operational", "computer": "WS-NURSE-06", "providerName": "Microsoft-Windows-Sysmon", "providerGuid": "{5770385F-C22A-43E0-BF4C-06F5698FFBD9}", "userID": "S-1-5-18"}}}}
{"timestamp": "2026-05-06T08:01:44.000+00:00", "rule": {"id": "61645", "level": 3, "description": "Sysmon - Event: 22 - DNS query.", "groups": ["sysmon", "sysmon_event_22"]}, "agent": {"id": "104", "name": "WS-AP-01", "ip": "10.10.4.40"}, "manager": {"name": "log-srv-01"}, "id": "alert-1778054504-dns-11130", "decoder": {"name": "sysmon-event"}, "data": {"win": {"eventdata": {"utcTime": "2026-05-06 08:01:44.000", "queryName": "smtp.meddefense.local", "queryStatus": "0", "queryResults": "type:  5 10.10.20.45", "image": "C:\\Windows\\System32\\svchost.exe"}, "system": {"eventID": "22", "channel": "Microsoft-Windows-Sysmon/Operational", "computer": "WS-AP-01"}}}, "hunt_meta": null}
{"timestamp": "2026-05-06T08:11:05.000+00:00", "rule": {"id": "61603", "level": 5, "description": "Sysmon - Event: 1 - Process creation.", "groups": ["sysmon", "sysmon_event1"]}, "agent": {"id": "755", "name": "WS-NURSE-02", "ip": "10.10.2.12"}, "manager": {"name": "log-srv-01"}, "id": "alert-1778055065-64632", "decoder": {"name": "sysmon-event"}, "data": {"win": {"eventdata": {"utcTime": "2026-05-06 08:11:05.000", "processGuid": "{d7491225-7f5f-26cd-abdb-99023f89012e}", "processId": "64632", "image": "C:\\Program Files\\Microsoft Office\\root\\Office16\\WINWORD.EXE", "commandLine": "\"WINWORD.EXE\"", "currentDirectory": "C:\\Windows\\System32\\", "user": "MEDDEFENSE\\nurse02", "logonGuid": "{2d8b669f-1930-abaa-a076-8f98af95efb2}", "logonId": "0x6d57608", "terminalSessionId": "1", "integrityLevel": "Medium", "hashes": "SHA256=b09ead573b57c7f6a8ed43ba8ead7f20e8774658fe28fb27abeb0629eef0ea90", "parentProcessGuid": "{337b137e-5f14-6f81-d283-ca039efde695}", "parentProcessId": "9603", "parentImage": "C:\\Windows\\explorer.exe", "parentCommandLine": "C:\\Windows\\Explorer.EXE", "parentUser": "MEDDEFENSE\\nurse02", "agentName": "WS-NURSE-02"}, "system": {"eventID": "1", "channel": "Microsoft-Windows-Sysmon/Operational", "computer": "WS-NURSE-02", "providerName": "Microsoft-Windows-Sysmon", "providerGuid": "{5770385F-C22A-43E0-BF4C-06F5698FFBD9}", "userID": "S-1-5-18"}}}}
{"timestamp": "2026-05-06T08:14:02.000+00:00", "rule": {"id": "61612", "level": 3, "description": "Sysmon - Event: 13 - Registry value set.", "groups": ["sysmon", "sysmon_event_13"]}, "agent": {"id": "104", "name": "WS-AP-01", "ip": "10.10.4.40"}, "manager": {"name": "log-srv-01"}, "id": "alert-1778055242-reg-38035", "decoder": {"name": "sysmon-event"}, "data": {"win": {"eventdata": {"utcTime": "2026-05-06 08:14:02.000", "eventType": "SetValue", "image": "C:\\Windows\\System32\\TrustedInstaller.exe", "targetObject": "HKLM\\SOFTWARE\\Microsoft\\Cryptography\\Value55", "details": "DWORD (0x00000000)"}, "system": {"eventID": "13", "channel": "Microsoft-Windows-Sysmon/Operational", "computer": "WS-AP-01"}}}}
{"timestamp": "2026-05-06T08:15:12.000+00:00", "rule": {"id": "61605", "level": 3, "description": "Sysmon - Event: 3 - Network connection.", "groups": ["sysmon", "sysmon_event3"]}, "agent": {"id": "845", "name": "WS-AP-07", "ip": "10.10.4.41"}, "manager": {"name": "log-srv-01"}, "id": "alert-1778055312-net-35580", "decoder": {"name": "sysmon-event"}, "data": {"win": {"eventdata": {"utcTime": "2026-05-06 08:15:12.000", "image": "C:\\Windows\\System32\\svchost.exe", "user": "MEDDEFENSE\\system", "protocol": "tcp", "initiated": "true", "sourceIp": "10.10.4.41", "sourcePort": "64938", "destinationIp": "10.10.20.80", "destinationPort": "88", "destinationHostname": "SRV-BACKUP-01"}, "system": {"eventID": "3", "channel": "Microsoft-Windows-Sysmon/Operational", "computer": "WS-AP-07"}}}, "hunt_meta": null}
{"timestamp": "2026-05-06T08:15:18.000+00:00", "rule": {"id": "61603", "level": 5, "description": "Sysmon - Event: 1 - Process creation.", "groups": ["sysmon", "sysmon_event1"]}, "agent": {"id": "909", "name": "WS-RECV-02", "ip": "10.10.3.20"}, "manager": {"name": "log-srv-01"}, "id": "alert-1778055318-34447", "decoder": {"name": "sysmon-event"}, "data": {"win": {"eventdata": {"utcTime": "2026-05-06 08:15:18.000", "processGuid": "{dd0d8851-8afc-02e3-5303-1183ecfa001d}", "processId": "34447", "image": "C:\\Windows\\System32\\svchost.exe", "commandLine": "C:\\Windows\\System32\\svchost.exe -k netsvcs", "currentDirectory": "C:\\Windows\\System32\\", "user": "MEDDEFENSE\\records02", "logonGuid": "{4d8efafd-5619-0cc1-cec0-6f5045f5e5ce}", "logonId": "0x6a22c1c", "terminalSessionId": "1", "integrityLevel": "Medium", "hashes": "SHA256=16ff6275a056cbdbeabf1993619dd1820aec0de3b5921d1fefa3cb9879dad60e", "parentProcessGuid": "{2d5d3567-8c39-5bfc-83e2-a6d69015fb53}", "parentProcessId": "53840", "parentImage": "C:\\Windows\\explorer.exe", "parentCommandLine": "C:\\Windows\\Explorer.EXE", "parentUser": "MEDDEFENSE\\records02", "agentName": "WS-RECV-02"}, "system": {"eventID": "1", "channel": "Microsoft-Windows-Sysmon/Operational", "computer": "WS-RECV-02", "providerName": "Microsoft-Windows-Sysmon", "providerGuid": "{5770385F-C22A-43E0-BF4C-06F5698FFBD9}", "userID": "S-1-5-18"}}}}
{"timestamp": "2026-05-06T08:16:22.000+00:00", "rule": {"id": "61605", "level": 3, "description": "Sysmon - Event: 3 - Network connection.", "groups": ["sysmon", "sysmon_event3"]}, "agent": {"id": "909", "name": "WS-RECV-02", "ip": "10.10.3.20"}, "manager": {"name": "log-srv-01"}, "id": "alert-1778055382-net-70110", "decoder": {"name": "sysmon-event"}, "data": {"win": {"eventdata": {"utcTime": "2026-05-06 08:16:22.000", "image": "C:\\Windows\\System32\\svchost.exe", "user": "MEDDEFENSE\\system", "protocol": "tcp", "initiated": "true", "sourceIp": "10.10.3.20", "sourcePort": "55462", "destinationIp": "10.10.20.15", "destinationPort": "5985", "destinationHostname": "SRV-HEALTH-DB"}, "system": {"eventID": "3", "channel": "Microsoft-Windows-Sysmon/Operational", "computer": "WS-RECV-02"}}}, "hunt_meta": null}
{"timestamp": "2026-05-06T08:17:14.000+00:00", "rule": {"id": "61605", "level": 3, "description": "Sysmon - Event: 3 - Network connection.", "groups": ["sysmon", "sysmon_event3"]}, "agent": {"id": "829", "name": "WS-HELPDESK-01", "ip": "10.10.9.20"}, "manager": {"name": "log-srv-01"}, "id": "alert-1778055434-net-65843", "decoder": {"name": "sysmon-event"}, "data": {"win": {"eventdata": {"utcTime": "2026-05-06 08:17:14.000", "image": "C:\\Windows\\System32\\svchost.exe", "user": "MEDDEFENSE\\system", "protocol": "tcp", "initiated": "true", "sourceIp": "10.10.9.20", "sourcePort": "59879", "destinationIp": "10.10.20.5", "destinationPort": "53", "destinationHostname": "SRV-DC-01"}, "system": {"eventID": "3", "channel": "Microsoft-Windows-Sysmon/Operational", "computer": "WS-HELPDESK-01"}}}, "hunt_meta": null}
{"timestamp": "2026-05-06T08:26:27.000+00:00", "rule": {"id": "61603", "level": 5, "description": "Sysmon - Event: 1 - Process creation.", "groups": ["sysmon", "sysmon_event1"]}, "agent": {"id": "817", "name": "WS-RECV-01", "ip": "10.10.3.19"}, "manager": {"name": "log-srv-01"}, "id": "alert-1778055987-19807", "decoder": {"name": "sysmon-event"}, "data": {"win": {"eventdata": {"utcTime": "2026-05-06 08:26:27.000", "processGuid": "{103156a0-4f8c-6253-4b7c-d431218d82de}", "processId": "19807", "image": "C:\\Program Files\\Microsoft Office\\root\\Office16\\WINWORD.EXE", "commandLine": "\"WINWORD.EXE\"", "currentDirectory": "C:\\Windows\\System32\\", "user": "MEDDEFENSE\\records01", "logonGuid": "{7aa4412b-52d1-c18d-523a-0bde6bfd83f0}", "logonId": "0x8a0536d", "terminalSessionId": "1", "integrityLevel": "Medium", "hashes": "SHA256=9c7e10287b9d57d66ee327646912be860d72fae2b0c1f853a05aa4c7c1b300e9", "parentProcessGuid": "{ce34ed4e-6ce7-3de0-56a3-8c3f2dbab798}", "parentProcessId": "1773", "parentImage": "C:\\Windows\\explorer.exe", "parentCommandLine": "C:\\Windows\\Explorer.EXE", "parentUser": "MEDDEFENSE\\records01", "agentName": "WS-RECV-01"}, "system": {"eventID": "1", "channel": "Microsoft-Windows-Sysmon/Operational", "computer": "WS-RECV-01", "providerName": "Microsoft-Windows-Sysmon", "providerGuid": "{5770385F-C22A-43E0-BF4C-06F5698FFBD9}", "userID": "S-1-5-18"}}}}
{"timestamp": "2026-05-06T08:37:18.000+00:00", "rule": {"id": "61603", "level": 5, "description": "Sysmon - Event: 1 - Process creation.", "groups": ["sysmon", "sysmon_event1"]}, "agent": {"id": "263", "name": "WS-BILL-03", "ip": "10.10.4.34"}, "manager": {"name": "log-srv-01"}, "id": "alert-1778056638-11307", "decoder": {"name": "sysmon-event"}, "data": {"win": {"eventdata": {"utcTime": "2026-05-06 08:37:18.000", "processGuid": "{dbc92d21-4da0-73b5-83d9-f9bab8c9b499}", "processId": "11307", "image": "C:\\Program Files\\Microsoft Office\\root\\Office16\\OUTLOOK.EXE", "commandLine": "\"OUTLOOK.EXE\"", "currentDirectory": "C:\\Windows\\System32\\", "user": "MEDDEFENSE\\bill03", "logonGuid": "{d6c4f49a-7a11-35af-95b2-081153c7870b}", "logonId": "0xe4732ed", "terminalSessionId": "1", "integrityLevel": "Medium", "hashes": "SHA256=ed7e8fe96c13544901789881e65d5e883b8a09538ee252251da9fc1665b65d44", "parentProcessGuid": "{4c7b4e66-df8e-9f5e-8f08-f40bd76bf424}", "parentProcessId": "4174", "parentImage": "C:\\Windows\\explorer.exe", "parentCommandLine": "C:\\Windows\\Explorer.EXE", "parentUser": "MEDDEFENSE\\bill03", "agentName": "WS-BILL-03"}, "system": {"eventID": "1", "channel": "Microsoft-Windows-Sysmon/Operational", "computer": "WS-BILL-03", "providerName": "Microsoft-Windows-Sysmon", "providerGuid": "{5770385F-C22A-43E0-BF4C-06F5698FFBD9}", "userID": "S-1-5-18"}}}}
{"timestamp": "2026-05-06T08:38:09.000+00:00", "rule": {"id": "61603", "level": 5, "description": "Sysmon - Event: 1 - Process creation.", "groups": ["sysmon", "sysmon_event1"]}, "agent": {"id": "314", "name": "WS-RECV-04", "ip": "10.10.3.22"}, "manager": {"name": "log-srv-01"}, "id": "alert-1778056689-24075", "decoder": {"name": "sysmon-event"}, "data": {"win": {"eventdata": {"utcTime": "2026-05-06 08:38:09.000", "processGuid": "{ab538cea-8056-cc32-2895-3f458068edda}", "processId": "24075", "image": "C:\\Windows\\explorer.exe", "commandLine": "C:\\Windows\\Explorer.EXE", "currentDirectory": "C:\\Windows\\System32\\", "user": "MEDDEFENSE\\records04", "logonGuid": "{bd147db4-66c2-6627-6e82-6a8ddea50d26}", "logonId": "0x21e9913", "terminalSessionId": "1", "integrityLevel": "Medium", "hashes": "SHA256=4a68611683052892d9a283f5d4a787e2ed2d375d9d642baa39ab1e0b22e3f536", "parentProcessGuid": "{390fb9a2-90cc-4fdb-f0bf-fc5d54d9eb9b}", "parentProcessId": "15906", "parentImage": "C:\\Windows\\explorer.exe", "parentCommandLine": "C:\\Windows\\Explorer.EXE", "parentUser": "MEDDEFENSE\\records04", "agentName": "WS-RECV-04"}, "system": {"eventID": "1", "channel": "Microsoft-Windows-Sysmon/Operational", "computer": "WS-RECV-04", "providerName": "Microsoft-Windows-Sysmon", "providerGuid": "{5770385F-C22A-43E0-BF4C-06F5698FFBD9}", "userID": "S-1-5-18"}}}}
{"timestamp": "2026-05-06T08:40:38.000+00:00", "rule": {"id": "61603", "level": 5, "description": "Sysmon - Event: 1 - Process creation.", "groups": ["sysmon", "sysmon_event1"]}, "agent": {"id": "845", "name": "WS-AP-07", "ip": "10.10.4.41"}, "manager": {"name": "log-srv-01"}, "id": "alert-1778056838-54942", "decoder": {"name": "sysmon-event"}, "data": {"win": {"eventdata": {"utcTime": "2026-05-06 08:40:38.000", "processGuid": "{a8df6302-802b-84dc-e25d-4a5b1ad17f64}", "processId": "54942", "image": "C:\\Windows\\explorer.exe", "commandLine": "C:\\Windows\\Explorer.EXE", "currentDirectory": "C:\\Windows\\System32\\", "user": "MEDDEFENSE\\arivera", "logonGuid": "{c94bbbfd-b05d-3597-073c-3ddeb994646d}", "logonId": "0x933a661", "terminalSessionId": "1", "integrityLevel": "Medium", "hashes": "SHA256=f0158bc8d9c692546435cee875facdcf9557aba02917a906ec7bc83cf883830a", "parentProcessGuid": "{199ec6cc-0e99-5e42-c52a-f761b3a7e25d}", "parentProcessId": "56526", "parentImage": "C:\\Windows\\explorer.exe", "parentCommandLine": "C:\\Windows\\Explorer.EXE", "parentUser": "MEDDEFENSE\\arivera", "agentName": "WS-AP-07"}, "system": {"eventID": "1", "channel": "Microsoft-Windows-Sysmon/Operational", "computer": "WS-AP-07", "providerName": "Microsoft-Windows-Sysmon", "providerGuid": "{5770385F-C22A-43E0-BF4C-06F5698FFBD9}", "userID": "S-1-5-18"}}}}
{"timestamp": "2026-05-06T08:54:28.000+00:00", "rule": {"id": "61603", "level": 5, "description": "Sysmon - Event: 1 - Process creation.", "groups": ["sysmon", "sysmon_event1"]}, "agent": {"id": "755", "name": "WS-NURSE-02", "ip": "10.10.2.12"}, "manager": {"name": "log-srv-01"}, "id": "alert-1778057668-24931", "decoder": {"name": "sysmon-event"}, "data": {"win": {"eventdata": {"utcTime": "2026-05-06 08:54:28.000", "processGuid": "{f2af44c8-fb77-a73e-c781-0a7478dffcd7}", "processId": "24931", "image": "C:\\Windows\\System32\\svchost.exe", "commandLine": "C:\\Windows\\System32\\svchost.exe -k netsvcs", "currentDirectory": "C:\\Windows\\System32\\", "user": "MEDDEFENSE\\nurse02", "logonGuid": "{e65cc185-6860-85f0-ca11-cb5566d47416}", "logonId": "0x2fc41e8", "terminalSessionId": "1", "integrityLevel": "Medium", "hashes": "SHA256=bb538d0cc57a5dded0377c226da2135302fc7f4bf55bf70a84d08ce726d08541", "parentProcessGuid": "{f7ed294e-33d7-efc5-8dc4-6b236f76dbd6}", "parentProcessId": "38116", "parentImage": "C:\\Windows\\explorer.exe", "parentCommandLine": "C:\\Windows\\Explorer.EXE", "parentUser": "MEDDEFENSE\\nurse02", "agentName": "WS-NURSE-02"}, "system": {"eventID": "1", "channel": "Microsoft-Windows-Sysmon/Operational", "computer": "WS-NURSE-02", "providerName": "Microsoft-Windows-Sysmon", "providerGuid": "{5770385F-C22A-43E0-BF4C-06F5698FFBD9}", "userID": "S-1-5-18"}}}}
{"timestamp": "2026-05-06T08:55:59.000+00:00", "rule": {"id": "61603", "level": 5, "description": "Sysmon - Event: 1 - Process creation.", "groups": ["sysmon", "sysmon_event1"]}, "agent": {"id": "755", "name": "WS-NURSE-02", "ip": "10.10.2.12"}, "manager": {"name": "log-srv-01"}, "id": "alert-1778057759-28077", "decoder": {"name": "sysmon-event"}, "data": {"win": {"eventdata": {"utcTime": "2026-05-06 08:55:59.000", "processGuid": "{413ab835-a586-68b1-f518-0d19c47cd1c5}", "processId": "28077", "image": "C:\\Windows\\System32\\svchost.exe", "commandLine": "C:\\Windows\\System32\\svchost.exe -k netsvcs", "currentDirectory": "C:\\Windows\\System32\\", "user": "MEDDEFENSE\\nurse02", "logonGuid": "{f00c8638-9768-3959-3bff-69bc91de4bfa}", "logonId": "0xf613b03", "terminalSessionId": "1", "integrityLevel": "Medium", "hashes": "SHA256=8bdda5c0ae3c58eece20f13e0ae06c9a534847a000e871a20b3b283aa17bbd07", "parentProcessGuid": "{098c5640-dc52-75b8-86a4-8290af67cc24}", "parentProcessId": "17753", "parentImage": "C:\\Windows\\explorer.exe", "parentCommandLine": "C:\\Windows\\Explorer.EXE", "parentUser": "MEDDEFENSE\\nurse02", "agentName": "WS-NURSE-02"}, "system": {"eventID": "1", "channel": "Microsoft-Windows-Sysmon/Operational", "computer": "WS-NURSE-02", "providerName": "Microsoft-Windows-Sysmon", "providerGuid": "{5770385F-C22A-43E0-BF4C-06F5698FFBD9}", "userID": "S-1-5-18"}}}}
{"timestamp": "2026-05-06T08:59:02.000+00:00", "rule": {"id": "61603", "level": 5, "description": "Sysmon - Event: 1 - Process creation.", "groups": ["sysmon", "sysmon_event1"]}, "agent": {"id": "755", "name": "WS-NURSE-02", "ip": "10.10.2.12"}, "manager": {"name": "log-srv-01"}, "id": "alert-1778057942-20061", "decoder": {"name": "sysmon-event"}, "data": {"win": {"eventdata": {"utcTime": "2026-05-06 08:59:02.000", "processGuid": "{9d56e4bb-1027-437c-8ec5-231e7e855860}", "processId": "20061", "image": "C:\\Windows\\explorer.exe", "commandLine": "C:\\Windows\\Explorer.EXE", "currentDirectory": "C:\\Windows\\System32\\", "user": "MEDDEFENSE\\nurse02", "logonGuid": "{7d013d69-35f6-af72-79ba-930e3ca967a0}", "logonId": "0x43b4cc0", "terminalSessionId": "1", "integrityLevel": "Medium", "hashes": "SHA256=a643b72a79cc12efe024241cc4cf42c63283e69ad2929a5d90bf9a7d1cd62b5d", "parentProcessGuid": "{6c176710-82c9-b48f-ca76-cf31ec3e64a2}", "parentProcessId": "20530", "parentImage": "C:\\Windows\\explorer.exe", "parentCommandLine": "C:\\Windows\\Explorer.EXE", "parentUser": "MEDDEFENSE\\nurse02", "agentName": "WS-NURSE-02"}, "system": {"eventID": "1", "channel": "Microsoft-Windows-Sysmon/Operational", "computer": "WS-NURSE-02", "providerName": "Microsoft-Windows-Sysmon", "providerGuid": "{5770385F-C22A-43E0-BF4C-06F5698FFBD9}", "userID": "S-1-5-18"}}}}
{"timestamp": "2026-05-06T08:59:23.000+00:00", "rule": {"id": "61612", "level": 3, "description": "Sysmon - Event: 13 - Registry value set.", "groups": ["sysmon", "sysmon_event_13"]}, "agent": {"id": "233", "name": "WS-RECV-03", "ip": "10.10.3.21"}, "manager": {"name": "log-srv-01"}, "id": "alert-1778057963-reg-37822", "decoder": {"name": "sysmon-event"}, "data": {"win": {"eventdata": {"utcTime": "2026-05-06 08:59:23.000", "eventType": "SetValue", "image": "C:\\Windows\\System32\\TrustedInstaller.exe", "targetObject": "HKLM\\SOFTWARE\\Microsoft\\Cryptography\\Value79", "details": "DWORD (0x00000001)"}, "system": {"eventID": "13", "channel": "Microsoft-Windows-Sysmon/Operational", "computer": "WS-RECV-03"}}}}
{"timestamp": "2026-05-06T09:02:06.000+00:00", "rule": {"id": "61603", "level": 5, "description": "Sysmon - Event: 1 - Process creation.", "groups": ["sysmon", "sysmon_event1"]}, "agent": {"id": "329", "name": "WS-NURSE-06", "ip": "10.10.2.17"}, "manager": {"name": "log-srv-01"}, "id": "alert-1778058126-38993", "decoder": {"name": "sysmon-event"}, "data": {"win": {"eventdata": {"utcTime": "2026-05-06 09:02:06.000", "processGuid": "{5c6688b7-d413-8187-584c-bb858b11ea55}", "processId": "38993", "image": "C:\\Program Files\\Microsoft Office\\root\\Office16\\WINWORD.EXE", "commandLine": "\"WINWORD.EXE\"", "currentDirectory": "C:\\Windows\\System32\\", "user": "MEDDEFENSE\\nurse06", "logonGuid": "{5bfc160b-8750-e127-4819-b05c9e3eb63e}", "logonId": "0xf9e1119", "terminalSessionId": "1", "integrityLevel": "Medium", "hashes": "SHA256=3b2d3326eca388807f3ec799ebf9ee9614aa7869ec00f4eee2597ce3ba97d1b4", "parentProcessGuid": "{048da89d-6cd5-6d07-cc93-3d530a3f4d73}", "parentProcessId": "5641", "parentImage": "C:\\Windows\\explorer.exe", "parentCommandLine": "C:\\Windows\\Explorer.EXE", "parentUser": "MEDDEFENSE\\nurse06", "agentName": "WS-NURSE-06"}, "system": {"eventID": "1", "channel": "Microsoft-Windows-Sysmon/Operational", "computer": "WS-NURSE-06", "providerName": "Microsoft-Windows-Sysmon", "providerGuid": "{5770385F-C22A-43E0-BF4C-06F5698FFBD9}", "userID": "S-1-5-18"}}}}
{"timestamp": "2026-05-06T09:03:16.000+00:00", "rule": {"id": "61603", "level": 5, "description": "Sysmon - Event: 1 - Process creation.", "groups": ["sysmon", "sysmon_event1"]}, "agent": {"id": "755", "name": "WS-NURSE-02", "ip": "10.10.2.12"}, "manager": {"name": "log-srv-01"}, "id": "alert-1778058196-54504", "decoder": {"name": "sysmon-event"}, "data": {"win": {"eventdata": {"utcTime": "2026-05-06 09:03:16.000", "processGuid": "{16a6fec2-b18f-794b-e16f-19ef3e8bc956}", "processId": "54504", "image": "C:\\Program Files\\Google\\Chrome\\Application\\chrome.exe", "commandLine": "\"chrome.exe\"", "currentDirectory": "C:\\Windows\\System32\\", "user": "MEDDEFENSE\\nurse02", "logonGuid": "{9684e078-5993-f3ec-36a6-a4256f78cd5d}", "logonId": "0xc2dd0ea", "terminalSessionId": "1", "integrityLevel": "Medium", "hashes": "SHA256=ae3ef43f63a61230aae1a863f26c7f1e3a4175d73d23b2dc2b62daf306af7ade", "parentProcessGuid": "{4c7a0775-a605-6837-67d0-6e3f669acb3c}", "parentProcessId": "64939", "parentImage": "C:\\Windows\\explorer.exe", "parentCommandLine": "C:\\Windows\\Explorer.EXE", "parentUser": "MEDDEFENSE\\nurse02", "agentName": "WS-NURSE-02"}, "system": {"eventID": "1", "channel": "Microsoft-Windows-Sysmon/Operational", "computer": "WS-NURSE-02", "providerName": "Microsoft-Windows-Sysmon", "providerGuid": "{5770385F-C22A-43E0-BF4C-06F5698FFBD9}", "userID": "S-1-5-18"}}}}
{"timestamp": "2026-05-06T09:04:15.000+00:00", "rule": {"id": "61603", "level": 5, "description": "Sysmon - Event: 1 - Process creation.", "groups": ["sysmon", "sysmon_event1"]}, "agent": {"id": "845", "name": "WS-AP-07", "ip": "10.10.4.41"}, "manager": {"name": "log-srv-01"}, "id": "alert-1778058255-2087", "decoder": {"name": "sysmon-event"}, "data": {"win": {"eventdata": {"utcTime": "2026-05-06 09:04:15.000", "processGuid": "{27cec230-b9ed-64eb-23da-1a12d9140770}", "processId": "2087", "image": "C:\\Program Files\\Microsoft Office\\root\\Office16\\OUTLOOK.EXE", "commandLine": "\"OUTLOOK.EXE\"", "currentDirectory": "C:\\Windows\\System32\\", "user": "MEDDEFENSE\\arivera", "logonGuid": "{65dc4230-f3b5-0ae7-6831-96d43e9405f9}", "logonId": "0xc6d58e6", "terminalSessionId": "1", "integrityLevel": "Medium", "hashes": "SHA256=daabca2cb52f3222745847411d20f74fab8b3184189dd7390e5933ec401e4ccc", "parentProcessGuid": "{d9d68573-5b86-0d6b-6bd1-d88484fd3c4d}", "parentProcessId": "37625", "parentImage": "C:\\Windows\\explorer.exe", "parentCommandLine": "C:\\Windows\\Explorer.EXE", "parentUser": "MEDDEFENSE\\arivera", "agentName": "WS-AP-07"}, "system": {"eventID": "1", "channel": "Microsoft-Windows-Sysmon/Operational", "computer": "WS-AP-07", "providerName": "Microsoft-Windows-Sysmon", "providerGuid": "{5770385F-C22A-43E0-BF4C-06F5698FFBD9}", "userID": "S-1-5-18"}}}}
{"timestamp": "2026-05-06T09:13:07.000+00:00", "rule": {"id": "61612", "level": 3, "description": "Sysmon - Event: 13 - Registry value set.", "groups": ["sysmon", "sysmon_event_13"]}, "agent": {"id": "909", "name": "WS-RECV-02", "ip": "10.10.3.20"}, "manager": {"name": "log-srv-01"}, "id": "alert-1778058787-reg-94819", "decoder": {"name": "sysmon-event"}, "data": {"win": {"eventdata": {"utcTime": "2026-05-06 09:13:07.000", "eventType": "SetValue", "image": "C:\\Windows\\System32\\svchost.exe", "targetObject": "HKLM\\SOFTWARE\\Policies\\Microsoft\\Windows Defender\\Value54", "details": "QWORD (0x00000064)"}, "system": {"eventID": "13", "channel": "Microsoft-Windows-Sysmon/Operational", "computer": "WS-RECV-02"}}}}
{"timestamp": "2026-05-06T09:14:17.000+00:00", "rule": {"id": "61603", "level": 5, "description": "Sysmon - Event: 1 - Process creation.", "groups": ["sysmon", "sysmon_event1"]}, "agent": {"id": "794", "name": "WS-BILL-02", "ip": "10.10.4.33"}, "manager": {"name": "log-srv-01"}, "id": "alert-1778058857-11094", "decoder": {"name": "sysmon-event"}, "data": {"win": {"eventdata": {"utcTime": "2026-05-06 09:14:17.000", "processGuid": "{f287d586-a679-3fd3-a302-c42e93beab31}", "processId": "11094", "image": "C:\\Program Files\\Microsoft Office\\root\\Office16\\WINWORD.EXE", "commandLine": "\"WINWORD.EXE\"", "currentDirectory": "C:\\Windows\\System32\\", "user": "MEDDEFENSE\\lpatterson", "logonGuid": "{13ac9c49-6d7b-2c90-7446-51756cd9a192}", "logonId": "0xa78563f", "terminalSessionId": "1", "integrityLevel": "Medium", "hashes": "SHA256=0ced65cbb8d9d822175eb850962fe982f804cd3df6eccce06f28aac8e838d18d", "parentProcessGuid": "{521f98cd-8e57-226a-77cd-61b829b8ea87}", "parentProcessId": "28704", "parentImage": "C:\\Windows\\explorer.exe", "parentCommandLine": "C:\\Windows\\Explorer.EXE", "parentUser": "MEDDEFENSE\\lpatterson", "agentName": "WS-BILL-02"}, "system": {"eventID": "1", "channel": "Microsoft-Windows-Sysmon/Operational", "computer": "WS-BILL-02", "providerName": "Microsoft-Windows-Sysmon", "providerGuid": "{5770385F-C22A-43E0-BF4C-06F5698FFBD9}", "userID": "S-1-5-18"}}}}
{"timestamp": "2026-05-06T09:22:06.000+00:00", "rule": {"id": "61605", "level": 3, "description": "Sysmon - Event: 3 - Network connection.", "groups": ["sysmon", "sysmon_event3"]}, "agent": {"id": "272", "name": "WS-ADMIN-01", "ip": "10.10.9.10"}, "manager": {"name": "log-srv-01"}, "id": "alert-1778059326-net-72748", "decoder": {"name": "sysmon-event"}, "data": {"win": {"eventdata": {"utcTime": "2026-05-06 09:22:06.000", "image": "C:\\Windows\\System32\\svchost.exe", "user": "MEDDEFENSE\\system", "protocol": "tcp", "initiated": "true", "sourceIp": "10.10.9.10", "sourcePort": "59207", "destinationIp": "10.10.20.15", "destinationPort": "389", "destinationHostname": "SRV-HEALTH-DB"}, "system": {"eventID": "3", "channel": "Microsoft-Windows-Sysmon/Operational", "computer": "WS-ADMIN-01"}}}, "hunt_meta": null}
