{"timestamp": "2026-05-07T01:01:24.000+00:00", "rule": {"id": "61645", "level": 3, "description": "Sysmon - Event: 22 - DNS query.", "groups": ["sysmon", "sysmon_event_22"]}, "agent": {"id": "937", "name": "WS-NURSE-03", "ip": "10.10.2.13"}, "manager": {"name": "log-srv-01"}, "id": "alert-1778115684-dns-82010", "decoder": {"name": "sysmon-event"}, "data": {"win": {"eventdata": {"utcTime": "2026-05-07 01:01:24.000", "queryName": "login.microsoftonline.com", "queryStatus": "0", "queryResults": "type:  5 20.190.141.20", "image": "C:\\Windows\\System32\\svchost.exe"}, "system": {"eventID": "22", "channel": "Microsoft-Windows-Sysmon/Operational", "computer": "WS-NURSE-03"}}}, "hunt_meta": null}
{"timestamp": "2026-05-07T01:11:36.000+00:00", "rule": {"id": "61612", "level": 3, "description": "Sysmon - Event: 13 - Registry value set.", "groups": ["sysmon", "sysmon_event_13"]}, "agent": {"id": "845", "name": "WS-AP-07", "ip": "10.10.4.41"}, "manager": {"name": "log-srv-01"}, "id": "alert-1778116296-reg-49051", "decoder": {"name": "sysmon-event"}, "data": {"win": {"eventdata": {"utcTime": "2026-05-07 01:11:36.000", "eventType": "SetValue", "image": "C:\\Windows\\System32\\TrustedInstaller.exe", "targetObject": "HKLM\\SOFTWARE\\Policies\\Microsoft\\Windows Defender\\Value60", "details": "DWORD (0x00000000)"}, "system": {"eventID": "13", "channel": "Microsoft-Windows-Sysmon/Operational", "computer": "WS-AP-07"}}}}
{"timestamp": "2026-05-07T01:15:17.000+00:00", "rule": {"id": "61613", "level": 3, "description": "Sysmon - Event: 11 - File created.", "groups": ["sysmon", "sysmon_event_11"]}, "agent": {"id": "909", "name": "WS-RECV-02", "ip": "10.10.3.20"}, "manager": {"name": "log-srv-01"}, "id": "alert-1778116517-fc-48424", "decoder": {"name": "sysmon-event"}, "data": {"win": {"eventdata": {"utcTime": "2026-05-07 01:15:17.000", "image": "C:\\Program Files\\Microsoft Office\\root\\Office16\\OUTLOOK.EXE", "targetFilename": "C:\\Users\\records02\\AppData\\Local\\Temp\\OICE_6810.tmp", "creationUtcTime": "2026-05-07 01:15:17.000"}, "system": {"eventID": "11", "channel": "Microsoft-Windows-Sysmon/Operational", "computer": "WS-RECV-02"}}}}
{"timestamp": "2026-05-07T01:21:06.000+00:00", "rule": {"id": "61605", "level": 3, "description": "Sysmon - Event: 3 - Network connection.", "groups": ["sysmon", "sysmon_event3"]}, "agent": {"id": "314", "name": "WS-RECV-04", "ip": "10.10.3.22"}, "manager": {"name": "log-srv-01"}, "id": "alert-1778116866-net-69851", "decoder": {"name": "sysmon-event"}, "data": {"win": {"eventdata": {"utcTime": "2026-05-07 01:21:06.000", "image": "C:\\Windows\\System32\\svchost.exe", "user": "MEDDEFENSE\\system", "protocol": "tcp", "initiated": "true", "sourceIp": "10.10.3.22", "sourcePort": "61290", "destinationIp": "10.10.20.50", "destinationPort": "88", "destinationHostname": "SRV-FILE-01"}, "system": {"eventID": "3", "channel": "Microsoft-Windows-Sysmon/Operational", "computer": "WS-RECV-04"}}}, "hunt_meta": null}
{"timestamp": "2026-05-07T01:37:54.000+00:00", "rule": {"id": "60106", "level": 4, "description": "Windows: Successful login.", "groups": ["windows", "authentication_success"]}, "agent": {"id": "105", "name": "SRV-DC-01", "ip": "10.10.20.5"}, "manager": {"name": "log-srv-01"}, "id": "alert-1778117874-logon-71650", "decoder": {"name": "windows_eventchannel"}, "data": {"win": {"eventdata": {"subjectUserSid": "S-1-0-0", "subjectUserName": "-", "targetUserSid": "S-1-5-21-2418457263-3110824891-719402188-1277", "targetUserName": "svc_ad_replication", "targetDomainName": "MEDDEFENSE", "logonType": "5", "logonProcessName": "Kerberos", "authenticationPackageName": "Kerberos", "workstationName": "SRV-DC-01", "ipAddress": "10.10.20.5", "ipPort": "57102", "processName": "C:\\Windows\\System32\\lsass.exe"}, "system": {"eventID": "4624", "channel": "Security", "computer": "SRV-DC-01", "providerName": "Microsoft-Windows-Security-Auditing"}}}, "hunt_meta": {"category": "baseline_svc_auth", "source_host": "SRV-DC-01", "target_host": "SRV-DC-01", "tool": "svc_ad_replication_service", "authorized": true}}
{"timestamp": "2026-05-07T01:41:13.000+00:00", "rule": {"id": "61612", "level": 3, "description": "Sysmon - Event: 13 - Registry value set.", "groups": ["sysmon", "sysmon_event_13"]}, "agent": {"id": "631", "name": "WS-NURSE-01", "ip": "10.10.2.11"}, "manager": {"name": "log-srv-01"}, "id": "alert-1778118073-reg-26579", "decoder": {"name": "sysmon-event"}, "data": {"win": {"eventdata": {"utcTime": "2026-05-07 01:41:13.000", "eventType": "SetValue", "image": "C:\\Windows\\System32\\svchost.exe", "targetObject": "HKLM\\SYSTEM\\CurrentControlSet\\Services\\Value24", "details": "Binary Data"}, "system": {"eventID": "13", "channel": "Microsoft-Windows-Sysmon/Operational", "computer": "WS-NURSE-01"}}}}
{"timestamp": "2026-05-07T01:41:25.000+00:00", "rule": {"id": "60106", "level": 4, "description": "Windows: Successful login.", "groups": ["windows", "authentication_success"]}, "agent": {"id": "125", "name": "SRV-INS-DB", "ip": "10.10.20.25"}, "manager": {"name": "log-srv-01"}, "id": "alert-1778118085-logon-83128", "decoder": {"name": "windows_eventchannel"}, "data": {"win": {"eventdata": {"subjectUserSid": "S-1-0-0", "subjectUserName": "-", "targetUserSid": "S-1-5-21-2418457263-3110824891-719402188-1384", "targetUserName": "svc_insurance", "targetDomainName": "MEDDEFENSE", "logonType": "3", "logonProcessName": "Kerberos", "authenticationPackageName": "Kerberos", "workstationName": "SRV-INS-DB", "ipAddress": "10.10.20.25", "ipPort": "62377", "processName": "C:\\Windows\\System32\\lsass.exe"}, "system": {"eventID": "4624", "channel": "Security", "computer": "SRV-INS-DB", "providerName": "Microsoft-Windows-Security-Auditing"}}}, "hunt_meta": {"category": "baseline_svc_auth", "source_host": "SRV-INS-DB", "target_host": "SRV-INS-DB", "tool": "svc_insurance_service", "authorized": true}}
{"timestamp": "2026-05-07T01:46:06.000+00:00", "rule": {"id": "61605", "level": 3, "description": "Sysmon - Event: 3 - Network connection.", "groups": ["sysmon", "sysmon_event3"]}, "agent": {"id": "845", "name": "WS-AP-07", "ip": "10.10.4.41"}, "manager": {"name": "log-srv-01"}, "id": "alert-1778118366-net-90513", "decoder": {"name": "sysmon-event"}, "data": {"win": {"eventdata": {"utcTime": "2026-05-07 01:46:06.000", "image": "C:\\Windows\\System32\\svchost.exe", "user": "MEDDEFENSE\\system", "protocol": "tcp", "initiated": "true", "sourceIp": "10.10.4.41", "sourcePort": "55110", "destinationIp": "10.10.20.60", "destinationPort": "636", "destinationHostname": "SRV-PATCH-01"}, "system": {"eventID": "3", "channel": "Microsoft-Windows-Sysmon/Operational", "computer": "WS-AP-07"}}}, "hunt_meta": null}
{"timestamp": "2026-05-07T01:54:29.000+00:00", "rule": {"id": "60106", "level": 4, "description": "Windows: Successful login.", "groups": ["windows", "authentication_success"]}, "agent": {"id": "115", "name": "SRV-HEALTH-DB", "ip": "10.10.20.15"}, "manager": {"name": "log-srv-01"}, "id": "alert-1778118869-logon-65285", "decoder": {"name": "windows_eventchannel"}, "data": {"win": {"eventdata": {"subjectUserSid": "S-1-0-0", "subjectUserName": "-", "targetUserSid": "S-1-5-21-2418457263-3110824891-719402188-1324", "targetUserName": "svc_healthsync", "targetDomainName": "MEDDEFENSE", "logonType": "3", "logonProcessName": "Kerberos", "authenticationPackageName": "Kerberos", "workstationName": "SRV-HEALTH-DB", "ipAddress": "10.10.20.15", "ipPort": "59064", "processName": "C:\\Windows\\System32\\lsass.exe"}, "system": {"eventID": "4624", "channel": "Security", "computer": "SRV-HEALTH-DB", "providerName": "Microsoft-Windows-Security-Auditing"}}}, "hunt_meta": {"category": "baseline_svc_auth", "source_host": "SRV-HEALTH-DB", "target_host": "SRV-HEALTH-DB", "tool": "svc_healthsync_service", "authorized": true}}
{"timestamp": "2026-05-07T01:56:41.000+00:00", "rule": {"id": "61605", "level": 3, "description": "Sysmon - Event: 3 - Network connection.", "groups": ["sysmon", "sysmon_event3"]}, "agent": {"id": "696", "name": "WS-NURSE-04", "ip": "10.10.2.15"}, "manager": {"name": "log-srv-01"}, "id": "alert-1778119001-net-71213", "decoder": {"name": "sysmon-event"}, "data": {"win": {"eventdata": {"utcTime": "2026-05-07 01:56:41.000", "image": "C:\\Windows\\System32\\svchost.exe", "user": "MEDDEFENSE\\system", "protocol": "tcp", "initiated": "true", "sourceIp": "10.10.2.15", "sourcePort": "64187", "destinationIp": "10.10.20.6", "destinationPort": "445", "destinationHostname": "SRV-DC-02"}, "system": {"eventID": "3", "channel": "Microsoft-Windows-Sysmon/Operational", "computer": "WS-NURSE-04"}}}, "hunt_meta": null}
{"timestamp": "2026-05-07T01:57:58.000+00:00", "rule": {"id": "60106", "level": 4, "description": "Windows: Successful login.", "groups": ["windows", "authentication_success"]}, "agent": {"id": "160", "name": "SRV-PATCH-01", "ip": "10.10.20.60"}, "manager": {"name": "log-srv-01"}, "id": "alert-1778119078-logon-17953", "decoder": {"name": "windows_eventchannel"}, "data": {"win": {"eventdata": {"subjectUserSid": "S-1-0-0", "subjectUserName": "-", "targetUserSid": "S-1-5-21-2418457263-3110824891-719402188-1247", "targetUserName": "svc_patchdeploy", "targetDomainName": "MEDDEFENSE", "logonType": "5", "logonProcessName": "Kerberos", "authenticationPackageName": "Kerberos", "workstationName": "SRV-PATCH-01", "ipAddress": "10.10.20.60", "ipPort": "51645", "processName": "C:\\Windows\\System32\\lsass.exe"}, "system": {"eventID": "4624", "channel": "Security", "computer": "SRV-PATCH-01", "providerName": "Microsoft-Windows-Security-Auditing"}}}, "hunt_meta": {"category": "baseline_svc_auth", "source_host": "SRV-PATCH-01", "target_host": "SRV-PATCH-01", "tool": "svc_patchdeploy_service", "authorized": true}}
{"timestamp": "2026-05-07T02:05:03.000+00:00", "rule": {"id": "60106", "level": 4, "description": "Windows: Successful login.", "groups": ["windows", "authentication_success"]}, "agent": {"id": "115", "name": "SRV-HEALTH-DB", "ip": "10.10.20.15"}, "manager": {"name": "log-srv-01"}, "id": "alert-1778119503-logon-81973", "decoder": {"name": "windows_eventchannel"}, "data": {"win": {"eventdata": {"subjectUserSid": "S-1-0-0", "subjectUserName": "-", "targetUserSid": "S-1-5-21-2418457263-3110824891-719402188-1136", "targetUserName": "svc_healthsync", "targetDomainName": "MEDDEFENSE", "logonType": "5", "logonProcessName": "Kerberos", "authenticationPackageName": "Kerberos", "workstationName": "SRV-HEALTH-DB", "ipAddress": "10.10.20.15", "ipPort": "63462", "processName": "C:\\Windows\\System32\\lsass.exe"}, "system": {"eventID": "4624", "channel": "Security", "computer": "SRV-HEALTH-DB", "providerName": "Microsoft-Windows-Security-Auditing"}}}, "hunt_meta": {"category": "baseline_svc_auth", "source_host": "SRV-HEALTH-DB", "target_host": "SRV-HEALTH-DB", "tool": "svc_healthsync_service", "authorized": true}}
{"timestamp": "2026-05-07T02:07:29.000+00:00", "rule": {"id": "60106", "level": 4, "description": "Windows: Successful login.", "groups": ["windows", "authentication_success"]}, "agent": {"id": "170", "name": "SRV-AV-01", "ip": "10.10.20.70"}, "manager": {"name": "log-srv-01"}, "id": "alert-1778119649-logon-12464", "decoder": {"name": "windows_eventchannel"}, "data": {"win": {"eventdata": {"subjectUserSid": "S-1-0-0", "subjectUserName": "-", "targetUserSid": "S-1-5-21-2418457263-3110824891-719402188-1445", "targetUserName": "svc_av", "targetDomainName": "MEDDEFENSE", "logonType": "5", "logonProcessName": "Kerberos", "authenticationPackageName": "Kerberos", "workstationName": "SRV-AV-01", "ipAddress": "10.10.20.70", "ipPort": "54448", "processName": "C:\\Windows\\System32\\lsass.exe"}, "system": {"eventID": "4624", "channel": "Security", "computer": "SRV-AV-01", "providerName": "Microsoft-Windows-Security-Auditing"}}}, "hunt_meta": {"category": "baseline_svc_auth", "source_host": "SRV-AV-01", "target_host": "SRV-AV-01", "tool": "svc_av_service", "authorized": true}}
{"timestamp": "2026-05-07T02:14:31.000+00:00", "rule": {"id": "61605", "level": 3, "description": "Sysmon - Event: 3 - Network connection.", "groups": ["sysmon", "sysmon_event3"]}, "agent": {"id": "907", "name": "WS-BILL-01", "ip": "10.10.4.30"}, "manager": {"name": "log-srv-01"}, "id": "alert-1778120071-net-88556", "decoder": {"name": "sysmon-event"}, "data": {"win": {"eventdata": {"utcTime": "2026-05-07 02:14:31.000", "image": "C:\\Windows\\System32\\svchost.exe", "user": "MEDDEFENSE\\system", "protocol": "tcp", "initiated": "true", "sourceIp": "10.10.4.30", "sourcePort": "63536", "destinationIp": "10.10.20.70", "destinationPort": "636", "destinationHostname": "SRV-AV-01"}, "system": {"eventID": "3", "channel": "Microsoft-Windows-Sysmon/Operational", "computer": "WS-BILL-01"}}}, "hunt_meta": null}
{"timestamp": "2026-05-07T02:24:08.000+00:00", "rule": {"id": "61612", "level": 3, "description": "Sysmon - Event: 13 - Registry value set.", "groups": ["sysmon", "sysmon_event_13"]}, "agent": {"id": "817", "name": "WS-RECV-01", "ip": "10.10.3.19"}, "manager": {"name": "log-srv-01"}, "id": "alert-1778120648-reg-76192", "decoder": {"name": "sysmon-event"}, "data": {"win": {"eventdata": {"utcTime": "2026-05-07 02:24:08.000", "eventType": "SetValue", "image": "C:\\Program Files\\Microsoft Office\\root\\Office16\\WINWORD.EXE", "targetObject": "HKLM\\SOFTWARE\\Microsoft\\Windows\\CurrentVersion\\Uninstall\\Value71", "details": "DWORD (0x00000001)"}, "system": {"eventID": "13", "channel": "Microsoft-Windows-Sysmon/Operational", "computer": "WS-RECV-01"}}}}
{"timestamp": "2026-05-07T02:31:50.000+00:00", "rule": {"id": "60106", "level": 4, "description": "Windows: Successful login.", "groups": ["windows", "authentication_success"]}, "agent": {"id": "105", "name": "SRV-DC-01", "ip": "10.10.20.5"}, "manager": {"name": "log-srv-01"}, "id": "alert-1778121110-logon-97752", "decoder": {"name": "windows_eventchannel"}, "data": {"win": {"eventdata": {"subjectUserSid": "S-1-0-0", "subjectUserName": "-", "targetUserSid": "S-1-5-21-2418457263-3110824891-719402188-1218", "targetUserName": "svc_ad_replication", "targetDomainName": "MEDDEFENSE", "logonType": "5", "logonProcessName": "Kerberos", "authenticationPackageName": "Kerberos", "workstationName": "SRV-DC-01", "ipAddress": "10.10.20.5", "ipPort": "64897", "processName": "C:\\Windows\\System32\\lsass.exe"}, "system": {"eventID": "4624", "channel": "Security", "computer": "SRV-DC-01", "providerName": "Microsoft-Windows-Security-Auditing"}}}, "hunt_meta": {"category": "baseline_svc_auth", "source_host": "SRV-DC-01", "target_host": "SRV-DC-01", "tool": "svc_ad_replication_service", "authorized": true}}
{"timestamp": "2026-05-07T03:10:22.000+00:00", "rule": {"id": "61612", "level": 3, "description": "Sysmon - Event: 13 - Registry value set.", "groups": ["sysmon", "sysmon_event_13"]}, "agent": {"id": "794", "name": "WS-BILL-02", "ip": "10.10.4.33"}, "manager": {"name": "log-srv-01"}, "id": "alert-1778123422-reg-30444", "decoder": {"name": "sysmon-event"}, "data": {"win": {"eventdata": {"utcTime": "2026-05-07 03:10:22.000", "eventType": "SetValue", "image": "C:\\Windows\\System32\\TrustedInstaller.exe", "targetObject": "HKLM\\SOFTWARE\\Microsoft\\Cryptography\\Value18", "details": "DWORD (0x00000001)"}, "system": {"eventID": "13", "channel": "Microsoft-Windows-Sysmon/Operational", "computer": "WS-BILL-02"}}}}
{"timestamp": "2026-05-07T03:26:57.000+00:00", "rule": {"id": "60106", "level": 4, "description": "Windows: Successful login.", "groups": ["windows", "authentication_success"]}, "agent": {"id": "105", "name": "SRV-DC-01", "ip": "10.10.20.5"}, "manager": {"name": "log-srv-01"}, "id": "alert-1778124417-logon-31865", "decoder": {"name": "windows_eventchannel"}, "data": {"win": {"eventdata": {"subjectUserSid": "S-1-0-0", "subjectUserName": "-", "targetUserSid": "S-1-5-21-2418457263-3110824891-719402188-1515", "targetUserName": "svc_ad_replication", "targetDomainName": "MEDDEFENSE", "logonType": "5", "logonProcessName": "Kerberos", "authenticationPackageName": "Kerberos", "workstationName": "SRV-DC-01", "ipAddress": "10.10.20.5", "ipPort": "64759", "processName": "C:\\Windows\\System32\\lsass.exe"}, "system": {"eventID": "4624", "channel": "Security", "computer": "SRV-DC-01", "providerName": "Microsoft-Windows-Security-Auditing"}}}, "hunt_meta": {"category": "baseline_svc_auth", "source_host": "SRV-DC-01", "target_host": "SRV-DC-01", "tool": "svc_ad_replication_service", "authorized": true}}
{"timestamp": "2026-05-07T03:30:31.000+00:00", "rule": {"id": "60106", "level": 4, "description": "Windows: Successful login.", "groups": ["windows", "authentication_success"]}, "agent": {"id": "115", "name": "SRV-HEALTH-DB", "ip": "10.10.20.15"}, "manager": {"name": "log-srv-01"}, "id": "alert-1778124631-logon-81846", "decoder": {"name": "windows_eventchannel"}, "data": {"win": {"eventdata": {"subjectUserSid": "S-1-0-0", "subjectUserName": "-", "targetUserSid": "S-1-5-21-2418457263-3110824891-719402188-1485", "targetUserName": "svc_healthsync", "targetDomainName": "MEDDEFENSE", "logonType": "5", "logonProcessName": "Kerberos", "authenticationPackageName": "Kerberos", "workstationName": "SRV-HEALTH-DB", "ipAddress": "10.10.20.15", "ipPort": "60083", "processName": "C:\\Windows\\System32\\lsass.exe"}, "system": {"eventID": "4624", "channel": "Security", "computer": "SRV-HEALTH-DB", "providerName": "Microsoft-Windows-Security-Auditing"}}}, "hunt_meta": {"category": "baseline_svc_auth", "source_host": "SRV-HEALTH-DB", "target_host": "SRV-HEALTH-DB", "tool": "svc_healthsync_service", "authorized": true}}
{"timestamp": "2026-05-07T03:38:00.000+00:00", "rule": {"id": "61612", "level": 3, "description": "Sysmon - Event: 13 - Registry value set.", "groups": ["sysmon", "sysmon_event_13"]}, "agent": {"id": "561", "name": "WS-HELPDESK-02", "ip": "10.10.9.21"}, "manager": {"name": "log-srv-01"}, "id": "alert-1778125080-reg-82499", "decoder": {"name": "sysmon-event"}, "data": {"win": {"eventdata": {"utcTime": "2026-05-07 03:38:00.000", "eventType": "SetValue", "image": "C:\\Windows\\System32\\TrustedInstaller.exe", "targetObject": "HKLM\\SYSTEM\\CurrentControlSet\\Services\\Value94", "details": "DWORD (0x00000000)"}, "system": {"eventID": "13", "channel": "Microsoft-Windows-Sysmon/Operational", "computer": "WS-HELPDESK-02"}}}}
{"timestamp": "2026-05-07T03:39:55.000+00:00", "rule": {"id": "60106", "level": 4, "description": "Windows: Successful login.", "groups": ["windows", "authentication_success"]}, "agent": {"id": "115", "name": "SRV-HEALTH-DB", "ip": "10.10.20.15"}, "manager": {"name": "log-srv-01"}, "id": "alert-1778125195-logon-83526", "decoder": {"name": "windows_eventchannel"}, "data": {"win": {"eventdata": {"subjectUserSid": "S-1-0-0", "subjectUserName": "-", "targetUserSid": "S-1-5-21-2418457263-3110824891-719402188-1486", "targetUserName": "svc_healthsync", "targetDomainName": "MEDDEFENSE", "logonType": "5", "logonProcessName": "Kerberos", "authenticationPackageName": "Kerberos", "workstationName": "SRV-HEALTH-DB", "ipAddress": "10.10.20.15", "ipPort": "58686", "processName": "C:\\Windows\\System32\\lsass.exe"}, "system": {"eventID": "4624", "channel": "Security", "computer": "SRV-HEALTH-DB", "providerName": "Microsoft-Windows-Security-Auditing"}}}, "hunt_meta": {"category": "baseline_svc_auth", "source_host": "SRV-HEALTH-DB", "target_host": "SRV-HEALTH-DB", "tool": "svc_healthsync_service", "authorized": true}}
{"timestamp": "2026-05-07T03:43:21.000+00:00", "rule": {"id": "60106", "level": 4, "description": "Windows: Successful login.", "groups": ["windows", "authentication_success"]}, "agent": {"id": "115", "name": "SRV-HEALTH-DB", "ip": "10.10.20.15"}, "manager": {"name": "log-srv-01"}, "id": "alert-1778125401-logon-45340", "decoder": {"name": "windows_eventchannel"}, "data": {"win": {"eventdata": {"subjectUserSid": "S-1-0-0", "subjectUserName": "-", "targetUserSid": "S-1-5-21-2418457263-3110824891-719402188-1465", "targetUserName": "svc_healthsync", "targetDomainName": "MEDDEFENSE", "logonType": "5", "logonProcessName": "Kerberos", "authenticationPackageName": "Kerberos", "workstationName": "SRV-HEALTH-DB", "ipAddress": "10.10.20.15", "ipPort": "57683", "processName": "C:\\Windows\\System32\\lsass.exe"}, "system": {"eventID": "4624", "channel": "Security", "computer": "SRV-HEALTH-DB", "providerName": "Microsoft-Windows-Security-Auditing"}}}, "hunt_meta": {"category": "baseline_svc_auth", "source_host": "SRV-HEALTH-DB", "target_host": "SRV-HEALTH-DB", "tool": "svc_healthsync_service", "authorized": true}}
{"timestamp": "2026-05-07T03:45:30.000+00:00", "rule": {"id": "61645", "level": 3, "description": "Sysmon - Event: 22 - DNS query.", "groups": ["sysmon", "sysmon_event_22"]}, "agent": {"id": "755", "name": "WS-NURSE-02", "ip": "10.10.2.12"}, "manager": {"name": "log-srv-01"}, "id": "alert-1778125530-dns-70311", "decoder": {"name": "sysmon-event"}, "data": {"win": {"eventdata": {"utcTime": "2026-05-07 03:45:30.000", "queryName": "meddefense.local", "queryStatus": "0", "queryResults": "type:  5 10.10.20.5", "image": "C:\\Windows\\System32\\svchost.exe"}, "system": {"eventID": "22", "channel": "Microsoft-Windows-Sysmon/Operational", "computer": "WS-NURSE-02"}}}, "hunt_meta": null}
{"timestamp": "2026-05-07T03:47:53.000+00:00", "rule": {"id": "60106", "level": 4, "description": "Windows: Successful login.", "groups": ["windows", "authentication_success"]}, "agent": {"id": "125", "name": "SRV-INS-DB", "ip": "10.10.20.25"}, "manager": {"name": "log-srv-01"}, "id": "alert-1778125673-logon-40584", "decoder": {"name": "windows_eventchannel"}, "data": {"win": {"eventdata": {"subjectUserSid": "S-1-0-0", "subjectUserName": "-", "targetUserSid": "S-1-5-21-2418457263-3110824891-719402188-1483", "targetUserName": "svc_insurance", "targetDomainName": "MEDDEFENSE", "logonType": "5", "logonProcessName": "Kerberos", "authenticationPackageName": "Kerberos", "workstationName": "SRV-INS-DB", "ipAddress": "10.10.20.25", "ipPort": "61779", "processName": "C:\\Windows\\System32\\lsass.exe"}, "system": {"eventID": "4624", "channel": "Security", "computer": "SRV-INS-DB", "providerName": "Microsoft-Windows-Security-Auditing"}}}, "hunt_meta": {"category": "baseline_svc_auth", "source_host": "SRV-INS-DB", "target_host": "SRV-INS-DB", "tool": "svc_insurance_service", "authorized": true}}
{"timestamp": "2026-05-07T03:50:56.000+00:00", "rule": {"id": "60106", "level": 4, "description": "Windows: Successful login.", "groups": ["windows", "authentication_success"]}, "agent": {"id": "170", "name": "SRV-AV-01", "ip": "10.10.20.70"}, "manager": {"name": "log-srv-01"}, "id": "alert-1778125856-logon-50196", "decoder": {"name": "windows_eventchannel"}, "data": {"win": {"eventdata": {"subjectUserSid": "S-1-0-0", "subjectUserName": "-", "targetUserSid": "S-1-5-21-2418457263-3110824891-719402188-1140", "targetUserName": "svc_av", "targetDomainName": "MEDDEFENSE", "logonType": "5", "logonProcessName": "Kerberos", "authenticationPackageName": "Kerberos", "workstationName": "SRV-AV-01", "ipAddress": "10.10.20.70", "ipPort": "57575", "processName": "C:\\Windows\\System32\\lsass.exe"}, "system": {"eventID": "4624", "channel": "Security", "computer": "SRV-AV-01", "providerName": "Microsoft-Windows-Security-Auditing"}}}, "hunt_meta": {"category": "baseline_svc_auth", "source_host": "SRV-AV-01", "target_host": "SRV-AV-01", "tool": "svc_av_service", "authorized": true}}
{"timestamp": "2026-05-07T04:02:42.000+00:00", "rule": {"id": "61605", "level": 3, "description": "Sysmon - Event: 3 - Network connection.", "groups": ["sysmon", "sysmon_event3"]}, "agent": {"id": "272", "name": "WS-ADMIN-01", "ip": "10.10.9.10"}, "manager": {"name": "log-srv-01"}, "id": "alert-1778126562-net-65469", "decoder": {"name": "sysmon-event"}, "data": {"win": {"eventdata": {"utcTime": "2026-05-07 04:02:42.000", "image": "C:\\Windows\\System32\\svchost.exe", "user": "MEDDEFENSE\\system", "protocol": "tcp", "initiated": "true", "sourceIp": "10.10.9.10", "sourcePort": "54898", "destinationIp": "10.10.20.5", "destinationPort": "445", "destinationHostname": "SRV-DC-01"}, "system": {"eventID": "3", "channel": "Microsoft-Windows-Sysmon/Operational", "computer": "WS-ADMIN-01"}}}, "hunt_meta": null}
{"timestamp": "2026-05-07T04:04:27.000+00:00", "rule": {"id": "61612", "level": 3, "description": "Sysmon - Event: 13 - Registry value set.", "groups": ["sysmon", "sysmon_event_13"]}, "agent": {"id": "233", "name": "WS-RECV-03", "ip": "10.10.3.21"}, "manager": {"name": "log-srv-01"}, "id": "alert-1778126667-reg-95451", "decoder": {"name": "sysmon-event"}, "data": {"win": {"eventdata": {"utcTime": "2026-05-07 04:04:27.000", "eventType": "SetValue", "image": "C:\\Program Files\\Microsoft Office\\root\\Office16\\WINWORD.EXE", "targetObject": "HKLM\\SYSTEM\\CurrentControlSet\\Services\\Value81", "details": "Binary Data"}, "system": {"eventID": "13", "channel": "Microsoft-Windows-Sysmon/Operational", "computer": "WS-RECV-03"}}}}
{"timestamp": "2026-05-07T04:10:43.000+00:00", "rule": {"id": "60106", "level": 4, "description": "Windows: Successful login.", "groups": ["windows", "authentication_success"]}, "agent": {"id": "160", "name": "SRV-PATCH-01", "ip": "10.10.20.60"}, "manager": {"name": "log-srv-01"}, "id": "alert-1778127043-logon-82000", "decoder": {"name": "windows_eventchannel"}, "data": {"win": {"eventdata": {"subjectUserSid": "S-1-0-0", "subjectUserName": "-", "targetUserSid": "S-1-5-21-2418457263-3110824891-719402188-1450", "targetUserName": "svc_patchdeploy", "targetDomainName": "MEDDEFENSE", "logonType": "5", "logonProcessName": "Kerberos", "authenticationPackageName": "Kerberos", "workstationName": "SRV-PATCH-01", "ipAddress": "10.10.20.60", "ipPort": "54385", "processName": "C:\\Windows\\System32\\lsass.exe"}, "system": {"eventID": "4624", "channel": "Security", "computer": "SRV-PATCH-01", "providerName": "Microsoft-Windows-Security-Auditing"}}}, "hunt_meta": {"category": "baseline_svc_auth", "source_host": "SRV-PATCH-01", "target_host": "SRV-PATCH-01", "tool": "svc_patchdeploy_service", "authorized": true}}
{"timestamp": "2026-05-07T04:14:09.000+00:00", "rule": {"id": "60106", "level": 4, "description": "Windows: Successful login.", "groups": ["windows", "authentication_success"]}, "agent": {"id": "115", "name": "SRV-HEALTH-DB", "ip": "10.10.20.15"}, "manager": {"name": "log-srv-01"}, "id": "alert-1778127249-logon-63125", "decoder": {"name": "windows_eventchannel"}, "data": {"win": {"eventdata": {"subjectUserSid": "S-1-0-0", "subjectUserName": "-", "targetUserSid": "S-1-5-21-2418457263-3110824891-719402188-1343", "targetUserName": "svc_healthsync", "targetDomainName": "MEDDEFENSE", "logonType": "5", "logonProcessName": "Kerberos", "authenticationPackageName": "Kerberos", "workstationName": "SRV-HEALTH-DB", "ipAddress": "10.10.20.15", "ipPort": "63125", "processName": "C:\\Windows\\System32\\lsass.exe"}, "system": {"eventID": "4624", "channel": "Security", "computer": "SRV-HEALTH-DB", "providerName": "Microsoft-Windows-Security-Auditing"}}}, "hunt_meta": {"category": "baseline_svc_auth", "source_host": "SRV-HEALTH-DB", "target_host": "SRV-HEALTH-DB", "tool": "svc_healthsync_service", "authorized": true}}
{"timestamp": "2026-05-07T04:17:09.000+00:00", "rule": {"id": "60106", "level": 4, "description": "Windows: Successful login.", "groups": ["windows", "authentication_success"]}, "agent": {"id": "180", "name": "SRV-BACKUP-01", "ip": "10.10.20.80"}, "manager": {"name": "log-srv-01"}, "id": "alert-1778127429-logon-95928", "decoder": {"name": "windows_eventchannel"}, "data": {"win": {"eventdata": {"subjectUserSid": "S-1-0-0", "subjectUserName": "-", "targetUserSid": "S-1-5-21-2418457263-3110824891-719402188-1456", "targetUserName": "svc_backup", "targetDomainName": "MEDDEFENSE", "logonType": "5", "logonProcessName": "Kerberos", "authenticationPackageName": "Kerberos", "workstationName": "SRV-BACKUP-01", "ipAddress": "10.10.20.80", "ipPort": "53594", "processName": "C:\\Windows\\System32\\lsass.exe"}, "system": {"eventID": "4624", "channel": "Security", "computer": "SRV-BACKUP-01", "providerName": "Microsoft-Windows-Security-Auditing"}}}, "hunt_meta": {"category": "baseline_svc_auth", "source_host": "SRV-BACKUP-01", "target_host": "SRV-BACKUP-01", "tool": "svc_backup_service", "authorized": true}}
{"timestamp": "2026-05-07T04:18:40.000+00:00", "rule": {"id": "60106", "level": 4, "description": "Windows: Successful login.", "groups": ["windows", "authentication_success"]}, "agent": {"id": "125", "name": "SRV-INS-DB", "ip": "10.10.20.25"}, "manager": {"name": "log-srv-01"}, "id": "alert-1778127520-logon-76690", "decoder": {"name": "windows_eventchannel"}, "data": {"win": {"eventdata": {"subjectUserSid": "S-1-0-0", "subjectUserName": "-", "targetUserSid": "S-1-5-21-2418457263-3110824891-719402188-1157", "targetUserName": "svc_insurance", "targetDomainName": "MEDDEFENSE", "logonType": "5", "logonProcessName": "Kerberos", "authenticationPackageName": "Kerberos", "workstationName": "SRV-INS-DB", "ipAddress": "10.10.20.25", "ipPort": "55910", "processName": "C:\\Windows\\System32\\lsass.exe"}, "system": {"eventID": "4624", "channel": "Security", "computer": "SRV-INS-DB", "providerName": "Microsoft-Windows-Security-Auditing"}}}, "hunt_meta": {"category": "baseline_svc_auth", "source_host": "SRV-INS-DB", "target_host": "SRV-INS-DB", "tool": "svc_insurance_service", "authorized": true}}
{"timestamp": "2026-05-07T04:30:17.000+00:00", "rule": {"id": "60106", "level": 4, "description": "Windows: Successful login.", "groups": ["windows", "authentication_success"]}, "agent": {"id": "170", "name": "SRV-AV-01", "ip": "10.10.20.70"}, "manager": {"name": "log-srv-01"}, "id": "alert-1778128217-logon-81150", "decoder": {"name": "windows_eventchannel"}, "data": {"win": {"eventdata": {"subjectUserSid": "S-1-0-0", "subjectUserName": "-", "targetUserSid": "S-1-5-21-2418457263-3110824891-719402188-1152", "targetUserName": "svc_av", "targetDomainName": "MEDDEFENSE", "logonType": "3", "logonProcessName": "Kerberos", "authenticationPackageName": "Kerberos", "workstationName": "SRV-AV-01", "ipAddress": "10.10.20.70", "ipPort": "58387", "processName": "C:\\Windows\\System32\\lsass.exe"}, "system": {"eventID": "4624", "channel": "Security", "computer": "SRV-AV-01", "providerName": "Microsoft-Windows-Security-Auditing"}}}, "hunt_meta": {"category": "baseline_svc_auth", "source_host": "SRV-AV-01", "target_host": "SRV-AV-01", "tool": "svc_av_service", "authorized": true}}
{"timestamp": "2026-05-07T04:31:43.000+00:00", "rule": {"id": "61612", "level": 3, "description": "Sysmon - Event: 13 - Registry value set.", "groups": ["sysmon", "sysmon_event_13"]}, "agent": {"id": "314", "name": "WS-RECV-04", "ip": "10.10.3.22"}, "manager": {"name": "log-srv-01"}, "id": "alert-1778128303-reg-51693", "decoder": {"name": "sysmon-event"}, "data": {"win": {"eventdata": {"utcTime": "2026-05-07 04:31:43.000", "eventType": "SetValue", "image": "C:\\Windows\\System32\\TrustedInstaller.exe", "targetObject": "HKCU\\Software\\Microsoft\\Office\\16.0\\Word\\Value8", "details": "QWORD (0x00000064)"}, "system": {"eventID": "13", "channel": "Microsoft-Windows-Sysmon/Operational", "computer": "WS-RECV-04"}}}}
{"timestamp": "2026-05-07T04:32:40.000+00:00", "rule": {"id": "61605", "level": 3, "description": "Sysmon - Event: 3 - Network connection.", "groups": ["sysmon", "sysmon_event3"]}, "agent": {"id": "272", "name": "WS-ADMIN-01", "ip": "10.10.9.10"}, "manager": {"name": "log-srv-01"}, "id": "alert-1778128360-net-38136", "decoder": {"name": "sysmon-event"}, "data": {"win": {"eventdata": {"utcTime": "2026-05-07 04:32:40.000", "image": "C:\\Windows\\System32\\svchost.exe", "user": "MEDDEFENSE\\system", "protocol": "tcp", "initiated": "true", "sourceIp": "10.10.9.10", "sourcePort": "59417", "destinationIp": "10.10.20.70", "destinationPort": "389", "destinationHostname": "SRV-AV-01"}, "system": {"eventID": "3", "channel": "Microsoft-Windows-Sysmon/Operational", "computer": "WS-ADMIN-01"}}}, "hunt_meta": null}
{"timestamp": "2026-05-07T04:38:09.000+00:00", "rule": {"id": "61605", "level": 3, "description": "Sysmon - Event: 3 - Network connection.", "groups": ["sysmon", "sysmon_event3"]}, "agent": {"id": "696", "name": "WS-NURSE-04", "ip": "10.10.2.15"}, "manager": {"name": "log-srv-01"}, "id": "alert-1778128689-net-70291", "decoder": {"name": "sysmon-event"}, "data": {"win": {"eventdata": {"utcTime": "2026-05-07 04:38:09.000", "image": "C:\\Windows\\System32\\svchost.exe", "user": "MEDDEFENSE\\system", "protocol": "tcp", "initiated": "true", "sourceIp": "10.10.2.15", "sourcePort": "58522", "destinationIp": "10.10.20.6", "destinationPort": "445", "destinationHostname": "SRV-DC-02"}, "system": {"eventID": "3", "channel": "Microsoft-Windows-Sysmon/Operational", "computer": "WS-NURSE-04"}}}, "hunt_meta": null}
{"timestamp": "2026-05-07T04:38:35.000+00:00", "rule": {"id": "60106", "level": 4, "description": "Windows: Successful login.", "groups": ["windows", "authentication_success"]}, "agent": {"id": "125", "name": "SRV-INS-DB", "ip": "10.10.20.25"}, "manager": {"name": "log-srv-01"}, "id": "alert-1778128715-logon-77348", "decoder": {"name": "windows_eventchannel"}, "data": {"win": {"eventdata": {"subjectUserSid": "S-1-0-0", "subjectUserName": "-", "targetUserSid": "S-1-5-21-2418457263-3110824891-719402188-1593", "targetUserName": "svc_insurance", "targetDomainName": "MEDDEFENSE", "logonType": "5", "logonProcessName": "Kerberos", "authenticationPackageName": "Kerberos", "workstationName": "SRV-INS-DB", "ipAddress": "10.10.20.25", "ipPort": "60734", "processName": "C:\\Windows\\System32\\lsass.exe"}, "system": {"eventID": "4624", "channel": "Security", "computer": "SRV-INS-DB", "providerName": "Microsoft-Windows-Security-Auditing"}}}, "hunt_meta": {"category": "baseline_svc_auth", "source_host": "SRV-INS-DB", "target_host": "SRV-INS-DB", "tool": "svc_insurance_service", "authorized": true}}
{"timestamp": "2026-05-07T04:41:33.000+00:00", "rule": {"id": "60106", "level": 4, "description": "Windows: Successful login.", "groups": ["windows", "authentication_success"]}, "agent": {"id": "115", "name": "SRV-HEALTH-DB", "ip": "10.10.20.15"}, "manager": {"name": "log-srv-01"}, "id": "alert-1778128893-logon-49126", "decoder": {"name": "windows_eventchannel"}, "data": {"win": {"eventdata": {"subjectUserSid": "S-1-0-0", "subjectUserName": "-", "targetUserSid": "S-1-5-21-2418457263-3110824891-719402188-1390", "targetUserName": "svc_healthsync", "targetDomainName": "MEDDEFENSE", "logonType": "5", "logonProcessName": "Kerberos", "authenticationPackageName": "Kerberos", "workstationName": "SRV-HEALTH-DB", "ipAddress": "10.10.20.15", "ipPort": "59834", "processName": "C:\\Windows\\System32\\lsass.exe"}, "system": {"eventID": "4624", "channel": "Security", "computer": "SRV-HEALTH-DB", "providerName": "Microsoft-Windows-Security-Auditing"}}}, "hunt_meta": {"category": "baseline_svc_auth", "source_host": "SRV-HEALTH-DB", "target_host": "SRV-HEALTH-DB", "tool": "svc_healthsync_service", "authorized": true}}
{"timestamp": "2026-05-07T04:44:41.000+00:00", "rule": {"id": "61612", "level": 3, "description": "Sysmon - Event: 13 - Registry value set.", "groups": ["sysmon", "sysmon_event_13"]}, "agent": {"id": "909", "name": "WS-RECV-02", "ip": "10.10.3.20"}, "manager": {"name": "log-srv-01"}, "id": "alert-1778129081-reg-89900", "decoder": {"name": "sysmon-event"}, "data": {"win": {"eventdata": {"utcTime": "2026-05-07 04:44:41.000", "eventType": "SetValue", "image": "C:\\Windows\\System32\\svchost.exe", "targetObject": "HKLM\\SOFTWARE\\Policies\\Microsoft\\Windows Defender\\Value45", "details": "Binary Data"}, "system": {"eventID": "13", "channel": "Microsoft-Windows-Sysmon/Operational", "computer": "WS-RECV-02"}}}}
{"timestamp": "2026-05-07T04:46:52.000+00:00", "rule": {"id": "60106", "level": 4, "description": "Windows: Successful login.", "groups": ["windows", "authentication_success"]}, "agent": {"id": "160", "name": "SRV-PATCH-01", "ip": "10.10.20.60"}, "manager": {"name": "log-srv-01"}, "id": "alert-1778129212-logon-22714", "decoder": {"name": "windows_eventchannel"}, "data": {"win": {"eventdata": {"subjectUserSid": "S-1-0-0", "subjectUserName": "-", "targetUserSid": "S-1-5-21-2418457263-3110824891-719402188-1353", "targetUserName": "svc_patchdeploy", "targetDomainName": "MEDDEFENSE", "logonType": "5", "logonProcessName": "Kerberos", "authenticationPackageName": "Kerberos", "workstationName": "SRV-PATCH-01", "ipAddress": "10.10.20.60", "ipPort": "54308", "processName": "C:\\Windows\\System32\\lsass.exe"}, "system": {"eventID": "4624", "channel": "Security", "computer": "SRV-PATCH-01", "providerName": "Microsoft-Windows-Security-Auditing"}}}, "hunt_meta": {"category": "baseline_svc_auth", "source_host": "SRV-PATCH-01", "target_host": "SRV-PATCH-01", "tool": "svc_patchdeploy_service", "authorized": true}}
{"timestamp": "2026-05-07T04:50:03.000+00:00", "rule": {"id": "60106", "level": 4, "description": "Windows: Successful login.", "groups": ["windows", "authentication_success"]}, "agent": {"id": "105", "name": "SRV-DC-01", "ip": "10.10.20.5"}, "manager": {"name": "log-srv-01"}, "id": "alert-1778129403-logon-93516", "decoder": {"name": "windows_eventchannel"}, "data": {"win": {"eventdata": {"subjectUserSid": "S-1-0-0", "subjectUserName": "-", "targetUserSid": "S-1-5-21-2418457263-3110824891-719402188-1410", "targetUserName": "svc_ad_replication", "targetDomainName": "MEDDEFENSE", "logonType": "5", "logonProcessName": "Kerberos", "authenticationPackageName": "Kerberos", "workstationName": "SRV-DC-01", "ipAddress": "10.10.20.5", "ipPort": "64756", "processName": "C:\\Windows\\System32\\lsass.exe"}, "system": {"eventID": "4624", "channel": "Security", "computer": "SRV-DC-01", "providerName": "Microsoft-Windows-Security-Auditing"}}}, "hunt_meta": {"category": "baseline_svc_auth", "source_host": "SRV-DC-01", "target_host": "SRV-DC-01", "tool": "svc_ad_replication_service", "authorized": true}}
{"timestamp": "2026-05-07T04:51:58.000+00:00", "rule": {"id": "60106", "level": 4, "description": "Windows: Successful login.", "groups": ["windows", "authentication_success"]}, "agent": {"id": "125", "name": "SRV-INS-DB", "ip": "10.10.20.25"}, "manager": {"name": "log-srv-01"}, "id": "alert-1778129518-logon-74370", "decoder": {"name": "windows_eventchannel"}, "data": {"win": {"eventdata": {"subjectUserSid": "S-1-0-0", "subjectUserName": "-", "targetUserSid": "S-1-5-21-2418457263-3110824891-719402188-1270", "targetUserName": "svc_insurance", "targetDomainName": "MEDDEFENSE", "logonType": "5", "logonProcessName": "Kerberos", "authenticationPackageName": "Kerberos", "workstationName": "SRV-INS-DB", "ipAddress": "10.10.20.25", "ipPort": "64312", "processName": "C:\\Windows\\System32\\lsass.exe"}, "system": {"eventID": "4624", "channel": "Security", "computer": "SRV-INS-DB", "providerName": "Microsoft-Windows-Security-Auditing"}}}, "hunt_meta": {"category": "baseline_svc_auth", "source_host": "SRV-INS-DB", "target_host": "SRV-INS-DB", "tool": "svc_insurance_service", "authorized": true}}
{"timestamp": "2026-05-07T04:58:39.000+00:00", "rule": {"id": "60106", "level": 4, "description": "Windows: Successful login.", "groups": ["windows", "authentication_success"]}, "agent": {"id": "160", "name": "SRV-PATCH-01", "ip": "10.10.20.60"}, "manager": {"name": "log-srv-01"}, "id": "alert-1778129919-logon-90992", "decoder": {"name": "windows_eventchannel"}, "data": {"win": {"eventdata": {"subjectUserSid": "S-1-0-0", "subjectUserName": "-", "targetUserSid": "S-1-5-21-2418457263-3110824891-719402188-1245", "targetUserName": "svc_patchdeploy", "targetDomainName": "MEDDEFENSE", "logonType": "5", "logonProcessName": "Kerberos", "authenticationPackageName": "Kerberos", "workstationName": "SRV-PATCH-01", "ipAddress": "10.10.20.60", "ipPort": "59972", "processName": "C:\\Windows\\System32\\lsass.exe"}, "system": {"eventID": "4624", "channel": "Security", "computer": "SRV-PATCH-01", "providerName": "Microsoft-Windows-Security-Auditing"}}}, "hunt_meta": {"category": "baseline_svc_auth", "source_host": "SRV-PATCH-01", "target_host": "SRV-PATCH-01", "tool": "svc_patchdeploy_service", "authorized": true}}
{"timestamp": "2026-05-07T04:59:22.000+00:00", "rule": {"id": "61645", "level": 3, "description": "Sysmon - Event: 22 - DNS query.", "groups": ["sysmon", "sysmon_event_22"]}, "agent": {"id": "263", "name": "WS-BILL-03", "ip": "10.10.4.34"}, "manager": {"name": "log-srv-01"}, "id": "alert-1778129962-dns-58283", "decoder": {"name": "sysmon-event"}, "data": {"win": {"eventdata": {"utcTime": "2026-05-07 04:59:22.000", "queryName": "data-sync.healthbane-c2.net", "queryStatus": "0", "queryResults": "type:  5 185.220.101.46", "image": "C:\\Windows\\System32\\svchost.exe"}, "system": {"eventID": "22", "channel": "Microsoft-Windows-Sysmon/Operational", "computer": "WS-BILL-03"}}}, "hunt_meta": null}
{"timestamp": "2026-05-07T05:09:25.000+00:00", "rule": {"id": "60106", "level": 4, "description": "Windows: Successful login.", "groups": ["windows", "authentication_success"]}, "agent": {"id": "125", "name": "SRV-INS-DB", "ip": "10.10.20.25"}, "manager": {"name": "log-srv-01"}, "id": "alert-1778130565-logon-71802", "decoder": {"name": "windows_eventchannel"}, "data": {"win": {"eventdata": {"subjectUserSid": "S-1-0-0", "subjectUserName": "-", "targetUserSid": "S-1-5-21-2418457263-3110824891-719402188-1596", "targetUserName": "svc_insurance", "targetDomainName": "MEDDEFENSE", "logonType": "5", "logonProcessName": "Kerberos", "authenticationPackageName": "Kerberos", "workstationName": "SRV-INS-DB", "ipAddress": "10.10.20.25", "ipPort": "56884", "processName": "C:\\Windows\\System32\\lsass.exe"}, "system": {"eventID": "4624", "channel": "Security", "computer": "SRV-INS-DB", "providerName": "Microsoft-Windows-Security-Auditing"}}}, "hunt_meta": {"category": "baseline_svc_auth", "source_host": "SRV-INS-DB", "target_host": "SRV-INS-DB", "tool": "svc_insurance_service", "authorized": true}}
{"timestamp": "2026-05-07T05:17:14.000+00:00", "rule": {"id": "60106", "level": 4, "description": "Windows: Successful login.", "groups": ["windows", "authentication_success"]}, "agent": {"id": "105", "name": "SRV-DC-01", "ip": "10.10.20.5"}, "manager": {"name": "log-srv-01"}, "id": "alert-1778131034-logon-35688", "decoder": {"name": "windows_eventchannel"}, "data": {"win": {"eventdata": {"subjectUserSid": "S-1-0-0", "subjectUserName": "-", "targetUserSid": "S-1-5-21-2418457263-3110824891-719402188-1400", "targetUserName": "svc_ad_replication", "targetDomainName": "MEDDEFENSE", "logonType": "5", "logonProcessName": "Kerberos", "authenticationPackageName": "Kerberos", "workstationName": "SRV-DC-01", "ipAddress": "10.10.20.5", "ipPort": "56868", "processName": "C:\\Windows\\System32\\lsass.exe"}, "system": {"eventID": "4624", "channel": "Security", "computer": "SRV-DC-01", "providerName": "Microsoft-Windows-Security-Auditing"}}}, "hunt_meta": {"category": "baseline_svc_auth", "source_host": "SRV-DC-01", "target_host": "SRV-DC-01", "tool": "svc_ad_replication_service", "authorized": true}}
{"timestamp": "2026-05-07T05:20:10.000+00:00", "rule": {"id": "60106", "level": 4, "description": "Windows: Successful login.", "groups": ["windows", "authentication_success"]}, "agent": {"id": "170", "name": "SRV-AV-01", "ip": "10.10.20.70"}, "manager": {"name": "log-srv-01"}, "id": "alert-1778131210-logon-97542", "decoder": {"name": "windows_eventchannel"}, "data": {"win": {"eventdata": {"subjectUserSid": "S-1-0-0", "subjectUserName": "-", "targetUserSid": "S-1-5-21-2418457263-3110824891-719402188-1218", "targetUserName": "svc_av", "targetDomainName": "MEDDEFENSE", "logonType": "5", "logonProcessName": "Kerberos", "authenticationPackageName": "Kerberos", "workstationName": "SRV-AV-01", "ipAddress": "10.10.20.70", "ipPort": "51370", "processName": "C:\\Windows\\System32\\lsass.exe"}, "system": {"eventID": "4624", "channel": "Security", "computer": "SRV-AV-01", "providerName": "Microsoft-Windows-Security-Auditing"}}}, "hunt_meta": {"category": "baseline_svc_auth", "source_host": "SRV-AV-01", "target_host": "SRV-AV-01", "tool": "svc_av_service", "authorized": true}}
{"timestamp": "2026-05-07T05:26:42.000+00:00", "rule": {"id": "60106", "level": 4, "description": "Windows: Successful login.", "groups": ["windows", "authentication_success"]}, "agent": {"id": "125", "name": "SRV-INS-DB", "ip": "10.10.20.25"}, "manager": {"name": "log-srv-01"}, "id": "alert-1778131602-logon-68340", "decoder": {"name": "windows_eventchannel"}, "data": {"win": {"eventdata": {"subjectUserSid": "S-1-0-0", "subjectUserName": "-", "targetUserSid": "S-1-5-21-2418457263-3110824891-719402188-1341", "targetUserName": "svc_insurance", "targetDomainName": "MEDDEFENSE", "logonType": "5", "logonProcessName": "Kerberos", "authenticationPackageName": "Kerberos", "workstationName": "SRV-INS-DB", "ipAddress": "10.10.20.25", "ipPort": "63373", "processName": "C:\\Windows\\System32\\lsass.exe"}, "system": {"eventID": "4624", "channel": "Security", "computer": "SRV-INS-DB", "providerName": "Microsoft-Windows-Security-Auditing"}}}, "hunt_meta": {"category": "baseline_svc_auth", "source_host": "SRV-INS-DB", "target_host": "SRV-INS-DB", "tool": "svc_insurance_service", "authorized": true}}
{"timestamp": "2026-05-07T05:32:16.000+00:00", "rule": {"id": "60106", "level": 4, "description": "Windows: Successful login.", "groups": ["windows", "authentication_success"]}, "agent": {"id": "115", "name": "SRV-HEALTH-DB", "ip": "10.10.20.15"}, "manager": {"name": "log-srv-01"}, "id": "alert-1778131936-logon-29662", "decoder": {"name": "windows_eventchannel"}, "data": {"win": {"eventdata": {"subjectUserSid": "S-1-0-0", "subjectUserName": "-", "targetUserSid": "S-1-5-21-2418457263-3110824891-719402188-1521", "targetUserName": "svc_healthsync", "targetDomainName": "MEDDEFENSE", "logonType": "5", "logonProcessName": "Kerberos", "authenticationPackageName": "Kerberos", "workstationName": "SRV-HEALTH-DB", "ipAddress": "10.10.20.15", "ipPort": "51737", "processName": "C:\\Windows\\System32\\lsass.exe"}, "system": {"eventID": "4624", "channel": "Security", "computer": "SRV-HEALTH-DB", "providerName": "Microsoft-Windows-Security-Auditing"}}}, "hunt_meta": {"category": "baseline_svc_auth", "source_host": "SRV-HEALTH-DB", "target_host": "SRV-HEALTH-DB", "tool": "svc_healthsync_service", "authorized": true}}
{"timestamp": "2026-05-07T05:37:41.000+00:00", "rule": {"id": "61612", "level": 3, "description": "Sysmon - Event: 13 - Registry value set.", "groups": ["sysmon", "sysmon_event_13"]}, "agent": {"id": "755", "name": "WS-NURSE-02", "ip": "10.10.2.12"}, "manager": {"name": "log-srv-01"}, "id": "alert-1778132261-reg-38865", "decoder": {"name": "sysmon-event"}, "data": {"win": {"eventdata": {"utcTime": "2026-05-07 05:37:41.000", "eventType": "SetValue", "image": "C:\\Windows\\System32\\msiexec.exe", "targetObject": "HKLM\\SYSTEM\\CurrentControlSet\\Services\\Value91", "details": "QWORD (0x00000064)"}, "system": {"eventID": "13", "channel": "Microsoft-Windows-Sysmon/Operational", "computer": "WS-NURSE-02"}}}}
{"timestamp": "2026-05-07T05:48:06.000+00:00", "rule": {"id": "61645", "level": 3, "description": "Sysmon - Event: 22 - DNS query.", "groups": ["sysmon", "sysmon_event_22"]}, "agent": {"id": "263", "name": "WS-BILL-03", "ip": "10.10.4.34"}, "manager": {"name": "log-srv-01"}, "id": "alert-1778132886-dns-71159", "decoder": {"name": "sysmon-event"}, "data": {"win": {"eventdata": {"utcTime": "2026-05-07 05:48:06.000", "queryName": "data-sync.healthbane-c2.net", "queryStatus": "0", "queryResults": "type:  5 185.220.101.46", "image": "C:\\Windows\\System32\\svchost.exe"}, "system": {"eventID": "22", "channel": "Microsoft-Windows-Sysmon/Operational", "computer": "WS-BILL-03"}}}, "hunt_meta": null}
{"timestamp": "2026-05-07T05:50:47.000+00:00", "rule": {"id": "61612", "level": 3, "description": "Sysmon - Event: 13 - Registry value set.", "groups": ["sysmon", "sysmon_event_13"]}, "agent": {"id": "794", "name": "WS-BILL-02", "ip": "10.10.4.33"}, "manager": {"name": "log-srv-01"}, "id": "alert-1778133047-reg-84173", "decoder": {"name": "sysmon-event"}, "data": {"win": {"eventdata": {"utcTime": "2026-05-07 05:50:47.000", "eventType": "SetValue", "image": "C:\\Windows\\System32\\msiexec.exe", "targetObject": "HKCU\\Software\\Microsoft\\Office\\16.0\\Word\\Value39", "details": "DWORD (0x00000000)"}, "system": {"eventID": "13", "channel": "Microsoft-Windows-Sysmon/Operational", "computer": "WS-BILL-02"}}}}
{"timestamp": "2026-05-07T06:13:47.000+00:00", "rule": {"id": "61612", "level": 3, "description": "Sysmon - Event: 13 - Registry value set.", "groups": ["sysmon", "sysmon_event_13"]}, "agent": {"id": "794", "name": "WS-BILL-02", "ip": "10.10.4.33"}, "manager": {"name": "log-srv-01"}, "id": "alert-1778134427-reg-97882", "decoder": {"name": "sysmon-event"}, "data": {"win": {"eventdata": {"utcTime": "2026-05-07 06:13:47.000", "eventType": "SetValue", "image": "C:\\Windows\\System32\\msiexec.exe", "targetObject": "HKLM\\SOFTWARE\\Microsoft\\Windows\\CurrentVersion\\Uninstall\\Value86", "details": "DWORD (0x00000000)"}, "system": {"eventID": "13", "channel": "Microsoft-Windows-Sysmon/Operational", "computer": "WS-BILL-02"}}}}
