{"timestamp": "2026-05-04T22:46:17.000+00:00", "rule": {"id": "60106", "level": 4, "description": "Windows: Successful login.", "groups": ["windows", "authentication_success"]}, "agent": {"id": "115", "name": "SRV-HEALTH-DB", "ip": "10.10.20.15"}, "manager": {"name": "log-srv-01"}, "id": "alert-1777934777-logon-95893", "decoder": {"name": "windows_eventchannel"}, "data": {"win": {"eventdata": {"subjectUserSid": "S-1-0-0", "subjectUserName": "-", "targetUserSid": "S-1-5-21-2418457263-3110824891-719402188-1336", "targetUserName": "svc_healthsync", "targetDomainName": "MEDDEFENSE", "logonType": "5", "logonProcessName": "Kerberos", "authenticationPackageName": "Kerberos", "workstationName": "SRV-HEALTH-DB", "ipAddress": "10.10.20.15", "ipPort": "53720", "processName": "C:\\Windows\\System32\\lsass.exe"}, "system": {"eventID": "4624", "channel": "Security", "computer": "SRV-HEALTH-DB", "providerName": "Microsoft-Windows-Security-Auditing"}}}, "hunt_meta": {"category": "baseline_svc_auth", "source_host": "SRV-HEALTH-DB", "target_host": "SRV-HEALTH-DB", "tool": "svc_healthsync_service", "authorized": true}}
{"timestamp": "2026-05-04T22:47:49.000+00:00", "rule": {"id": "60106", "level": 4, "description": "Windows: Successful login.", "groups": ["windows", "authentication_success"]}, "agent": {"id": "180", "name": "SRV-BACKUP-01", "ip": "10.10.20.80"}, "manager": {"name": "log-srv-01"}, "id": "alert-1777934869-logon-21453", "decoder": {"name": "windows_eventchannel"}, "data": {"win": {"eventdata": {"subjectUserSid": "S-1-0-0", "subjectUserName": "-", "targetUserSid": "S-1-5-21-2418457263-3110824891-719402188-1396", "targetUserName": "svc_backup", "targetDomainName": "MEDDEFENSE", "logonType": "5", "logonProcessName": "Kerberos", "authenticationPackageName": "Kerberos", "workstationName": "SRV-BACKUP-01", "ipAddress": "10.10.20.80", "ipPort": "51276", "processName": "C:\\Windows\\System32\\lsass.exe"}, "system": {"eventID": "4624", "channel": "Security", "computer": "SRV-BACKUP-01", "providerName": "Microsoft-Windows-Security-Auditing"}}}, "hunt_meta": {"category": "baseline_svc_auth", "source_host": "SRV-BACKUP-01", "target_host": "SRV-BACKUP-01", "tool": "svc_backup_service", "authorized": true}}
{"timestamp": "2026-05-04T23:05:41.000+00:00", "rule": {"id": "60106", "level": 4, "description": "Windows: Successful login.", "groups": ["windows", "authentication_success"]}, "agent": {"id": "115", "name": "SRV-HEALTH-DB", "ip": "10.10.20.15"}, "manager": {"name": "log-srv-01"}, "id": "alert-1777935941-logon-30545", "decoder": {"name": "windows_eventchannel"}, "data": {"win": {"eventdata": {"subjectUserSid": "S-1-0-0", "subjectUserName": "-", "targetUserSid": "S-1-5-21-2418457263-3110824891-719402188-1442", "targetUserName": "svc_healthsync", "targetDomainName": "MEDDEFENSE", "logonType": "3", "logonProcessName": "Kerberos", "authenticationPackageName": "Kerberos", "workstationName": "SRV-HEALTH-DB", "ipAddress": "10.10.20.15", "ipPort": "60648", "processName": "C:\\Windows\\System32\\lsass.exe"}, "system": {"eventID": "4624", "channel": "Security", "computer": "SRV-HEALTH-DB", "providerName": "Microsoft-Windows-Security-Auditing"}}}, "hunt_meta": {"category": "baseline_svc_auth", "source_host": "SRV-HEALTH-DB", "target_host": "SRV-HEALTH-DB", "tool": "svc_healthsync_service", "authorized": true}}
{"timestamp": "2026-05-04T23:06:23.000+00:00", "rule": {"id": "61612", "level": 3, "description": "Sysmon - Event: 13 - Registry value set.", "groups": ["sysmon", "sysmon_event_13"]}, "agent": {"id": "755", "name": "WS-NURSE-02", "ip": "10.10.2.12"}, "manager": {"name": "log-srv-01"}, "id": "alert-1777935983-reg-64226", "decoder": {"name": "sysmon-event"}, "data": {"win": {"eventdata": {"utcTime": "2026-05-04 23:06:23.000", "eventType": "SetValue", "image": "C:\\Windows\\System32\\msiexec.exe", "targetObject": "HKLM\\SYSTEM\\CurrentControlSet\\Services\\Value74", "details": "DWORD (0x00000000)"}, "system": {"eventID": "13", "channel": "Microsoft-Windows-Sysmon/Operational", "computer": "WS-NURSE-02"}}}}
{"timestamp": "2026-05-04T23:11:23.000+00:00", "rule": {"id": "60106", "level": 4, "description": "Windows: Successful login.", "groups": ["windows", "authentication_success"]}, "agent": {"id": "160", "name": "SRV-PATCH-01", "ip": "10.10.20.60"}, "manager": {"name": "log-srv-01"}, "id": "alert-1777936283-logon-56740", "decoder": {"name": "windows_eventchannel"}, "data": {"win": {"eventdata": {"subjectUserSid": "S-1-0-0", "subjectUserName": "-", "targetUserSid": "S-1-5-21-2418457263-3110824891-719402188-1348", "targetUserName": "svc_patchdeploy", "targetDomainName": "MEDDEFENSE", "logonType": "3", "logonProcessName": "Kerberos", "authenticationPackageName": "Kerberos", "workstationName": "SRV-PATCH-01", "ipAddress": "10.10.20.60", "ipPort": "65254", "processName": "C:\\Windows\\System32\\lsass.exe"}, "system": {"eventID": "4624", "channel": "Security", "computer": "SRV-PATCH-01", "providerName": "Microsoft-Windows-Security-Auditing"}}}, "hunt_meta": {"category": "baseline_svc_auth", "source_host": "SRV-PATCH-01", "target_host": "SRV-PATCH-01", "tool": "svc_patchdeploy_service", "authorized": true}}
{"timestamp": "2026-05-04T23:13:07.000+00:00", "rule": {"id": "60106", "level": 4, "description": "Windows: Successful login.", "groups": ["windows", "authentication_success"]}, "agent": {"id": "170", "name": "SRV-AV-01", "ip": "10.10.20.70"}, "manager": {"name": "log-srv-01"}, "id": "alert-1777936387-logon-89906", "decoder": {"name": "windows_eventchannel"}, "data": {"win": {"eventdata": {"subjectUserSid": "S-1-0-0", "subjectUserName": "-", "targetUserSid": "S-1-5-21-2418457263-3110824891-719402188-1574", "targetUserName": "svc_av", "targetDomainName": "MEDDEFENSE", "logonType": "3", "logonProcessName": "Kerberos", "authenticationPackageName": "Kerberos", "workstationName": "SRV-AV-01", "ipAddress": "10.10.20.70", "ipPort": "64729", "processName": "C:\\Windows\\System32\\lsass.exe"}, "system": {"eventID": "4624", "channel": "Security", "computer": "SRV-AV-01", "providerName": "Microsoft-Windows-Security-Auditing"}}}, "hunt_meta": {"category": "baseline_svc_auth", "source_host": "SRV-AV-01", "target_host": "SRV-AV-01", "tool": "svc_av_service", "authorized": true}}
{"timestamp": "2026-05-04T23:24:04.000+00:00", "rule": {"id": "60106", "level": 4, "description": "Windows: Successful login.", "groups": ["windows", "authentication_success"]}, "agent": {"id": "115", "name": "SRV-HEALTH-DB", "ip": "10.10.20.15"}, "manager": {"name": "log-srv-01"}, "id": "alert-1777937044-logon-71862", "decoder": {"name": "windows_eventchannel"}, "data": {"win": {"eventdata": {"subjectUserSid": "S-1-0-0", "subjectUserName": "-", "targetUserSid": "S-1-5-21-2418457263-3110824891-719402188-1354", "targetUserName": "svc_healthsync", "targetDomainName": "MEDDEFENSE", "logonType": "5", "logonProcessName": "Kerberos", "authenticationPackageName": "Kerberos", "workstationName": "SRV-HEALTH-DB", "ipAddress": "10.10.20.15", "ipPort": "49658", "processName": "C:\\Windows\\System32\\lsass.exe"}, "system": {"eventID": "4624", "channel": "Security", "computer": "SRV-HEALTH-DB", "providerName": "Microsoft-Windows-Security-Auditing"}}}, "hunt_meta": {"category": "baseline_svc_auth", "source_host": "SRV-HEALTH-DB", "target_host": "SRV-HEALTH-DB", "tool": "svc_healthsync_service", "authorized": true}}
{"timestamp": "2026-05-04T23:30:24.000+00:00", "rule": {"id": "60106", "level": 4, "description": "Windows: Successful login.", "groups": ["windows", "authentication_success"]}, "agent": {"id": "105", "name": "SRV-DC-01", "ip": "10.10.20.5"}, "manager": {"name": "log-srv-01"}, "id": "alert-1777937424-logon-37804", "decoder": {"name": "windows_eventchannel"}, "data": {"win": {"eventdata": {"subjectUserSid": "S-1-0-0", "subjectUserName": "-", "targetUserSid": "S-1-5-21-2418457263-3110824891-719402188-1365", "targetUserName": "svc_ad_replication", "targetDomainName": "MEDDEFENSE", "logonType": "3", "logonProcessName": "Kerberos", "authenticationPackageName": "Kerberos", "workstationName": "SRV-DC-01", "ipAddress": "10.10.20.5", "ipPort": "56676", "processName": "C:\\Windows\\System32\\lsass.exe"}, "system": {"eventID": "4624", "channel": "Security", "computer": "SRV-DC-01", "providerName": "Microsoft-Windows-Security-Auditing"}}}, "hunt_meta": {"category": "baseline_svc_auth", "source_host": "SRV-DC-01", "target_host": "SRV-DC-01", "tool": "svc_ad_replication_service", "authorized": true}}
{"timestamp": "2026-05-04T23:37:02.000+00:00", "rule": {"id": "60106", "level": 4, "description": "Windows: Successful login.", "groups": ["windows", "authentication_success"]}, "agent": {"id": "125", "name": "SRV-INS-DB", "ip": "10.10.20.25"}, "manager": {"name": "log-srv-01"}, "id": "alert-1777937822-logon-71258", "decoder": {"name": "windows_eventchannel"}, "data": {"win": {"eventdata": {"subjectUserSid": "S-1-0-0", "subjectUserName": "-", "targetUserSid": "S-1-5-21-2418457263-3110824891-719402188-1379", "targetUserName": "svc_insurance", "targetDomainName": "MEDDEFENSE", "logonType": "5", "logonProcessName": "Kerberos", "authenticationPackageName": "Kerberos", "workstationName": "SRV-INS-DB", "ipAddress": "10.10.20.25", "ipPort": "61278", "processName": "C:\\Windows\\System32\\lsass.exe"}, "system": {"eventID": "4624", "channel": "Security", "computer": "SRV-INS-DB", "providerName": "Microsoft-Windows-Security-Auditing"}}}, "hunt_meta": {"category": "baseline_svc_auth", "source_host": "SRV-INS-DB", "target_host": "SRV-INS-DB", "tool": "svc_insurance_service", "authorized": true}}
{"timestamp": "2026-05-04T23:37:36.000+00:00", "rule": {"id": "60106", "level": 4, "description": "Windows: Successful login.", "groups": ["windows", "authentication_success"]}, "agent": {"id": "115", "name": "SRV-HEALTH-DB", "ip": "10.10.20.15"}, "manager": {"name": "log-srv-01"}, "id": "alert-1777937856-logon-55999", "decoder": {"name": "windows_eventchannel"}, "data": {"win": {"eventdata": {"subjectUserSid": "S-1-0-0", "subjectUserName": "-", "targetUserSid": "S-1-5-21-2418457263-3110824891-719402188-1125", "targetUserName": "svc_healthsync", "targetDomainName": "MEDDEFENSE", "logonType": "5", "logonProcessName": "Kerberos", "authenticationPackageName": "Kerberos", "workstationName": "SRV-HEALTH-DB", "ipAddress": "10.10.20.15", "ipPort": "55964", "processName": "C:\\Windows\\System32\\lsass.exe"}, "system": {"eventID": "4624", "channel": "Security", "computer": "SRV-HEALTH-DB", "providerName": "Microsoft-Windows-Security-Auditing"}}}, "hunt_meta": {"category": "baseline_svc_auth", "source_host": "SRV-HEALTH-DB", "target_host": "SRV-HEALTH-DB", "tool": "svc_healthsync_service", "authorized": true}}
{"timestamp": "2026-05-04T23:40:36.000+00:00", "rule": {"id": "60106", "level": 4, "description": "Windows: Successful login.", "groups": ["windows", "authentication_success"]}, "agent": {"id": "160", "name": "SRV-PATCH-01", "ip": "10.10.20.60"}, "manager": {"name": "log-srv-01"}, "id": "alert-1777938036-logon-96579", "decoder": {"name": "windows_eventchannel"}, "data": {"win": {"eventdata": {"subjectUserSid": "S-1-0-0", "subjectUserName": "-", "targetUserSid": "S-1-5-21-2418457263-3110824891-719402188-1110", "targetUserName": "svc_patchdeploy", "targetDomainName": "MEDDEFENSE", "logonType": "3", "logonProcessName": "Kerberos", "authenticationPackageName": "Kerberos", "workstationName": "SRV-PATCH-01", "ipAddress": "10.10.20.60", "ipPort": "57168", "processName": "C:\\Windows\\System32\\lsass.exe"}, "system": {"eventID": "4624", "channel": "Security", "computer": "SRV-PATCH-01", "providerName": "Microsoft-Windows-Security-Auditing"}}}, "hunt_meta": {"category": "baseline_svc_auth", "source_host": "SRV-PATCH-01", "target_host": "SRV-PATCH-01", "tool": "svc_patchdeploy_service", "authorized": true}}
{"timestamp": "2026-05-04T23:41:28.000+00:00", "rule": {"id": "60106", "level": 4, "description": "Windows: Successful login.", "groups": ["windows", "authentication_success"]}, "agent": {"id": "180", "name": "SRV-BACKUP-01", "ip": "10.10.20.80"}, "manager": {"name": "log-srv-01"}, "id": "alert-1777938088-logon-88037", "decoder": {"name": "windows_eventchannel"}, "data": {"win": {"eventdata": {"subjectUserSid": "S-1-0-0", "subjectUserName": "-", "targetUserSid": "S-1-5-21-2418457263-3110824891-719402188-1482", "targetUserName": "svc_backup", "targetDomainName": "MEDDEFENSE", "logonType": "5", "logonProcessName": "Kerberos", "authenticationPackageName": "Kerberos", "workstationName": "SRV-BACKUP-01", "ipAddress": "10.10.20.80", "ipPort": "53143", "processName": "C:\\Windows\\System32\\lsass.exe"}, "system": {"eventID": "4624", "channel": "Security", "computer": "SRV-BACKUP-01", "providerName": "Microsoft-Windows-Security-Auditing"}}}, "hunt_meta": {"category": "baseline_svc_auth", "source_host": "SRV-BACKUP-01", "target_host": "SRV-BACKUP-01", "tool": "svc_backup_service", "authorized": true}}
{"timestamp": "2026-05-04T23:43:31.000+00:00", "rule": {"id": "60103", "level": 5, "description": "Windows: Special privileges assigned to new logon.", "groups": ["windows", "authentication_success"]}, "agent": {"id": "617", "name": "SRV-FILE-01", "ip": "10.10.20.50"}, "manager": {"name": "log-srv-01"}, "id": "alert-1777938211-spec-43151", "decoder": {"name": "windows_eventchannel"}, "data": {"win": {"eventdata": {"subjectUserName": "robert.kim", "subjectDomainName": "MEDDEFENSE", "privilegeList": "SeSecurityPrivilege SeBackupPrivilege SeRestorePrivilege"}, "system": {"eventID": "4672", "channel": "Security", "computer": "SRV-FILE-01"}}}}
{"timestamp": "2026-05-04T23:47:01.000+00:00", "rule": {"id": "60106", "level": 4, "description": "Windows: Successful login.", "groups": ["windows", "authentication_success"]}, "agent": {"id": "180", "name": "SRV-BACKUP-01", "ip": "10.10.20.80"}, "manager": {"name": "log-srv-01"}, "id": "alert-1777938421-logon-94416", "decoder": {"name": "windows_eventchannel"}, "data": {"win": {"eventdata": {"subjectUserSid": "S-1-0-0", "subjectUserName": "-", "targetUserSid": "S-1-5-21-2418457263-3110824891-719402188-1554", "targetUserName": "svc_backup", "targetDomainName": "MEDDEFENSE", "logonType": "5", "logonProcessName": "Kerberos", "authenticationPackageName": "Kerberos", "workstationName": "SRV-BACKUP-01", "ipAddress": "10.10.20.80", "ipPort": "49379", "processName": "C:\\Windows\\System32\\lsass.exe"}, "system": {"eventID": "4624", "channel": "Security", "computer": "SRV-BACKUP-01", "providerName": "Microsoft-Windows-Security-Auditing"}}}, "hunt_meta": {"category": "baseline_svc_auth", "source_host": "SRV-BACKUP-01", "target_host": "SRV-BACKUP-01", "tool": "svc_backup_service", "authorized": true}}
{"timestamp": "2026-05-04T23:48:18.000+00:00", "rule": {"id": "60106", "level": 4, "description": "Windows: Successful login.", "groups": ["windows", "authentication_success"]}, "agent": {"id": "170", "name": "SRV-AV-01", "ip": "10.10.20.70"}, "manager": {"name": "log-srv-01"}, "id": "alert-1777938498-logon-16560", "decoder": {"name": "windows_eventchannel"}, "data": {"win": {"eventdata": {"subjectUserSid": "S-1-0-0", "subjectUserName": "-", "targetUserSid": "S-1-5-21-2418457263-3110824891-719402188-1296", "targetUserName": "svc_av", "targetDomainName": "MEDDEFENSE", "logonType": "5", "logonProcessName": "Kerberos", "authenticationPackageName": "Kerberos", "workstationName": "SRV-AV-01", "ipAddress": "10.10.20.70", "ipPort": "64007", "processName": "C:\\Windows\\System32\\lsass.exe"}, "system": {"eventID": "4624", "channel": "Security", "computer": "SRV-AV-01", "providerName": "Microsoft-Windows-Security-Auditing"}}}, "hunt_meta": {"category": "baseline_svc_auth", "source_host": "SRV-AV-01", "target_host": "SRV-AV-01", "tool": "svc_av_service", "authorized": true}}
{"timestamp": "2026-05-04T23:48:41.000+00:00", "rule": {"id": "61612", "level": 3, "description": "Sysmon - Event: 13 - Registry value set.", "groups": ["sysmon", "sysmon_event_13"]}, "agent": {"id": "845", "name": "WS-AP-07", "ip": "10.10.4.41"}, "manager": {"name": "log-srv-01"}, "id": "alert-1777938521-reg-86617", "decoder": {"name": "sysmon-event"}, "data": {"win": {"eventdata": {"utcTime": "2026-05-04 23:48:41.000", "eventType": "SetValue", "image": "C:\\Windows\\System32\\TrustedInstaller.exe", "targetObject": "HKLM\\SOFTWARE\\Policies\\Microsoft\\Windows Defender\\Value62", "details": "QWORD (0x00000064)"}, "system": {"eventID": "13", "channel": "Microsoft-Windows-Sysmon/Operational", "computer": "WS-AP-07"}}}}
{"timestamp": "2026-05-04T23:49:29.000+00:00", "rule": {"id": "60106", "level": 4, "description": "Windows: Successful login.", "groups": ["windows", "authentication_success"]}, "agent": {"id": "115", "name": "SRV-HEALTH-DB", "ip": "10.10.20.15"}, "manager": {"name": "log-srv-01"}, "id": "alert-1777938569-logon-20238", "decoder": {"name": "windows_eventchannel"}, "data": {"win": {"eventdata": {"subjectUserSid": "S-1-0-0", "subjectUserName": "-", "targetUserSid": "S-1-5-21-2418457263-3110824891-719402188-1299", "targetUserName": "svc_healthsync", "targetDomainName": "MEDDEFENSE", "logonType": "5", "logonProcessName": "Kerberos", "authenticationPackageName": "Kerberos", "workstationName": "SRV-HEALTH-DB", "ipAddress": "10.10.20.15", "ipPort": "50360", "processName": "C:\\Windows\\System32\\lsass.exe"}, "system": {"eventID": "4624", "channel": "Security", "computer": "SRV-HEALTH-DB", "providerName": "Microsoft-Windows-Security-Auditing"}}}, "hunt_meta": {"category": "baseline_svc_auth", "source_host": "SRV-HEALTH-DB", "target_host": "SRV-HEALTH-DB", "tool": "svc_healthsync_service", "authorized": true}}
{"timestamp": "2026-05-04T23:52:18.000+00:00", "rule": {"id": "60106", "level": 4, "description": "Windows: Successful login.", "groups": ["windows", "authentication_success"]}, "agent": {"id": "180", "name": "SRV-BACKUP-01", "ip": "10.10.20.80"}, "manager": {"name": "log-srv-01"}, "id": "alert-1777938738-logon-71198", "decoder": {"name": "windows_eventchannel"}, "data": {"win": {"eventdata": {"subjectUserSid": "S-1-0-0", "subjectUserName": "-", "targetUserSid": "S-1-5-21-2418457263-3110824891-719402188-1460", "targetUserName": "svc_backup", "targetDomainName": "MEDDEFENSE", "logonType": "5", "logonProcessName": "Kerberos", "authenticationPackageName": "Kerberos", "workstationName": "SRV-BACKUP-01", "ipAddress": "10.10.20.80", "ipPort": "49302", "processName": "C:\\Windows\\System32\\lsass.exe"}, "system": {"eventID": "4624", "channel": "Security", "computer": "SRV-BACKUP-01", "providerName": "Microsoft-Windows-Security-Auditing"}}}, "hunt_meta": {"category": "baseline_svc_auth", "source_host": "SRV-BACKUP-01", "target_host": "SRV-BACKUP-01", "tool": "svc_backup_service", "authorized": true}}
{"timestamp": "2026-05-04T23:54:37.000+00:00", "rule": {"id": "60106", "level": 4, "description": "Windows: Successful login.", "groups": ["windows", "authentication_success"]}, "agent": {"id": "160", "name": "SRV-PATCH-01", "ip": "10.10.20.60"}, "manager": {"name": "log-srv-01"}, "id": "alert-1777938877-logon-55374", "decoder": {"name": "windows_eventchannel"}, "data": {"win": {"eventdata": {"subjectUserSid": "S-1-0-0", "subjectUserName": "-", "targetUserSid": "S-1-5-21-2418457263-3110824891-719402188-1580", "targetUserName": "svc_patchdeploy", "targetDomainName": "MEDDEFENSE", "logonType": "5", "logonProcessName": "Kerberos", "authenticationPackageName": "Kerberos", "workstationName": "SRV-PATCH-01", "ipAddress": "10.10.20.60", "ipPort": "63213", "processName": "C:\\Windows\\System32\\lsass.exe"}, "system": {"eventID": "4624", "channel": "Security", "computer": "SRV-PATCH-01", "providerName": "Microsoft-Windows-Security-Auditing"}}}, "hunt_meta": {"category": "baseline_svc_auth", "source_host": "SRV-PATCH-01", "target_host": "SRV-PATCH-01", "tool": "svc_patchdeploy_service", "authorized": true}}
{"timestamp": "2026-05-04T23:55:37.000+00:00", "rule": {"id": "61613", "level": 3, "description": "Sysmon - Event: 11 - File created.", "groups": ["sysmon", "sysmon_event_11"]}, "agent": {"id": "576", "name": "WS-NURSE-05", "ip": "10.10.2.16"}, "manager": {"name": "log-srv-01"}, "id": "alert-1777938937-fc-85375", "decoder": {"name": "sysmon-event"}, "data": {"win": {"eventdata": {"utcTime": "2026-05-04 23:55:37.000", "image": "C:\\Program Files\\Microsoft Office\\root\\Office16\\OUTLOOK.EXE", "targetFilename": "C:\\Users\\nurse05\\AppData\\Local\\Temp\\OICE_8695.tmp", "creationUtcTime": "2026-05-04 23:55:37.000"}, "system": {"eventID": "11", "channel": "Microsoft-Windows-Sysmon/Operational", "computer": "WS-NURSE-05"}}}}
{"timestamp": "2026-05-04T23:56:07.000+00:00", "rule": {"id": "61613", "level": 3, "description": "Sysmon - Event: 11 - File created.", "groups": ["sysmon", "sysmon_event_11"]}, "agent": {"id": "314", "name": "WS-RECV-04", "ip": "10.10.3.22"}, "manager": {"name": "log-srv-01"}, "id": "alert-1777938967-fc-53408", "decoder": {"name": "sysmon-event"}, "data": {"win": {"eventdata": {"utcTime": "2026-05-04 23:56:07.000", "image": "C:\\Program Files\\Microsoft Office\\root\\Office16\\OUTLOOK.EXE", "targetFilename": "C:\\Users\\records04\\AppData\\Local\\Temp\\OICE_5442.tmp", "creationUtcTime": "2026-05-04 23:56:07.000"}, "system": {"eventID": "11", "channel": "Microsoft-Windows-Sysmon/Operational", "computer": "WS-RECV-04"}}}}
{"timestamp": "2026-05-04T23:57:51.000+00:00", "rule": {"id": "61645", "level": 3, "description": "Sysmon - Event: 22 - DNS query.", "groups": ["sysmon", "sysmon_event_22"]}, "agent": {"id": "755", "name": "WS-NURSE-02", "ip": "10.10.2.12"}, "manager": {"name": "log-srv-01"}, "id": "alert-1777939071-dns-21715", "decoder": {"name": "sysmon-event"}, "data": {"win": {"eventdata": {"utcTime": "2026-05-04 23:57:51.000", "queryName": "intranet.meddefense.local", "queryStatus": "0", "queryResults": "type:  5 10.10.0.40", "image": "C:\\Windows\\System32\\svchost.exe"}, "system": {"eventID": "22", "channel": "Microsoft-Windows-Sysmon/Operational", "computer": "WS-NURSE-02"}}}, "hunt_meta": null}
{"timestamp": "2026-05-05T00:14:01.000+00:00", "rule": {"id": "60106", "level": 4, "description": "Windows: Successful login.", "groups": ["windows", "authentication_success"]}, "agent": {"id": "160", "name": "SRV-PATCH-01", "ip": "10.10.20.60"}, "manager": {"name": "log-srv-01"}, "id": "alert-1777940041-logon-66027", "decoder": {"name": "windows_eventchannel"}, "data": {"win": {"eventdata": {"subjectUserSid": "S-1-0-0", "subjectUserName": "-", "targetUserSid": "S-1-5-21-2418457263-3110824891-719402188-1277", "targetUserName": "svc_patchdeploy", "targetDomainName": "MEDDEFENSE", "logonType": "5", "logonProcessName": "Kerberos", "authenticationPackageName": "Kerberos", "workstationName": "SRV-PATCH-01", "ipAddress": "10.10.20.60", "ipPort": "56502", "processName": "C:\\Windows\\System32\\lsass.exe"}, "system": {"eventID": "4624", "channel": "Security", "computer": "SRV-PATCH-01", "providerName": "Microsoft-Windows-Security-Auditing"}}}, "hunt_meta": {"category": "baseline_svc_auth", "source_host": "SRV-PATCH-01", "target_host": "SRV-PATCH-01", "tool": "svc_patchdeploy_service", "authorized": true}}
{"timestamp": "2026-05-05T00:17:35.000+00:00", "rule": {"id": "60103", "level": 5, "description": "Windows: Special privileges assigned to new logon.", "groups": ["windows", "authentication_success"]}, "agent": {"id": "440", "name": "SRV-BACKUP-01", "ip": "10.10.20.80"}, "manager": {"name": "log-srv-01"}, "id": "alert-1777940255-spec-52871", "decoder": {"name": "windows_eventchannel"}, "data": {"win": {"eventdata": {"subjectUserName": "svc_patchdeploy", "subjectDomainName": "MEDDEFENSE", "privilegeList": "SeSecurityPrivilege SeBackupPrivilege SeRestorePrivilege"}, "system": {"eventID": "4672", "channel": "Security", "computer": "SRV-BACKUP-01"}}}}
{"timestamp": "2026-05-05T00:21:24.000+00:00", "rule": {"id": "61612", "level": 3, "description": "Sysmon - Event: 13 - Registry value set.", "groups": ["sysmon", "sysmon_event_13"]}, "agent": {"id": "907", "name": "WS-BILL-01", "ip": "10.10.4.30"}, "manager": {"name": "log-srv-01"}, "id": "alert-1777940484-reg-50712", "decoder": {"name": "sysmon-event"}, "data": {"win": {"eventdata": {"utcTime": "2026-05-05 00:21:24.000", "eventType": "SetValue", "image": "C:\\Windows\\System32\\TrustedInstaller.exe", "targetObject": "HKLM\\SOFTWARE\\Policies\\Microsoft\\Windows Defender\\Value86", "details": "QWORD (0x00000064)"}, "system": {"eventID": "13", "channel": "Microsoft-Windows-Sysmon/Operational", "computer": "WS-BILL-01"}}}}
{"timestamp": "2026-05-05T00:25:16.000+00:00", "rule": {"id": "61612", "level": 3, "description": "Sysmon - Event: 13 - Registry value set.", "groups": ["sysmon", "sysmon_event_13"]}, "agent": {"id": "631", "name": "WS-NURSE-01", "ip": "10.10.2.11"}, "manager": {"name": "log-srv-01"}, "id": "alert-1777940716-reg-86364", "decoder": {"name": "sysmon-event"}, "data": {"win": {"eventdata": {"utcTime": "2026-05-05 00:25:16.000", "eventType": "SetValue", "image": "C:\\Windows\\System32\\TrustedInstaller.exe", "targetObject": "HKLM\\SOFTWARE\\Policies\\Microsoft\\Windows Defender\\Value35", "details": "QWORD (0x00000064)"}, "system": {"eventID": "13", "channel": "Microsoft-Windows-Sysmon/Operational", "computer": "WS-NURSE-01"}}}}
{"timestamp": "2026-05-05T00:25:52.000+00:00", "rule": {"id": "61645", "level": 3, "description": "Sysmon - Event: 22 - DNS query.", "groups": ["sysmon", "sysmon_event_22"]}, "agent": {"id": "937", "name": "WS-NURSE-03", "ip": "10.10.2.13"}, "manager": {"name": "log-srv-01"}, "id": "alert-1777940752-dns-43936", "decoder": {"name": "sysmon-event"}, "data": {"win": {"eventdata": {"utcTime": "2026-05-05 00:25:52.000", "queryName": "meddefense.local", "queryStatus": "0", "queryResults": "type:  5 10.10.20.5", "image": "C:\\Windows\\System32\\svchost.exe"}, "system": {"eventID": "22", "channel": "Microsoft-Windows-Sysmon/Operational", "computer": "WS-NURSE-03"}}}, "hunt_meta": null}
{"timestamp": "2026-05-05T00:28:49.000+00:00", "rule": {"id": "61613", "level": 3, "description": "Sysmon - Event: 11 - File created.", "groups": ["sysmon", "sysmon_event_11"]}, "agent": {"id": "272", "name": "WS-ADMIN-01", "ip": "10.10.9.10"}, "manager": {"name": "log-srv-01"}, "id": "alert-1777940929-fc-26351", "decoder": {"name": "sysmon-event"}, "data": {"win": {"eventdata": {"utcTime": "2026-05-05 00:28:49.000", "image": "C:\\Program Files\\Microsoft Office\\root\\Office16\\OUTLOOK.EXE", "targetFilename": "C:\\Users\\robert.kim\\AppData\\Local\\Temp\\OICE_3116.tmp", "creationUtcTime": "2026-05-05 00:28:49.000"}, "system": {"eventID": "11", "channel": "Microsoft-Windows-Sysmon/Operational", "computer": "WS-ADMIN-01"}}}}
{"timestamp": "2026-05-05T00:33:42.000+00:00", "rule": {"id": "60103", "level": 5, "description": "Windows: Special privileges assigned to new logon.", "groups": ["windows", "authentication_success"]}, "agent": {"id": "202", "name": "SRV-AV-01", "ip": "10.10.20.70"}, "manager": {"name": "log-srv-01"}, "id": "alert-1777941222-spec-88788", "decoder": {"name": "windows_eventchannel"}, "data": {"win": {"eventdata": {"subjectUserName": "svc_backup", "subjectDomainName": "MEDDEFENSE", "privilegeList": "SeSecurityPrivilege SeBackupPrivilege SeRestorePrivilege"}, "system": {"eventID": "4672", "channel": "Security", "computer": "SRV-AV-01"}}}}
{"timestamp": "2026-05-05T00:38:00.000+00:00", "rule": {"id": "61613", "level": 3, "description": "Sysmon - Event: 11 - File created.", "groups": ["sysmon", "sysmon_event_11"]}, "agent": {"id": "104", "name": "WS-AP-01", "ip": "10.10.4.40"}, "manager": {"name": "log-srv-01"}, "id": "alert-1777941480-fc-23277", "decoder": {"name": "sysmon-event"}, "data": {"win": {"eventdata": {"utcTime": "2026-05-05 00:38:00.000", "image": "C:\\Program Files\\Microsoft Office\\root\\Office16\\OUTLOOK.EXE", "targetFilename": "C:\\Users\\ap01\\AppData\\Local\\Temp\\OICE_8783.tmp", "creationUtcTime": "2026-05-05 00:38:00.000"}, "system": {"eventID": "11", "channel": "Microsoft-Windows-Sysmon/Operational", "computer": "WS-AP-01"}}}}
{"timestamp": "2026-05-05T00:43:36.000+00:00", "rule": {"id": "61612", "level": 3, "description": "Sysmon - Event: 13 - Registry value set.", "groups": ["sysmon", "sysmon_event_13"]}, "agent": {"id": "104", "name": "WS-AP-01", "ip": "10.10.4.40"}, "manager": {"name": "log-srv-01"}, "id": "alert-1777941816-reg-67942", "decoder": {"name": "sysmon-event"}, "data": {"win": {"eventdata": {"utcTime": "2026-05-05 00:43:36.000", "eventType": "SetValue", "image": "C:\\Windows\\System32\\TrustedInstaller.exe", "targetObject": "HKCU\\Software\\Microsoft\\Office\\16.0\\Word\\Value18", "details": "Binary Data"}, "system": {"eventID": "13", "channel": "Microsoft-Windows-Sysmon/Operational", "computer": "WS-AP-01"}}}}
{"timestamp": "2026-05-05T00:43:51.000+00:00", "rule": {"id": "61612", "level": 3, "description": "Sysmon - Event: 13 - Registry value set.", "groups": ["sysmon", "sysmon_event_13"]}, "agent": {"id": "817", "name": "WS-RECV-01", "ip": "10.10.3.19"}, "manager": {"name": "log-srv-01"}, "id": "alert-1777941831-reg-26476", "decoder": {"name": "sysmon-event"}, "data": {"win": {"eventdata": {"utcTime": "2026-05-05 00:43:51.000", "eventType": "SetValue", "image": "C:\\Windows\\System32\\svchost.exe", "targetObject": "HKCU\\Software\\Microsoft\\Office\\16.0\\Word\\Value14", "details": "Binary Data"}, "system": {"eventID": "13", "channel": "Microsoft-Windows-Sysmon/Operational", "computer": "WS-RECV-01"}}}}
{"timestamp": "2026-05-05T00:44:42.000+00:00", "rule": {"id": "60106", "level": 4, "description": "Windows: Successful login.", "groups": ["windows", "authentication_success"]}, "agent": {"id": "170", "name": "SRV-AV-01", "ip": "10.10.20.70"}, "manager": {"name": "log-srv-01"}, "id": "alert-1777941882-logon-92638", "decoder": {"name": "windows_eventchannel"}, "data": {"win": {"eventdata": {"subjectUserSid": "S-1-0-0", "subjectUserName": "-", "targetUserSid": "S-1-5-21-2418457263-3110824891-719402188-1417", "targetUserName": "svc_av", "targetDomainName": "MEDDEFENSE", "logonType": "3", "logonProcessName": "Kerberos", "authenticationPackageName": "Kerberos", "workstationName": "SRV-AV-01", "ipAddress": "10.10.20.70", "ipPort": "55601", "processName": "C:\\Windows\\System32\\lsass.exe"}, "system": {"eventID": "4624", "channel": "Security", "computer": "SRV-AV-01", "providerName": "Microsoft-Windows-Security-Auditing"}}}, "hunt_meta": {"category": "baseline_svc_auth", "source_host": "SRV-AV-01", "target_host": "SRV-AV-01", "tool": "svc_av_service", "authorized": true}}
{"timestamp": "2026-05-05T00:49:12.000+00:00", "rule": {"id": "60106", "level": 4, "description": "Windows: Successful login.", "groups": ["windows", "authentication_success"]}, "agent": {"id": "125", "name": "SRV-INS-DB", "ip": "10.10.20.25"}, "manager": {"name": "log-srv-01"}, "id": "alert-1777942152-logon-34078", "decoder": {"name": "windows_eventchannel"}, "data": {"win": {"eventdata": {"subjectUserSid": "S-1-0-0", "subjectUserName": "-", "targetUserSid": "S-1-5-21-2418457263-3110824891-719402188-1395", "targetUserName": "svc_insurance", "targetDomainName": "MEDDEFENSE", "logonType": "5", "logonProcessName": "Kerberos", "authenticationPackageName": "Kerberos", "workstationName": "SRV-INS-DB", "ipAddress": "10.10.20.25", "ipPort": "50949", "processName": "C:\\Windows\\System32\\lsass.exe"}, "system": {"eventID": "4624", "channel": "Security", "computer": "SRV-INS-DB", "providerName": "Microsoft-Windows-Security-Auditing"}}}, "hunt_meta": {"category": "baseline_svc_auth", "source_host": "SRV-INS-DB", "target_host": "SRV-INS-DB", "tool": "svc_insurance_service", "authorized": true}}
{"timestamp": "2026-05-05T01:01:38.000+00:00", "rule": {"id": "61645", "level": 3, "description": "Sysmon - Event: 22 - DNS query.", "groups": ["sysmon", "sysmon_event_22"]}, "agent": {"id": "937", "name": "WS-NURSE-03", "ip": "10.10.2.13"}, "manager": {"name": "log-srv-01"}, "id": "alert-1777942898-dns-54081", "decoder": {"name": "sysmon-event"}, "data": {"win": {"eventdata": {"utcTime": "2026-05-05 01:01:38.000", "queryName": "api.veeam.com", "queryStatus": "0", "queryResults": "type:  5 104.16.20.14", "image": "C:\\Windows\\System32\\svchost.exe"}, "system": {"eventID": "22", "channel": "Microsoft-Windows-Sysmon/Operational", "computer": "WS-NURSE-03"}}}, "hunt_meta": null}
{"timestamp": "2026-05-05T01:14:30.000+00:00", "rule": {"id": "60106", "level": 4, "description": "Windows: Successful login.", "groups": ["windows", "authentication_success"]}, "agent": {"id": "125", "name": "SRV-INS-DB", "ip": "10.10.20.25"}, "manager": {"name": "log-srv-01"}, "id": "alert-1777943670-logon-10302", "decoder": {"name": "windows_eventchannel"}, "data": {"win": {"eventdata": {"subjectUserSid": "S-1-0-0", "subjectUserName": "-", "targetUserSid": "S-1-5-21-2418457263-3110824891-719402188-1564", "targetUserName": "svc_insurance", "targetDomainName": "MEDDEFENSE", "logonType": "3", "logonProcessName": "Kerberos", "authenticationPackageName": "Kerberos", "workstationName": "SRV-INS-DB", "ipAddress": "10.10.20.25", "ipPort": "56035", "processName": "C:\\Windows\\System32\\lsass.exe"}, "system": {"eventID": "4624", "channel": "Security", "computer": "SRV-INS-DB", "providerName": "Microsoft-Windows-Security-Auditing"}}}, "hunt_meta": {"category": "baseline_svc_auth", "source_host": "SRV-INS-DB", "target_host": "SRV-INS-DB", "tool": "svc_insurance_service", "authorized": true}}
{"timestamp": "2026-05-05T01:15:42.000+00:00", "rule": {"id": "61612", "level": 3, "description": "Sysmon - Event: 13 - Registry value set.", "groups": ["sysmon", "sysmon_event_13"]}, "agent": {"id": "066", "name": "WS-DOC-01", "ip": "10.10.2.30"}, "manager": {"name": "log-srv-01"}, "id": "alert-1777943742-reg-18308", "decoder": {"name": "sysmon-event"}, "data": {"win": {"eventdata": {"utcTime": "2026-05-05 01:15:42.000", "eventType": "SetValue", "image": "C:\\Program Files\\Microsoft Office\\root\\Office16\\WINWORD.EXE", "targetObject": "HKLM\\SYSTEM\\CurrentControlSet\\Services\\Value55", "details": "Binary Data"}, "system": {"eventID": "13", "channel": "Microsoft-Windows-Sysmon/Operational", "computer": "WS-DOC-01"}}}}
{"timestamp": "2026-05-05T01:24:39.000+00:00", "rule": {"id": "61612", "level": 3, "description": "Sysmon - Event: 13 - Registry value set.", "groups": ["sysmon", "sysmon_event_13"]}, "agent": {"id": "794", "name": "WS-BILL-02", "ip": "10.10.4.33"}, "manager": {"name": "log-srv-01"}, "id": "alert-1777944279-reg-30677", "decoder": {"name": "sysmon-event"}, "data": {"win": {"eventdata": {"utcTime": "2026-05-05 01:24:39.000", "eventType": "SetValue", "image": "C:\\Windows\\System32\\svchost.exe", "targetObject": "HKLM\\SOFTWARE\\Microsoft\\Cryptography\\Value94", "details": "Binary Data"}, "system": {"eventID": "13", "channel": "Microsoft-Windows-Sysmon/Operational", "computer": "WS-BILL-02"}}}}
{"timestamp": "2026-05-05T01:33:12.000+00:00", "rule": {"id": "61612", "level": 3, "description": "Sysmon - Event: 13 - Registry value set.", "groups": ["sysmon", "sysmon_event_13"]}, "agent": {"id": "066", "name": "WS-DOC-01", "ip": "10.10.2.30"}, "manager": {"name": "log-srv-01"}, "id": "alert-1777944792-reg-33222", "decoder": {"name": "sysmon-event"}, "data": {"win": {"eventdata": {"utcTime": "2026-05-05 01:33:12.000", "eventType": "SetValue", "image": "C:\\Windows\\System32\\TrustedInstaller.exe", "targetObject": "HKLM\\SOFTWARE\\Policies\\Microsoft\\Windows Defender\\Value33", "details": "QWORD (0x00000064)"}, "system": {"eventID": "13", "channel": "Microsoft-Windows-Sysmon/Operational", "computer": "WS-DOC-01"}}}}
{"timestamp": "2026-05-05T01:35:57.000+00:00", "rule": {"id": "60106", "level": 4, "description": "Windows: Successful login.", "groups": ["windows", "authentication_success"]}, "agent": {"id": "115", "name": "SRV-HEALTH-DB", "ip": "10.10.20.15"}, "manager": {"name": "log-srv-01"}, "id": "alert-1777944957-logon-81920", "decoder": {"name": "windows_eventchannel"}, "data": {"win": {"eventdata": {"subjectUserSid": "S-1-0-0", "subjectUserName": "-", "targetUserSid": "S-1-5-21-2418457263-3110824891-719402188-1372", "targetUserName": "svc_healthsync", "targetDomainName": "MEDDEFENSE", "logonType": "5", "logonProcessName": "Kerberos", "authenticationPackageName": "Kerberos", "workstationName": "SRV-HEALTH-DB", "ipAddress": "10.10.20.15", "ipPort": "60751", "processName": "C:\\Windows\\System32\\lsass.exe"}, "system": {"eventID": "4624", "channel": "Security", "computer": "SRV-HEALTH-DB", "providerName": "Microsoft-Windows-Security-Auditing"}}}, "hunt_meta": {"category": "baseline_svc_auth", "source_host": "SRV-HEALTH-DB", "target_host": "SRV-HEALTH-DB", "tool": "svc_healthsync_service", "authorized": true}}
{"timestamp": "2026-05-05T01:47:48.000+00:00", "rule": {"id": "60103", "level": 5, "description": "Windows: Special privileges assigned to new logon.", "groups": ["windows", "authentication_success"]}, "agent": {"id": "445", "name": "SRV-PATCH-01", "ip": "10.10.20.60"}, "manager": {"name": "log-srv-01"}, "id": "alert-1777945668-spec-70549", "decoder": {"name": "windows_eventchannel"}, "data": {"win": {"eventdata": {"subjectUserName": "svc_healthsync", "subjectDomainName": "MEDDEFENSE", "privilegeList": "SeSecurityPrivilege SeBackupPrivilege SeRestorePrivilege"}, "system": {"eventID": "4672", "channel": "Security", "computer": "SRV-PATCH-01"}}}}
{"timestamp": "2026-05-05T01:50:35.000+00:00", "rule": {"id": "60106", "level": 4, "description": "Windows: Successful login.", "groups": ["windows", "authentication_success"]}, "agent": {"id": "170", "name": "SRV-AV-01", "ip": "10.10.20.70"}, "manager": {"name": "log-srv-01"}, "id": "alert-1777945835-logon-23142", "decoder": {"name": "windows_eventchannel"}, "data": {"win": {"eventdata": {"subjectUserSid": "S-1-0-0", "subjectUserName": "-", "targetUserSid": "S-1-5-21-2418457263-3110824891-719402188-1234", "targetUserName": "svc_av", "targetDomainName": "MEDDEFENSE", "logonType": "3", "logonProcessName": "Kerberos", "authenticationPackageName": "Kerberos", "workstationName": "SRV-AV-01", "ipAddress": "10.10.20.70", "ipPort": "64541", "processName": "C:\\Windows\\System32\\lsass.exe"}, "system": {"eventID": "4624", "channel": "Security", "computer": "SRV-AV-01", "providerName": "Microsoft-Windows-Security-Auditing"}}}, "hunt_meta": {"category": "baseline_svc_auth", "source_host": "SRV-AV-01", "target_host": "SRV-AV-01", "tool": "svc_av_service", "authorized": true}}
{"timestamp": "2026-05-05T01:54:02.000+00:00", "rule": {"id": "60103", "level": 5, "description": "Windows: Special privileges assigned to new logon.", "groups": ["windows", "authentication_success"]}, "agent": {"id": "737", "name": "SRV-DC-02", "ip": "10.10.20.6"}, "manager": {"name": "log-srv-01"}, "id": "alert-1777946042-spec-94205", "decoder": {"name": "windows_eventchannel"}, "data": {"win": {"eventdata": {"subjectUserName": "svc_backup", "subjectDomainName": "MEDDEFENSE", "privilegeList": "SeSecurityPrivilege SeBackupPrivilege SeRestorePrivilege"}, "system": {"eventID": "4672", "channel": "Security", "computer": "SRV-DC-02"}}}}
{"timestamp": "2026-05-05T02:04:14.000+00:00", "rule": {"id": "61612", "level": 3, "description": "Sysmon - Event: 13 - Registry value set.", "groups": ["sysmon", "sysmon_event_13"]}, "agent": {"id": "794", "name": "WS-BILL-02", "ip": "10.10.4.33"}, "manager": {"name": "log-srv-01"}, "id": "alert-1777946654-reg-26137", "decoder": {"name": "sysmon-event"}, "data": {"win": {"eventdata": {"utcTime": "2026-05-05 02:04:14.000", "eventType": "SetValue", "image": "C:\\Windows\\System32\\svchost.exe", "targetObject": "HKLM\\SYSTEM\\CurrentControlSet\\Services\\Value32", "details": "Binary Data"}, "system": {"eventID": "13", "channel": "Microsoft-Windows-Sysmon/Operational", "computer": "WS-BILL-02"}}}}
{"timestamp": "2026-05-05T02:06:10.000+00:00", "rule": {"id": "60106", "level": 4, "description": "Windows: Successful login.", "groups": ["windows", "authentication_success"]}, "agent": {"id": "125", "name": "SRV-INS-DB", "ip": "10.10.20.25"}, "manager": {"name": "log-srv-01"}, "id": "alert-1777946770-logon-71711", "decoder": {"name": "windows_eventchannel"}, "data": {"win": {"eventdata": {"subjectUserSid": "S-1-0-0", "subjectUserName": "-", "targetUserSid": "S-1-5-21-2418457263-3110824891-719402188-1153", "targetUserName": "svc_insurance", "targetDomainName": "MEDDEFENSE", "logonType": "5", "logonProcessName": "Kerberos", "authenticationPackageName": "Kerberos", "workstationName": "SRV-INS-DB", "ipAddress": "10.10.20.25", "ipPort": "63108", "processName": "C:\\Windows\\System32\\lsass.exe"}, "system": {"eventID": "4624", "channel": "Security", "computer": "SRV-INS-DB", "providerName": "Microsoft-Windows-Security-Auditing"}}}, "hunt_meta": {"category": "baseline_svc_auth", "source_host": "SRV-INS-DB", "target_host": "SRV-INS-DB", "tool": "svc_insurance_service", "authorized": true}}
{"timestamp": "2026-05-05T02:09:48.000+00:00", "rule": {"id": "60106", "level": 4, "description": "Windows: Successful login.", "groups": ["windows", "authentication_success"]}, "agent": {"id": "160", "name": "SRV-PATCH-01", "ip": "10.10.20.60"}, "manager": {"name": "log-srv-01"}, "id": "alert-1777946988-logon-58249", "decoder": {"name": "windows_eventchannel"}, "data": {"win": {"eventdata": {"subjectUserSid": "S-1-0-0", "subjectUserName": "-", "targetUserSid": "S-1-5-21-2418457263-3110824891-719402188-1487", "targetUserName": "svc_patchdeploy", "targetDomainName": "MEDDEFENSE", "logonType": "3", "logonProcessName": "Kerberos", "authenticationPackageName": "Kerberos", "workstationName": "SRV-PATCH-01", "ipAddress": "10.10.20.60", "ipPort": "63996", "processName": "C:\\Windows\\System32\\lsass.exe"}, "system": {"eventID": "4624", "channel": "Security", "computer": "SRV-PATCH-01", "providerName": "Microsoft-Windows-Security-Auditing"}}}, "hunt_meta": {"category": "baseline_svc_auth", "source_host": "SRV-PATCH-01", "target_host": "SRV-PATCH-01", "tool": "svc_patchdeploy_service", "authorized": true}}
{"timestamp": "2026-05-05T02:14:06.000+00:00", "rule": {"id": "61645", "level": 3, "description": "Sysmon - Event: 22 - DNS query.", "groups": ["sysmon", "sysmon_event_22"]}, "agent": {"id": "909", "name": "WS-RECV-02", "ip": "10.10.3.20"}, "manager": {"name": "log-srv-01"}, "id": "alert-1777947246-dns-82103", "decoder": {"name": "sysmon-event"}, "data": {"win": {"eventdata": {"utcTime": "2026-05-05 02:14:06.000", "queryName": "sync.healthbane-c2.net", "queryStatus": "0", "queryResults": "type:  5 185.220.101.45", "image": "C:\\Windows\\System32\\svchost.exe"}, "system": {"eventID": "22", "channel": "Microsoft-Windows-Sysmon/Operational", "computer": "WS-RECV-02"}}}, "hunt_meta": null}
{"timestamp": "2026-05-05T02:14:29.000+00:00", "rule": {"id": "61645", "level": 3, "description": "Sysmon - Event: 22 - DNS query.", "groups": ["sysmon", "sysmon_event_22"]}, "agent": {"id": "755", "name": "WS-NURSE-02", "ip": "10.10.2.12"}, "manager": {"name": "log-srv-01"}, "id": "alert-1777947269-dns-23368", "decoder": {"name": "sysmon-event"}, "data": {"win": {"eventdata": {"utcTime": "2026-05-05 02:14:29.000", "queryName": "clients.google.com", "queryStatus": "0", "queryResults": "type:  5 172.217.16.110", "image": "C:\\Windows\\System32\\svchost.exe"}, "system": {"eventID": "22", "channel": "Microsoft-Windows-Sysmon/Operational", "computer": "WS-NURSE-02"}}}, "hunt_meta": null}
{"timestamp": "2026-05-05T02:17:20.000+00:00", "rule": {"id": "60106", "level": 4, "description": "Windows: Successful login.", "groups": ["windows", "authentication_success"]}, "agent": {"id": "125", "name": "SRV-INS-DB", "ip": "10.10.20.25"}, "manager": {"name": "log-srv-01"}, "id": "alert-1777947440-logon-55582", "decoder": {"name": "windows_eventchannel"}, "data": {"win": {"eventdata": {"subjectUserSid": "S-1-0-0", "subjectUserName": "-", "targetUserSid": "S-1-5-21-2418457263-3110824891-719402188-1197", "targetUserName": "svc_insurance", "targetDomainName": "MEDDEFENSE", "logonType": "5", "logonProcessName": "Kerberos", "authenticationPackageName": "Kerberos", "workstationName": "SRV-INS-DB", "ipAddress": "10.10.20.25", "ipPort": "52333", "processName": "C:\\Windows\\System32\\lsass.exe"}, "system": {"eventID": "4624", "channel": "Security", "computer": "SRV-INS-DB", "providerName": "Microsoft-Windows-Security-Auditing"}}}, "hunt_meta": {"category": "baseline_svc_auth", "source_host": "SRV-INS-DB", "target_host": "SRV-INS-DB", "tool": "svc_insurance_service", "authorized": true}}
{"timestamp": "2026-05-05T02:18:22.000+00:00", "rule": {"id": "61613", "level": 3, "description": "Sysmon - Event: 11 - File created.", "groups": ["sysmon", "sysmon_event_11"]}, "agent": {"id": "272", "name": "WS-ADMIN-01", "ip": "10.10.9.10"}, "manager": {"name": "log-srv-01"}, "id": "alert-1777947502-fc-22616", "decoder": {"name": "sysmon-event"}, "data": {"win": {"eventdata": {"utcTime": "2026-05-05 02:18:22.000", "image": "C:\\Program Files\\Microsoft Office\\root\\Office16\\OUTLOOK.EXE", "targetFilename": "C:\\Users\\robert.kim\\AppData\\Local\\Temp\\OICE_3223.tmp", "creationUtcTime": "2026-05-05 02:18:22.000"}, "system": {"eventID": "11", "channel": "Microsoft-Windows-Sysmon/Operational", "computer": "WS-ADMIN-01"}}}}
{"timestamp": "2026-05-05T02:23:05.000+00:00", "rule": {"id": "61613", "level": 3, "description": "Sysmon - Event: 11 - File created.", "groups": ["sysmon", "sysmon_event_11"]}, "agent": {"id": "909", "name": "WS-RECV-02", "ip": "10.10.3.20"}, "manager": {"name": "log-srv-01"}, "id": "alert-1777947785-fc-15637", "decoder": {"name": "sysmon-event"}, "data": {"win": {"eventdata": {"utcTime": "2026-05-05 02:23:05.000", "image": "C:\\Program Files\\Microsoft Office\\root\\Office16\\OUTLOOK.EXE", "targetFilename": "C:\\Users\\records02\\AppData\\Local\\Temp\\OICE_3066.tmp", "creationUtcTime": "2026-05-05 02:23:05.000"}, "system": {"eventID": "11", "channel": "Microsoft-Windows-Sysmon/Operational", "computer": "WS-RECV-02"}}}}
{"timestamp": "2026-05-05T02:25:18.000+00:00", "rule": {"id": "60106", "level": 4, "description": "Windows: Successful login.", "groups": ["windows", "authentication_success"]}, "agent": {"id": "115", "name": "SRV-HEALTH-DB", "ip": "10.10.20.15"}, "manager": {"name": "log-srv-01"}, "id": "alert-1777947918-logon-73136", "decoder": {"name": "windows_eventchannel"}, "data": {"win": {"eventdata": {"subjectUserSid": "S-1-0-0", "subjectUserName": "-", "targetUserSid": "S-1-5-21-2418457263-3110824891-719402188-1376", "targetUserName": "svc_healthsync", "targetDomainName": "MEDDEFENSE", "logonType": "5", "logonProcessName": "Kerberos", "authenticationPackageName": "Kerberos", "workstationName": "SRV-HEALTH-DB", "ipAddress": "10.10.20.15", "ipPort": "53028", "processName": "C:\\Windows\\System32\\lsass.exe"}, "system": {"eventID": "4624", "channel": "Security", "computer": "SRV-HEALTH-DB", "providerName": "Microsoft-Windows-Security-Auditing"}}}, "hunt_meta": {"category": "baseline_svc_auth", "source_host": "SRV-HEALTH-DB", "target_host": "SRV-HEALTH-DB", "tool": "svc_healthsync_service", "authorized": true}}
{"timestamp": "2026-05-05T02:26:20.000+00:00", "rule": {"id": "61612", "level": 3, "description": "Sysmon - Event: 13 - Registry value set.", "groups": ["sysmon", "sysmon_event_13"]}, "agent": {"id": "817", "name": "WS-RECV-01", "ip": "10.10.3.19"}, "manager": {"name": "log-srv-01"}, "id": "alert-1777947980-reg-12537", "decoder": {"name": "sysmon-event"}, "data": {"win": {"eventdata": {"utcTime": "2026-05-05 02:26:20.000", "eventType": "SetValue", "image": "C:\\Windows\\System32\\msiexec.exe", "targetObject": "HKLM\\SOFTWARE\\Microsoft\\Windows\\CurrentVersion\\Uninstall\\Value94", "details": "QWORD (0x00000064)"}, "system": {"eventID": "13", "channel": "Microsoft-Windows-Sysmon/Operational", "computer": "WS-RECV-01"}}}}
{"timestamp": "2026-05-05T02:27:43.000+00:00", "rule": {"id": "60106", "level": 4, "description": "Windows: Successful login.", "groups": ["windows", "authentication_success"]}, "agent": {"id": "115", "name": "SRV-HEALTH-DB", "ip": "10.10.20.15"}, "manager": {"name": "log-srv-01"}, "id": "alert-1777948063-logon-84654", "decoder": {"name": "windows_eventchannel"}, "data": {"win": {"eventdata": {"subjectUserSid": "S-1-0-0", "subjectUserName": "-", "targetUserSid": "S-1-5-21-2418457263-3110824891-719402188-1200", "targetUserName": "svc_healthsync", "targetDomainName": "MEDDEFENSE", "logonType": "5", "logonProcessName": "Kerberos", "authenticationPackageName": "Kerberos", "workstationName": "SRV-HEALTH-DB", "ipAddress": "10.10.20.15", "ipPort": "64096", "processName": "C:\\Windows\\System32\\lsass.exe"}, "system": {"eventID": "4624", "channel": "Security", "computer": "SRV-HEALTH-DB", "providerName": "Microsoft-Windows-Security-Auditing"}}}, "hunt_meta": {"category": "baseline_svc_auth", "source_host": "SRV-HEALTH-DB", "target_host": "SRV-HEALTH-DB", "tool": "svc_healthsync_service", "authorized": true}}
