{"timestamp": "2026-05-06T14:57:31.000+00:00", "rule": {"id": "61612", "level": 3, "description": "Sysmon - Event: 13 - Registry value set.", "groups": ["sysmon", "sysmon_event_13"]}, "agent": {"id": "272", "name": "WS-ADMIN-01", "ip": "10.10.9.10"}, "manager": {"name": "log-srv-01"}, "id": "alert-1778079451-reg-10579", "decoder": {"name": "sysmon-event"}, "data": {"win": {"eventdata": {"utcTime": "2026-05-06 14:57:31.000", "eventType": "SetValue", "image": "C:\\Windows\\System32\\msiexec.exe", "targetObject": "HKLM\\SOFTWARE\\Microsoft\\Cryptography\\Value56", "details": "DWORD (0x00000000)"}, "system": {"eventID": "13", "channel": "Microsoft-Windows-Sysmon/Operational", "computer": "WS-ADMIN-01"}}}}
{"timestamp": "2026-05-06T15:03:13.000+00:00", "rule": {"id": "61603", "level": 5, "description": "Sysmon - Event: 1 - Process creation.", "groups": ["sysmon", "sysmon_event1"]}, "agent": {"id": "937", "name": "WS-NURSE-03", "ip": "10.10.2.13"}, "manager": {"name": "log-srv-01"}, "id": "alert-1778079793-10379", "decoder": {"name": "sysmon-event"}, "data": {"win": {"eventdata": {"utcTime": "2026-05-06 15:03:13.000", "processGuid": "{7b125c27-5007-9610-cf42-26811dd632a8}", "processId": "10379", "image": "C:\\Windows\\System32\\svchost.exe", "commandLine": "C:\\Windows\\System32\\svchost.exe -k netsvcs", "currentDirectory": "C:\\Windows\\System32\\", "user": "MEDDEFENSE\\nurse03", "logonGuid": "{7327f435-2489-bd2a-6d2f-78614c882d05}", "logonId": "0xd3c819d", "terminalSessionId": "1", "integrityLevel": "Medium", "hashes": "SHA256=220c0b15440c821e20994ef57669ab2f65f68f0f29d266adaf939c1d9ff08dc8", "parentProcessGuid": "{34deef67-1217-0e3e-25a6-8dfa7a953794}", "parentProcessId": "50366", "parentImage": "C:\\Windows\\explorer.exe", "parentCommandLine": "C:\\Windows\\Explorer.EXE", "parentUser": "MEDDEFENSE\\nurse03", "agentName": "WS-NURSE-03"}, "system": {"eventID": "1", "channel": "Microsoft-Windows-Sysmon/Operational", "computer": "WS-NURSE-03", "providerName": "Microsoft-Windows-Sysmon", "providerGuid": "{5770385F-C22A-43E0-BF4C-06F5698FFBD9}", "userID": "S-1-5-18"}}}}
{"timestamp": "2026-05-06T15:03:43.000+00:00", "rule": {"id": "60106", "level": 4, "description": "Windows: Successful login.", "groups": ["windows", "authentication_success"]}, "agent": {"id": "561", "name": "WS-HELPDESK-02", "ip": "10.10.9.21"}, "manager": {"name": "log-srv-01"}, "id": "alert-1778079823-logon-37032", "decoder": {"name": "windows_eventchannel"}, "data": {"win": {"eventdata": {"subjectUserSid": "S-1-0-0", "subjectUserName": "-", "targetUserSid": "S-1-5-21-2418457263-3110824891-719402188-1419", "targetUserName": "helpdesk02", "targetDomainName": "MEDDEFENSE", "logonType": "2", "logonProcessName": "Kerberos", "authenticationPackageName": "Kerberos", "workstationName": "WS-HELPDESK-02", "ipAddress": "10.10.9.21", "ipPort": "55176", "processName": "C:\\Windows\\System32\\lsass.exe"}, "system": {"eventID": "4624", "channel": "Security", "computer": "WS-HELPDESK-02", "providerName": "Microsoft-Windows-Security-Auditing"}}}, "hunt_meta": null}
{"timestamp": "2026-05-06T15:05:27.000+00:00", "rule": {"id": "61603", "level": 5, "description": "Sysmon - Event: 1 - Process creation.", "groups": ["sysmon", "sysmon_event1"]}, "agent": {"id": "263", "name": "WS-BILL-03", "ip": "10.10.4.34"}, "manager": {"name": "log-srv-01"}, "id": "alert-1778079927-31084", "decoder": {"name": "sysmon-event"}, "data": {"win": {"eventdata": {"utcTime": "2026-05-06 15:05:27.000", "processGuid": "{b221ad70-d218-5626-2394-4f0b682365f4}", "processId": "31084", "image": "C:\\Program Files\\Microsoft Office\\root\\Office16\\OUTLOOK.EXE", "commandLine": "\"OUTLOOK.EXE\"", "currentDirectory": "C:\\Windows\\System32\\", "user": "MEDDEFENSE\\bill03", "logonGuid": "{fdf5e8f1-eda3-b8ea-db05-122a758ac5f4}", "logonId": "0xbf1b5e1", "terminalSessionId": "1", "integrityLevel": "Medium", "hashes": "SHA256=764f6438f969844af7daf2f5ac2935920f0ca5f7cb11a49d0625e4f5cf5fff20", "parentProcessGuid": "{6b445a45-d8f0-6ebe-0332-1fa5b0b7d865}", "parentProcessId": "24277", "parentImage": "C:\\Windows\\explorer.exe", "parentCommandLine": "C:\\Windows\\Explorer.EXE", "parentUser": "MEDDEFENSE\\bill03", "agentName": "WS-BILL-03"}, "system": {"eventID": "1", "channel": "Microsoft-Windows-Sysmon/Operational", "computer": "WS-BILL-03", "providerName": "Microsoft-Windows-Sysmon", "providerGuid": "{5770385F-C22A-43E0-BF4C-06F5698FFBD9}", "userID": "S-1-5-18"}}}}
{"timestamp": "2026-05-06T15:06:43.000+00:00", "rule": {"id": "60106", "level": 4, "description": "Windows: Successful login.", "groups": ["windows", "authentication_success"]}, "agent": {"id": "115", "name": "SRV-HEALTH-DB", "ip": "10.10.20.15"}, "manager": {"name": "log-srv-01"}, "id": "alert-1778080003-logon-75630", "decoder": {"name": "windows_eventchannel"}, "data": {"win": {"eventdata": {"subjectUserSid": "S-1-0-0", "subjectUserName": "-", "targetUserSid": "S-1-5-21-2418457263-3110824891-719402188-1144", "targetUserName": "svc_healthsync", "targetDomainName": "MEDDEFENSE", "logonType": "5", "logonProcessName": "Kerberos", "authenticationPackageName": "Kerberos", "workstationName": "SRV-HEALTH-DB", "ipAddress": "10.10.20.15", "ipPort": "55350", "processName": "C:\\Windows\\System32\\lsass.exe"}, "system": {"eventID": "4624", "channel": "Security", "computer": "SRV-HEALTH-DB", "providerName": "Microsoft-Windows-Security-Auditing"}}}, "hunt_meta": {"category": "baseline_svc_auth", "source_host": "SRV-HEALTH-DB", "target_host": "SRV-HEALTH-DB", "tool": "svc_healthsync_service", "authorized": true}}
{"timestamp": "2026-05-06T15:07:23.000+00:00", "rule": {"id": "61603", "level": 5, "description": "Sysmon - Event: 1 - Process creation.", "groups": ["sysmon", "sysmon_event1"]}, "agent": {"id": "233", "name": "WS-RECV-03", "ip": "10.10.3.21"}, "manager": {"name": "log-srv-01"}, "id": "alert-1778080043-23599", "decoder": {"name": "sysmon-event"}, "data": {"win": {"eventdata": {"utcTime": "2026-05-06 15:07:23.000", "processGuid": "{e360290c-b00b-cb4c-35eb-5392d717516c}", "processId": "23599", "image": "C:\\Program Files\\Microsoft Office\\root\\Office16\\WINWORD.EXE", "commandLine": "\"WINWORD.EXE\"", "currentDirectory": "C:\\Windows\\System32\\", "user": "MEDDEFENSE\\records03", "logonGuid": "{7889d189-8d9c-a4fe-5eae-35622300bf96}", "logonId": "0xf7c237b", "terminalSessionId": "1", "integrityLevel": "Medium", "hashes": "SHA256=cd3e331f9811fc83a4856c68f70ea52a6a0376b9c2457eb1b910e2b747cca122", "parentProcessGuid": "{3ef3bf9a-af0b-aac0-518f-4895c9f7d51c}", "parentProcessId": "33486", "parentImage": "C:\\Windows\\explorer.exe", "parentCommandLine": "C:\\Windows\\Explorer.EXE", "parentUser": "MEDDEFENSE\\records03", "agentName": "WS-RECV-03"}, "system": {"eventID": "1", "channel": "Microsoft-Windows-Sysmon/Operational", "computer": "WS-RECV-03", "providerName": "Microsoft-Windows-Sysmon", "providerGuid": "{5770385F-C22A-43E0-BF4C-06F5698FFBD9}", "userID": "S-1-5-18"}}}}
{"timestamp": "2026-05-06T15:09:08.000+00:00", "rule": {"id": "60106", "level": 4, "description": "Windows: Successful login.", "groups": ["windows", "authentication_success"]}, "agent": {"id": "125", "name": "SRV-INS-DB", "ip": "10.10.20.25"}, "manager": {"name": "log-srv-01"}, "id": "alert-1778080148-logon-96115", "decoder": {"name": "windows_eventchannel"}, "data": {"win": {"eventdata": {"subjectUserSid": "S-1-0-0", "subjectUserName": "-", "targetUserSid": "S-1-5-21-2418457263-3110824891-719402188-1185", "targetUserName": "svc_insurance", "targetDomainName": "MEDDEFENSE", "logonType": "5", "logonProcessName": "Kerberos", "authenticationPackageName": "Kerberos", "workstationName": "SRV-INS-DB", "ipAddress": "10.10.20.25", "ipPort": "53204", "processName": "C:\\Windows\\System32\\lsass.exe"}, "system": {"eventID": "4624", "channel": "Security", "computer": "SRV-INS-DB", "providerName": "Microsoft-Windows-Security-Auditing"}}}, "hunt_meta": {"category": "baseline_svc_auth", "source_host": "SRV-INS-DB", "target_host": "SRV-INS-DB", "tool": "svc_insurance_service", "authorized": true}}
{"timestamp": "2026-05-06T15:09:44.000+00:00", "rule": {"id": "60106", "level": 4, "description": "Windows: Successful login.", "groups": ["windows", "authentication_success"]}, "agent": {"id": "263", "name": "WS-BILL-03", "ip": "10.10.4.34"}, "manager": {"name": "log-srv-01"}, "id": "alert-1778080184-logon-24976", "decoder": {"name": "windows_eventchannel"}, "data": {"win": {"eventdata": {"subjectUserSid": "S-1-0-0", "subjectUserName": "-", "targetUserSid": "S-1-5-21-2418457263-3110824891-719402188-1472", "targetUserName": "bill03", "targetDomainName": "MEDDEFENSE", "logonType": "2", "logonProcessName": "Kerberos", "authenticationPackageName": "Kerberos", "workstationName": "WS-BILL-03", "ipAddress": "10.10.4.34", "ipPort": "62874", "processName": "C:\\Windows\\System32\\lsass.exe"}, "system": {"eventID": "4624", "channel": "Security", "computer": "WS-BILL-03", "providerName": "Microsoft-Windows-Security-Auditing"}}}, "hunt_meta": null}
{"timestamp": "2026-05-06T15:09:54.000+00:00", "rule": {"id": "61603", "level": 5, "description": "Sysmon - Event: 1 - Process creation.", "groups": ["sysmon", "sysmon_event1"]}, "agent": {"id": "817", "name": "WS-RECV-01", "ip": "10.10.3.19"}, "manager": {"name": "log-srv-01"}, "id": "alert-1778080194-61548", "decoder": {"name": "sysmon-event"}, "data": {"win": {"eventdata": {"utcTime": "2026-05-06 15:09:54.000", "processGuid": "{ea033d08-b2bf-d544-05ac-f3dc1652fb83}", "processId": "61548", "image": "C:\\Windows\\System32\\svchost.exe", "commandLine": "C:\\Windows\\System32\\svchost.exe -k netsvcs", "currentDirectory": "C:\\Windows\\System32\\", "user": "MEDDEFENSE\\records01", "logonGuid": "{f3bbdd97-1465-7602-0719-f537ba6271e0}", "logonId": "0x068379d", "terminalSessionId": "1", "integrityLevel": "Medium", "hashes": "SHA256=dce5179fa13595ed26eb4e44091111532234fc39a60ff8bfe203c25adcb44d5c", "parentProcessGuid": "{0aabce6e-a2ef-b4af-ca6a-6acc2e1fc69c}", "parentProcessId": "20558", "parentImage": "C:\\Windows\\explorer.exe", "parentCommandLine": "C:\\Windows\\Explorer.EXE", "parentUser": "MEDDEFENSE\\records01", "agentName": "WS-RECV-01"}, "system": {"eventID": "1", "channel": "Microsoft-Windows-Sysmon/Operational", "computer": "WS-RECV-01", "providerName": "Microsoft-Windows-Sysmon", "providerGuid": "{5770385F-C22A-43E0-BF4C-06F5698FFBD9}", "userID": "S-1-5-18"}}}}
{"timestamp": "2026-05-06T15:10:25.000+00:00", "rule": {"id": "61603", "level": 5, "description": "Sysmon - Event: 1 - Process creation.", "groups": ["sysmon", "sysmon_event1"]}, "agent": {"id": "561", "name": "WS-HELPDESK-02", "ip": "10.10.9.21"}, "manager": {"name": "log-srv-01"}, "id": "alert-1778080225-11820", "decoder": {"name": "sysmon-event"}, "data": {"win": {"eventdata": {"utcTime": "2026-05-06 15:10:25.000", "processGuid": "{8470e04f-06e3-9b31-f99c-84c838815aa2}", "processId": "11820", "image": "C:\\Windows\\System32\\svchost.exe", "commandLine": "C:\\Windows\\System32\\svchost.exe -k netsvcs", "currentDirectory": "C:\\Windows\\System32\\", "user": "MEDDEFENSE\\helpdesk02", "logonGuid": "{c8d3cae4-696e-d632-b878-6ddf4ad06517}", "logonId": "0xbe992c2", "terminalSessionId": "1", "integrityLevel": "Medium", "hashes": "SHA256=997c232e0db2f09b9d4d03fae25c2ecfe0c37148e7994870a6959dd633b06c26", "parentProcessGuid": "{1833d65a-1275-097b-e398-b3f093ee913e}", "parentProcessId": "59371", "parentImage": "C:\\Windows\\explorer.exe", "parentCommandLine": "C:\\Windows\\Explorer.EXE", "parentUser": "MEDDEFENSE\\helpdesk02", "agentName": "WS-HELPDESK-02"}, "system": {"eventID": "1", "channel": "Microsoft-Windows-Sysmon/Operational", "computer": "WS-HELPDESK-02", "providerName": "Microsoft-Windows-Sysmon", "providerGuid": "{5770385F-C22A-43E0-BF4C-06F5698FFBD9}", "userID": "S-1-5-18"}}}}
{"timestamp": "2026-05-06T15:10:30.000+00:00", "rule": {"id": "60106", "level": 4, "description": "Windows: Successful login.", "groups": ["windows", "authentication_success"]}, "agent": {"id": "561", "name": "WS-HELPDESK-02", "ip": "10.10.9.21"}, "manager": {"name": "log-srv-01"}, "id": "alert-1778080230-logon-70373", "decoder": {"name": "windows_eventchannel"}, "data": {"win": {"eventdata": {"subjectUserSid": "S-1-0-0", "subjectUserName": "-", "targetUserSid": "S-1-5-21-2418457263-3110824891-719402188-1483", "targetUserName": "helpdesk02", "targetDomainName": "MEDDEFENSE", "logonType": "2", "logonProcessName": "Kerberos", "authenticationPackageName": "Kerberos", "workstationName": "WS-HELPDESK-02", "ipAddress": "10.10.9.21", "ipPort": "51039", "processName": "C:\\Windows\\System32\\lsass.exe"}, "system": {"eventID": "4624", "channel": "Security", "computer": "WS-HELPDESK-02", "providerName": "Microsoft-Windows-Security-Auditing"}}}, "hunt_meta": null}
{"timestamp": "2026-05-06T15:11:31.000+00:00", "rule": {"id": "60106", "level": 4, "description": "Windows: Successful login.", "groups": ["windows", "authentication_success"]}, "agent": {"id": "180", "name": "SRV-BACKUP-01", "ip": "10.10.20.80"}, "manager": {"name": "log-srv-01"}, "id": "alert-1778080291-logon-97274", "decoder": {"name": "windows_eventchannel"}, "data": {"win": {"eventdata": {"subjectUserSid": "S-1-0-0", "subjectUserName": "-", "targetUserSid": "S-1-5-21-2418457263-3110824891-719402188-1563", "targetUserName": "svc_backup", "targetDomainName": "MEDDEFENSE", "logonType": "5", "logonProcessName": "Kerberos", "authenticationPackageName": "Kerberos", "workstationName": "SRV-BACKUP-01", "ipAddress": "10.10.20.80", "ipPort": "59522", "processName": "C:\\Windows\\System32\\lsass.exe"}, "system": {"eventID": "4624", "channel": "Security", "computer": "SRV-BACKUP-01", "providerName": "Microsoft-Windows-Security-Auditing"}}}, "hunt_meta": {"category": "baseline_svc_auth", "source_host": "SRV-BACKUP-01", "target_host": "SRV-BACKUP-01", "tool": "svc_backup_service", "authorized": true}}
{"timestamp": "2026-05-06T15:12:49.000+00:00", "rule": {"id": "60106", "level": 4, "description": "Windows: Successful login.", "groups": ["windows", "authentication_success"]}, "agent": {"id": "115", "name": "SRV-HEALTH-DB", "ip": "10.10.20.15"}, "manager": {"name": "log-srv-01"}, "id": "alert-1778080369-logon-79062", "decoder": {"name": "windows_eventchannel"}, "data": {"win": {"eventdata": {"subjectUserSid": "S-1-0-0", "subjectUserName": "-", "targetUserSid": "S-1-5-21-2418457263-3110824891-719402188-1589", "targetUserName": "svc_healthsync", "targetDomainName": "MEDDEFENSE", "logonType": "5", "logonProcessName": "Kerberos", "authenticationPackageName": "Kerberos", "workstationName": "SRV-HEALTH-DB", "ipAddress": "10.10.20.15", "ipPort": "54693", "processName": "C:\\Windows\\System32\\lsass.exe"}, "system": {"eventID": "4624", "channel": "Security", "computer": "SRV-HEALTH-DB", "providerName": "Microsoft-Windows-Security-Auditing"}}}, "hunt_meta": {"category": "baseline_svc_auth", "source_host": "SRV-HEALTH-DB", "target_host": "SRV-HEALTH-DB", "tool": "svc_healthsync_service", "authorized": true}}
{"timestamp": "2026-05-06T15:12:49.000+00:00", "rule": {"id": "60106", "level": 4, "description": "Windows: Successful login.", "groups": ["windows", "authentication_success"]}, "agent": {"id": "696", "name": "WS-NURSE-04", "ip": "10.10.2.15"}, "manager": {"name": "log-srv-01"}, "id": "alert-1778080369-logon-57656", "decoder": {"name": "windows_eventchannel"}, "data": {"win": {"eventdata": {"subjectUserSid": "S-1-0-0", "subjectUserName": "-", "targetUserSid": "S-1-5-21-2418457263-3110824891-719402188-1252", "targetUserName": "dmarsh", "targetDomainName": "MEDDEFENSE", "logonType": "2", "logonProcessName": "Kerberos", "authenticationPackageName": "Kerberos", "workstationName": "WS-NURSE-04", "ipAddress": "10.10.2.15", "ipPort": "59396", "processName": "C:\\Windows\\System32\\lsass.exe"}, "system": {"eventID": "4624", "channel": "Security", "computer": "WS-NURSE-04", "providerName": "Microsoft-Windows-Security-Auditing"}}}, "hunt_meta": null}
{"timestamp": "2026-05-06T15:12:57.000+00:00", "rule": {"id": "61613", "level": 3, "description": "Sysmon - Event: 11 - File created.", "groups": ["sysmon", "sysmon_event_11"]}, "agent": {"id": "233", "name": "WS-RECV-03", "ip": "10.10.3.21"}, "manager": {"name": "log-srv-01"}, "id": "alert-1778080377-fc-12613", "decoder": {"name": "sysmon-event"}, "data": {"win": {"eventdata": {"utcTime": "2026-05-06 15:12:57.000", "image": "C:\\Program Files\\Microsoft Office\\root\\Office16\\OUTLOOK.EXE", "targetFilename": "C:\\Users\\records03\\AppData\\Local\\Temp\\OICE_3227.tmp", "creationUtcTime": "2026-05-06 15:12:57.000"}, "system": {"eventID": "11", "channel": "Microsoft-Windows-Sysmon/Operational", "computer": "WS-RECV-03"}}}}
{"timestamp": "2026-05-06T15:13:25.000+00:00", "rule": {"id": "61645", "level": 3, "description": "Sysmon - Event: 22 - DNS query.", "groups": ["sysmon", "sysmon_event_22"]}, "agent": {"id": "576", "name": "WS-NURSE-05", "ip": "10.10.2.16"}, "manager": {"name": "log-srv-01"}, "id": "alert-1778080405-dns-69596", "decoder": {"name": "sysmon-event"}, "data": {"win": {"eventdata": {"utcTime": "2026-05-06 15:13:25.000", "queryName": "data-sync.healthbane-c2.net", "queryStatus": "0", "queryResults": "type:  5 185.220.101.46", "image": "C:\\Windows\\System32\\svchost.exe"}, "system": {"eventID": "22", "channel": "Microsoft-Windows-Sysmon/Operational", "computer": "WS-NURSE-05"}}}, "hunt_meta": null}
{"timestamp": "2026-05-06T15:14:54.000+00:00", "rule": {"id": "61603", "level": 5, "description": "Sysmon - Event: 1 - Process creation.", "groups": ["sysmon", "sysmon_event1"]}, "agent": {"id": "561", "name": "WS-HELPDESK-02", "ip": "10.10.9.21"}, "manager": {"name": "log-srv-01"}, "id": "alert-1778080494-15259", "decoder": {"name": "sysmon-event"}, "data": {"win": {"eventdata": {"utcTime": "2026-05-06 15:14:54.000", "processGuid": "{ce53dfb0-ca2a-7d11-580a-85dcc9cfd3d4}", "processId": "15259", "image": "C:\\Windows\\explorer.exe", "commandLine": "C:\\Windows\\Explorer.EXE", "currentDirectory": "C:\\Windows\\System32\\", "user": "MEDDEFENSE\\helpdesk02", "logonGuid": "{33743a72-b365-c27a-1233-709f6f877de7}", "logonId": "0x797b014", "terminalSessionId": "1", "integrityLevel": "Medium", "hashes": "SHA256=97532347b010cf7455548a948c660386d374aa90d174b9b6c28f0f0d2025579d", "parentProcessGuid": "{ec8c3875-2e4a-c341-7d4d-fe5617016bbf}", "parentProcessId": "1866", "parentImage": "C:\\Windows\\explorer.exe", "parentCommandLine": "C:\\Windows\\Explorer.EXE", "parentUser": "MEDDEFENSE\\helpdesk02", "agentName": "WS-HELPDESK-02"}, "system": {"eventID": "1", "channel": "Microsoft-Windows-Sysmon/Operational", "computer": "WS-HELPDESK-02", "providerName": "Microsoft-Windows-Sysmon", "providerGuid": "{5770385F-C22A-43E0-BF4C-06F5698FFBD9}", "userID": "S-1-5-18"}}}}
{"timestamp": "2026-05-06T15:16:33.000+00:00", "rule": {"id": "60106", "level": 4, "description": "Windows: Successful login.", "groups": ["windows", "authentication_success"]}, "agent": {"id": "115", "name": "SRV-HEALTH-DB", "ip": "10.10.20.15"}, "manager": {"name": "log-srv-01"}, "id": "alert-1778080593-logon-53005", "decoder": {"name": "windows_eventchannel"}, "data": {"win": {"eventdata": {"subjectUserSid": "S-1-0-0", "subjectUserName": "-", "targetUserSid": "S-1-5-21-2418457263-3110824891-719402188-1170", "targetUserName": "svc_healthsync", "targetDomainName": "MEDDEFENSE", "logonType": "5", "logonProcessName": "Kerberos", "authenticationPackageName": "Kerberos", "workstationName": "SRV-HEALTH-DB", "ipAddress": "10.10.20.15", "ipPort": "61087", "processName": "C:\\Windows\\System32\\lsass.exe"}, "system": {"eventID": "4624", "channel": "Security", "computer": "SRV-HEALTH-DB", "providerName": "Microsoft-Windows-Security-Auditing"}}}, "hunt_meta": {"category": "baseline_svc_auth", "source_host": "SRV-HEALTH-DB", "target_host": "SRV-HEALTH-DB", "tool": "svc_healthsync_service", "authorized": true}}
{"timestamp": "2026-05-06T15:16:43.000+00:00", "rule": {"id": "60106", "level": 4, "description": "Windows: Successful login.", "groups": ["windows", "authentication_success"]}, "agent": {"id": "180", "name": "SRV-BACKUP-01", "ip": "10.10.20.80"}, "manager": {"name": "log-srv-01"}, "id": "alert-1778080603-logon-29823", "decoder": {"name": "windows_eventchannel"}, "data": {"win": {"eventdata": {"subjectUserSid": "S-1-0-0", "subjectUserName": "-", "targetUserSid": "S-1-5-21-2418457263-3110824891-719402188-1469", "targetUserName": "svc_backup", "targetDomainName": "MEDDEFENSE", "logonType": "5", "logonProcessName": "Kerberos", "authenticationPackageName": "Kerberos", "workstationName": "SRV-BACKUP-01", "ipAddress": "10.10.20.80", "ipPort": "56888", "processName": "C:\\Windows\\System32\\lsass.exe"}, "system": {"eventID": "4624", "channel": "Security", "computer": "SRV-BACKUP-01", "providerName": "Microsoft-Windows-Security-Auditing"}}}, "hunt_meta": {"category": "baseline_svc_auth", "source_host": "SRV-BACKUP-01", "target_host": "SRV-BACKUP-01", "tool": "svc_backup_service", "authorized": true}}
{"timestamp": "2026-05-06T15:20:46.000+00:00", "rule": {"id": "60106", "level": 4, "description": "Windows: Successful login.", "groups": ["windows", "authentication_success"]}, "agent": {"id": "105", "name": "SRV-DC-01", "ip": "10.10.20.5"}, "manager": {"name": "log-srv-01"}, "id": "alert-1778080846-logon-72673", "decoder": {"name": "windows_eventchannel"}, "data": {"win": {"eventdata": {"subjectUserSid": "S-1-0-0", "subjectUserName": "-", "targetUserSid": "S-1-5-21-2418457263-3110824891-719402188-1568", "targetUserName": "svc_ad_replication", "targetDomainName": "MEDDEFENSE", "logonType": "5", "logonProcessName": "Kerberos", "authenticationPackageName": "Kerberos", "workstationName": "SRV-DC-01", "ipAddress": "10.10.20.5", "ipPort": "52103", "processName": "C:\\Windows\\System32\\lsass.exe"}, "system": {"eventID": "4624", "channel": "Security", "computer": "SRV-DC-01", "providerName": "Microsoft-Windows-Security-Auditing"}}}, "hunt_meta": {"category": "baseline_svc_auth", "source_host": "SRV-DC-01", "target_host": "SRV-DC-01", "tool": "svc_ad_replication_service", "authorized": true}}
{"timestamp": "2026-05-06T15:24:07.000+00:00", "rule": {"id": "60106", "level": 4, "description": "Windows: Successful login.", "groups": ["windows", "authentication_success"]}, "agent": {"id": "125", "name": "SRV-INS-DB", "ip": "10.10.20.25"}, "manager": {"name": "log-srv-01"}, "id": "alert-1778081047-logon-14903", "decoder": {"name": "windows_eventchannel"}, "data": {"win": {"eventdata": {"subjectUserSid": "S-1-0-0", "subjectUserName": "-", "targetUserSid": "S-1-5-21-2418457263-3110824891-719402188-1369", "targetUserName": "svc_insurance", "targetDomainName": "MEDDEFENSE", "logonType": "5", "logonProcessName": "Kerberos", "authenticationPackageName": "Kerberos", "workstationName": "SRV-INS-DB", "ipAddress": "10.10.20.25", "ipPort": "59444", "processName": "C:\\Windows\\System32\\lsass.exe"}, "system": {"eventID": "4624", "channel": "Security", "computer": "SRV-INS-DB", "providerName": "Microsoft-Windows-Security-Auditing"}}}, "hunt_meta": {"category": "baseline_svc_auth", "source_host": "SRV-INS-DB", "target_host": "SRV-INS-DB", "tool": "svc_insurance_service", "authorized": true}}
{"timestamp": "2026-05-06T15:24:57.000+00:00", "rule": {"id": "60106", "level": 4, "description": "Windows: Successful login.", "groups": ["windows", "authentication_success"]}, "agent": {"id": "115", "name": "SRV-HEALTH-DB", "ip": "10.10.20.15"}, "manager": {"name": "log-srv-01"}, "id": "alert-1778081097-logon-19082", "decoder": {"name": "windows_eventchannel"}, "data": {"win": {"eventdata": {"subjectUserSid": "S-1-0-0", "subjectUserName": "-", "targetUserSid": "S-1-5-21-2418457263-3110824891-719402188-1171", "targetUserName": "svc_healthsync", "targetDomainName": "MEDDEFENSE", "logonType": "5", "logonProcessName": "Kerberos", "authenticationPackageName": "Kerberos", "workstationName": "SRV-HEALTH-DB", "ipAddress": "10.10.20.15", "ipPort": "49262", "processName": "C:\\Windows\\System32\\lsass.exe"}, "system": {"eventID": "4624", "channel": "Security", "computer": "SRV-HEALTH-DB", "providerName": "Microsoft-Windows-Security-Auditing"}}}, "hunt_meta": {"category": "baseline_svc_auth", "source_host": "SRV-HEALTH-DB", "target_host": "SRV-HEALTH-DB", "tool": "svc_healthsync_service", "authorized": true}}
{"timestamp": "2026-05-06T15:28:27.000+00:00", "rule": {"id": "60106", "level": 4, "description": "Windows: Successful login.", "groups": ["windows", "authentication_success"]}, "agent": {"id": "115", "name": "SRV-HEALTH-DB", "ip": "10.10.20.15"}, "manager": {"name": "log-srv-01"}, "id": "alert-1778081307-logon-10204", "decoder": {"name": "windows_eventchannel"}, "data": {"win": {"eventdata": {"subjectUserSid": "S-1-0-0", "subjectUserName": "-", "targetUserSid": "S-1-5-21-2418457263-3110824891-719402188-1108", "targetUserName": "svc_healthsync", "targetDomainName": "MEDDEFENSE", "logonType": "5", "logonProcessName": "Kerberos", "authenticationPackageName": "Kerberos", "workstationName": "SRV-HEALTH-DB", "ipAddress": "10.10.20.15", "ipPort": "61645", "processName": "C:\\Windows\\System32\\lsass.exe"}, "system": {"eventID": "4624", "channel": "Security", "computer": "SRV-HEALTH-DB", "providerName": "Microsoft-Windows-Security-Auditing"}}}, "hunt_meta": {"category": "baseline_svc_auth", "source_host": "SRV-HEALTH-DB", "target_host": "SRV-HEALTH-DB", "tool": "svc_healthsync_service", "authorized": true}}
{"timestamp": "2026-05-06T15:28:54.000+00:00", "rule": {"id": "61605", "level": 3, "description": "Sysmon - Event: 3 - Network connection.", "groups": ["sysmon", "sysmon_event3"]}, "agent": {"id": "314", "name": "WS-RECV-04", "ip": "10.10.3.22"}, "manager": {"name": "log-srv-01"}, "id": "alert-1778081334-net-48811", "decoder": {"name": "sysmon-event"}, "data": {"win": {"eventdata": {"utcTime": "2026-05-06 15:28:54.000", "image": "C:\\Windows\\System32\\svchost.exe", "user": "MEDDEFENSE\\system", "protocol": "tcp", "initiated": "true", "sourceIp": "10.10.3.22", "sourcePort": "55619", "destinationIp": "10.10.20.6", "destinationPort": "5985", "destinationHostname": "SRV-DC-02"}, "system": {"eventID": "3", "channel": "Microsoft-Windows-Sysmon/Operational", "computer": "WS-RECV-04"}}}, "hunt_meta": null}
{"timestamp": "2026-05-06T15:32:49.000+00:00", "rule": {"id": "60106", "level": 4, "description": "Windows: Successful login.", "groups": ["windows", "authentication_success"]}, "agent": {"id": "115", "name": "SRV-HEALTH-DB", "ip": "10.10.20.15"}, "manager": {"name": "log-srv-01"}, "id": "alert-1778081569-logon-46669", "decoder": {"name": "windows_eventchannel"}, "data": {"win": {"eventdata": {"subjectUserSid": "S-1-0-0", "subjectUserName": "-", "targetUserSid": "S-1-5-21-2418457263-3110824891-719402188-1498", "targetUserName": "svc_healthsync", "targetDomainName": "MEDDEFENSE", "logonType": "5", "logonProcessName": "Kerberos", "authenticationPackageName": "Kerberos", "workstationName": "SRV-HEALTH-DB", "ipAddress": "10.10.20.15", "ipPort": "64954", "processName": "C:\\Windows\\System32\\lsass.exe"}, "system": {"eventID": "4624", "channel": "Security", "computer": "SRV-HEALTH-DB", "providerName": "Microsoft-Windows-Security-Auditing"}}}, "hunt_meta": {"category": "baseline_svc_auth", "source_host": "SRV-HEALTH-DB", "target_host": "SRV-HEALTH-DB", "tool": "svc_healthsync_service", "authorized": true}}
{"timestamp": "2026-05-06T15:32:51.000+00:00", "rule": {"id": "61603", "level": 5, "description": "Sysmon - Event: 1 - Process creation.", "groups": ["sysmon", "sysmon_event1"]}, "agent": {"id": "696", "name": "WS-NURSE-04", "ip": "10.10.2.15"}, "manager": {"name": "log-srv-01"}, "id": "alert-1778081571-10275", "decoder": {"name": "sysmon-event"}, "data": {"win": {"eventdata": {"utcTime": "2026-05-06 15:32:51.000", "processGuid": "{203c4bb1-a070-b4c4-efe0-5a9d8846a952}", "processId": "10275", "image": "C:\\Windows\\explorer.exe", "commandLine": "C:\\Windows\\Explorer.EXE", "currentDirectory": "C:\\Windows\\System32\\", "user": "MEDDEFENSE\\dmarsh", "logonGuid": "{ac98e5cd-9e8a-7d4b-f07e-3d081c2a6395}", "logonId": "0x2fb4ada", "terminalSessionId": "1", "integrityLevel": "Medium", "hashes": "SHA256=76d55c8c6248ab263f715bc9d562a3ce881c8760480971b32822d7ef9bec0e53", "parentProcessGuid": "{8a812067-feb1-3e4a-bc13-953102d6136c}", "parentProcessId": "27434", "parentImage": "C:\\Windows\\explorer.exe", "parentCommandLine": "C:\\Windows\\Explorer.EXE", "parentUser": "MEDDEFENSE\\dmarsh", "agentName": "WS-NURSE-04"}, "system": {"eventID": "1", "channel": "Microsoft-Windows-Sysmon/Operational", "computer": "WS-NURSE-04", "providerName": "Microsoft-Windows-Sysmon", "providerGuid": "{5770385F-C22A-43E0-BF4C-06F5698FFBD9}", "userID": "S-1-5-18"}}}}
{"timestamp": "2026-05-06T15:34:18.000+00:00", "rule": {"id": "60103", "level": 5, "description": "Windows: Special privileges assigned to new logon.", "groups": ["windows", "authentication_success"]}, "agent": {"id": "617", "name": "SRV-FILE-01", "ip": "10.10.20.50"}, "manager": {"name": "log-srv-01"}, "id": "alert-1778081658-spec-15599", "decoder": {"name": "windows_eventchannel"}, "data": {"win": {"eventdata": {"subjectUserName": "svc_patchdeploy", "subjectDomainName": "MEDDEFENSE", "privilegeList": "SeSecurityPrivilege SeBackupPrivilege SeRestorePrivilege"}, "system": {"eventID": "4672", "channel": "Security", "computer": "SRV-FILE-01"}}}}
{"timestamp": "2026-05-06T15:41:31.000+00:00", "rule": {"id": "61612", "level": 3, "description": "Sysmon - Event: 13 - Registry value set.", "groups": ["sysmon", "sysmon_event_13"]}, "agent": {"id": "329", "name": "WS-NURSE-06", "ip": "10.10.2.17"}, "manager": {"name": "log-srv-01"}, "id": "alert-1778082091-reg-15020", "decoder": {"name": "sysmon-event"}, "data": {"win": {"eventdata": {"utcTime": "2026-05-06 15:41:31.000", "eventType": "SetValue", "image": "C:\\Windows\\System32\\svchost.exe", "targetObject": "HKLM\\SYSTEM\\CurrentControlSet\\Services\\Value8", "details": "QWORD (0x00000064)"}, "system": {"eventID": "13", "channel": "Microsoft-Windows-Sysmon/Operational", "computer": "WS-NURSE-06"}}}}
{"timestamp": "2026-05-06T15:41:47.000+00:00", "rule": {"id": "61603", "level": 5, "description": "Sysmon - Event: 1 - Process creation.", "groups": ["sysmon", "sysmon_event1"]}, "agent": {"id": "696", "name": "WS-NURSE-04", "ip": "10.10.2.15"}, "manager": {"name": "log-srv-01"}, "id": "alert-1778082107-43093", "decoder": {"name": "sysmon-event"}, "data": {"win": {"eventdata": {"utcTime": "2026-05-06 15:41:47.000", "processGuid": "{97501522-d1bd-5d15-c0a1-6d8a14bf00ef}", "processId": "43093", "image": "C:\\Windows\\System32\\svchost.exe", "commandLine": "C:\\Windows\\System32\\svchost.exe -k netsvcs", "currentDirectory": "C:\\Windows\\System32\\", "user": "MEDDEFENSE\\dmarsh", "logonGuid": "{113c2ef1-c462-6284-308f-1f064b686790}", "logonId": "0x3d83f40", "terminalSessionId": "1", "integrityLevel": "Medium", "hashes": "SHA256=0de50e8f859ea60ebd5275de2159a6ee85636da69c3a2ed938a2aba1d756c94f", "parentProcessGuid": "{5cc16940-bd24-d797-20d1-f136865d6521}", "parentProcessId": "19627", "parentImage": "C:\\Windows\\explorer.exe", "parentCommandLine": "C:\\Windows\\Explorer.EXE", "parentUser": "MEDDEFENSE\\dmarsh", "agentName": "WS-NURSE-04"}, "system": {"eventID": "1", "channel": "Microsoft-Windows-Sysmon/Operational", "computer": "WS-NURSE-04", "providerName": "Microsoft-Windows-Sysmon", "providerGuid": "{5770385F-C22A-43E0-BF4C-06F5698FFBD9}", "userID": "S-1-5-18"}}}}
{"timestamp": "2026-05-06T15:43:19.000+00:00", "rule": {"id": "61603", "level": 5, "description": "Sysmon - Event: 1 - Process creation.", "groups": ["sysmon", "sysmon_event1"]}, "agent": {"id": "937", "name": "WS-NURSE-03", "ip": "10.10.2.13"}, "manager": {"name": "log-srv-01"}, "id": "alert-1778082199-35594", "decoder": {"name": "sysmon-event"}, "data": {"win": {"eventdata": {"utcTime": "2026-05-06 15:43:19.000", "processGuid": "{e79030b0-2b6e-8fe9-6e7c-b8d60a214047}", "processId": "35594", "image": "C:\\Program Files\\Microsoft Office\\root\\Office16\\WINWORD.EXE", "commandLine": "\"WINWORD.EXE\"", "currentDirectory": "C:\\Windows\\System32\\", "user": "MEDDEFENSE\\nurse03", "logonGuid": "{235fe18a-c23c-7cac-33bf-ac7c262324a5}", "logonId": "0x35ac01c", "terminalSessionId": "1", "integrityLevel": "Medium", "hashes": "SHA256=952da9674de2da9d4aa297cf42fefb84952c93cfa6c48b88ff07e7108f39bae8", "parentProcessGuid": "{6db8a682-4282-87be-497f-2210b2295865}", "parentProcessId": "7743", "parentImage": "C:\\Windows\\explorer.exe", "parentCommandLine": "C:\\Windows\\Explorer.EXE", "parentUser": "MEDDEFENSE\\nurse03", "agentName": "WS-NURSE-03"}, "system": {"eventID": "1", "channel": "Microsoft-Windows-Sysmon/Operational", "computer": "WS-NURSE-03", "providerName": "Microsoft-Windows-Sysmon", "providerGuid": "{5770385F-C22A-43E0-BF4C-06F5698FFBD9}", "userID": "S-1-5-18"}}}}
{"timestamp": "2026-05-06T15:44:50.000+00:00", "rule": {"id": "61603", "level": 5, "description": "Sysmon - Event: 1 - Process creation.", "groups": ["sysmon", "sysmon_event1"]}, "agent": {"id": "909", "name": "WS-RECV-02", "ip": "10.10.3.20"}, "manager": {"name": "log-srv-01"}, "id": "alert-1778082290-16774", "decoder": {"name": "sysmon-event"}, "data": {"win": {"eventdata": {"utcTime": "2026-05-06 15:44:50.000", "processGuid": "{74670332-ac98-745d-773e-2cf73dd40357}", "processId": "16774", "image": "C:\\Program Files\\Microsoft Office\\root\\Office16\\WINWORD.EXE", "commandLine": "\"WINWORD.EXE\"", "currentDirectory": "C:\\Windows\\System32\\", "user": "MEDDEFENSE\\records02", "logonGuid": "{c008cd9d-2385-cbee-2837-79e7532ea894}", "logonId": "0xa40986b", "terminalSessionId": "1", "integrityLevel": "Medium", "hashes": "SHA256=389e38e3031b43f91781c43bb707e85811d11028d3aeb46a2faa3a38119bc533", "parentProcessGuid": "{f913ff0b-34ff-048d-e5f1-cfaf7232c471}", "parentProcessId": "49028", "parentImage": "C:\\Windows\\explorer.exe", "parentCommandLine": "C:\\Windows\\Explorer.EXE", "parentUser": "MEDDEFENSE\\records02", "agentName": "WS-RECV-02"}, "system": {"eventID": "1", "channel": "Microsoft-Windows-Sysmon/Operational", "computer": "WS-RECV-02", "providerName": "Microsoft-Windows-Sysmon", "providerGuid": "{5770385F-C22A-43E0-BF4C-06F5698FFBD9}", "userID": "S-1-5-18"}}}}
{"timestamp": "2026-05-06T15:46:05.000+00:00", "rule": {"id": "61603", "level": 5, "description": "Sysmon - Event: 1 - Process creation.", "groups": ["sysmon", "sysmon_event1"]}, "agent": {"id": "263", "name": "WS-BILL-03", "ip": "10.10.4.34"}, "manager": {"name": "log-srv-01"}, "id": "alert-1778082365-50829", "decoder": {"name": "sysmon-event"}, "data": {"win": {"eventdata": {"utcTime": "2026-05-06 15:46:05.000", "processGuid": "{42a9ef04-4f6e-e66c-5642-be92db186c84}", "processId": "50829", "image": "C:\\Program Files\\Google\\Chrome\\Application\\chrome.exe", "commandLine": "\"chrome.exe\"", "currentDirectory": "C:\\Windows\\System32\\", "user": "MEDDEFENSE\\bill03", "logonGuid": "{81f04c38-9e8d-5fe3-6824-2eb19628dd91}", "logonId": "0xe310195", "terminalSessionId": "1", "integrityLevel": "Medium", "hashes": "SHA256=057286a781704e3e615f3280cc3fa389c1244fb2360b33ec09bcf6f52328ec8f", "parentProcessGuid": "{e52e5c85-f0af-33c5-1847-1a9ba2d084e6}", "parentProcessId": "28987", "parentImage": "C:\\Windows\\explorer.exe", "parentCommandLine": "C:\\Windows\\Explorer.EXE", "parentUser": "MEDDEFENSE\\bill03", "agentName": "WS-BILL-03"}, "system": {"eventID": "1", "channel": "Microsoft-Windows-Sysmon/Operational", "computer": "WS-BILL-03", "providerName": "Microsoft-Windows-Sysmon", "providerGuid": "{5770385F-C22A-43E0-BF4C-06F5698FFBD9}", "userID": "S-1-5-18"}}}}
{"timestamp": "2026-05-06T15:46:34.000+00:00", "rule": {"id": "61603", "level": 5, "description": "Sysmon - Event: 1 - Process creation.", "groups": ["sysmon", "sysmon_event1"]}, "agent": {"id": "233", "name": "WS-RECV-03", "ip": "10.10.3.21"}, "manager": {"name": "log-srv-01"}, "id": "alert-1778082394-11458", "decoder": {"name": "sysmon-event"}, "data": {"win": {"eventdata": {"utcTime": "2026-05-06 15:46:34.000", "processGuid": "{0e2b10ed-2797-4e70-3053-313ea2cf8872}", "processId": "11458", "image": "C:\\Program Files\\Microsoft Office\\root\\Office16\\WINWORD.EXE", "commandLine": "\"WINWORD.EXE\"", "currentDirectory": "C:\\Windows\\System32\\", "user": "MEDDEFENSE\\records03", "logonGuid": "{a5139fb6-05a1-f78d-9129-c5beb8c9505c}", "logonId": "0xf4d03bb", "terminalSessionId": "1", "integrityLevel": "Medium", "hashes": "SHA256=5ea8f9931ad2c3de8e16e15ffbf61b353a2ccc3c0bf08a9c4826600036fbdfff", "parentProcessGuid": "{753d1f27-5efa-81a6-3705-dc1d3e707cf4}", "parentProcessId": "26072", "parentImage": "C:\\Windows\\explorer.exe", "parentCommandLine": "C:\\Windows\\Explorer.EXE", "parentUser": "MEDDEFENSE\\records03", "agentName": "WS-RECV-03"}, "system": {"eventID": "1", "channel": "Microsoft-Windows-Sysmon/Operational", "computer": "WS-RECV-03", "providerName": "Microsoft-Windows-Sysmon", "providerGuid": "{5770385F-C22A-43E0-BF4C-06F5698FFBD9}", "userID": "S-1-5-18"}}}}
{"timestamp": "2026-05-06T15:49:15.000+00:00", "rule": {"id": "60106", "level": 4, "description": "Windows: Successful login.", "groups": ["windows", "authentication_success"]}, "agent": {"id": "115", "name": "SRV-HEALTH-DB", "ip": "10.10.20.15"}, "manager": {"name": "log-srv-01"}, "id": "alert-1778082555-logon-28400", "decoder": {"name": "windows_eventchannel"}, "data": {"win": {"eventdata": {"subjectUserSid": "S-1-0-0", "subjectUserName": "-", "targetUserSid": "S-1-5-21-2418457263-3110824891-719402188-1372", "targetUserName": "svc_healthsync", "targetDomainName": "MEDDEFENSE", "logonType": "5", "logonProcessName": "Kerberos", "authenticationPackageName": "Kerberos", "workstationName": "SRV-HEALTH-DB", "ipAddress": "10.10.20.15", "ipPort": "52665", "processName": "C:\\Windows\\System32\\lsass.exe"}, "system": {"eventID": "4624", "channel": "Security", "computer": "SRV-HEALTH-DB", "providerName": "Microsoft-Windows-Security-Auditing"}}}, "hunt_meta": {"category": "baseline_svc_auth", "source_host": "SRV-HEALTH-DB", "target_host": "SRV-HEALTH-DB", "tool": "svc_healthsync_service", "authorized": true}}
{"timestamp": "2026-05-06T15:51:09.000+00:00", "rule": {"id": "60106", "level": 4, "description": "Windows: Successful login.", "groups": ["windows", "authentication_success"]}, "agent": {"id": "907", "name": "WS-BILL-01", "ip": "10.10.4.30"}, "manager": {"name": "log-srv-01"}, "id": "alert-1778082669-logon-61236", "decoder": {"name": "windows_eventchannel"}, "data": {"win": {"eventdata": {"subjectUserSid": "S-1-0-0", "subjectUserName": "-", "targetUserSid": "S-1-5-21-2418457263-3110824891-719402188-1300", "targetUserName": "bill01", "targetDomainName": "MEDDEFENSE", "logonType": "2", "logonProcessName": "Kerberos", "authenticationPackageName": "Kerberos", "workstationName": "WS-BILL-01", "ipAddress": "10.10.4.30", "ipPort": "52416", "processName": "C:\\Windows\\System32\\lsass.exe"}, "system": {"eventID": "4624", "channel": "Security", "computer": "WS-BILL-01", "providerName": "Microsoft-Windows-Security-Auditing"}}}, "hunt_meta": null}
{"timestamp": "2026-05-06T15:54:05.000+00:00", "rule": {"id": "60106", "level": 4, "description": "Windows: Successful login.", "groups": ["windows", "authentication_success"]}, "agent": {"id": "170", "name": "SRV-AV-01", "ip": "10.10.20.70"}, "manager": {"name": "log-srv-01"}, "id": "alert-1778082845-logon-38501", "decoder": {"name": "windows_eventchannel"}, "data": {"win": {"eventdata": {"subjectUserSid": "S-1-0-0", "subjectUserName": "-", "targetUserSid": "S-1-5-21-2418457263-3110824891-719402188-1563", "targetUserName": "svc_av", "targetDomainName": "MEDDEFENSE", "logonType": "5", "logonProcessName": "Kerberos", "authenticationPackageName": "Kerberos", "workstationName": "SRV-AV-01", "ipAddress": "10.10.20.70", "ipPort": "65454", "processName": "C:\\Windows\\System32\\lsass.exe"}, "system": {"eventID": "4624", "channel": "Security", "computer": "SRV-AV-01", "providerName": "Microsoft-Windows-Security-Auditing"}}}, "hunt_meta": {"category": "baseline_svc_auth", "source_host": "SRV-AV-01", "target_host": "SRV-AV-01", "tool": "svc_av_service", "authorized": true}}
{"timestamp": "2026-05-06T15:55:45.000+00:00", "rule": {"id": "60106", "level": 4, "description": "Windows: Successful login.", "groups": ["windows", "authentication_success"]}, "agent": {"id": "160", "name": "SRV-PATCH-01", "ip": "10.10.20.60"}, "manager": {"name": "log-srv-01"}, "id": "alert-1778082945-logon-25285", "decoder": {"name": "windows_eventchannel"}, "data": {"win": {"eventdata": {"subjectUserSid": "S-1-0-0", "subjectUserName": "-", "targetUserSid": "S-1-5-21-2418457263-3110824891-719402188-1486", "targetUserName": "svc_patchdeploy", "targetDomainName": "MEDDEFENSE", "logonType": "5", "logonProcessName": "Kerberos", "authenticationPackageName": "Kerberos", "workstationName": "SRV-PATCH-01", "ipAddress": "10.10.20.60", "ipPort": "58306", "processName": "C:\\Windows\\System32\\lsass.exe"}, "system": {"eventID": "4624", "channel": "Security", "computer": "SRV-PATCH-01", "providerName": "Microsoft-Windows-Security-Auditing"}}}, "hunt_meta": {"category": "baseline_svc_auth", "source_host": "SRV-PATCH-01", "target_host": "SRV-PATCH-01", "tool": "svc_patchdeploy_service", "authorized": true}}
{"timestamp": "2026-05-06T15:56:29.000+00:00", "rule": {"id": "61613", "level": 3, "description": "Sysmon - Event: 11 - File created.", "groups": ["sysmon", "sysmon_event_11"]}, "agent": {"id": "937", "name": "WS-NURSE-03", "ip": "10.10.2.13"}, "manager": {"name": "log-srv-01"}, "id": "alert-1778082989-fc-95761", "decoder": {"name": "sysmon-event"}, "data": {"win": {"eventdata": {"utcTime": "2026-05-06 15:56:29.000", "image": "C:\\Program Files\\Microsoft Office\\root\\Office16\\OUTLOOK.EXE", "targetFilename": "C:\\Users\\nurse03\\AppData\\Local\\Temp\\OICE_6785.tmp", "creationUtcTime": "2026-05-06 15:56:29.000"}, "system": {"eventID": "11", "channel": "Microsoft-Windows-Sysmon/Operational", "computer": "WS-NURSE-03"}}}}
{"timestamp": "2026-05-06T15:56:36.000+00:00", "rule": {"id": "60106", "level": 4, "description": "Windows: Successful login.", "groups": ["windows", "authentication_success"]}, "agent": {"id": "115", "name": "SRV-HEALTH-DB", "ip": "10.10.20.15"}, "manager": {"name": "log-srv-01"}, "id": "alert-1778082996-logon-11854", "decoder": {"name": "windows_eventchannel"}, "data": {"win": {"eventdata": {"subjectUserSid": "S-1-0-0", "subjectUserName": "-", "targetUserSid": "S-1-5-21-2418457263-3110824891-719402188-1206", "targetUserName": "svc_healthsync", "targetDomainName": "MEDDEFENSE", "logonType": "3", "logonProcessName": "Kerberos", "authenticationPackageName": "Kerberos", "workstationName": "SRV-HEALTH-DB", "ipAddress": "10.10.20.15", "ipPort": "59693", "processName": "C:\\Windows\\System32\\lsass.exe"}, "system": {"eventID": "4624", "channel": "Security", "computer": "SRV-HEALTH-DB", "providerName": "Microsoft-Windows-Security-Auditing"}}}, "hunt_meta": {"category": "baseline_svc_auth", "source_host": "SRV-HEALTH-DB", "target_host": "SRV-HEALTH-DB", "tool": "svc_healthsync_service", "authorized": true}}
{"timestamp": "2026-05-06T15:57:23.000+00:00", "rule": {"id": "61603", "level": 5, "description": "Sysmon - Event: 1 - Process creation.", "groups": ["sysmon", "sysmon_event1"]}, "agent": {"id": "937", "name": "WS-NURSE-03", "ip": "10.10.2.13"}, "manager": {"name": "log-srv-01"}, "id": "alert-1778083043-61246", "decoder": {"name": "sysmon-event"}, "data": {"win": {"eventdata": {"utcTime": "2026-05-06 15:57:23.000", "processGuid": "{d5c4e593-71f6-1733-18e1-da058868d05a}", "processId": "61246", "image": "C:\\Windows\\System32\\svchost.exe", "commandLine": "C:\\Windows\\System32\\svchost.exe -k netsvcs", "currentDirectory": "C:\\Windows\\System32\\", "user": "MEDDEFENSE\\nurse03", "logonGuid": "{a53c3155-7668-c372-b8f2-20ae22c9eb72}", "logonId": "0x0096493", "terminalSessionId": "1", "integrityLevel": "Medium", "hashes": "SHA256=da5a3f63ac0f41ab3e1a0f2e6d3f51b1bab98caca29a77a2e484e568c677d0dc", "parentProcessGuid": "{2dce7ccb-58a7-cc5c-9380-6123ffd4adec}", "parentProcessId": "40965", "parentImage": "C:\\Windows\\explorer.exe", "parentCommandLine": "C:\\Windows\\Explorer.EXE", "parentUser": "MEDDEFENSE\\nurse03", "agentName": "WS-NURSE-03"}, "system": {"eventID": "1", "channel": "Microsoft-Windows-Sysmon/Operational", "computer": "WS-NURSE-03", "providerName": "Microsoft-Windows-Sysmon", "providerGuid": "{5770385F-C22A-43E0-BF4C-06F5698FFBD9}", "userID": "S-1-5-18"}}}}
{"timestamp": "2026-05-06T15:59:54.000+00:00", "rule": {"id": "61603", "level": 5, "description": "Sysmon - Event: 1 - Process creation.", "groups": ["sysmon", "sysmon_event1"]}, "agent": {"id": "773", "name": "WS-DOC-02", "ip": "10.10.2.31"}, "manager": {"name": "log-srv-01"}, "id": "alert-1778083194-30961", "decoder": {"name": "sysmon-event"}, "data": {"win": {"eventdata": {"utcTime": "2026-05-06 15:59:54.000", "processGuid": "{29870fe3-5172-7299-b5e0-1c1831f59d0e}", "processId": "30961", "image": "C:\\Program Files\\Microsoft Office\\root\\Office16\\WINWORD.EXE", "commandLine": "\"WINWORD.EXE\"", "currentDirectory": "C:\\Windows\\System32\\", "user": "MEDDEFENSE\\flores", "logonGuid": "{82e80637-78ea-db55-ab7a-b872a4d0857c}", "logonId": "0x3b86c1d", "terminalSessionId": "1", "integrityLevel": "Medium", "hashes": "SHA256=1e890459df4faf85c192cbbfa7961d61555b65e1adf206baff289929f32f795c", "parentProcessGuid": "{9db4d98a-458c-d67a-faa2-fc10d6276902}", "parentProcessId": "19750", "parentImage": "C:\\Windows\\explorer.exe", "parentCommandLine": "C:\\Windows\\Explorer.EXE", "parentUser": "MEDDEFENSE\\flores", "agentName": "WS-DOC-02"}, "system": {"eventID": "1", "channel": "Microsoft-Windows-Sysmon/Operational", "computer": "WS-DOC-02", "providerName": "Microsoft-Windows-Sysmon", "providerGuid": "{5770385F-C22A-43E0-BF4C-06F5698FFBD9}", "userID": "S-1-5-18"}}}}
{"timestamp": "2026-05-06T16:04:44.000+00:00", "rule": {"id": "61603", "level": 5, "description": "Sysmon - Event: 1 - Process creation.", "groups": ["sysmon", "sysmon_event1"]}, "agent": {"id": "845", "name": "WS-AP-07", "ip": "10.10.4.41"}, "manager": {"name": "log-srv-01"}, "id": "alert-1778083484-4713", "decoder": {"name": "sysmon-event"}, "data": {"win": {"eventdata": {"utcTime": "2026-05-06 16:04:44.000", "processGuid": "{d0738d3b-d647-37db-f795-192e09754a20}", "processId": "4713", "image": "C:\\Windows\\System32\\svchost.exe", "commandLine": "C:\\Windows\\System32\\svchost.exe -k netsvcs", "currentDirectory": "C:\\Windows\\System32\\", "user": "MEDDEFENSE\\arivera", "logonGuid": "{fb10a2d2-a642-26d6-8002-2daee57545b5}", "logonId": "0x55adab3", "terminalSessionId": "1", "integrityLevel": "Medium", "hashes": "SHA256=9e9f2cb9e1cb7198e63d6968dbc5b51e0e84e5c4468f6670632293484101e9ce", "parentProcessGuid": "{a12f6a43-5877-39a5-3166-f0b1f0e2d57d}", "parentProcessId": "18358", "parentImage": "C:\\Windows\\explorer.exe", "parentCommandLine": "C:\\Windows\\Explorer.EXE", "parentUser": "MEDDEFENSE\\arivera", "agentName": "WS-AP-07"}, "system": {"eventID": "1", "channel": "Microsoft-Windows-Sysmon/Operational", "computer": "WS-AP-07", "providerName": "Microsoft-Windows-Sysmon", "providerGuid": "{5770385F-C22A-43E0-BF4C-06F5698FFBD9}", "userID": "S-1-5-18"}}}}
{"timestamp": "2026-05-06T16:06:45.000+00:00", "rule": {"id": "100080", "level": 12, "description": "HEALTHBANE: Known phishing-related domain or sender contacted.", "groups": ["healthbane", "phishing", "ioc_match"]}, "agent": {"id": "773", "name": "WS-DOC-02", "ip": "10.10.2.31"}, "manager": {"name": "log-srv-01"}, "id": "alert-1778083605-hb-18214", "decoder": {"name": "healthbane-ioc"}, "data": {"indicator": "phish-mail-from-mxgw01@spam-domain.tld", "campaign": "HEALTHBANE", "stage": "Stage 1 - phishing", "source_module": "4x00"}}
{"timestamp": "2026-05-06T16:10:16.000+00:00", "rule": {"id": "60106", "level": 4, "description": "Windows: Successful login.", "groups": ["windows", "authentication_success"]}, "agent": {"id": "115", "name": "SRV-HEALTH-DB", "ip": "10.10.20.15"}, "manager": {"name": "log-srv-01"}, "id": "alert-1778083816-logon-78618", "decoder": {"name": "windows_eventchannel"}, "data": {"win": {"eventdata": {"subjectUserSid": "S-1-0-0", "subjectUserName": "-", "targetUserSid": "S-1-5-21-2418457263-3110824891-719402188-1163", "targetUserName": "svc_healthsync", "targetDomainName": "MEDDEFENSE", "logonType": "5", "logonProcessName": "Kerberos", "authenticationPackageName": "Kerberos", "workstationName": "SRV-HEALTH-DB", "ipAddress": "10.10.20.15", "ipPort": "61935", "processName": "C:\\Windows\\System32\\lsass.exe"}, "system": {"eventID": "4624", "channel": "Security", "computer": "SRV-HEALTH-DB", "providerName": "Microsoft-Windows-Security-Auditing"}}}, "hunt_meta": {"category": "baseline_svc_auth", "source_host": "SRV-HEALTH-DB", "target_host": "SRV-HEALTH-DB", "tool": "svc_healthsync_service", "authorized": true}}
{"timestamp": "2026-05-06T16:15:46.000+00:00", "rule": {"id": "61645", "level": 3, "description": "Sysmon - Event: 22 - DNS query.", "groups": ["sysmon", "sysmon_event_22"]}, "agent": {"id": "817", "name": "WS-RECV-01", "ip": "10.10.3.19"}, "manager": {"name": "log-srv-01"}, "id": "alert-1778084146-dns-26198", "decoder": {"name": "sysmon-event"}, "data": {"win": {"eventdata": {"utcTime": "2026-05-06 16:15:46.000", "queryName": "intranet.meddefense.local", "queryStatus": "0", "queryResults": "type:  5 10.10.0.40", "image": "C:\\Windows\\System32\\svchost.exe"}, "system": {"eventID": "22", "channel": "Microsoft-Windows-Sysmon/Operational", "computer": "WS-RECV-01"}}}, "hunt_meta": null}
