{"timestamp": "2026-05-07T11:14:30.000+00:00", "rule": {"id": "60106", "level": 4, "description": "Windows: Successful login.", "groups": ["windows", "authentication_success"]}, "agent": {"id": "115", "name": "SRV-HEALTH-DB", "ip": "10.10.20.15"}, "manager": {"name": "log-srv-01"}, "id": "alert-1778152470-logon-22247", "decoder": {"name": "windows_eventchannel"}, "data": {"win": {"eventdata": {"subjectUserSid": "S-1-0-0", "subjectUserName": "-", "targetUserSid": "S-1-5-21-2418457263-3110824891-719402188-1190", "targetUserName": "svc_healthsync", "targetDomainName": "MEDDEFENSE", "logonType": "5", "logonProcessName": "Kerberos", "authenticationPackageName": "Kerberos", "workstationName": "SRV-HEALTH-DB", "ipAddress": "10.10.20.15", "ipPort": "60640", "processName": "C:\\Windows\\System32\\lsass.exe"}, "system": {"eventID": "4624", "channel": "Security", "computer": "SRV-HEALTH-DB", "providerName": "Microsoft-Windows-Security-Auditing"}}}, "hunt_meta": {"category": "baseline_svc_auth", "source_host": "SRV-HEALTH-DB", "target_host": "SRV-HEALTH-DB", "tool": "svc_healthsync_service", "authorized": true}}
{"timestamp": "2026-05-07T11:15:33.000+00:00", "rule": {"id": "60106", "level": 4, "description": "Windows: Successful login.", "groups": ["windows", "authentication_success"]}, "agent": {"id": "263", "name": "WS-BILL-03", "ip": "10.10.4.34"}, "manager": {"name": "log-srv-01"}, "id": "alert-1778152533-logon-44768", "decoder": {"name": "windows_eventchannel"}, "data": {"win": {"eventdata": {"subjectUserSid": "S-1-0-0", "subjectUserName": "-", "targetUserSid": "S-1-5-21-2418457263-3110824891-719402188-1379", "targetUserName": "bill03", "targetDomainName": "MEDDEFENSE", "logonType": "2", "logonProcessName": "Kerberos", "authenticationPackageName": "Kerberos", "workstationName": "WS-BILL-03", "ipAddress": "10.10.4.34", "ipPort": "50092", "processName": "C:\\Windows\\System32\\lsass.exe"}, "system": {"eventID": "4624", "channel": "Security", "computer": "WS-BILL-03", "providerName": "Microsoft-Windows-Security-Auditing"}}}, "hunt_meta": null}
{"timestamp": "2026-05-07T11:15:58.000+00:00", "rule": {"id": "60106", "level": 4, "description": "Windows: Successful login.", "groups": ["windows", "authentication_success"]}, "agent": {"id": "125", "name": "SRV-INS-DB", "ip": "10.10.20.25"}, "manager": {"name": "log-srv-01"}, "id": "alert-1778152558-logon-65242", "decoder": {"name": "windows_eventchannel"}, "data": {"win": {"eventdata": {"subjectUserSid": "S-1-0-0", "subjectUserName": "-", "targetUserSid": "S-1-5-21-2418457263-3110824891-719402188-1350", "targetUserName": "svc_insurance", "targetDomainName": "MEDDEFENSE", "logonType": "5", "logonProcessName": "Kerberos", "authenticationPackageName": "Kerberos", "workstationName": "SRV-INS-DB", "ipAddress": "10.10.20.25", "ipPort": "51114", "processName": "C:\\Windows\\System32\\lsass.exe"}, "system": {"eventID": "4624", "channel": "Security", "computer": "SRV-INS-DB", "providerName": "Microsoft-Windows-Security-Auditing"}}}, "hunt_meta": {"category": "baseline_svc_auth", "source_host": "SRV-INS-DB", "target_host": "SRV-INS-DB", "tool": "svc_insurance_service", "authorized": true}}
{"timestamp": "2026-05-07T11:19:44.000+00:00", "rule": {"id": "60110", "level": 4, "description": "Windows: Logon failure.", "groups": ["windows", "authentication_failed"]}, "agent": {"id": "329", "name": "WS-NURSE-06", "ip": "10.10.2.17"}, "manager": {"name": "log-srv-01"}, "id": "alert-1778152784-fail-58707", "decoder": {"name": "windows_eventchannel"}, "data": {"win": {"eventdata": {"targetUserName": "nurse06", "targetDomainName": "MEDDEFENSE", "logonType": "3", "status": "0xC000006D", "subStatus": "0xC000006A", "workstationName": "WS-NURSE-06", "ipAddress": "10.10.2.17"}, "system": {"eventID": "4625", "channel": "Security", "computer": "WS-NURSE-06", "providerName": "Microsoft-Windows-Security-Auditing"}}}}
{"timestamp": "2026-05-07T11:20:44.000+00:00", "rule": {"id": "60110", "level": 4, "description": "Windows: Logon failure.", "groups": ["windows", "authentication_failed"]}, "agent": {"id": "329", "name": "WS-NURSE-06", "ip": "10.10.2.17"}, "manager": {"name": "log-srv-01"}, "id": "alert-1778152844-fail-73318", "decoder": {"name": "windows_eventchannel"}, "data": {"win": {"eventdata": {"targetUserName": "nurse06", "targetDomainName": "MEDDEFENSE", "logonType": "3", "status": "0xC000006D", "subStatus": "0xC000006A", "workstationName": "WS-NURSE-06", "ipAddress": "10.10.2.17"}, "system": {"eventID": "4625", "channel": "Security", "computer": "WS-NURSE-06", "providerName": "Microsoft-Windows-Security-Auditing"}}}}
{"timestamp": "2026-05-07T11:21:34.000+00:00", "rule": {"id": "61603", "level": 5, "description": "Sysmon - Event: 1 - Process creation.", "groups": ["sysmon", "sysmon_event1"]}, "agent": {"id": "329", "name": "WS-NURSE-06", "ip": "10.10.2.17"}, "manager": {"name": "log-srv-01"}, "id": "alert-1778152894-50176", "decoder": {"name": "sysmon-event"}, "data": {"win": {"eventdata": {"utcTime": "2026-05-07 11:21:34.000", "processGuid": "{3eb4a881-a1a9-ed83-f66a-f9f30e66943a}", "processId": "50176", "image": "C:\\Windows\\System32\\svchost.exe", "commandLine": "C:\\Windows\\System32\\svchost.exe -k netsvcs", "currentDirectory": "C:\\Windows\\System32\\", "user": "MEDDEFENSE\\nurse06", "logonGuid": "{59bf1de3-8ebd-0db5-9d1e-f7fcaca6af9f}", "logonId": "0x5141fbb", "terminalSessionId": "1", "integrityLevel": "Medium", "hashes": "SHA256=9d02ba5c2ddf7aa5620bd058055f9a628889394dd343e79ba169e57f15c2667e", "parentProcessGuid": "{ccab18c6-6477-98de-ca33-d131b0145888}", "parentProcessId": "44192", "parentImage": "C:\\Windows\\explorer.exe", "parentCommandLine": "C:\\Windows\\Explorer.EXE", "parentUser": "MEDDEFENSE\\nurse06", "agentName": "WS-NURSE-06"}, "system": {"eventID": "1", "channel": "Microsoft-Windows-Sysmon/Operational", "computer": "WS-NURSE-06", "providerName": "Microsoft-Windows-Sysmon", "providerGuid": "{5770385F-C22A-43E0-BF4C-06F5698FFBD9}", "userID": "S-1-5-18"}}}}
{"timestamp": "2026-05-07T11:22:58.000+00:00", "rule": {"id": "60106", "level": 4, "description": "Windows: Successful login.", "groups": ["windows", "authentication_success"]}, "agent": {"id": "066", "name": "WS-DOC-01", "ip": "10.10.2.30"}, "manager": {"name": "log-srv-01"}, "id": "alert-1778152978-logon-67870", "decoder": {"name": "windows_eventchannel"}, "data": {"win": {"eventdata": {"subjectUserSid": "S-1-0-0", "subjectUserName": "-", "targetUserSid": "S-1-5-21-2418457263-3110824891-719402188-1192", "targetUserName": "kapoor", "targetDomainName": "MEDDEFENSE", "logonType": "2", "logonProcessName": "Kerberos", "authenticationPackageName": "Kerberos", "workstationName": "WS-DOC-01", "ipAddress": "10.10.2.30", "ipPort": "54972", "processName": "C:\\Windows\\System32\\lsass.exe"}, "system": {"eventID": "4624", "channel": "Security", "computer": "WS-DOC-01", "providerName": "Microsoft-Windows-Security-Auditing"}}}, "hunt_meta": null}
{"timestamp": "2026-05-07T11:31:09.000+00:00", "rule": {"id": "60106", "level": 4, "description": "Windows: Successful login.", "groups": ["windows", "authentication_success"]}, "agent": {"id": "125", "name": "SRV-INS-DB", "ip": "10.10.20.25"}, "manager": {"name": "log-srv-01"}, "id": "alert-1778153469-logon-62437", "decoder": {"name": "windows_eventchannel"}, "data": {"win": {"eventdata": {"subjectUserSid": "S-1-0-0", "subjectUserName": "-", "targetUserSid": "S-1-5-21-2418457263-3110824891-719402188-1273", "targetUserName": "svc_insurance", "targetDomainName": "MEDDEFENSE", "logonType": "5", "logonProcessName": "Kerberos", "authenticationPackageName": "Kerberos", "workstationName": "SRV-INS-DB", "ipAddress": "10.10.20.25", "ipPort": "57120", "processName": "C:\\Windows\\System32\\lsass.exe"}, "system": {"eventID": "4624", "channel": "Security", "computer": "SRV-INS-DB", "providerName": "Microsoft-Windows-Security-Auditing"}}}, "hunt_meta": {"category": "baseline_svc_auth", "source_host": "SRV-INS-DB", "target_host": "SRV-INS-DB", "tool": "svc_insurance_service", "authorized": true}}
{"timestamp": "2026-05-07T11:33:07.000+00:00", "rule": {"id": "61612", "level": 3, "description": "Sysmon - Event: 13 - Registry value set.", "groups": ["sysmon", "sysmon_event_13"]}, "agent": {"id": "829", "name": "WS-HELPDESK-01", "ip": "10.10.9.20"}, "manager": {"name": "log-srv-01"}, "id": "alert-1778153587-reg-61561", "decoder": {"name": "sysmon-event"}, "data": {"win": {"eventdata": {"utcTime": "2026-05-07 11:33:07.000", "eventType": "SetValue", "image": "C:\\Windows\\System32\\TrustedInstaller.exe", "targetObject": "HKLM\\SOFTWARE\\Microsoft\\Windows\\CurrentVersion\\Uninstall\\Value58", "details": "DWORD (0x00000000)"}, "system": {"eventID": "13", "channel": "Microsoft-Windows-Sysmon/Operational", "computer": "WS-HELPDESK-01"}}}}
{"timestamp": "2026-05-07T11:33:56.000+00:00", "rule": {"id": "60106", "level": 4, "description": "Windows: Successful login.", "groups": ["windows", "authentication_success"]}, "agent": {"id": "773", "name": "WS-DOC-02", "ip": "10.10.2.31"}, "manager": {"name": "log-srv-01"}, "id": "alert-1778153636-logon-73512", "decoder": {"name": "windows_eventchannel"}, "data": {"win": {"eventdata": {"subjectUserSid": "S-1-0-0", "subjectUserName": "-", "targetUserSid": "S-1-5-21-2418457263-3110824891-719402188-1410", "targetUserName": "flores", "targetDomainName": "MEDDEFENSE", "logonType": "2", "logonProcessName": "Kerberos", "authenticationPackageName": "Kerberos", "workstationName": "WS-DOC-02", "ipAddress": "10.10.2.31", "ipPort": "63574", "processName": "C:\\Windows\\System32\\lsass.exe"}, "system": {"eventID": "4624", "channel": "Security", "computer": "WS-DOC-02", "providerName": "Microsoft-Windows-Security-Auditing"}}}, "hunt_meta": null}
{"timestamp": "2026-05-07T11:34:12.000+00:00", "rule": {"id": "60106", "level": 4, "description": "Windows: Successful login.", "groups": ["windows", "authentication_success"]}, "agent": {"id": "233", "name": "WS-RECV-03", "ip": "10.10.3.21"}, "manager": {"name": "log-srv-01"}, "id": "alert-1778153652-logon-59725", "decoder": {"name": "windows_eventchannel"}, "data": {"win": {"eventdata": {"subjectUserSid": "S-1-0-0", "subjectUserName": "-", "targetUserSid": "S-1-5-21-2418457263-3110824891-719402188-1582", "targetUserName": "records03", "targetDomainName": "MEDDEFENSE", "logonType": "2", "logonProcessName": "Kerberos", "authenticationPackageName": "Kerberos", "workstationName": "WS-RECV-03", "ipAddress": "10.10.3.21", "ipPort": "49203", "processName": "C:\\Windows\\System32\\lsass.exe"}, "system": {"eventID": "4624", "channel": "Security", "computer": "WS-RECV-03", "providerName": "Microsoft-Windows-Security-Auditing"}}}, "hunt_meta": null}
{"timestamp": "2026-05-07T11:34:45.000+00:00", "rule": {"id": "60106", "level": 4, "description": "Windows: Successful login.", "groups": ["windows", "authentication_success"]}, "agent": {"id": "907", "name": "WS-BILL-01", "ip": "10.10.4.30"}, "manager": {"name": "log-srv-01"}, "id": "alert-1778153685-logon-86351", "decoder": {"name": "windows_eventchannel"}, "data": {"win": {"eventdata": {"subjectUserSid": "S-1-0-0", "subjectUserName": "-", "targetUserSid": "S-1-5-21-2418457263-3110824891-719402188-1302", "targetUserName": "bill01", "targetDomainName": "MEDDEFENSE", "logonType": "2", "logonProcessName": "Kerberos", "authenticationPackageName": "Kerberos", "workstationName": "WS-BILL-01", "ipAddress": "10.10.4.30", "ipPort": "53058", "processName": "C:\\Windows\\System32\\lsass.exe"}, "system": {"eventID": "4624", "channel": "Security", "computer": "WS-BILL-01", "providerName": "Microsoft-Windows-Security-Auditing"}}}, "hunt_meta": null}
{"timestamp": "2026-05-07T11:36:10.000+00:00", "rule": {"id": "61613", "level": 3, "description": "Sysmon - Event: 11 - File created.", "groups": ["sysmon", "sysmon_event_11"]}, "agent": {"id": "829", "name": "WS-HELPDESK-01", "ip": "10.10.9.20"}, "manager": {"name": "log-srv-01"}, "id": "alert-1778153770-fc-49720", "decoder": {"name": "sysmon-event"}, "data": {"win": {"eventdata": {"utcTime": "2026-05-07 11:36:10.000", "image": "C:\\Program Files\\Microsoft Office\\root\\Office16\\OUTLOOK.EXE", "targetFilename": "C:\\Users\\helpdesk01\\AppData\\Local\\Temp\\OICE_5974.tmp", "creationUtcTime": "2026-05-07 11:36:10.000"}, "system": {"eventID": "11", "channel": "Microsoft-Windows-Sysmon/Operational", "computer": "WS-HELPDESK-01"}}}}
{"timestamp": "2026-05-07T11:39:27.000+00:00", "rule": {"id": "60106", "level": 4, "description": "Windows: Successful login.", "groups": ["windows", "authentication_success"]}, "agent": {"id": "125", "name": "SRV-INS-DB", "ip": "10.10.20.25"}, "manager": {"name": "log-srv-01"}, "id": "alert-1778153967-logon-23222", "decoder": {"name": "windows_eventchannel"}, "data": {"win": {"eventdata": {"subjectUserSid": "S-1-0-0", "subjectUserName": "-", "targetUserSid": "S-1-5-21-2418457263-3110824891-719402188-1249", "targetUserName": "svc_insurance", "targetDomainName": "MEDDEFENSE", "logonType": "5", "logonProcessName": "Kerberos", "authenticationPackageName": "Kerberos", "workstationName": "SRV-INS-DB", "ipAddress": "10.10.20.25", "ipPort": "58655", "processName": "C:\\Windows\\System32\\lsass.exe"}, "system": {"eventID": "4624", "channel": "Security", "computer": "SRV-INS-DB", "providerName": "Microsoft-Windows-Security-Auditing"}}}, "hunt_meta": {"category": "baseline_svc_auth", "source_host": "SRV-INS-DB", "target_host": "SRV-INS-DB", "tool": "svc_insurance_service", "authorized": true}}
{"timestamp": "2026-05-07T11:41:15.000+00:00", "rule": {"id": "60110", "level": 4, "description": "Windows: Logon failure.", "groups": ["windows", "authentication_failed"]}, "agent": {"id": "561", "name": "WS-HELPDESK-02", "ip": "10.10.9.21"}, "manager": {"name": "log-srv-01"}, "id": "alert-1778154075-fail-75865", "decoder": {"name": "windows_eventchannel"}, "data": {"win": {"eventdata": {"targetUserName": "helpdesk02", "targetDomainName": "MEDDEFENSE", "logonType": "3", "status": "0xC000006D", "subStatus": "0xC000006A", "workstationName": "WS-HELPDESK-02", "ipAddress": "10.10.9.21"}, "system": {"eventID": "4625", "channel": "Security", "computer": "WS-HELPDESK-02", "providerName": "Microsoft-Windows-Security-Auditing"}}}}
{"timestamp": "2026-05-07T11:43:28.000+00:00", "rule": {"id": "60110", "level": 4, "description": "Windows: Logon failure.", "groups": ["windows", "authentication_failed"]}, "agent": {"id": "233", "name": "WS-RECV-03", "ip": "10.10.3.21"}, "manager": {"name": "log-srv-01"}, "id": "alert-1778154208-fail-17882", "decoder": {"name": "windows_eventchannel"}, "data": {"win": {"eventdata": {"targetUserName": "records03", "targetDomainName": "MEDDEFENSE", "logonType": "3", "status": "0xC000006D", "subStatus": "0xC000006A", "workstationName": "WS-RECV-03", "ipAddress": "10.10.3.21"}, "system": {"eventID": "4625", "channel": "Security", "computer": "WS-RECV-03", "providerName": "Microsoft-Windows-Security-Auditing"}}}}
{"timestamp": "2026-05-07T11:44:38.000+00:00", "rule": {"id": "61640", "level": 5, "description": "Sysmon - Event: 10 - Process accessed.", "groups": ["sysmon", "sysmon_event_10"]}, "agent": {"id": "440", "name": "SRV-BACKUP-01", "ip": "10.10.20.80"}, "manager": {"name": "log-srv-01"}, "id": "alert-1778154278-lsass-23182", "decoder": {"name": "sysmon-event"}, "data": {"win": {"eventdata": {"utcTime": "2026-05-07 11:44:38.000", "sourceProcessGuid": "{35fddf7c-be7f-dd38-e3ff-3fee993dcd94}", "sourceProcessId": "40341", "sourceImage": "C:\\Windows\\System32\\services.exe", "targetProcessGuid": "{223edb6d-8976-6523-db5e-f6e0b2c8cd78}", "targetProcessId": "648", "targetImage": "C:\\Windows\\System32\\lsass.exe", "grantedAccess": "0x101010", "callTrace": "C:\\Windows\\SYSTEM32\\ntdll.dll+9d0c4|C:\\Windows\\System32\\KERNELBASE.dll+1eef9", "sourceUser": "NT AUTHORITY\\SYSTEM", "targetUser": "NT AUTHORITY\\SYSTEM"}, "system": {"eventID": "10", "channel": "Microsoft-Windows-Sysmon/Operational", "computer": "SRV-BACKUP-01"}}}, "hunt_meta": {"category": "baseline_lsass_legit", "authorized": true}}
{"timestamp": "2026-05-07T11:47:20.000+00:00", "rule": {"id": "60106", "level": 4, "description": "Windows: Successful login.", "groups": ["windows", "authentication_success"]}, "agent": {"id": "115", "name": "SRV-HEALTH-DB", "ip": "10.10.20.15"}, "manager": {"name": "log-srv-01"}, "id": "alert-1778154440-logon-64757", "decoder": {"name": "windows_eventchannel"}, "data": {"win": {"eventdata": {"subjectUserSid": "S-1-0-0", "subjectUserName": "-", "targetUserSid": "S-1-5-21-2418457263-3110824891-719402188-1295", "targetUserName": "svc_healthsync", "targetDomainName": "MEDDEFENSE", "logonType": "5", "logonProcessName": "Kerberos", "authenticationPackageName": "Kerberos", "workstationName": "SRV-HEALTH-DB", "ipAddress": "10.10.20.15", "ipPort": "59547", "processName": "C:\\Windows\\System32\\lsass.exe"}, "system": {"eventID": "4624", "channel": "Security", "computer": "SRV-HEALTH-DB", "providerName": "Microsoft-Windows-Security-Auditing"}}}, "hunt_meta": {"category": "baseline_svc_auth", "source_host": "SRV-HEALTH-DB", "target_host": "SRV-HEALTH-DB", "tool": "svc_healthsync_service", "authorized": true}}
{"timestamp": "2026-05-07T11:49:58.000+00:00", "rule": {"id": "61603", "level": 5, "description": "Sysmon - Event: 1 - Process creation.", "groups": ["sysmon", "sysmon_event1"]}, "agent": {"id": "314", "name": "WS-RECV-04", "ip": "10.10.3.22"}, "manager": {"name": "log-srv-01"}, "id": "alert-1778154598-25824", "decoder": {"name": "sysmon-event"}, "data": {"win": {"eventdata": {"utcTime": "2026-05-07 11:49:58.000", "processGuid": "{a94335dd-a070-cb06-c5d3-368767f3387f}", "processId": "25824", "image": "C:\\Windows\\System32\\svchost.exe", "commandLine": "C:\\Windows\\System32\\svchost.exe -k netsvcs", "currentDirectory": "C:\\Windows\\System32\\", "user": "MEDDEFENSE\\records04", "logonGuid": "{52ceb751-11ba-003f-5d70-660c354a502a}", "logonId": "0x8ae373e", "terminalSessionId": "1", "integrityLevel": "Medium", "hashes": "SHA256=9188fa8de99d628b6b967fb013186cde72355fd16f9bc234ef149760c435649e", "parentProcessGuid": "{49bd4d4f-1e25-22b7-a68e-5c32c7288662}", "parentProcessId": "26410", "parentImage": "C:\\Windows\\explorer.exe", "parentCommandLine": "C:\\Windows\\Explorer.EXE", "parentUser": "MEDDEFENSE\\records04", "agentName": "WS-RECV-04"}, "system": {"eventID": "1", "channel": "Microsoft-Windows-Sysmon/Operational", "computer": "WS-RECV-04", "providerName": "Microsoft-Windows-Sysmon", "providerGuid": "{5770385F-C22A-43E0-BF4C-06F5698FFBD9}", "userID": "S-1-5-18"}}}}
{"timestamp": "2026-05-07T11:50:00.000+00:00", "rule": {"id": "60110", "level": 4, "description": "Windows: Logon failure.", "groups": ["windows", "authentication_failed"]}, "agent": {"id": "773", "name": "WS-DOC-02", "ip": "10.10.2.31"}, "manager": {"name": "log-srv-01"}, "id": "alert-1778154600-fail-23626", "decoder": {"name": "windows_eventchannel"}, "data": {"win": {"eventdata": {"targetUserName": "flores", "targetDomainName": "MEDDEFENSE", "logonType": "3", "status": "0xC000006D", "subStatus": "0xC000006A", "workstationName": "WS-DOC-02", "ipAddress": "10.10.2.31"}, "system": {"eventID": "4625", "channel": "Security", "computer": "WS-DOC-02", "providerName": "Microsoft-Windows-Security-Auditing"}}}}
{"timestamp": "2026-05-07T11:51:22.000+00:00", "rule": {"id": "60106", "level": 4, "description": "Windows: Successful login.", "groups": ["windows", "authentication_success"]}, "agent": {"id": "233", "name": "WS-RECV-03", "ip": "10.10.3.21"}, "manager": {"name": "log-srv-01"}, "id": "alert-1778154682-logon-88784", "decoder": {"name": "windows_eventchannel"}, "data": {"win": {"eventdata": {"subjectUserSid": "S-1-0-0", "subjectUserName": "-", "targetUserSid": "S-1-5-21-2418457263-3110824891-719402188-1259", "targetUserName": "records03", "targetDomainName": "MEDDEFENSE", "logonType": "2", "logonProcessName": "Kerberos", "authenticationPackageName": "Kerberos", "workstationName": "WS-RECV-03", "ipAddress": "10.10.3.21", "ipPort": "54165", "processName": "C:\\Windows\\System32\\lsass.exe"}, "system": {"eventID": "4624", "channel": "Security", "computer": "WS-RECV-03", "providerName": "Microsoft-Windows-Security-Auditing"}}}, "hunt_meta": null}
{"timestamp": "2026-05-07T11:51:33.000+00:00", "rule": {"id": "60110", "level": 4, "description": "Windows: Logon failure.", "groups": ["windows", "authentication_failed"]}, "agent": {"id": "576", "name": "WS-NURSE-05", "ip": "10.10.2.16"}, "manager": {"name": "log-srv-01"}, "id": "alert-1778154693-fail-79038", "decoder": {"name": "windows_eventchannel"}, "data": {"win": {"eventdata": {"targetUserName": "nurse05", "targetDomainName": "MEDDEFENSE", "logonType": "3", "status": "0xC000006D", "subStatus": "0xC000006A", "workstationName": "WS-NURSE-05", "ipAddress": "10.10.2.16"}, "system": {"eventID": "4625", "channel": "Security", "computer": "WS-NURSE-05", "providerName": "Microsoft-Windows-Security-Auditing"}}}}
{"timestamp": "2026-05-07T11:52:40.000+00:00", "rule": {"id": "60110", "level": 4, "description": "Windows: Logon failure.", "groups": ["windows", "authentication_failed"]}, "agent": {"id": "329", "name": "WS-NURSE-06", "ip": "10.10.2.17"}, "manager": {"name": "log-srv-01"}, "id": "alert-1778154760-fail-75193", "decoder": {"name": "windows_eventchannel"}, "data": {"win": {"eventdata": {"targetUserName": "nurse06", "targetDomainName": "MEDDEFENSE", "logonType": "3", "status": "0xC000006D", "subStatus": "0xC000006A", "workstationName": "WS-NURSE-06", "ipAddress": "10.10.2.17"}, "system": {"eventID": "4625", "channel": "Security", "computer": "WS-NURSE-06", "providerName": "Microsoft-Windows-Security-Auditing"}}}}
{"timestamp": "2026-05-07T11:54:54.000+00:00", "rule": {"id": "61603", "level": 5, "description": "Sysmon - Event: 1 - Process creation.", "groups": ["sysmon", "sysmon_event1"]}, "agent": {"id": "817", "name": "WS-RECV-01", "ip": "10.10.3.19"}, "manager": {"name": "log-srv-01"}, "id": "alert-1778154894-33632", "decoder": {"name": "sysmon-event"}, "data": {"win": {"eventdata": {"utcTime": "2026-05-07 11:54:54.000", "processGuid": "{286c81be-83de-a4e7-0bba-632401b6dfeb}", "processId": "33632", "image": "C:\\Program Files\\Google\\Chrome\\Application\\chrome.exe", "commandLine": "\"chrome.exe\"", "currentDirectory": "C:\\Windows\\System32\\", "user": "MEDDEFENSE\\records01", "logonGuid": "{bd864563-9728-7127-f88f-3eb6cc8821a4}", "logonId": "0x0d0528e", "terminalSessionId": "1", "integrityLevel": "Medium", "hashes": "SHA256=42e99cdf8112453a010e8e0d240536751208b95e4a838b39f822a303851a6a13", "parentProcessGuid": "{892aae1b-26cf-2c81-907c-0a1b2a588e8b}", "parentProcessId": "56114", "parentImage": "C:\\Windows\\explorer.exe", "parentCommandLine": "C:\\Windows\\Explorer.EXE", "parentUser": "MEDDEFENSE\\records01", "agentName": "WS-RECV-01"}, "system": {"eventID": "1", "channel": "Microsoft-Windows-Sysmon/Operational", "computer": "WS-RECV-01", "providerName": "Microsoft-Windows-Sysmon", "providerGuid": "{5770385F-C22A-43E0-BF4C-06F5698FFBD9}", "userID": "S-1-5-18"}}}}
{"timestamp": "2026-05-07T11:55:25.000+00:00", "rule": {"id": "61605", "level": 3, "description": "Sysmon - Event: 3 - Network connection.", "groups": ["sysmon", "sysmon_event3"]}, "agent": {"id": "817", "name": "WS-RECV-01", "ip": "10.10.3.19"}, "manager": {"name": "log-srv-01"}, "id": "alert-1778154925-net-58129", "decoder": {"name": "sysmon-event"}, "data": {"win": {"eventdata": {"utcTime": "2026-05-07 11:55:25.000", "image": "C:\\Windows\\System32\\svchost.exe", "user": "MEDDEFENSE\\system", "protocol": "tcp", "initiated": "true", "sourceIp": "10.10.3.19", "sourcePort": "58689", "destinationIp": "10.10.20.80", "destinationPort": "636", "destinationHostname": "SRV-BACKUP-01"}, "system": {"eventID": "3", "channel": "Microsoft-Windows-Sysmon/Operational", "computer": "WS-RECV-01"}}}, "hunt_meta": null}
{"timestamp": "2026-05-07T12:00:51.000+00:00", "rule": {"id": "60106", "level": 4, "description": "Windows: Successful login.", "groups": ["windows", "authentication_success"]}, "agent": {"id": "845", "name": "WS-AP-07", "ip": "10.10.4.41"}, "manager": {"name": "log-srv-01"}, "id": "alert-1778155251-logon-35694", "decoder": {"name": "windows_eventchannel"}, "data": {"win": {"eventdata": {"subjectUserSid": "S-1-0-0", "subjectUserName": "-", "targetUserSid": "S-1-5-21-2418457263-3110824891-719402188-1320", "targetUserName": "arivera", "targetDomainName": "MEDDEFENSE", "logonType": "2", "logonProcessName": "Kerberos", "authenticationPackageName": "Kerberos", "workstationName": "WS-AP-07", "ipAddress": "10.10.4.41", "ipPort": "52245", "processName": "C:\\Windows\\System32\\lsass.exe"}, "system": {"eventID": "4624", "channel": "Security", "computer": "WS-AP-07", "providerName": "Microsoft-Windows-Security-Auditing"}}}, "hunt_meta": null}
{"timestamp": "2026-05-07T12:01:06.000+00:00", "rule": {"id": "61605", "level": 3, "description": "Sysmon - Event: 3 - Network connection.", "groups": ["sysmon", "sysmon_event3"]}, "agent": {"id": "329", "name": "WS-NURSE-06", "ip": "10.10.2.17"}, "manager": {"name": "log-srv-01"}, "id": "alert-1778155266-net-65199", "decoder": {"name": "sysmon-event"}, "data": {"win": {"eventdata": {"utcTime": "2026-05-07 12:01:06.000", "image": "C:\\Windows\\System32\\svchost.exe", "user": "MEDDEFENSE\\system", "protocol": "tcp", "initiated": "true", "sourceIp": "10.10.2.17", "sourcePort": "64941", "destinationIp": "10.10.20.70", "destinationPort": "53", "destinationHostname": "SRV-AV-01"}, "system": {"eventID": "3", "channel": "Microsoft-Windows-Sysmon/Operational", "computer": "WS-NURSE-06"}}}, "hunt_meta": null}
{"timestamp": "2026-05-07T12:02:42.000+00:00", "rule": {"id": "60106", "level": 4, "description": "Windows: Successful login.", "groups": ["windows", "authentication_success"]}, "agent": {"id": "263", "name": "WS-BILL-03", "ip": "10.10.4.34"}, "manager": {"name": "log-srv-01"}, "id": "alert-1778155362-logon-36038", "decoder": {"name": "windows_eventchannel"}, "data": {"win": {"eventdata": {"subjectUserSid": "S-1-0-0", "subjectUserName": "-", "targetUserSid": "S-1-5-21-2418457263-3110824891-719402188-1261", "targetUserName": "bill03", "targetDomainName": "MEDDEFENSE", "logonType": "2", "logonProcessName": "Kerberos", "authenticationPackageName": "Kerberos", "workstationName": "WS-BILL-03", "ipAddress": "10.10.4.34", "ipPort": "59419", "processName": "C:\\Windows\\System32\\lsass.exe"}, "system": {"eventID": "4624", "channel": "Security", "computer": "WS-BILL-03", "providerName": "Microsoft-Windows-Security-Auditing"}}}, "hunt_meta": null}
{"timestamp": "2026-05-07T12:03:33.000+00:00", "rule": {"id": "61603", "level": 5, "description": "Sysmon - Event: 1 - Process creation.", "groups": ["sysmon", "sysmon_event1"]}, "agent": {"id": "696", "name": "WS-NURSE-04", "ip": "10.10.2.15"}, "manager": {"name": "log-srv-01"}, "id": "alert-1778155413-9594", "decoder": {"name": "sysmon-event"}, "data": {"win": {"eventdata": {"utcTime": "2026-05-07 12:03:33.000", "processGuid": "{28327dc9-2d4e-8265-bc81-8bd8a40c7502}", "processId": "9594", "image": "C:\\Program Files\\Google\\Chrome\\Application\\chrome.exe", "commandLine": "\"chrome.exe\"", "currentDirectory": "C:\\Windows\\System32\\", "user": "MEDDEFENSE\\dmarsh", "logonGuid": "{a3d9a2e1-1b3c-6b27-c291-0d4a1c2bd974}", "logonId": "0xc5466fd", "terminalSessionId": "1", "integrityLevel": "Medium", "hashes": "SHA256=88c866ea0c3bd98893be209fb6cec36757af68a5fe32a1401856969813971775", "parentProcessGuid": "{25d83717-5867-c345-6188-cd6ad4a4f965}", "parentProcessId": "51321", "parentImage": "C:\\Windows\\explorer.exe", "parentCommandLine": "C:\\Windows\\Explorer.EXE", "parentUser": "MEDDEFENSE\\dmarsh", "agentName": "WS-NURSE-04"}, "system": {"eventID": "1", "channel": "Microsoft-Windows-Sysmon/Operational", "computer": "WS-NURSE-04", "providerName": "Microsoft-Windows-Sysmon", "providerGuid": "{5770385F-C22A-43E0-BF4C-06F5698FFBD9}", "userID": "S-1-5-18"}}}}
{"timestamp": "2026-05-07T12:03:40.000+00:00", "rule": {"id": "60106", "level": 4, "description": "Windows: Successful login.", "groups": ["windows", "authentication_success"]}, "agent": {"id": "115", "name": "SRV-HEALTH-DB", "ip": "10.10.20.15"}, "manager": {"name": "log-srv-01"}, "id": "alert-1778155420-logon-72969", "decoder": {"name": "windows_eventchannel"}, "data": {"win": {"eventdata": {"subjectUserSid": "S-1-0-0", "subjectUserName": "-", "targetUserSid": "S-1-5-21-2418457263-3110824891-719402188-1291", "targetUserName": "svc_healthsync", "targetDomainName": "MEDDEFENSE", "logonType": "3", "logonProcessName": "Kerberos", "authenticationPackageName": "Kerberos", "workstationName": "SRV-HEALTH-DB", "ipAddress": "10.10.20.15", "ipPort": "55041", "processName": "C:\\Windows\\System32\\lsass.exe"}, "system": {"eventID": "4624", "channel": "Security", "computer": "SRV-HEALTH-DB", "providerName": "Microsoft-Windows-Security-Auditing"}}}, "hunt_meta": {"category": "baseline_svc_auth", "source_host": "SRV-HEALTH-DB", "target_host": "SRV-HEALTH-DB", "tool": "svc_healthsync_service", "authorized": true}}
{"timestamp": "2026-05-07T12:13:03.000+00:00", "rule": {"id": "60106", "level": 4, "description": "Windows: Successful login.", "groups": ["windows", "authentication_success"]}, "agent": {"id": "066", "name": "WS-DOC-01", "ip": "10.10.2.30"}, "manager": {"name": "log-srv-01"}, "id": "alert-1778155983-logon-12366", "decoder": {"name": "windows_eventchannel"}, "data": {"win": {"eventdata": {"subjectUserSid": "S-1-0-0", "subjectUserName": "-", "targetUserSid": "S-1-5-21-2418457263-3110824891-719402188-1393", "targetUserName": "kapoor", "targetDomainName": "MEDDEFENSE", "logonType": "2", "logonProcessName": "Kerberos", "authenticationPackageName": "Kerberos", "workstationName": "WS-DOC-01", "ipAddress": "10.10.2.30", "ipPort": "62872", "processName": "C:\\Windows\\System32\\lsass.exe"}, "system": {"eventID": "4624", "channel": "Security", "computer": "WS-DOC-01", "providerName": "Microsoft-Windows-Security-Auditing"}}}, "hunt_meta": null}
{"timestamp": "2026-05-07T12:17:21.000+00:00", "rule": {"id": "61603", "level": 5, "description": "Sysmon - Event: 1 - Process creation.", "groups": ["sysmon", "sysmon_event1"]}, "agent": {"id": "561", "name": "WS-HELPDESK-02", "ip": "10.10.9.21"}, "manager": {"name": "log-srv-01"}, "id": "alert-1778156241-51017", "decoder": {"name": "sysmon-event"}, "data": {"win": {"eventdata": {"utcTime": "2026-05-07 12:17:21.000", "processGuid": "{3d2d7590-0e45-7de8-9af4-cc422acefa66}", "processId": "51017", "image": "C:\\Program Files\\Microsoft Office\\root\\Office16\\WINWORD.EXE", "commandLine": "\"WINWORD.EXE\"", "currentDirectory": "C:\\Windows\\System32\\", "user": "MEDDEFENSE\\helpdesk02", "logonGuid": "{c2bdb392-d3c7-dfe8-a11b-518e55159975}", "logonId": "0x662e5e8", "terminalSessionId": "1", "integrityLevel": "Medium", "hashes": "SHA256=b3fc4948351410c591562fdb484650534d2da4280663490ab1127e5d8bb2d455", "parentProcessGuid": "{f21ff27f-8670-321b-9bff-a43a26aa8727}", "parentProcessId": "29217", "parentImage": "C:\\Windows\\explorer.exe", "parentCommandLine": "C:\\Windows\\Explorer.EXE", "parentUser": "MEDDEFENSE\\helpdesk02", "agentName": "WS-HELPDESK-02"}, "system": {"eventID": "1", "channel": "Microsoft-Windows-Sysmon/Operational", "computer": "WS-HELPDESK-02", "providerName": "Microsoft-Windows-Sysmon", "providerGuid": "{5770385F-C22A-43E0-BF4C-06F5698FFBD9}", "userID": "S-1-5-18"}}}}
{"timestamp": "2026-05-07T12:17:55.000+00:00", "rule": {"id": "61603", "level": 5, "description": "Sysmon - Event: 1 - Process creation.", "groups": ["sysmon", "sysmon_event1"]}, "agent": {"id": "104", "name": "WS-AP-01", "ip": "10.10.4.40"}, "manager": {"name": "log-srv-01"}, "id": "alert-1778156275-15095", "decoder": {"name": "sysmon-event"}, "data": {"win": {"eventdata": {"utcTime": "2026-05-07 12:17:55.000", "processGuid": "{dc1ce466-fff9-8a95-5cee-7daac17160fc}", "processId": "15095", "image": "C:\\Program Files\\Microsoft Office\\root\\Office16\\OUTLOOK.EXE", "commandLine": "\"OUTLOOK.EXE\"", "currentDirectory": "C:\\Windows\\System32\\", "user": "MEDDEFENSE\\ap01", "logonGuid": "{858f6652-45d6-02db-2cc1-3ff0caa30e07}", "logonId": "0xb723a70", "terminalSessionId": "1", "integrityLevel": "Medium", "hashes": "SHA256=323e7aef54323c7751a707e3699453eaaeb8855b02c174471dcc991699898c95", "parentProcessGuid": "{2afb8168-ba41-8d0f-b25d-69bb0361e1a9}", "parentProcessId": "17783", "parentImage": "C:\\Windows\\explorer.exe", "parentCommandLine": "C:\\Windows\\Explorer.EXE", "parentUser": "MEDDEFENSE\\ap01", "agentName": "WS-AP-01"}, "system": {"eventID": "1", "channel": "Microsoft-Windows-Sysmon/Operational", "computer": "WS-AP-01", "providerName": "Microsoft-Windows-Sysmon", "providerGuid": "{5770385F-C22A-43E0-BF4C-06F5698FFBD9}", "userID": "S-1-5-18"}}}}
{"timestamp": "2026-05-07T12:19:02.000+00:00", "rule": {"id": "60106", "level": 4, "description": "Windows: Successful login.", "groups": ["windows", "authentication_success"]}, "agent": {"id": "125", "name": "SRV-INS-DB", "ip": "10.10.20.25"}, "manager": {"name": "log-srv-01"}, "id": "alert-1778156342-logon-47367", "decoder": {"name": "windows_eventchannel"}, "data": {"win": {"eventdata": {"subjectUserSid": "S-1-0-0", "subjectUserName": "-", "targetUserSid": "S-1-5-21-2418457263-3110824891-719402188-1141", "targetUserName": "svc_insurance", "targetDomainName": "MEDDEFENSE", "logonType": "5", "logonProcessName": "Kerberos", "authenticationPackageName": "Kerberos", "workstationName": "SRV-INS-DB", "ipAddress": "10.10.20.25", "ipPort": "64389", "processName": "C:\\Windows\\System32\\lsass.exe"}, "system": {"eventID": "4624", "channel": "Security", "computer": "SRV-INS-DB", "providerName": "Microsoft-Windows-Security-Auditing"}}}, "hunt_meta": {"category": "baseline_svc_auth", "source_host": "SRV-INS-DB", "target_host": "SRV-INS-DB", "tool": "svc_insurance_service", "authorized": true}}
{"timestamp": "2026-05-07T12:19:14.000+00:00", "rule": {"id": "60106", "level": 4, "description": "Windows: Successful login.", "groups": ["windows", "authentication_success"]}, "agent": {"id": "829", "name": "WS-HELPDESK-01", "ip": "10.10.9.20"}, "manager": {"name": "log-srv-01"}, "id": "alert-1778156354-logon-17766", "decoder": {"name": "windows_eventchannel"}, "data": {"win": {"eventdata": {"subjectUserSid": "S-1-0-0", "subjectUserName": "-", "targetUserSid": "S-1-5-21-2418457263-3110824891-719402188-1495", "targetUserName": "helpdesk01", "targetDomainName": "MEDDEFENSE", "logonType": "2", "logonProcessName": "Kerberos", "authenticationPackageName": "Kerberos", "workstationName": "WS-HELPDESK-01", "ipAddress": "10.10.9.20", "ipPort": "65392", "processName": "C:\\Windows\\System32\\lsass.exe"}, "system": {"eventID": "4624", "channel": "Security", "computer": "WS-HELPDESK-01", "providerName": "Microsoft-Windows-Security-Auditing"}}}, "hunt_meta": null}
{"timestamp": "2026-05-07T12:20:50.000+00:00", "rule": {"id": "61603", "level": 5, "description": "Sysmon - Event: 1 - Process creation.", "groups": ["sysmon", "sysmon_event1"]}, "agent": {"id": "937", "name": "WS-NURSE-03", "ip": "10.10.2.13"}, "manager": {"name": "log-srv-01"}, "id": "alert-1778156450-53241", "decoder": {"name": "sysmon-event"}, "data": {"win": {"eventdata": {"utcTime": "2026-05-07 12:20:50.000", "processGuid": "{378c9cf2-fdf3-0352-996d-12f346bca49c}", "processId": "53241", "image": "C:\\Program Files\\Microsoft Office\\root\\Office16\\OUTLOOK.EXE", "commandLine": "\"OUTLOOK.EXE\"", "currentDirectory": "C:\\Windows\\System32\\", "user": "MEDDEFENSE\\nurse03", "logonGuid": "{3e828d69-eddb-66b9-3c34-2d22bc351cb1}", "logonId": "0x21410dc", "terminalSessionId": "1", "integrityLevel": "Medium", "hashes": "SHA256=dc1cb68b896e43ca8f8b33f64d1a7142337f9a865b0cadd3b631bc2e50593289", "parentProcessGuid": "{b7712cb7-ca35-f777-65b5-77f5ce992381}", "parentProcessId": "30586", "parentImage": "C:\\Windows\\explorer.exe", "parentCommandLine": "C:\\Windows\\Explorer.EXE", "parentUser": "MEDDEFENSE\\nurse03", "agentName": "WS-NURSE-03"}, "system": {"eventID": "1", "channel": "Microsoft-Windows-Sysmon/Operational", "computer": "WS-NURSE-03", "providerName": "Microsoft-Windows-Sysmon", "providerGuid": "{5770385F-C22A-43E0-BF4C-06F5698FFBD9}", "userID": "S-1-5-18"}}}}
{"timestamp": "2026-05-07T12:21:21.000+00:00", "rule": {"id": "61605", "level": 3, "description": "Sysmon - Event: 3 - Network connection.", "groups": ["sysmon", "sysmon_event3"]}, "agent": {"id": "561", "name": "WS-HELPDESK-02", "ip": "10.10.9.21"}, "manager": {"name": "log-srv-01"}, "id": "alert-1778156481-net-80690", "decoder": {"name": "sysmon-event"}, "data": {"win": {"eventdata": {"utcTime": "2026-05-07 12:21:21.000", "image": "C:\\Windows\\System32\\svchost.exe", "user": "MEDDEFENSE\\system", "protocol": "tcp", "initiated": "true", "sourceIp": "10.10.9.21", "sourcePort": "59302", "destinationIp": "10.10.20.50", "destinationPort": "445", "destinationHostname": "SRV-FILE-01"}, "system": {"eventID": "3", "channel": "Microsoft-Windows-Sysmon/Operational", "computer": "WS-HELPDESK-02"}}}, "hunt_meta": null}
{"timestamp": "2026-05-07T12:24:42.000+00:00", "rule": {"id": "61612", "level": 3, "description": "Sysmon - Event: 13 - Registry value set.", "groups": ["sysmon", "sysmon_event_13"]}, "agent": {"id": "263", "name": "WS-BILL-03", "ip": "10.10.4.34"}, "manager": {"name": "log-srv-01"}, "id": "alert-1778156682-reg-27597", "decoder": {"name": "sysmon-event"}, "data": {"win": {"eventdata": {"utcTime": "2026-05-07 12:24:42.000", "eventType": "SetValue", "image": "C:\\Windows\\System32\\msiexec.exe", "targetObject": "HKCU\\Software\\Microsoft\\Office\\16.0\\Word\\Value40", "details": "QWORD (0x00000064)"}, "system": {"eventID": "13", "channel": "Microsoft-Windows-Sysmon/Operational", "computer": "WS-BILL-03"}}}}
{"timestamp": "2026-05-07T12:26:08.000+00:00", "rule": {"id": "60106", "level": 4, "description": "Windows: Successful login.", "groups": ["windows", "authentication_success"]}, "agent": {"id": "180", "name": "SRV-BACKUP-01", "ip": "10.10.20.80"}, "manager": {"name": "log-srv-01"}, "id": "alert-1778156768-logon-12105", "decoder": {"name": "windows_eventchannel"}, "data": {"win": {"eventdata": {"subjectUserSid": "S-1-0-0", "subjectUserName": "-", "targetUserSid": "S-1-5-21-2418457263-3110824891-719402188-1523", "targetUserName": "svc_backup", "targetDomainName": "MEDDEFENSE", "logonType": "5", "logonProcessName": "Kerberos", "authenticationPackageName": "Kerberos", "workstationName": "SRV-BACKUP-01", "ipAddress": "10.10.20.80", "ipPort": "52338", "processName": "C:\\Windows\\System32\\lsass.exe"}, "system": {"eventID": "4624", "channel": "Security", "computer": "SRV-BACKUP-01", "providerName": "Microsoft-Windows-Security-Auditing"}}}, "hunt_meta": {"category": "baseline_svc_auth", "source_host": "SRV-BACKUP-01", "target_host": "SRV-BACKUP-01", "tool": "svc_backup_service", "authorized": true}}
{"timestamp": "2026-05-07T12:26:23.000+00:00", "rule": {"id": "61612", "level": 3, "description": "Sysmon - Event: 13 - Registry value set.", "groups": ["sysmon", "sysmon_event_13"]}, "agent": {"id": "263", "name": "WS-BILL-03", "ip": "10.10.4.34"}, "manager": {"name": "log-srv-01"}, "id": "alert-1778156783-reg-67970", "decoder": {"name": "sysmon-event"}, "data": {"win": {"eventdata": {"utcTime": "2026-05-07 12:26:23.000", "eventType": "SetValue", "image": "C:\\Windows\\System32\\msiexec.exe", "targetObject": "HKLM\\SYSTEM\\CurrentControlSet\\Services\\Value61", "details": "DWORD (0x00000000)"}, "system": {"eventID": "13", "channel": "Microsoft-Windows-Sysmon/Operational", "computer": "WS-BILL-03"}}}}
{"timestamp": "2026-05-07T12:27:35.000+00:00", "rule": {"id": "60106", "level": 4, "description": "Windows: Successful login.", "groups": ["windows", "authentication_success"]}, "agent": {"id": "180", "name": "SRV-BACKUP-01", "ip": "10.10.20.80"}, "manager": {"name": "log-srv-01"}, "id": "alert-1778156855-logon-40975", "decoder": {"name": "windows_eventchannel"}, "data": {"win": {"eventdata": {"subjectUserSid": "S-1-0-0", "subjectUserName": "-", "targetUserSid": "S-1-5-21-2418457263-3110824891-719402188-1599", "targetUserName": "svc_backup", "targetDomainName": "MEDDEFENSE", "logonType": "5", "logonProcessName": "Kerberos", "authenticationPackageName": "Kerberos", "workstationName": "SRV-BACKUP-01", "ipAddress": "10.10.20.80", "ipPort": "53926", "processName": "C:\\Windows\\System32\\lsass.exe"}, "system": {"eventID": "4624", "channel": "Security", "computer": "SRV-BACKUP-01", "providerName": "Microsoft-Windows-Security-Auditing"}}}, "hunt_meta": {"category": "baseline_svc_auth", "source_host": "SRV-BACKUP-01", "target_host": "SRV-BACKUP-01", "tool": "svc_backup_service", "authorized": true}}
{"timestamp": "2026-05-07T12:29:22.000+00:00", "rule": {"id": "60106", "level": 4, "description": "Windows: Successful login.", "groups": ["windows", "authentication_success"]}, "agent": {"id": "160", "name": "SRV-PATCH-01", "ip": "10.10.20.60"}, "manager": {"name": "log-srv-01"}, "id": "alert-1778156962-logon-74321", "decoder": {"name": "windows_eventchannel"}, "data": {"win": {"eventdata": {"subjectUserSid": "S-1-0-0", "subjectUserName": "-", "targetUserSid": "S-1-5-21-2418457263-3110824891-719402188-1188", "targetUserName": "svc_patchdeploy", "targetDomainName": "MEDDEFENSE", "logonType": "5", "logonProcessName": "Kerberos", "authenticationPackageName": "Kerberos", "workstationName": "SRV-PATCH-01", "ipAddress": "10.10.20.60", "ipPort": "54703", "processName": "C:\\Windows\\System32\\lsass.exe"}, "system": {"eventID": "4624", "channel": "Security", "computer": "SRV-PATCH-01", "providerName": "Microsoft-Windows-Security-Auditing"}}}, "hunt_meta": {"category": "baseline_svc_auth", "source_host": "SRV-PATCH-01", "target_host": "SRV-PATCH-01", "tool": "svc_patchdeploy_service", "authorized": true}}
{"timestamp": "2026-05-07T12:30:14.000+00:00", "rule": {"id": "60106", "level": 4, "description": "Windows: Successful login.", "groups": ["windows", "authentication_success"]}, "agent": {"id": "829", "name": "WS-HELPDESK-01", "ip": "10.10.9.20"}, "manager": {"name": "log-srv-01"}, "id": "alert-1778157014-logon-54478", "decoder": {"name": "windows_eventchannel"}, "data": {"win": {"eventdata": {"subjectUserSid": "S-1-0-0", "subjectUserName": "-", "targetUserSid": "S-1-5-21-2418457263-3110824891-719402188-1155", "targetUserName": "helpdesk01", "targetDomainName": "MEDDEFENSE", "logonType": "2", "logonProcessName": "Kerberos", "authenticationPackageName": "Kerberos", "workstationName": "WS-HELPDESK-01", "ipAddress": "10.10.9.20", "ipPort": "51376", "processName": "C:\\Windows\\System32\\lsass.exe"}, "system": {"eventID": "4624", "channel": "Security", "computer": "WS-HELPDESK-01", "providerName": "Microsoft-Windows-Security-Auditing"}}}, "hunt_meta": null}
{"timestamp": "2026-05-07T12:30:16.000+00:00", "rule": {"id": "60106", "level": 4, "description": "Windows: Successful login.", "groups": ["windows", "authentication_success"]}, "agent": {"id": "115", "name": "SRV-HEALTH-DB", "ip": "10.10.20.15"}, "manager": {"name": "log-srv-01"}, "id": "alert-1778157016-logon-27404", "decoder": {"name": "windows_eventchannel"}, "data": {"win": {"eventdata": {"subjectUserSid": "S-1-0-0", "subjectUserName": "-", "targetUserSid": "S-1-5-21-2418457263-3110824891-719402188-1196", "targetUserName": "svc_healthsync", "targetDomainName": "MEDDEFENSE", "logonType": "5", "logonProcessName": "Kerberos", "authenticationPackageName": "Kerberos", "workstationName": "SRV-HEALTH-DB", "ipAddress": "10.10.20.15", "ipPort": "62108", "processName": "C:\\Windows\\System32\\lsass.exe"}, "system": {"eventID": "4624", "channel": "Security", "computer": "SRV-HEALTH-DB", "providerName": "Microsoft-Windows-Security-Auditing"}}}, "hunt_meta": {"category": "baseline_svc_auth", "source_host": "SRV-HEALTH-DB", "target_host": "SRV-HEALTH-DB", "tool": "svc_healthsync_service", "authorized": true}}
{"timestamp": "2026-05-07T12:32:51.000+00:00", "rule": {"id": "60110", "level": 4, "description": "Windows: Logon failure.", "groups": ["windows", "authentication_failed"]}, "agent": {"id": "907", "name": "WS-BILL-01", "ip": "10.10.4.30"}, "manager": {"name": "log-srv-01"}, "id": "alert-1778157171-fail-16096", "decoder": {"name": "windows_eventchannel"}, "data": {"win": {"eventdata": {"targetUserName": "bill01", "targetDomainName": "MEDDEFENSE", "logonType": "3", "status": "0xC000006D", "subStatus": "0xC000006A", "workstationName": "WS-BILL-01", "ipAddress": "10.10.4.30"}, "system": {"eventID": "4625", "channel": "Security", "computer": "WS-BILL-01", "providerName": "Microsoft-Windows-Security-Auditing"}}}}
{"timestamp": "2026-05-07T12:33:26.000+00:00", "rule": {"id": "60106", "level": 4, "description": "Windows: Successful login.", "groups": ["windows", "authentication_success"]}, "agent": {"id": "170", "name": "SRV-AV-01", "ip": "10.10.20.70"}, "manager": {"name": "log-srv-01"}, "id": "alert-1778157206-logon-83827", "decoder": {"name": "windows_eventchannel"}, "data": {"win": {"eventdata": {"subjectUserSid": "S-1-0-0", "subjectUserName": "-", "targetUserSid": "S-1-5-21-2418457263-3110824891-719402188-1431", "targetUserName": "svc_av", "targetDomainName": "MEDDEFENSE", "logonType": "5", "logonProcessName": "Kerberos", "authenticationPackageName": "Kerberos", "workstationName": "SRV-AV-01", "ipAddress": "10.10.20.70", "ipPort": "50677", "processName": "C:\\Windows\\System32\\lsass.exe"}, "system": {"eventID": "4624", "channel": "Security", "computer": "SRV-AV-01", "providerName": "Microsoft-Windows-Security-Auditing"}}}, "hunt_meta": {"category": "baseline_svc_auth", "source_host": "SRV-AV-01", "target_host": "SRV-AV-01", "tool": "svc_av_service", "authorized": true}}
{"timestamp": "2026-05-07T12:33:35.000+00:00", "rule": {"id": "61605", "level": 3, "description": "Sysmon - Event: 3 - Network connection.", "groups": ["sysmon", "sysmon_event3"]}, "agent": {"id": "561", "name": "WS-HELPDESK-02", "ip": "10.10.9.21"}, "manager": {"name": "log-srv-01"}, "id": "alert-1778157215-net-53883", "decoder": {"name": "sysmon-event"}, "data": {"win": {"eventdata": {"utcTime": "2026-05-07 12:33:35.000", "image": "C:\\Windows\\System32\\svchost.exe", "user": "MEDDEFENSE\\system", "protocol": "tcp", "initiated": "true", "sourceIp": "10.10.9.21", "sourcePort": "54315", "destinationIp": "10.10.20.70", "destinationPort": "389", "destinationHostname": "SRV-AV-01"}, "system": {"eventID": "3", "channel": "Microsoft-Windows-Sysmon/Operational", "computer": "WS-HELPDESK-02"}}}, "hunt_meta": null}
{"timestamp": "2026-05-07T12:34:20.000+00:00", "rule": {"id": "61603", "level": 5, "description": "Sysmon - Event: 1 - Process creation.", "groups": ["sysmon", "sysmon_event1"]}, "agent": {"id": "773", "name": "WS-DOC-02", "ip": "10.10.2.31"}, "manager": {"name": "log-srv-01"}, "id": "alert-1778157260-17545", "decoder": {"name": "sysmon-event"}, "data": {"win": {"eventdata": {"utcTime": "2026-05-07 12:34:20.000", "processGuid": "{4a29285e-e98f-94dc-d786-286546fec91f}", "processId": "17545", "image": "C:\\Program Files\\Google\\Chrome\\Application\\chrome.exe", "commandLine": "\"chrome.exe\"", "currentDirectory": "C:\\Windows\\System32\\", "user": "MEDDEFENSE\\flores", "logonGuid": "{3841123e-4558-d8cc-46e1-caa2301ee2ff}", "logonId": "0xb917ae6", "terminalSessionId": "1", "integrityLevel": "Medium", "hashes": "SHA256=0350fadeb8ec4246433d57d1f12db42781dd3dfb4b8f5e59e11d3f7ffeed3702", "parentProcessGuid": "{0bbb7cdd-718a-7022-230a-7a99d986835d}", "parentProcessId": "28595", "parentImage": "C:\\Windows\\explorer.exe", "parentCommandLine": "C:\\Windows\\Explorer.EXE", "parentUser": "MEDDEFENSE\\flores", "agentName": "WS-DOC-02"}, "system": {"eventID": "1", "channel": "Microsoft-Windows-Sysmon/Operational", "computer": "WS-DOC-02", "providerName": "Microsoft-Windows-Sysmon", "providerGuid": "{5770385F-C22A-43E0-BF4C-06F5698FFBD9}", "userID": "S-1-5-18"}}}}
{"timestamp": "2026-05-07T12:35:27.000+00:00", "rule": {"id": "61603", "level": 5, "description": "Sysmon - Event: 1 - Process creation.", "groups": ["sysmon", "sysmon_event1"]}, "agent": {"id": "576", "name": "WS-NURSE-05", "ip": "10.10.2.16"}, "manager": {"name": "log-srv-01"}, "id": "alert-1778157327-58144", "decoder": {"name": "sysmon-event"}, "data": {"win": {"eventdata": {"utcTime": "2026-05-07 12:35:27.000", "processGuid": "{ec34e372-49f9-3811-55b5-5bb9b67e3560}", "processId": "58144", "image": "C:\\Program Files\\Microsoft Office\\root\\Office16\\WINWORD.EXE", "commandLine": "\"WINWORD.EXE\"", "currentDirectory": "C:\\Windows\\System32\\", "user": "MEDDEFENSE\\nurse05", "logonGuid": "{c894dde4-ac69-21f9-a6dd-6d8cf8016bf0}", "logonId": "0x022a5c0", "terminalSessionId": "1", "integrityLevel": "Medium", "hashes": "SHA256=a6f2011652ac521a64ad0b2499564f302c7ebcae66c7b4e54afd9fc82e9dd42b", "parentProcessGuid": "{62103569-1a2f-1467-cfab-9f8d495812a2}", "parentProcessId": "22448", "parentImage": "C:\\Windows\\explorer.exe", "parentCommandLine": "C:\\Windows\\Explorer.EXE", "parentUser": "MEDDEFENSE\\nurse05", "agentName": "WS-NURSE-05"}, "system": {"eventID": "1", "channel": "Microsoft-Windows-Sysmon/Operational", "computer": "WS-NURSE-05", "providerName": "Microsoft-Windows-Sysmon", "providerGuid": "{5770385F-C22A-43E0-BF4C-06F5698FFBD9}", "userID": "S-1-5-18"}}}}
{"timestamp": "2026-05-07T12:36:04.000+00:00", "rule": {"id": "61645", "level": 3, "description": "Sysmon - Event: 22 - DNS query.", "groups": ["sysmon", "sysmon_event_22"]}, "agent": {"id": "773", "name": "WS-DOC-02", "ip": "10.10.2.31"}, "manager": {"name": "log-srv-01"}, "id": "alert-1778157364-dns-41977", "decoder": {"name": "sysmon-event"}, "data": {"win": {"eventdata": {"utcTime": "2026-05-07 12:36:04.000", "queryName": "clients.google.com", "queryStatus": "0", "queryResults": "type:  5 172.217.16.110", "image": "C:\\Windows\\System32\\svchost.exe"}, "system": {"eventID": "22", "channel": "Microsoft-Windows-Sysmon/Operational", "computer": "WS-DOC-02"}}}, "hunt_meta": null}
