{"timestamp": "2026-05-09T17:10:41.000+00:00", "rule": {"id": "61645", "level": 3, "description": "Sysmon - Event: 22 - DNS query.", "groups": ["sysmon", "sysmon_event_22"]}, "agent": {"id": "631", "name": "WS-NURSE-01", "ip": "10.10.2.11"}, "manager": {"name": "log-srv-01"}, "id": "alert-1778346641-dns-71442", "decoder": {"name": "sysmon-event"}, "data": {"win": {"eventdata": {"utcTime": "2026-05-09 17:10:41.000", "queryName": "sync.healthbane-c2.net", "queryStatus": "0", "queryResults": "type:  5 185.220.101.45", "image": "C:\\Windows\\System32\\svchost.exe"}, "system": {"eventID": "22", "channel": "Microsoft-Windows-Sysmon/Operational", "computer": "WS-NURSE-01"}}}, "hunt_meta": null}
{"timestamp": "2026-05-09T17:12:52.000+00:00", "rule": {"id": "61605", "level": 3, "description": "Sysmon - Event: 3 - Network connection.", "groups": ["sysmon", "sysmon_event3"]}, "agent": {"id": "329", "name": "WS-NURSE-06", "ip": "10.10.2.17"}, "manager": {"name": "log-srv-01"}, "id": "alert-1778346772-net-79041", "decoder": {"name": "sysmon-event"}, "data": {"win": {"eventdata": {"utcTime": "2026-05-09 17:12:52.000", "image": "C:\\Windows\\System32\\svchost.exe", "user": "MEDDEFENSE\\system", "protocol": "tcp", "initiated": "true", "sourceIp": "10.10.2.17", "sourcePort": "54289", "destinationIp": "10.10.20.80", "destinationPort": "636", "destinationHostname": "SRV-BACKUP-01"}, "system": {"eventID": "3", "channel": "Microsoft-Windows-Sysmon/Operational", "computer": "WS-NURSE-06"}}}, "hunt_meta": null}
{"timestamp": "2026-05-09T17:13:03.000+00:00", "rule": {"id": "61603", "level": 5, "description": "Sysmon - Event: 1 - Process creation.", "groups": ["sysmon", "sysmon_event1"]}, "agent": {"id": "773", "name": "WS-DOC-02", "ip": "10.10.2.31"}, "manager": {"name": "log-srv-01"}, "id": "alert-1778346783-2211", "decoder": {"name": "sysmon-event"}, "data": {"win": {"eventdata": {"utcTime": "2026-05-09 17:13:03.000", "processGuid": "{71b1c589-7bbd-aae8-0969-48bdd578f196}", "processId": "2211", "image": "C:\\Program Files\\Microsoft Office\\root\\Office16\\OUTLOOK.EXE", "commandLine": "\"OUTLOOK.EXE\"", "currentDirectory": "C:\\Windows\\System32\\", "user": "MEDDEFENSE\\flores", "logonGuid": "{6266e80a-9ddf-0910-23d2-cb747d5abd70}", "logonId": "0x0ac21d4", "terminalSessionId": "1", "integrityLevel": "Medium", "hashes": "SHA256=8d29f63605865c86a81645de564bae891f3b259f25d88a34b9f67e621d86ed96", "parentProcessGuid": "{4f0fa553-2cae-65b0-1ec6-5c4289fd78d9}", "parentProcessId": "48420", "parentImage": "C:\\Windows\\explorer.exe", "parentCommandLine": "C:\\Windows\\Explorer.EXE", "parentUser": "MEDDEFENSE\\flores", "agentName": "WS-DOC-02"}, "system": {"eventID": "1", "channel": "Microsoft-Windows-Sysmon/Operational", "computer": "WS-DOC-02", "providerName": "Microsoft-Windows-Sysmon", "providerGuid": "{5770385F-C22A-43E0-BF4C-06F5698FFBD9}", "userID": "S-1-5-18"}}}}
{"timestamp": "2026-05-09T17:15:22.000+00:00", "rule": {"id": "61603", "level": 5, "description": "Sysmon - Event: 1 - Process creation.", "groups": ["sysmon", "sysmon_event1"]}, "agent": {"id": "696", "name": "WS-NURSE-04", "ip": "10.10.2.15"}, "manager": {"name": "log-srv-01"}, "id": "alert-1778346922-33521", "decoder": {"name": "sysmon-event"}, "data": {"win": {"eventdata": {"utcTime": "2026-05-09 17:15:22.000", "processGuid": "{14de88b4-7480-9f54-25da-15287e5236cc}", "processId": "33521", "image": "C:\\Program Files\\Google\\Chrome\\Application\\chrome.exe", "commandLine": "\"chrome.exe\"", "currentDirectory": "C:\\Windows\\System32\\", "user": "MEDDEFENSE\\dmarsh", "logonGuid": "{5810f5e3-4ddd-6655-c0bc-277e5b0e6f59}", "logonId": "0xa10dc6d", "terminalSessionId": "1", "integrityLevel": "Medium", "hashes": "SHA256=fc1f0f49a0f71dfaeb88f58d502d57e997e8a753aed244e42abc48c810439f46", "parentProcessGuid": "{275219e6-c417-7efc-74a1-32912469f95d}", "parentProcessId": "30830", "parentImage": "C:\\Windows\\explorer.exe", "parentCommandLine": "C:\\Windows\\Explorer.EXE", "parentUser": "MEDDEFENSE\\dmarsh", "agentName": "WS-NURSE-04"}, "system": {"eventID": "1", "channel": "Microsoft-Windows-Sysmon/Operational", "computer": "WS-NURSE-04", "providerName": "Microsoft-Windows-Sysmon", "providerGuid": "{5770385F-C22A-43E0-BF4C-06F5698FFBD9}", "userID": "S-1-5-18"}}}}
{"timestamp": "2026-05-09T17:16:47.000+00:00", "rule": {"id": "61603", "level": 5, "description": "Sysmon - Event: 1 - Process creation.", "groups": ["sysmon", "sysmon_event1"]}, "agent": {"id": "817", "name": "WS-RECV-01", "ip": "10.10.3.19"}, "manager": {"name": "log-srv-01"}, "id": "alert-1778347007-52579", "decoder": {"name": "sysmon-event"}, "data": {"win": {"eventdata": {"utcTime": "2026-05-09 17:16:47.000", "processGuid": "{d17d2a48-1fda-2b33-fbd6-80e2a3ad01d9}", "processId": "52579", "image": "C:\\Program Files\\Microsoft Office\\root\\Office16\\WINWORD.EXE", "commandLine": "\"WINWORD.EXE\"", "currentDirectory": "C:\\Windows\\System32\\", "user": "MEDDEFENSE\\records01", "logonGuid": "{21f7f2f6-b299-45e3-a883-5d1730186c49}", "logonId": "0x6e33504", "terminalSessionId": "1", "integrityLevel": "Medium", "hashes": "SHA256=5f72997b317b5aa5858baa68e08c41157f6013719bfed598b5120ff69c961ce0", "parentProcessGuid": "{f8ff79d0-ba3c-cd5d-b0a8-9b83d26e6e92}", "parentProcessId": "43822", "parentImage": "C:\\Windows\\explorer.exe", "parentCommandLine": "C:\\Windows\\Explorer.EXE", "parentUser": "MEDDEFENSE\\records01", "agentName": "WS-RECV-01"}, "system": {"eventID": "1", "channel": "Microsoft-Windows-Sysmon/Operational", "computer": "WS-RECV-01", "providerName": "Microsoft-Windows-Sysmon", "providerGuid": "{5770385F-C22A-43E0-BF4C-06F5698FFBD9}", "userID": "S-1-5-18"}}}}
{"timestamp": "2026-05-09T17:19:41.000+00:00", "rule": {"id": "61613", "level": 3, "description": "Sysmon - Event: 11 - File created.", "groups": ["sysmon", "sysmon_event_11"]}, "agent": {"id": "829", "name": "WS-HELPDESK-01", "ip": "10.10.9.20"}, "manager": {"name": "log-srv-01"}, "id": "alert-1778347181-fc-21198", "decoder": {"name": "sysmon-event"}, "data": {"win": {"eventdata": {"utcTime": "2026-05-09 17:19:41.000", "image": "C:\\Program Files\\Microsoft Office\\root\\Office16\\OUTLOOK.EXE", "targetFilename": "C:\\Users\\helpdesk01\\AppData\\Local\\Temp\\OICE_9972.tmp", "creationUtcTime": "2026-05-09 17:19:41.000"}, "system": {"eventID": "11", "channel": "Microsoft-Windows-Sysmon/Operational", "computer": "WS-HELPDESK-01"}}}}
{"timestamp": "2026-05-09T17:23:53.000+00:00", "rule": {"id": "61603", "level": 5, "description": "Sysmon - Event: 1 - Process creation.", "groups": ["sysmon", "sysmon_event1"]}, "agent": {"id": "829", "name": "WS-HELPDESK-01", "ip": "10.10.9.20"}, "manager": {"name": "log-srv-01"}, "id": "alert-1778347433-48925", "decoder": {"name": "sysmon-event"}, "data": {"win": {"eventdata": {"utcTime": "2026-05-09 17:23:53.000", "processGuid": "{94f31b55-4686-1fd1-260f-2812f30f7c5a}", "processId": "48925", "image": "C:\\Windows\\System32\\svchost.exe", "commandLine": "C:\\Windows\\System32\\svchost.exe -k netsvcs", "currentDirectory": "C:\\Windows\\System32\\", "user": "MEDDEFENSE\\helpdesk01", "logonGuid": "{ec3e9090-bcb7-6505-5415-22b51e02eb17}", "logonId": "0x9447586", "terminalSessionId": "1", "integrityLevel": "Medium", "hashes": "SHA256=7602d7b31db08a1ad2fcd2c77761c2ee3fb627901fc5dc31a4897ba5ffbf5f47", "parentProcessGuid": "{506e095c-3410-26a3-a0d7-0a99bc5c42af}", "parentProcessId": "4674", "parentImage": "C:\\Windows\\explorer.exe", "parentCommandLine": "C:\\Windows\\Explorer.EXE", "parentUser": "MEDDEFENSE\\helpdesk01", "agentName": "WS-HELPDESK-01"}, "system": {"eventID": "1", "channel": "Microsoft-Windows-Sysmon/Operational", "computer": "WS-HELPDESK-01", "providerName": "Microsoft-Windows-Sysmon", "providerGuid": "{5770385F-C22A-43E0-BF4C-06F5698FFBD9}", "userID": "S-1-5-18"}}}}
{"timestamp": "2026-05-09T17:26:31.000+00:00", "rule": {"id": "61603", "level": 5, "description": "Sysmon - Event: 1 - Process creation.", "groups": ["sysmon", "sysmon_event1"]}, "agent": {"id": "329", "name": "WS-NURSE-06", "ip": "10.10.2.17"}, "manager": {"name": "log-srv-01"}, "id": "alert-1778347591-13116", "decoder": {"name": "sysmon-event"}, "data": {"win": {"eventdata": {"utcTime": "2026-05-09 17:26:31.000", "processGuid": "{7345516e-c6d5-9e1d-99d6-52a967bc05b8}", "processId": "13116", "image": "C:\\Windows\\explorer.exe", "commandLine": "C:\\Windows\\Explorer.EXE", "currentDirectory": "C:\\Windows\\System32\\", "user": "MEDDEFENSE\\nurse06", "logonGuid": "{0bcb6e6c-5c30-89c7-5969-165c6a3fba3e}", "logonId": "0xb6389fb", "terminalSessionId": "1", "integrityLevel": "Medium", "hashes": "SHA256=9e4f2a1a8e6e32a924451853562f27cc444df0f19eef0c455459313ceee4750c", "parentProcessGuid": "{3fc1357c-7803-0728-667d-bc51955c722e}", "parentProcessId": "46491", "parentImage": "C:\\Windows\\explorer.exe", "parentCommandLine": "C:\\Windows\\Explorer.EXE", "parentUser": "MEDDEFENSE\\nurse06", "agentName": "WS-NURSE-06"}, "system": {"eventID": "1", "channel": "Microsoft-Windows-Sysmon/Operational", "computer": "WS-NURSE-06", "providerName": "Microsoft-Windows-Sysmon", "providerGuid": "{5770385F-C22A-43E0-BF4C-06F5698FFBD9}", "userID": "S-1-5-18"}}}}
{"timestamp": "2026-05-09T17:42:25.000+00:00", "rule": {"id": "61603", "level": 5, "description": "Sysmon - Event: 1 - Process creation.", "groups": ["sysmon", "sysmon_event1"]}, "agent": {"id": "829", "name": "WS-HELPDESK-01", "ip": "10.10.9.20"}, "manager": {"name": "log-srv-01"}, "id": "alert-1778348545-1225", "decoder": {"name": "sysmon-event"}, "data": {"win": {"eventdata": {"utcTime": "2026-05-09 17:42:25.000", "processGuid": "{04365202-68e1-d4f2-74ca-a95692324691}", "processId": "1225", "image": "C:\\Windows\\System32\\svchost.exe", "commandLine": "C:\\Windows\\System32\\svchost.exe -k netsvcs", "currentDirectory": "C:\\Windows\\System32\\", "user": "MEDDEFENSE\\helpdesk01", "logonGuid": "{f9a4c3bd-d001-1131-7172-8de014303bc1}", "logonId": "0x3a3dd00", "terminalSessionId": "1", "integrityLevel": "Medium", "hashes": "SHA256=e09ed9f5f746dde75f74969073f2e169e5f5abb534b060b2f4a3e2c9e1c6af07", "parentProcessGuid": "{86f3060a-b1c2-b690-c177-a19b36a618f9}", "parentProcessId": "53488", "parentImage": "C:\\Windows\\explorer.exe", "parentCommandLine": "C:\\Windows\\Explorer.EXE", "parentUser": "MEDDEFENSE\\helpdesk01", "agentName": "WS-HELPDESK-01"}, "system": {"eventID": "1", "channel": "Microsoft-Windows-Sysmon/Operational", "computer": "WS-HELPDESK-01", "providerName": "Microsoft-Windows-Sysmon", "providerGuid": "{5770385F-C22A-43E0-BF4C-06F5698FFBD9}", "userID": "S-1-5-18"}}}}
{"timestamp": "2026-05-09T17:43:51.000+00:00", "rule": {"id": "61605", "level": 3, "description": "Sysmon - Event: 3 - Network connection.", "groups": ["sysmon", "sysmon_event3"]}, "agent": {"id": "561", "name": "WS-HELPDESK-02", "ip": "10.10.9.21"}, "manager": {"name": "log-srv-01"}, "id": "alert-1778348631-net-54286", "decoder": {"name": "sysmon-event"}, "data": {"win": {"eventdata": {"utcTime": "2026-05-09 17:43:51.000", "image": "C:\\Windows\\System32\\svchost.exe", "user": "MEDDEFENSE\\system", "protocol": "tcp", "initiated": "true", "sourceIp": "10.10.9.21", "sourcePort": "58444", "destinationIp": "10.10.20.60", "destinationPort": "445", "destinationHostname": "SRV-PATCH-01"}, "system": {"eventID": "3", "channel": "Microsoft-Windows-Sysmon/Operational", "computer": "WS-HELPDESK-02"}}}, "hunt_meta": null}
{"timestamp": "2026-05-09T17:47:53.000+00:00", "rule": {"id": "61603", "level": 5, "description": "Sysmon - Event: 1 - Process creation.", "groups": ["sysmon", "sysmon_event1"]}, "agent": {"id": "829", "name": "WS-HELPDESK-01", "ip": "10.10.9.20"}, "manager": {"name": "log-srv-01"}, "id": "alert-1778348873-14778", "decoder": {"name": "sysmon-event"}, "data": {"win": {"eventdata": {"utcTime": "2026-05-09 17:47:53.000", "processGuid": "{730ffa62-5121-473a-5a93-0dcd92f07073}", "processId": "14778", "image": "C:\\Windows\\explorer.exe", "commandLine": "C:\\Windows\\Explorer.EXE", "currentDirectory": "C:\\Windows\\System32\\", "user": "MEDDEFENSE\\helpdesk01", "logonGuid": "{09de866a-2775-6571-2beb-e02d6019bcba}", "logonId": "0xfc9970b", "terminalSessionId": "1", "integrityLevel": "Medium", "hashes": "SHA256=9ea0d2f93c0110d3aa9bf0039479d8d8ac9838d5d781c5875e86b4d620b347bc", "parentProcessGuid": "{c0483df4-34a1-e514-94e2-7b2842f6d4ec}", "parentProcessId": "34344", "parentImage": "C:\\Windows\\explorer.exe", "parentCommandLine": "C:\\Windows\\Explorer.EXE", "parentUser": "MEDDEFENSE\\helpdesk01", "agentName": "WS-HELPDESK-01"}, "system": {"eventID": "1", "channel": "Microsoft-Windows-Sysmon/Operational", "computer": "WS-HELPDESK-01", "providerName": "Microsoft-Windows-Sysmon", "providerGuid": "{5770385F-C22A-43E0-BF4C-06F5698FFBD9}", "userID": "S-1-5-18"}}}}
{"timestamp": "2026-05-09T17:51:27.000+00:00", "rule": {"id": "61603", "level": 5, "description": "Sysmon - Event: 1 - Process creation.", "groups": ["sysmon", "sysmon_event1"]}, "agent": {"id": "233", "name": "WS-RECV-03", "ip": "10.10.3.21"}, "manager": {"name": "log-srv-01"}, "id": "alert-1778349087-24695", "decoder": {"name": "sysmon-event"}, "data": {"win": {"eventdata": {"utcTime": "2026-05-09 17:51:27.000", "processGuid": "{0a306284-770c-3fb6-0a9a-cb771b2c7638}", "processId": "24695", "image": "C:\\Program Files\\Microsoft Office\\root\\Office16\\OUTLOOK.EXE", "commandLine": "\"OUTLOOK.EXE\"", "currentDirectory": "C:\\Windows\\System32\\", "user": "MEDDEFENSE\\records03", "logonGuid": "{9f0a03fe-8f52-087d-7095-5215b5c108f9}", "logonId": "0x197db5a", "terminalSessionId": "1", "integrityLevel": "Medium", "hashes": "SHA256=496f31fab9b901c1faefe65f80bc065df1a541a2d06a8501cba5bcde3d5c4ae6", "parentProcessGuid": "{ebe9a7f7-fe21-466d-4b6b-a7b3d24e8c17}", "parentProcessId": "39897", "parentImage": "C:\\Windows\\explorer.exe", "parentCommandLine": "C:\\Windows\\Explorer.EXE", "parentUser": "MEDDEFENSE\\records03", "agentName": "WS-RECV-03"}, "system": {"eventID": "1", "channel": "Microsoft-Windows-Sysmon/Operational", "computer": "WS-RECV-03", "providerName": "Microsoft-Windows-Sysmon", "providerGuid": "{5770385F-C22A-43E0-BF4C-06F5698FFBD9}", "userID": "S-1-5-18"}}}}
{"timestamp": "2026-05-09T17:51:31.000+00:00", "rule": {"id": "61603", "level": 5, "description": "Sysmon - Event: 1 - Process creation.", "groups": ["sysmon", "sysmon_event1"]}, "agent": {"id": "845", "name": "WS-AP-07", "ip": "10.10.4.41"}, "manager": {"name": "log-srv-01"}, "id": "alert-1778349091-55567", "decoder": {"name": "sysmon-event"}, "data": {"win": {"eventdata": {"utcTime": "2026-05-09 17:51:31.000", "processGuid": "{945e8c7f-1aaa-21c1-aa24-6546854c6d21}", "processId": "55567", "image": "C:\\Program Files\\Microsoft Office\\root\\Office16\\WINWORD.EXE", "commandLine": "\"WINWORD.EXE\"", "currentDirectory": "C:\\Windows\\System32\\", "user": "MEDDEFENSE\\arivera", "logonGuid": "{e98dfcd6-e4ba-eefe-b52c-70461e3745fc}", "logonId": "0xed47598", "terminalSessionId": "1", "integrityLevel": "Medium", "hashes": "SHA256=00dd77396e0f4c73643df4cb0559f76d3d114fe30587d49c9010e58d9e5fbde8", "parentProcessGuid": "{4b9fc932-d426-faa8-1f6d-98e632e49fc9}", "parentProcessId": "32094", "parentImage": "C:\\Windows\\explorer.exe", "parentCommandLine": "C:\\Windows\\Explorer.EXE", "parentUser": "MEDDEFENSE\\arivera", "agentName": "WS-AP-07"}, "system": {"eventID": "1", "channel": "Microsoft-Windows-Sysmon/Operational", "computer": "WS-AP-07", "providerName": "Microsoft-Windows-Sysmon", "providerGuid": "{5770385F-C22A-43E0-BF4C-06F5698FFBD9}", "userID": "S-1-5-18"}}}}
{"timestamp": "2026-05-09T17:52:32.000+00:00", "rule": {"id": "61603", "level": 5, "description": "Sysmon - Event: 1 - Process creation.", "groups": ["sysmon", "sysmon_event1"]}, "agent": {"id": "755", "name": "WS-NURSE-02", "ip": "10.10.2.12"}, "manager": {"name": "log-srv-01"}, "id": "alert-1778349152-4024", "decoder": {"name": "sysmon-event"}, "data": {"win": {"eventdata": {"utcTime": "2026-05-09 17:52:32.000", "processGuid": "{9b7aa1d8-4360-d316-ab00-79b4f062c6d7}", "processId": "4024", "image": "C:\\Windows\\explorer.exe", "commandLine": "C:\\Windows\\Explorer.EXE", "currentDirectory": "C:\\Windows\\System32\\", "user": "MEDDEFENSE\\nurse02", "logonGuid": "{f623255d-d4a8-6f5c-46da-0bfc756a2366}", "logonId": "0xf41db38", "terminalSessionId": "1", "integrityLevel": "Medium", "hashes": "SHA256=1c28d688f5b9b4e81d562d2d8bda03c67e9b73d695bd45b11ee2e5d1f9443578", "parentProcessGuid": "{663f0aab-fd49-87dc-32ed-ba1c0ab7053e}", "parentProcessId": "15398", "parentImage": "C:\\Windows\\explorer.exe", "parentCommandLine": "C:\\Windows\\Explorer.EXE", "parentUser": "MEDDEFENSE\\nurse02", "agentName": "WS-NURSE-02"}, "system": {"eventID": "1", "channel": "Microsoft-Windows-Sysmon/Operational", "computer": "WS-NURSE-02", "providerName": "Microsoft-Windows-Sysmon", "providerGuid": "{5770385F-C22A-43E0-BF4C-06F5698FFBD9}", "userID": "S-1-5-18"}}}}
{"timestamp": "2026-05-09T18:02:03.000+00:00", "rule": {"id": "61613", "level": 3, "description": "Sysmon - Event: 11 - File created.", "groups": ["sysmon", "sysmon_event_11"]}, "agent": {"id": "104", "name": "WS-AP-01", "ip": "10.10.4.40"}, "manager": {"name": "log-srv-01"}, "id": "alert-1778349723-fc-51175", "decoder": {"name": "sysmon-event"}, "data": {"win": {"eventdata": {"utcTime": "2026-05-09 18:02:03.000", "image": "C:\\Program Files\\Microsoft Office\\root\\Office16\\OUTLOOK.EXE", "targetFilename": "C:\\Users\\ap01\\AppData\\Local\\Temp\\OICE_4758.tmp", "creationUtcTime": "2026-05-09 18:02:03.000"}, "system": {"eventID": "11", "channel": "Microsoft-Windows-Sysmon/Operational", "computer": "WS-AP-01"}}}}
{"timestamp": "2026-05-09T18:09:28.000+00:00", "rule": {"id": "61605", "level": 3, "description": "Sysmon - Event: 3 - Network connection.", "groups": ["sysmon", "sysmon_event3"]}, "agent": {"id": "755", "name": "WS-NURSE-02", "ip": "10.10.2.12"}, "manager": {"name": "log-srv-01"}, "id": "alert-1778350168-net-35284", "decoder": {"name": "sysmon-event"}, "data": {"win": {"eventdata": {"utcTime": "2026-05-09 18:09:28.000", "image": "C:\\Windows\\System32\\svchost.exe", "user": "MEDDEFENSE\\system", "protocol": "tcp", "initiated": "true", "sourceIp": "10.10.2.12", "sourcePort": "51152", "destinationIp": "10.10.20.50", "destinationPort": "389", "destinationHostname": "SRV-FILE-01"}, "system": {"eventID": "3", "channel": "Microsoft-Windows-Sysmon/Operational", "computer": "WS-NURSE-02"}}}, "hunt_meta": null}
{"timestamp": "2026-05-09T18:15:47.000+00:00", "rule": {"id": "61613", "level": 3, "description": "Sysmon - Event: 11 - File created.", "groups": ["sysmon", "sysmon_event_11"]}, "agent": {"id": "233", "name": "WS-RECV-03", "ip": "10.10.3.21"}, "manager": {"name": "log-srv-01"}, "id": "alert-1778350547-fc-84600", "decoder": {"name": "sysmon-event"}, "data": {"win": {"eventdata": {"utcTime": "2026-05-09 18:15:47.000", "image": "C:\\Program Files\\Microsoft Office\\root\\Office16\\OUTLOOK.EXE", "targetFilename": "C:\\Users\\records03\\AppData\\Local\\Temp\\OICE_1231.tmp", "creationUtcTime": "2026-05-09 18:15:47.000"}, "system": {"eventID": "11", "channel": "Microsoft-Windows-Sysmon/Operational", "computer": "WS-RECV-03"}}}}
{"timestamp": "2026-05-09T18:21:58.000+00:00", "rule": {"id": "61645", "level": 3, "description": "Sysmon - Event: 22 - DNS query.", "groups": ["sysmon", "sysmon_event_22"]}, "agent": {"id": "272", "name": "WS-ADMIN-01", "ip": "10.10.9.10"}, "manager": {"name": "log-srv-01"}, "id": "alert-1778350918-dns-86862", "decoder": {"name": "sysmon-event"}, "data": {"win": {"eventdata": {"utcTime": "2026-05-09 18:21:58.000", "queryName": "clients.google.com", "queryStatus": "0", "queryResults": "type:  5 172.217.16.110", "image": "C:\\Windows\\System32\\svchost.exe"}, "system": {"eventID": "22", "channel": "Microsoft-Windows-Sysmon/Operational", "computer": "WS-ADMIN-01"}}}, "hunt_meta": null}
{"timestamp": "2026-05-09T18:32:33.000+00:00", "rule": {"id": "61612", "level": 3, "description": "Sysmon - Event: 13 - Registry value set.", "groups": ["sysmon", "sysmon_event_13"]}, "agent": {"id": "631", "name": "WS-NURSE-01", "ip": "10.10.2.11"}, "manager": {"name": "log-srv-01"}, "id": "alert-1778351553-reg-24731", "decoder": {"name": "sysmon-event"}, "data": {"win": {"eventdata": {"utcTime": "2026-05-09 18:32:33.000", "eventType": "SetValue", "image": "C:\\Program Files\\Microsoft Office\\root\\Office16\\WINWORD.EXE", "targetObject": "HKCU\\Software\\Microsoft\\Office\\16.0\\Word\\Value43", "details": "DWORD (0x00000000)"}, "system": {"eventID": "13", "channel": "Microsoft-Windows-Sysmon/Operational", "computer": "WS-NURSE-01"}}}}
{"timestamp": "2026-05-09T18:33:18.000+00:00", "rule": {"id": "61645", "level": 3, "description": "Sysmon - Event: 22 - DNS query.", "groups": ["sysmon", "sysmon_event_22"]}, "agent": {"id": "845", "name": "WS-AP-07", "ip": "10.10.4.41"}, "manager": {"name": "log-srv-01"}, "id": "alert-1778351598-dns-17894", "decoder": {"name": "sysmon-event"}, "data": {"win": {"eventdata": {"utcTime": "2026-05-09 18:33:18.000", "queryName": "clients.google.com", "queryStatus": "0", "queryResults": "type:  5 172.217.16.110", "image": "C:\\Windows\\System32\\svchost.exe"}, "system": {"eventID": "22", "channel": "Microsoft-Windows-Sysmon/Operational", "computer": "WS-AP-07"}}}, "hunt_meta": null}
{"timestamp": "2026-05-09T18:52:14.000+00:00", "rule": {"id": "61613", "level": 3, "description": "Sysmon - Event: 11 - File created.", "groups": ["sysmon", "sysmon_event_11"]}, "agent": {"id": "263", "name": "WS-BILL-03", "ip": "10.10.4.34"}, "manager": {"name": "log-srv-01"}, "id": "alert-1778352734-fc-27258", "decoder": {"name": "sysmon-event"}, "data": {"win": {"eventdata": {"utcTime": "2026-05-09 18:52:14.000", "image": "C:\\Program Files\\Microsoft Office\\root\\Office16\\OUTLOOK.EXE", "targetFilename": "C:\\Users\\bill03\\AppData\\Local\\Temp\\OICE_5229.tmp", "creationUtcTime": "2026-05-09 18:52:14.000"}, "system": {"eventID": "11", "channel": "Microsoft-Windows-Sysmon/Operational", "computer": "WS-BILL-03"}}}}
{"timestamp": "2026-05-09T19:03:05.000+00:00", "rule": {"id": "61605", "level": 3, "description": "Sysmon - Event: 3 - Network connection.", "groups": ["sysmon", "sysmon_event3"]}, "agent": {"id": "066", "name": "WS-DOC-01", "ip": "10.10.2.30"}, "manager": {"name": "log-srv-01"}, "id": "alert-1778353385-net-12663", "decoder": {"name": "sysmon-event"}, "data": {"win": {"eventdata": {"utcTime": "2026-05-09 19:03:05.000", "image": "C:\\Windows\\System32\\svchost.exe", "user": "MEDDEFENSE\\system", "protocol": "tcp", "initiated": "true", "sourceIp": "10.10.2.30", "sourcePort": "55226", "destinationIp": "10.10.20.25", "destinationPort": "636", "destinationHostname": "SRV-INS-DB"}, "system": {"eventID": "3", "channel": "Microsoft-Windows-Sysmon/Operational", "computer": "WS-DOC-01"}}}, "hunt_meta": null}
{"timestamp": "2026-05-09T19:04:25.000+00:00", "rule": {"id": "61612", "level": 3, "description": "Sysmon - Event: 13 - Registry value set.", "groups": ["sysmon", "sysmon_event_13"]}, "agent": {"id": "817", "name": "WS-RECV-01", "ip": "10.10.3.19"}, "manager": {"name": "log-srv-01"}, "id": "alert-1778353465-reg-88776", "decoder": {"name": "sysmon-event"}, "data": {"win": {"eventdata": {"utcTime": "2026-05-09 19:04:25.000", "eventType": "SetValue", "image": "C:\\Windows\\System32\\svchost.exe", "targetObject": "HKLM\\SOFTWARE\\Microsoft\\Cryptography\\Value83", "details": "Binary Data"}, "system": {"eventID": "13", "channel": "Microsoft-Windows-Sysmon/Operational", "computer": "WS-RECV-01"}}}}
{"timestamp": "2026-05-09T19:33:50.000+00:00", "rule": {"id": "61605", "level": 3, "description": "Sysmon - Event: 3 - Network connection.", "groups": ["sysmon", "sysmon_event3"]}, "agent": {"id": "233", "name": "WS-RECV-03", "ip": "10.10.3.21"}, "manager": {"name": "log-srv-01"}, "id": "alert-1778355230-net-64381", "decoder": {"name": "sysmon-event"}, "data": {"win": {"eventdata": {"utcTime": "2026-05-09 19:33:50.000", "image": "C:\\Windows\\System32\\svchost.exe", "user": "MEDDEFENSE\\system", "protocol": "tcp", "initiated": "true", "sourceIp": "10.10.3.21", "sourcePort": "58708", "destinationIp": "10.10.20.5", "destinationPort": "5985", "destinationHostname": "SRV-DC-01"}, "system": {"eventID": "3", "channel": "Microsoft-Windows-Sysmon/Operational", "computer": "WS-RECV-03"}}}, "hunt_meta": null}
{"timestamp": "2026-05-09T19:40:47.000+00:00", "rule": {"id": "61613", "level": 3, "description": "Sysmon - Event: 11 - File created.", "groups": ["sysmon", "sysmon_event_11"]}, "agent": {"id": "272", "name": "WS-ADMIN-01", "ip": "10.10.9.10"}, "manager": {"name": "log-srv-01"}, "id": "alert-1778355647-fc-76444", "decoder": {"name": "sysmon-event"}, "data": {"win": {"eventdata": {"utcTime": "2026-05-09 19:40:47.000", "image": "C:\\Program Files\\Microsoft Office\\root\\Office16\\OUTLOOK.EXE", "targetFilename": "C:\\Users\\robert.kim\\AppData\\Local\\Temp\\OICE_8874.tmp", "creationUtcTime": "2026-05-09 19:40:47.000"}, "system": {"eventID": "11", "channel": "Microsoft-Windows-Sysmon/Operational", "computer": "WS-ADMIN-01"}}}}
{"timestamp": "2026-05-09T19:42:46.000+00:00", "rule": {"id": "61612", "level": 3, "description": "Sysmon - Event: 13 - Registry value set.", "groups": ["sysmon", "sysmon_event_13"]}, "agent": {"id": "755", "name": "WS-NURSE-02", "ip": "10.10.2.12"}, "manager": {"name": "log-srv-01"}, "id": "alert-1778355766-reg-85087", "decoder": {"name": "sysmon-event"}, "data": {"win": {"eventdata": {"utcTime": "2026-05-09 19:42:46.000", "eventType": "SetValue", "image": "C:\\Windows\\System32\\svchost.exe", "targetObject": "HKLM\\SOFTWARE\\Microsoft\\Cryptography\\Value26", "details": "DWORD (0x00000000)"}, "system": {"eventID": "13", "channel": "Microsoft-Windows-Sysmon/Operational", "computer": "WS-NURSE-02"}}}}
{"timestamp": "2026-05-09T19:47:19.000+00:00", "rule": {"id": "61613", "level": 3, "description": "Sysmon - Event: 11 - File created.", "groups": ["sysmon", "sysmon_event_11"]}, "agent": {"id": "829", "name": "WS-HELPDESK-01", "ip": "10.10.9.20"}, "manager": {"name": "log-srv-01"}, "id": "alert-1778356039-fc-88134", "decoder": {"name": "sysmon-event"}, "data": {"win": {"eventdata": {"utcTime": "2026-05-09 19:47:19.000", "image": "C:\\Program Files\\Microsoft Office\\root\\Office16\\OUTLOOK.EXE", "targetFilename": "C:\\Users\\helpdesk01\\AppData\\Local\\Temp\\OICE_3761.tmp", "creationUtcTime": "2026-05-09 19:47:19.000"}, "system": {"eventID": "11", "channel": "Microsoft-Windows-Sysmon/Operational", "computer": "WS-HELPDESK-01"}}}}
{"timestamp": "2026-05-09T20:01:32.000+00:00", "rule": {"id": "61613", "level": 3, "description": "Sysmon - Event: 11 - File created.", "groups": ["sysmon", "sysmon_event_11"]}, "agent": {"id": "845", "name": "WS-AP-07", "ip": "10.10.4.41"}, "manager": {"name": "log-srv-01"}, "id": "alert-1778356892-fc-79029", "decoder": {"name": "sysmon-event"}, "data": {"win": {"eventdata": {"utcTime": "2026-05-09 20:01:32.000", "image": "C:\\Program Files\\Microsoft Office\\root\\Office16\\OUTLOOK.EXE", "targetFilename": "C:\\Users\\arivera\\AppData\\Local\\Temp\\OICE_9543.tmp", "creationUtcTime": "2026-05-09 20:01:32.000"}, "system": {"eventID": "11", "channel": "Microsoft-Windows-Sysmon/Operational", "computer": "WS-AP-07"}}}}
{"timestamp": "2026-05-09T20:08:42.000+00:00", "rule": {"id": "61605", "level": 3, "description": "Sysmon - Event: 3 - Network connection.", "groups": ["sysmon", "sysmon_event3"]}, "agent": {"id": "263", "name": "WS-BILL-03", "ip": "10.10.4.34"}, "manager": {"name": "log-srv-01"}, "id": "alert-1778357322-net-16747", "decoder": {"name": "sysmon-event"}, "data": {"win": {"eventdata": {"utcTime": "2026-05-09 20:08:42.000", "image": "C:\\Windows\\System32\\svchost.exe", "user": "MEDDEFENSE\\system", "protocol": "tcp", "initiated": "true", "sourceIp": "10.10.4.34", "sourcePort": "65415", "destinationIp": "10.10.20.60", "destinationPort": "88", "destinationHostname": "SRV-PATCH-01"}, "system": {"eventID": "3", "channel": "Microsoft-Windows-Sysmon/Operational", "computer": "WS-BILL-03"}}}, "hunt_meta": null}
{"timestamp": "2026-05-09T20:10:58.000+00:00", "rule": {"id": "61605", "level": 3, "description": "Sysmon - Event: 3 - Network connection.", "groups": ["sysmon", "sysmon_event3"]}, "agent": {"id": "066", "name": "WS-DOC-01", "ip": "10.10.2.30"}, "manager": {"name": "log-srv-01"}, "id": "alert-1778357458-net-54056", "decoder": {"name": "sysmon-event"}, "data": {"win": {"eventdata": {"utcTime": "2026-05-09 20:10:58.000", "image": "C:\\Windows\\System32\\svchost.exe", "user": "MEDDEFENSE\\system", "protocol": "tcp", "initiated": "true", "sourceIp": "10.10.2.30", "sourcePort": "50700", "destinationIp": "10.10.20.60", "destinationPort": "445", "destinationHostname": "SRV-PATCH-01"}, "system": {"eventID": "3", "channel": "Microsoft-Windows-Sysmon/Operational", "computer": "WS-DOC-01"}}}, "hunt_meta": null}
{"timestamp": "2026-05-09T20:14:03.000+00:00", "rule": {"id": "61613", "level": 3, "description": "Sysmon - Event: 11 - File created.", "groups": ["sysmon", "sysmon_event_11"]}, "agent": {"id": "272", "name": "WS-ADMIN-01", "ip": "10.10.9.10"}, "manager": {"name": "log-srv-01"}, "id": "alert-1778357643-fc-62454", "decoder": {"name": "sysmon-event"}, "data": {"win": {"eventdata": {"utcTime": "2026-05-09 20:14:03.000", "image": "C:\\Program Files\\Microsoft Office\\root\\Office16\\OUTLOOK.EXE", "targetFilename": "C:\\Users\\robert.kim\\AppData\\Local\\Temp\\OICE_9726.tmp", "creationUtcTime": "2026-05-09 20:14:03.000"}, "system": {"eventID": "11", "channel": "Microsoft-Windows-Sysmon/Operational", "computer": "WS-ADMIN-01"}}}}
{"timestamp": "2026-05-09T20:14:20.000+00:00", "rule": {"id": "61605", "level": 3, "description": "Sysmon - Event: 3 - Network connection.", "groups": ["sysmon", "sysmon_event3"]}, "agent": {"id": "314", "name": "WS-RECV-04", "ip": "10.10.3.22"}, "manager": {"name": "log-srv-01"}, "id": "alert-1778357660-net-50603", "decoder": {"name": "sysmon-event"}, "data": {"win": {"eventdata": {"utcTime": "2026-05-09 20:14:20.000", "image": "C:\\Windows\\System32\\svchost.exe", "user": "MEDDEFENSE\\system", "protocol": "tcp", "initiated": "true", "sourceIp": "10.10.3.22", "sourcePort": "56904", "destinationIp": "10.10.20.70", "destinationPort": "445", "destinationHostname": "SRV-AV-01"}, "system": {"eventID": "3", "channel": "Microsoft-Windows-Sysmon/Operational", "computer": "WS-RECV-04"}}}, "hunt_meta": null}
{"timestamp": "2026-05-09T20:15:38.000+00:00", "rule": {"id": "61613", "level": 3, "description": "Sysmon - Event: 11 - File created.", "groups": ["sysmon", "sysmon_event_11"]}, "agent": {"id": "773", "name": "WS-DOC-02", "ip": "10.10.2.31"}, "manager": {"name": "log-srv-01"}, "id": "alert-1778357738-fc-12958", "decoder": {"name": "sysmon-event"}, "data": {"win": {"eventdata": {"utcTime": "2026-05-09 20:15:38.000", "image": "C:\\Program Files\\Microsoft Office\\root\\Office16\\OUTLOOK.EXE", "targetFilename": "C:\\Users\\flores\\AppData\\Local\\Temp\\OICE_1898.tmp", "creationUtcTime": "2026-05-09 20:15:38.000"}, "system": {"eventID": "11", "channel": "Microsoft-Windows-Sysmon/Operational", "computer": "WS-DOC-02"}}}}
{"timestamp": "2026-05-09T20:19:09.000+00:00", "rule": {"id": "61605", "level": 3, "description": "Sysmon - Event: 3 - Network connection.", "groups": ["sysmon", "sysmon_event3"]}, "agent": {"id": "576", "name": "WS-NURSE-05", "ip": "10.10.2.16"}, "manager": {"name": "log-srv-01"}, "id": "alert-1778357949-net-35444", "decoder": {"name": "sysmon-event"}, "data": {"win": {"eventdata": {"utcTime": "2026-05-09 20:19:09.000", "image": "C:\\Windows\\System32\\svchost.exe", "user": "MEDDEFENSE\\system", "protocol": "tcp", "initiated": "true", "sourceIp": "10.10.2.16", "sourcePort": "54581", "destinationIp": "10.10.20.15", "destinationPort": "445", "destinationHostname": "SRV-HEALTH-DB"}, "system": {"eventID": "3", "channel": "Microsoft-Windows-Sysmon/Operational", "computer": "WS-NURSE-05"}}}, "hunt_meta": null}
{"timestamp": "2026-05-09T20:21:10.000+00:00", "rule": {"id": "61605", "level": 3, "description": "Sysmon - Event: 3 - Network connection.", "groups": ["sysmon", "sysmon_event3"]}, "agent": {"id": "314", "name": "WS-RECV-04", "ip": "10.10.3.22"}, "manager": {"name": "log-srv-01"}, "id": "alert-1778358070-net-58046", "decoder": {"name": "sysmon-event"}, "data": {"win": {"eventdata": {"utcTime": "2026-05-09 20:21:10.000", "image": "C:\\Windows\\System32\\svchost.exe", "user": "MEDDEFENSE\\system", "protocol": "tcp", "initiated": "true", "sourceIp": "10.10.3.22", "sourcePort": "55557", "destinationIp": "10.10.20.70", "destinationPort": "88", "destinationHostname": "SRV-AV-01"}, "system": {"eventID": "3", "channel": "Microsoft-Windows-Sysmon/Operational", "computer": "WS-RECV-04"}}}, "hunt_meta": null}
{"timestamp": "2026-05-09T20:47:31.000+00:00", "rule": {"id": "61612", "level": 3, "description": "Sysmon - Event: 13 - Registry value set.", "groups": ["sysmon", "sysmon_event_13"]}, "agent": {"id": "272", "name": "WS-ADMIN-01", "ip": "10.10.9.10"}, "manager": {"name": "log-srv-01"}, "id": "alert-1778359651-reg-58615", "decoder": {"name": "sysmon-event"}, "data": {"win": {"eventdata": {"utcTime": "2026-05-09 20:47:31.000", "eventType": "SetValue", "image": "C:\\Windows\\System32\\TrustedInstaller.exe", "targetObject": "HKLM\\SYSTEM\\CurrentControlSet\\Services\\Value33", "details": "Binary Data"}, "system": {"eventID": "13", "channel": "Microsoft-Windows-Sysmon/Operational", "computer": "WS-ADMIN-01"}}}}
{"timestamp": "2026-05-09T20:49:38.000+00:00", "rule": {"id": "61605", "level": 3, "description": "Sysmon - Event: 3 - Network connection.", "groups": ["sysmon", "sysmon_event3"]}, "agent": {"id": "696", "name": "WS-NURSE-04", "ip": "10.10.2.15"}, "manager": {"name": "log-srv-01"}, "id": "alert-1778359778-net-39620", "decoder": {"name": "sysmon-event"}, "data": {"win": {"eventdata": {"utcTime": "2026-05-09 20:49:38.000", "image": "C:\\Windows\\System32\\svchost.exe", "user": "MEDDEFENSE\\system", "protocol": "tcp", "initiated": "true", "sourceIp": "10.10.2.15", "sourcePort": "58241", "destinationIp": "10.10.20.70", "destinationPort": "5985", "destinationHostname": "SRV-AV-01"}, "system": {"eventID": "3", "channel": "Microsoft-Windows-Sysmon/Operational", "computer": "WS-NURSE-04"}}}, "hunt_meta": null}
{"timestamp": "2026-05-09T20:53:46.000+00:00", "rule": {"id": "61612", "level": 3, "description": "Sysmon - Event: 13 - Registry value set.", "groups": ["sysmon", "sysmon_event_13"]}, "agent": {"id": "773", "name": "WS-DOC-02", "ip": "10.10.2.31"}, "manager": {"name": "log-srv-01"}, "id": "alert-1778360026-reg-63444", "decoder": {"name": "sysmon-event"}, "data": {"win": {"eventdata": {"utcTime": "2026-05-09 20:53:46.000", "eventType": "SetValue", "image": "C:\\Windows\\System32\\svchost.exe", "targetObject": "HKCU\\Software\\Microsoft\\Office\\16.0\\Word\\Value53", "details": "DWORD (0x00000000)"}, "system": {"eventID": "13", "channel": "Microsoft-Windows-Sysmon/Operational", "computer": "WS-DOC-02"}}}}
{"timestamp": "2026-05-09T20:56:49.000+00:00", "rule": {"id": "61613", "level": 3, "description": "Sysmon - Event: 11 - File created.", "groups": ["sysmon", "sysmon_event_11"]}, "agent": {"id": "263", "name": "WS-BILL-03", "ip": "10.10.4.34"}, "manager": {"name": "log-srv-01"}, "id": "alert-1778360209-fc-51954", "decoder": {"name": "sysmon-event"}, "data": {"win": {"eventdata": {"utcTime": "2026-05-09 20:56:49.000", "image": "C:\\Program Files\\Microsoft Office\\root\\Office16\\OUTLOOK.EXE", "targetFilename": "C:\\Users\\bill03\\AppData\\Local\\Temp\\OICE_6779.tmp", "creationUtcTime": "2026-05-09 20:56:49.000"}, "system": {"eventID": "11", "channel": "Microsoft-Windows-Sysmon/Operational", "computer": "WS-BILL-03"}}}}
{"timestamp": "2026-05-09T20:58:11.000+00:00", "rule": {"id": "61645", "level": 3, "description": "Sysmon - Event: 22 - DNS query.", "groups": ["sysmon", "sysmon_event_22"]}, "agent": {"id": "066", "name": "WS-DOC-01", "ip": "10.10.2.30"}, "manager": {"name": "log-srv-01"}, "id": "alert-1778360291-dns-75895", "decoder": {"name": "sysmon-event"}, "data": {"win": {"eventdata": {"utcTime": "2026-05-09 20:58:11.000", "queryName": "update.microsoft.com", "queryStatus": "0", "queryResults": "type:  5 23.211.159.146", "image": "C:\\Windows\\System32\\svchost.exe"}, "system": {"eventID": "22", "channel": "Microsoft-Windows-Sysmon/Operational", "computer": "WS-DOC-01"}}}, "hunt_meta": null}
{"timestamp": "2026-05-09T21:06:44.000+00:00", "rule": {"id": "61612", "level": 3, "description": "Sysmon - Event: 13 - Registry value set.", "groups": ["sysmon", "sysmon_event_13"]}, "agent": {"id": "937", "name": "WS-NURSE-03", "ip": "10.10.2.13"}, "manager": {"name": "log-srv-01"}, "id": "alert-1778360804-reg-37425", "decoder": {"name": "sysmon-event"}, "data": {"win": {"eventdata": {"utcTime": "2026-05-09 21:06:44.000", "eventType": "SetValue", "image": "C:\\Windows\\System32\\msiexec.exe", "targetObject": "HKCU\\Software\\Microsoft\\Office\\16.0\\Word\\Value8", "details": "QWORD (0x00000064)"}, "system": {"eventID": "13", "channel": "Microsoft-Windows-Sysmon/Operational", "computer": "WS-NURSE-03"}}}}
{"timestamp": "2026-05-09T21:51:57.000+00:00", "rule": {"id": "61612", "level": 3, "description": "Sysmon - Event: 13 - Registry value set.", "groups": ["sysmon", "sysmon_event_13"]}, "agent": {"id": "329", "name": "WS-NURSE-06", "ip": "10.10.2.17"}, "manager": {"name": "log-srv-01"}, "id": "alert-1778363517-reg-75277", "decoder": {"name": "sysmon-event"}, "data": {"win": {"eventdata": {"utcTime": "2026-05-09 21:51:57.000", "eventType": "SetValue", "image": "C:\\Windows\\System32\\TrustedInstaller.exe", "targetObject": "HKLM\\SOFTWARE\\Microsoft\\Windows\\CurrentVersion\\Uninstall\\Value98", "details": "Binary Data"}, "system": {"eventID": "13", "channel": "Microsoft-Windows-Sysmon/Operational", "computer": "WS-NURSE-06"}}}}
{"timestamp": "2026-05-09T22:03:47.000+00:00", "rule": {"id": "61645", "level": 3, "description": "Sysmon - Event: 22 - DNS query.", "groups": ["sysmon", "sysmon_event_22"]}, "agent": {"id": "233", "name": "WS-RECV-03", "ip": "10.10.3.21"}, "manager": {"name": "log-srv-01"}, "id": "alert-1778364227-dns-17124", "decoder": {"name": "sysmon-event"}, "data": {"win": {"eventdata": {"utcTime": "2026-05-09 22:03:47.000", "queryName": "smtp.meddefense.local", "queryStatus": "0", "queryResults": "type:  5 10.10.20.45", "image": "C:\\Windows\\System32\\svchost.exe"}, "system": {"eventID": "22", "channel": "Microsoft-Windows-Sysmon/Operational", "computer": "WS-RECV-03"}}}, "hunt_meta": null}
{"timestamp": "2026-05-09T22:10:22.000+00:00", "rule": {"id": "61613", "level": 3, "description": "Sysmon - Event: 11 - File created.", "groups": ["sysmon", "sysmon_event_11"]}, "agent": {"id": "829", "name": "WS-HELPDESK-01", "ip": "10.10.9.20"}, "manager": {"name": "log-srv-01"}, "id": "alert-1778364622-fc-56116", "decoder": {"name": "sysmon-event"}, "data": {"win": {"eventdata": {"utcTime": "2026-05-09 22:10:22.000", "image": "C:\\Program Files\\Microsoft Office\\root\\Office16\\OUTLOOK.EXE", "targetFilename": "C:\\Users\\helpdesk01\\AppData\\Local\\Temp\\OICE_2896.tmp", "creationUtcTime": "2026-05-09 22:10:22.000"}, "system": {"eventID": "11", "channel": "Microsoft-Windows-Sysmon/Operational", "computer": "WS-HELPDESK-01"}}}}
{"timestamp": "2026-05-09T22:17:32.000+00:00", "rule": {"id": "61612", "level": 3, "description": "Sysmon - Event: 13 - Registry value set.", "groups": ["sysmon", "sysmon_event_13"]}, "agent": {"id": "561", "name": "WS-HELPDESK-02", "ip": "10.10.9.21"}, "manager": {"name": "log-srv-01"}, "id": "alert-1778365052-reg-36691", "decoder": {"name": "sysmon-event"}, "data": {"win": {"eventdata": {"utcTime": "2026-05-09 22:17:32.000", "eventType": "SetValue", "image": "C:\\Windows\\System32\\TrustedInstaller.exe", "targetObject": "HKCU\\Software\\Microsoft\\Office\\16.0\\Word\\Value84", "details": "DWORD (0x00000000)"}, "system": {"eventID": "13", "channel": "Microsoft-Windows-Sysmon/Operational", "computer": "WS-HELPDESK-02"}}}}
{"timestamp": "2026-05-09T22:24:15.000+00:00", "rule": {"id": "61613", "level": 3, "description": "Sysmon - Event: 11 - File created.", "groups": ["sysmon", "sysmon_event_11"]}, "agent": {"id": "329", "name": "WS-NURSE-06", "ip": "10.10.2.17"}, "manager": {"name": "log-srv-01"}, "id": "alert-1778365455-fc-85061", "decoder": {"name": "sysmon-event"}, "data": {"win": {"eventdata": {"utcTime": "2026-05-09 22:24:15.000", "image": "C:\\Program Files\\Microsoft Office\\root\\Office16\\OUTLOOK.EXE", "targetFilename": "C:\\Users\\nurse06\\AppData\\Local\\Temp\\OICE_1320.tmp", "creationUtcTime": "2026-05-09 22:24:15.000"}, "system": {"eventID": "11", "channel": "Microsoft-Windows-Sysmon/Operational", "computer": "WS-NURSE-06"}}}}
{"timestamp": "2026-05-09T22:24:51.000+00:00", "rule": {"id": "61605", "level": 3, "description": "Sysmon - Event: 3 - Network connection.", "groups": ["sysmon", "sysmon_event3"]}, "agent": {"id": "631", "name": "WS-NURSE-01", "ip": "10.10.2.11"}, "manager": {"name": "log-srv-01"}, "id": "alert-1778365491-net-85503", "decoder": {"name": "sysmon-event"}, "data": {"win": {"eventdata": {"utcTime": "2026-05-09 22:24:51.000", "image": "C:\\Windows\\System32\\svchost.exe", "user": "MEDDEFENSE\\system", "protocol": "tcp", "initiated": "true", "sourceIp": "10.10.2.11", "sourcePort": "57183", "destinationIp": "10.10.20.60", "destinationPort": "389", "destinationHostname": "SRV-PATCH-01"}, "system": {"eventID": "3", "channel": "Microsoft-Windows-Sysmon/Operational", "computer": "WS-NURSE-01"}}}, "hunt_meta": null}
{"timestamp": "2026-05-09T22:50:48.000+00:00", "rule": {"id": "61612", "level": 3, "description": "Sysmon - Event: 13 - Registry value set.", "groups": ["sysmon", "sysmon_event_13"]}, "agent": {"id": "937", "name": "WS-NURSE-03", "ip": "10.10.2.13"}, "manager": {"name": "log-srv-01"}, "id": "alert-1778367048-reg-81179", "decoder": {"name": "sysmon-event"}, "data": {"win": {"eventdata": {"utcTime": "2026-05-09 22:50:48.000", "eventType": "SetValue", "image": "C:\\Windows\\System32\\TrustedInstaller.exe", "targetObject": "HKCU\\Software\\Microsoft\\Office\\16.0\\Word\\Value31", "details": "DWORD (0x00000000)"}, "system": {"eventID": "13", "channel": "Microsoft-Windows-Sysmon/Operational", "computer": "WS-NURSE-03"}}}}
{"timestamp": "2026-05-09T23:00:20.000+00:00", "rule": {"id": "61605", "level": 3, "description": "Sysmon - Event: 3 - Network connection.", "groups": ["sysmon", "sysmon_event3"]}, "agent": {"id": "561", "name": "WS-HELPDESK-02", "ip": "10.10.9.21"}, "manager": {"name": "log-srv-01"}, "id": "alert-1778367620-net-64230", "decoder": {"name": "sysmon-event"}, "data": {"win": {"eventdata": {"utcTime": "2026-05-09 23:00:20.000", "image": "C:\\Windows\\System32\\svchost.exe", "user": "MEDDEFENSE\\system", "protocol": "tcp", "initiated": "true", "sourceIp": "10.10.9.21", "sourcePort": "52893", "destinationIp": "10.10.20.5", "destinationPort": "636", "destinationHostname": "SRV-DC-01"}, "system": {"eventID": "3", "channel": "Microsoft-Windows-Sysmon/Operational", "computer": "WS-HELPDESK-02"}}}, "hunt_meta": null}
{"timestamp": "2026-05-09T23:06:06.000+00:00", "rule": {"id": "61605", "level": 3, "description": "Sysmon - Event: 3 - Network connection.", "groups": ["sysmon", "sysmon_event3"]}, "agent": {"id": "794", "name": "WS-BILL-02", "ip": "10.10.4.33"}, "manager": {"name": "log-srv-01"}, "id": "alert-1778367966-net-68400", "decoder": {"name": "sysmon-event"}, "data": {"win": {"eventdata": {"utcTime": "2026-05-09 23:06:06.000", "image": "C:\\Windows\\System32\\svchost.exe", "user": "MEDDEFENSE\\system", "protocol": "tcp", "initiated": "true", "sourceIp": "10.10.4.33", "sourcePort": "59789", "destinationIp": "10.10.20.5", "destinationPort": "5985", "destinationHostname": "SRV-DC-01"}, "system": {"eventID": "3", "channel": "Microsoft-Windows-Sysmon/Operational", "computer": "WS-BILL-02"}}}, "hunt_meta": null}
{"timestamp": "2026-05-09T23:08:19.000+00:00", "rule": {"id": "61612", "level": 3, "description": "Sysmon - Event: 13 - Registry value set.", "groups": ["sysmon", "sysmon_event_13"]}, "agent": {"id": "755", "name": "WS-NURSE-02", "ip": "10.10.2.12"}, "manager": {"name": "log-srv-01"}, "id": "alert-1778368099-reg-27713", "decoder": {"name": "sysmon-event"}, "data": {"win": {"eventdata": {"utcTime": "2026-05-09 23:08:19.000", "eventType": "SetValue", "image": "C:\\Windows\\System32\\svchost.exe", "targetObject": "HKLM\\SYSTEM\\CurrentControlSet\\Services\\Value83", "details": "QWORD (0x00000064)"}, "system": {"eventID": "13", "channel": "Microsoft-Windows-Sysmon/Operational", "computer": "WS-NURSE-02"}}}}
{"timestamp": "2026-05-09T23:15:21.000+00:00", "rule": {"id": "61645", "level": 3, "description": "Sysmon - Event: 22 - DNS query.", "groups": ["sysmon", "sysmon_event_22"]}, "agent": {"id": "631", "name": "WS-NURSE-01", "ip": "10.10.2.11"}, "manager": {"name": "log-srv-01"}, "id": "alert-1778368521-dns-20216", "decoder": {"name": "sysmon-event"}, "data": {"win": {"eventdata": {"utcTime": "2026-05-09 23:15:21.000", "queryName": "clients.google.com", "queryStatus": "0", "queryResults": "type:  5 172.217.16.110", "image": "C:\\Windows\\System32\\svchost.exe"}, "system": {"eventID": "22", "channel": "Microsoft-Windows-Sysmon/Operational", "computer": "WS-NURSE-01"}}}, "hunt_meta": null}
{"timestamp": "2026-05-09T23:23:37.000+00:00", "rule": {"id": "61612", "level": 3, "description": "Sysmon - Event: 13 - Registry value set.", "groups": ["sysmon", "sysmon_event_13"]}, "agent": {"id": "817", "name": "WS-RECV-01", "ip": "10.10.3.19"}, "manager": {"name": "log-srv-01"}, "id": "alert-1778369017-reg-97191", "decoder": {"name": "sysmon-event"}, "data": {"win": {"eventdata": {"utcTime": "2026-05-09 23:23:37.000", "eventType": "SetValue", "image": "C:\\Windows\\System32\\msiexec.exe", "targetObject": "HKCU\\Software\\Microsoft\\Office\\16.0\\Word\\Value75", "details": "Binary Data"}, "system": {"eventID": "13", "channel": "Microsoft-Windows-Sysmon/Operational", "computer": "WS-RECV-01"}}}}
{"timestamp": "2026-05-09T23:26:29.000+00:00", "rule": {"id": "61605", "level": 3, "description": "Sysmon - Event: 3 - Network connection.", "groups": ["sysmon", "sysmon_event3"]}, "agent": {"id": "773", "name": "WS-DOC-02", "ip": "10.10.2.31"}, "manager": {"name": "log-srv-01"}, "id": "alert-1778369189-net-35955", "decoder": {"name": "sysmon-event"}, "data": {"win": {"eventdata": {"utcTime": "2026-05-09 23:26:29.000", "image": "C:\\Windows\\System32\\svchost.exe", "user": "MEDDEFENSE\\system", "protocol": "tcp", "initiated": "true", "sourceIp": "10.10.2.31", "sourcePort": "57183", "destinationIp": "10.10.20.6", "destinationPort": "636", "destinationHostname": "SRV-DC-02"}, "system": {"eventID": "3", "channel": "Microsoft-Windows-Sysmon/Operational", "computer": "WS-DOC-02"}}}, "hunt_meta": null}
{"timestamp": "2026-05-09T23:27:35.000+00:00", "rule": {"id": "61613", "level": 3, "description": "Sysmon - Event: 11 - File created.", "groups": ["sysmon", "sysmon_event_11"]}, "agent": {"id": "907", "name": "WS-BILL-01", "ip": "10.10.4.30"}, "manager": {"name": "log-srv-01"}, "id": "alert-1778369255-fc-20244", "decoder": {"name": "sysmon-event"}, "data": {"win": {"eventdata": {"utcTime": "2026-05-09 23:27:35.000", "image": "C:\\Program Files\\Microsoft Office\\root\\Office16\\OUTLOOK.EXE", "targetFilename": "C:\\Users\\bill01\\AppData\\Local\\Temp\\OICE_1238.tmp", "creationUtcTime": "2026-05-09 23:27:35.000"}, "system": {"eventID": "11", "channel": "Microsoft-Windows-Sysmon/Operational", "computer": "WS-BILL-01"}}}}
{"timestamp": "2026-05-09T23:33:44.000+00:00", "rule": {"id": "61645", "level": 3, "description": "Sysmon - Event: 22 - DNS query.", "groups": ["sysmon", "sysmon_event_22"]}, "agent": {"id": "845", "name": "WS-AP-07", "ip": "10.10.4.41"}, "manager": {"name": "log-srv-01"}, "id": "alert-1778369624-dns-12112", "decoder": {"name": "sysmon-event"}, "data": {"win": {"eventdata": {"utcTime": "2026-05-09 23:33:44.000", "queryName": "meddefense.local", "queryStatus": "0", "queryResults": "type:  5 10.10.20.5", "image": "C:\\Windows\\System32\\svchost.exe"}, "system": {"eventID": "22", "channel": "Microsoft-Windows-Sysmon/Operational", "computer": "WS-AP-07"}}}, "hunt_meta": null}
{"timestamp": "2026-05-09T23:34:28.000+00:00", "rule": {"id": "61605", "level": 3, "description": "Sysmon - Event: 3 - Network connection.", "groups": ["sysmon", "sysmon_event3"]}, "agent": {"id": "937", "name": "WS-NURSE-03", "ip": "10.10.2.13"}, "manager": {"name": "log-srv-01"}, "id": "alert-1778369668-net-55788", "decoder": {"name": "sysmon-event"}, "data": {"win": {"eventdata": {"utcTime": "2026-05-09 23:34:28.000", "image": "C:\\Windows\\System32\\svchost.exe", "user": "MEDDEFENSE\\system", "protocol": "tcp", "initiated": "true", "sourceIp": "10.10.2.13", "sourcePort": "55901", "destinationIp": "10.10.20.15", "destinationPort": "445", "destinationHostname": "SRV-HEALTH-DB"}, "system": {"eventID": "3", "channel": "Microsoft-Windows-Sysmon/Operational", "computer": "WS-NURSE-03"}}}, "hunt_meta": null}
{"timestamp": "2026-05-09T23:43:25.000+00:00", "rule": {"id": "61645", "level": 3, "description": "Sysmon - Event: 22 - DNS query.", "groups": ["sysmon", "sysmon_event_22"]}, "agent": {"id": "263", "name": "WS-BILL-03", "ip": "10.10.4.34"}, "manager": {"name": "log-srv-01"}, "id": "alert-1778370205-dns-61137", "decoder": {"name": "sysmon-event"}, "data": {"win": {"eventdata": {"utcTime": "2026-05-09 23:43:25.000", "queryName": "login.microsoftonline.com", "queryStatus": "0", "queryResults": "type:  5 20.190.141.20", "image": "C:\\Windows\\System32\\svchost.exe"}, "system": {"eventID": "22", "channel": "Microsoft-Windows-Sysmon/Operational", "computer": "WS-BILL-03"}}}, "hunt_meta": null}
