{"timestamp": "2026-05-08T12:02:56.000+00:00", "rule": {"id": "61603", "level": 5, "description": "Sysmon - Event: 1 - Process creation.", "groups": ["sysmon", "sysmon_event1"]}, "agent": {"id": "755", "name": "WS-NURSE-02", "ip": "10.10.2.12"}, "manager": {"name": "log-srv-01"}, "id": "alert-1778241776-46683", "decoder": {"name": "sysmon-event"}, "data": {"win": {"eventdata": {"utcTime": "2026-05-08 12:02:56.000", "processGuid": "{2e14cac6-b239-72d2-612c-8accf0b133b7}", "processId": "46683", "image": "C:\\Program Files\\Microsoft Office\\root\\Office16\\OUTLOOK.EXE", "commandLine": "\"OUTLOOK.EXE\"", "currentDirectory": "C:\\Windows\\System32\\", "user": "MEDDEFENSE\\nurse02", "logonGuid": "{0a8143f8-ce97-b3a0-0e8d-d1b6a8dca81f}", "logonId": "0x549c389", "terminalSessionId": "1", "integrityLevel": "Medium", "hashes": "SHA256=a8467b4394da3ca5c2e7fb9ecd2576ebde2b3fdffaf5050f60dbd71bb328688e", "parentProcessGuid": "{18cc32ae-1543-136a-c467-3b9343161694}", "parentProcessId": "41301", "parentImage": "C:\\Windows\\explorer.exe", "parentCommandLine": "C:\\Windows\\Explorer.EXE", "parentUser": "MEDDEFENSE\\nurse02", "agentName": "WS-NURSE-02"}, "system": {"eventID": "1", "channel": "Microsoft-Windows-Sysmon/Operational", "computer": "WS-NURSE-02", "providerName": "Microsoft-Windows-Sysmon", "providerGuid": "{5770385F-C22A-43E0-BF4C-06F5698FFBD9}", "userID": "S-1-5-18"}}}}
{"timestamp": "2026-05-08T12:08:54.000+00:00", "rule": {"id": "61603", "level": 5, "description": "Sysmon - Event: 1 - Process creation.", "groups": ["sysmon", "sysmon_event1"]}, "agent": {"id": "066", "name": "WS-DOC-01", "ip": "10.10.2.30"}, "manager": {"name": "log-srv-01"}, "id": "alert-1778242134-13092", "decoder": {"name": "sysmon-event"}, "data": {"win": {"eventdata": {"utcTime": "2026-05-08 12:08:54.000", "processGuid": "{7538ae30-12c8-d991-4fc3-5b0b87350101}", "processId": "13092", "image": "C:\\Windows\\explorer.exe", "commandLine": "C:\\Windows\\Explorer.EXE", "currentDirectory": "C:\\Windows\\System32\\", "user": "MEDDEFENSE\\kapoor", "logonGuid": "{d7c2c022-6b4b-59f4-ddb0-51b0048e0e02}", "logonId": "0xb057927", "terminalSessionId": "1", "integrityLevel": "Medium", "hashes": "SHA256=488dd3275375c3436f83226280208883f8861c5b3ba99439a7d3b5170785bfc5", "parentProcessGuid": "{c1dbd083-9084-0b58-3199-667f74174887}", "parentProcessId": "5404", "parentImage": "C:\\Windows\\explorer.exe", "parentCommandLine": "C:\\Windows\\Explorer.EXE", "parentUser": "MEDDEFENSE\\kapoor", "agentName": "WS-DOC-01"}, "system": {"eventID": "1", "channel": "Microsoft-Windows-Sysmon/Operational", "computer": "WS-DOC-01", "providerName": "Microsoft-Windows-Sysmon", "providerGuid": "{5770385F-C22A-43E0-BF4C-06F5698FFBD9}", "userID": "S-1-5-18"}}}}
{"timestamp": "2026-05-08T12:11:57.000+00:00", "rule": {"id": "61603", "level": 5, "description": "Sysmon - Event: 1 - Process creation.", "groups": ["sysmon", "sysmon_event1"]}, "agent": {"id": "104", "name": "WS-AP-01", "ip": "10.10.4.40"}, "manager": {"name": "log-srv-01"}, "id": "alert-1778242317-30446", "decoder": {"name": "sysmon-event"}, "data": {"win": {"eventdata": {"utcTime": "2026-05-08 12:11:57.000", "processGuid": "{743bea7b-07de-3341-5d98-559209dfa065}", "processId": "30446", "image": "C:\\Windows\\explorer.exe", "commandLine": "C:\\Windows\\Explorer.EXE", "currentDirectory": "C:\\Windows\\System32\\", "user": "MEDDEFENSE\\ap01", "logonGuid": "{d4f77080-2958-0627-6d5e-8db545f1770a}", "logonId": "0xeebf308", "terminalSessionId": "1", "integrityLevel": "Medium", "hashes": "SHA256=26d579c9102c9f25a1ef76111661d4bd5e2474ce0e1d29e143a3d058cf5ad0c9", "parentProcessGuid": "{6efa9f1a-ff97-7691-13c0-97284aa68cba}", "parentProcessId": "24119", "parentImage": "C:\\Windows\\explorer.exe", "parentCommandLine": "C:\\Windows\\Explorer.EXE", "parentUser": "MEDDEFENSE\\ap01", "agentName": "WS-AP-01"}, "system": {"eventID": "1", "channel": "Microsoft-Windows-Sysmon/Operational", "computer": "WS-AP-01", "providerName": "Microsoft-Windows-Sysmon", "providerGuid": "{5770385F-C22A-43E0-BF4C-06F5698FFBD9}", "userID": "S-1-5-18"}}}}
{"timestamp": "2026-05-08T12:24:57.000+00:00", "rule": {"id": "61612", "level": 3, "description": "Sysmon - Event: 13 - Registry value set.", "groups": ["sysmon", "sysmon_event_13"]}, "agent": {"id": "755", "name": "WS-NURSE-02", "ip": "10.10.2.12"}, "manager": {"name": "log-srv-01"}, "id": "alert-1778243097-reg-74708", "decoder": {"name": "sysmon-event"}, "data": {"win": {"eventdata": {"utcTime": "2026-05-08 12:24:57.000", "eventType": "SetValue", "image": "C:\\Program Files\\Microsoft Office\\root\\Office16\\WINWORD.EXE", "targetObject": "HKLM\\SOFTWARE\\Microsoft\\Windows\\CurrentVersion\\Uninstall\\Value29", "details": "DWORD (0x00000001)"}, "system": {"eventID": "13", "channel": "Microsoft-Windows-Sysmon/Operational", "computer": "WS-NURSE-02"}}}}
{"timestamp": "2026-05-08T12:30:46.000+00:00", "rule": {"id": "61645", "level": 3, "description": "Sysmon - Event: 22 - DNS query.", "groups": ["sysmon", "sysmon_event_22"]}, "agent": {"id": "773", "name": "WS-DOC-02", "ip": "10.10.2.31"}, "manager": {"name": "log-srv-01"}, "id": "alert-1778243446-dns-84153", "decoder": {"name": "sysmon-event"}, "data": {"win": {"eventdata": {"utcTime": "2026-05-08 12:30:46.000", "queryName": "data-sync.healthbane-c2.net", "queryStatus": "0", "queryResults": "type:  5 185.220.101.46", "image": "C:\\Windows\\System32\\svchost.exe"}, "system": {"eventID": "22", "channel": "Microsoft-Windows-Sysmon/Operational", "computer": "WS-DOC-02"}}}, "hunt_meta": null}
{"timestamp": "2026-05-08T12:31:43.000+00:00", "rule": {"id": "61603", "level": 5, "description": "Sysmon - Event: 1 - Process creation.", "groups": ["sysmon", "sysmon_event1"]}, "agent": {"id": "066", "name": "WS-DOC-01", "ip": "10.10.2.30"}, "manager": {"name": "log-srv-01"}, "id": "alert-1778243503-24582", "decoder": {"name": "sysmon-event"}, "data": {"win": {"eventdata": {"utcTime": "2026-05-08 12:31:43.000", "processGuid": "{0d7e2d2a-8ef5-4168-2457-70470d187012}", "processId": "24582", "image": "C:\\Windows\\explorer.exe", "commandLine": "C:\\Windows\\Explorer.EXE", "currentDirectory": "C:\\Windows\\System32\\", "user": "MEDDEFENSE\\kapoor", "logonGuid": "{1166a70d-64f2-8990-b178-6e27d7893029}", "logonId": "0xf4eb89f", "terminalSessionId": "1", "integrityLevel": "Medium", "hashes": "SHA256=e2ad61afed76a92bc0a3481786fa9eb7dafe8fa952ab89a6e54d47c57d766e47", "parentProcessGuid": "{7a9ef9c5-5dd4-bfdc-2dd2-b367a5616022}", "parentProcessId": "6381", "parentImage": "C:\\Windows\\explorer.exe", "parentCommandLine": "C:\\Windows\\Explorer.EXE", "parentUser": "MEDDEFENSE\\kapoor", "agentName": "WS-DOC-01"}, "system": {"eventID": "1", "channel": "Microsoft-Windows-Sysmon/Operational", "computer": "WS-DOC-01", "providerName": "Microsoft-Windows-Sysmon", "providerGuid": "{5770385F-C22A-43E0-BF4C-06F5698FFBD9}", "userID": "S-1-5-18"}}}}
{"timestamp": "2026-05-08T12:35:55.000+00:00", "rule": {"id": "61603", "level": 5, "description": "Sysmon - Event: 1 - Process creation.", "groups": ["sysmon", "sysmon_event1"]}, "agent": {"id": "696", "name": "WS-NURSE-04", "ip": "10.10.2.15"}, "manager": {"name": "log-srv-01"}, "id": "alert-1778243755-53415", "decoder": {"name": "sysmon-event"}, "data": {"win": {"eventdata": {"utcTime": "2026-05-08 12:35:55.000", "processGuid": "{7e1d29f5-565d-03cb-0a3a-23d6db88b121}", "processId": "53415", "image": "C:\\Program Files\\Microsoft Office\\root\\Office16\\OUTLOOK.EXE", "commandLine": "\"OUTLOOK.EXE\"", "currentDirectory": "C:\\Windows\\System32\\", "user": "MEDDEFENSE\\dmarsh", "logonGuid": "{cd1c7e4c-7693-62c7-7925-3c12c1fe6b59}", "logonId": "0x125ad08", "terminalSessionId": "1", "integrityLevel": "Medium", "hashes": "SHA256=b4d4f31a4b34d09652f969ffe52dcfa2dc8f90e2648465916a187a87c4fadb47", "parentProcessGuid": "{00b3fb4d-73eb-16b2-b5ca-9f730b0950e7}", "parentProcessId": "35310", "parentImage": "C:\\Windows\\explorer.exe", "parentCommandLine": "C:\\Windows\\Explorer.EXE", "parentUser": "MEDDEFENSE\\dmarsh", "agentName": "WS-NURSE-04"}, "system": {"eventID": "1", "channel": "Microsoft-Windows-Sysmon/Operational", "computer": "WS-NURSE-04", "providerName": "Microsoft-Windows-Sysmon", "providerGuid": "{5770385F-C22A-43E0-BF4C-06F5698FFBD9}", "userID": "S-1-5-18"}}}}
{"timestamp": "2026-05-08T12:42:42.000+00:00", "rule": {"id": "61603", "level": 5, "description": "Sysmon - Event: 1 - Process creation.", "groups": ["sysmon", "sysmon_event1"]}, "agent": {"id": "845", "name": "WS-AP-07", "ip": "10.10.4.41"}, "manager": {"name": "log-srv-01"}, "id": "alert-1778244162-57878", "decoder": {"name": "sysmon-event"}, "data": {"win": {"eventdata": {"utcTime": "2026-05-08 12:42:42.000", "processGuid": "{3ed0f462-679e-78fc-e028-e846169df6fa}", "processId": "57878", "image": "C:\\Program Files\\Microsoft Office\\root\\Office16\\WINWORD.EXE", "commandLine": "\"WINWORD.EXE\"", "currentDirectory": "C:\\Windows\\System32\\", "user": "MEDDEFENSE\\arivera", "logonGuid": "{4cdbdd8a-d9f1-c165-4d23-1514f029c8a0}", "logonId": "0x20861eb", "terminalSessionId": "1", "integrityLevel": "Medium", "hashes": "SHA256=fbe0fe3f02e11f922e276b8541acd3b036fc386090f0f27ac751dfb6675fecde", "parentProcessGuid": "{2b952de1-cf8c-826c-99ea-d9f654e48963}", "parentProcessId": "3149", "parentImage": "C:\\Windows\\explorer.exe", "parentCommandLine": "C:\\Windows\\Explorer.EXE", "parentUser": "MEDDEFENSE\\arivera", "agentName": "WS-AP-07"}, "system": {"eventID": "1", "channel": "Microsoft-Windows-Sysmon/Operational", "computer": "WS-AP-07", "providerName": "Microsoft-Windows-Sysmon", "providerGuid": "{5770385F-C22A-43E0-BF4C-06F5698FFBD9}", "userID": "S-1-5-18"}}}}
{"timestamp": "2026-05-08T12:46:19.000+00:00", "rule": {"id": "61612", "level": 3, "description": "Sysmon - Event: 13 - Registry value set.", "groups": ["sysmon", "sysmon_event_13"]}, "agent": {"id": "909", "name": "WS-RECV-02", "ip": "10.10.3.20"}, "manager": {"name": "log-srv-01"}, "id": "alert-1778244379-reg-29670", "decoder": {"name": "sysmon-event"}, "data": {"win": {"eventdata": {"utcTime": "2026-05-08 12:46:19.000", "eventType": "SetValue", "image": "C:\\Program Files\\Microsoft Office\\root\\Office16\\WINWORD.EXE", "targetObject": "HKLM\\SOFTWARE\\Policies\\Microsoft\\Windows Defender\\Value35", "details": "QWORD (0x00000064)"}, "system": {"eventID": "13", "channel": "Microsoft-Windows-Sysmon/Operational", "computer": "WS-RECV-02"}}}}
{"timestamp": "2026-05-08T12:47:39.000+00:00", "rule": {"id": "61603", "level": 5, "description": "Sysmon - Event: 1 - Process creation.", "groups": ["sysmon", "sysmon_event1"]}, "agent": {"id": "696", "name": "WS-NURSE-04", "ip": "10.10.2.15"}, "manager": {"name": "log-srv-01"}, "id": "alert-1778244459-58466", "decoder": {"name": "sysmon-event"}, "data": {"win": {"eventdata": {"utcTime": "2026-05-08 12:47:39.000", "processGuid": "{e47bd47a-8a53-9d40-8cc8-8bf3c6b4c4c4}", "processId": "58466", "image": "C:\\Program Files\\Microsoft Office\\root\\Office16\\WINWORD.EXE", "commandLine": "\"WINWORD.EXE\"", "currentDirectory": "C:\\Windows\\System32\\", "user": "MEDDEFENSE\\dmarsh", "logonGuid": "{248d161e-7aeb-9345-2636-04676677346e}", "logonId": "0x06372bf", "terminalSessionId": "1", "integrityLevel": "Medium", "hashes": "SHA256=fb881640f56075c9b5fab2107d64884efeada545ff2cc897f76dad4ac7b44795", "parentProcessGuid": "{e09ff52d-d316-509c-f1a5-b387b5593dcc}", "parentProcessId": "32652", "parentImage": "C:\\Windows\\explorer.exe", "parentCommandLine": "C:\\Windows\\Explorer.EXE", "parentUser": "MEDDEFENSE\\dmarsh", "agentName": "WS-NURSE-04"}, "system": {"eventID": "1", "channel": "Microsoft-Windows-Sysmon/Operational", "computer": "WS-NURSE-04", "providerName": "Microsoft-Windows-Sysmon", "providerGuid": "{5770385F-C22A-43E0-BF4C-06F5698FFBD9}", "userID": "S-1-5-18"}}}}
{"timestamp": "2026-05-08T12:50:04.000+00:00", "rule": {"id": "61603", "level": 5, "description": "Sysmon - Event: 1 - Process creation.", "groups": ["sysmon", "sysmon_event1"]}, "agent": {"id": "066", "name": "WS-DOC-01", "ip": "10.10.2.30"}, "manager": {"name": "log-srv-01"}, "id": "alert-1778244604-19709", "decoder": {"name": "sysmon-event"}, "data": {"win": {"eventdata": {"utcTime": "2026-05-08 12:50:04.000", "processGuid": "{39c2baa7-78f0-9b8b-ea57-4d352d252252}", "processId": "19709", "image": "C:\\Program Files\\Microsoft Office\\root\\Office16\\OUTLOOK.EXE", "commandLine": "\"OUTLOOK.EXE\"", "currentDirectory": "C:\\Windows\\System32\\", "user": "MEDDEFENSE\\kapoor", "logonGuid": "{60f03889-f383-33e0-46e4-7dc4191a1f23}", "logonId": "0x540c240", "terminalSessionId": "1", "integrityLevel": "Medium", "hashes": "SHA256=85c2761955e3b8425f614c197b45df76aa3bb6a0b1e44a23077114623583fb13", "parentProcessGuid": "{beb5d6a1-f96b-7a2b-533c-1a8bd6d502a1}", "parentProcessId": "8963", "parentImage": "C:\\Windows\\explorer.exe", "parentCommandLine": "C:\\Windows\\Explorer.EXE", "parentUser": "MEDDEFENSE\\kapoor", "agentName": "WS-DOC-01"}, "system": {"eventID": "1", "channel": "Microsoft-Windows-Sysmon/Operational", "computer": "WS-DOC-01", "providerName": "Microsoft-Windows-Sysmon", "providerGuid": "{5770385F-C22A-43E0-BF4C-06F5698FFBD9}", "userID": "S-1-5-18"}}}}
{"timestamp": "2026-05-08T12:52:32.000+00:00", "rule": {"id": "61612", "level": 3, "description": "Sysmon - Event: 13 - Registry value set.", "groups": ["sysmon", "sysmon_event_13"]}, "agent": {"id": "845", "name": "WS-AP-07", "ip": "10.10.4.41"}, "manager": {"name": "log-srv-01"}, "id": "alert-1778244752-reg-20180", "decoder": {"name": "sysmon-event"}, "data": {"win": {"eventdata": {"utcTime": "2026-05-08 12:52:32.000", "eventType": "SetValue", "image": "C:\\Program Files\\Microsoft Office\\root\\Office16\\WINWORD.EXE", "targetObject": "HKLM\\SOFTWARE\\Microsoft\\Cryptography\\Value71", "details": "Binary Data"}, "system": {"eventID": "13", "channel": "Microsoft-Windows-Sysmon/Operational", "computer": "WS-AP-07"}}}}
{"timestamp": "2026-05-08T12:54:08.000+00:00", "rule": {"id": "61612", "level": 3, "description": "Sysmon - Event: 13 - Registry value set.", "groups": ["sysmon", "sysmon_event_13"]}, "agent": {"id": "631", "name": "WS-NURSE-01", "ip": "10.10.2.11"}, "manager": {"name": "log-srv-01"}, "id": "alert-1778244848-reg-89736", "decoder": {"name": "sysmon-event"}, "data": {"win": {"eventdata": {"utcTime": "2026-05-08 12:54:08.000", "eventType": "SetValue", "image": "C:\\Windows\\System32\\svchost.exe", "targetObject": "HKLM\\SOFTWARE\\Microsoft\\Cryptography\\Value25", "details": "DWORD (0x00000000)"}, "system": {"eventID": "13", "channel": "Microsoft-Windows-Sysmon/Operational", "computer": "WS-NURSE-01"}}}}
{"timestamp": "2026-05-08T12:55:01.000+00:00", "rule": {"id": "61613", "level": 3, "description": "Sysmon - Event: 11 - File created.", "groups": ["sysmon", "sysmon_event_11"]}, "agent": {"id": "907", "name": "WS-BILL-01", "ip": "10.10.4.30"}, "manager": {"name": "log-srv-01"}, "id": "alert-1778244901-fc-97032", "decoder": {"name": "sysmon-event"}, "data": {"win": {"eventdata": {"utcTime": "2026-05-08 12:55:01.000", "image": "C:\\Program Files\\Microsoft Office\\root\\Office16\\OUTLOOK.EXE", "targetFilename": "C:\\Users\\bill01\\AppData\\Local\\Temp\\OICE_2715.tmp", "creationUtcTime": "2026-05-08 12:55:01.000"}, "system": {"eventID": "11", "channel": "Microsoft-Windows-Sysmon/Operational", "computer": "WS-BILL-01"}}}}
{"timestamp": "2026-05-08T12:58:16.000+00:00", "rule": {"id": "61603", "level": 5, "description": "Sysmon - Event: 1 - Process creation.", "groups": ["sysmon", "sysmon_event1"]}, "agent": {"id": "907", "name": "WS-BILL-01", "ip": "10.10.4.30"}, "manager": {"name": "log-srv-01"}, "id": "alert-1778245096-36756", "decoder": {"name": "sysmon-event"}, "data": {"win": {"eventdata": {"utcTime": "2026-05-08 12:58:16.000", "processGuid": "{249ea60f-f3cd-9147-c9f8-d614ce01738c}", "processId": "36756", "image": "C:\\Program Files\\Microsoft Office\\root\\Office16\\WINWORD.EXE", "commandLine": "\"WINWORD.EXE\"", "currentDirectory": "C:\\Windows\\System32\\", "user": "MEDDEFENSE\\bill01", "logonGuid": "{7e38daf0-33d7-f2cb-1f2e-53f82c106863}", "logonId": "0x6d227ad", "terminalSessionId": "1", "integrityLevel": "Medium", "hashes": "SHA256=8a77ac729842713ce5cf7ab971991f62f4c4f2f9cc906b5c5e16635eec58198e", "parentProcessGuid": "{8c8757b1-1166-f380-13cc-bd6c6c934962}", "parentProcessId": "28734", "parentImage": "C:\\Windows\\explorer.exe", "parentCommandLine": "C:\\Windows\\Explorer.EXE", "parentUser": "MEDDEFENSE\\bill01", "agentName": "WS-BILL-01"}, "system": {"eventID": "1", "channel": "Microsoft-Windows-Sysmon/Operational", "computer": "WS-BILL-01", "providerName": "Microsoft-Windows-Sysmon", "providerGuid": "{5770385F-C22A-43E0-BF4C-06F5698FFBD9}", "userID": "S-1-5-18"}}}}
{"timestamp": "2026-05-08T12:59:41.000+00:00", "rule": {"id": "61612", "level": 3, "description": "Sysmon - Event: 13 - Registry value set.", "groups": ["sysmon", "sysmon_event_13"]}, "agent": {"id": "845", "name": "WS-AP-07", "ip": "10.10.4.41"}, "manager": {"name": "log-srv-01"}, "id": "alert-1778245181-reg-90196", "decoder": {"name": "sysmon-event"}, "data": {"win": {"eventdata": {"utcTime": "2026-05-08 12:59:41.000", "eventType": "SetValue", "image": "C:\\Windows\\System32\\msiexec.exe", "targetObject": "HKLM\\SYSTEM\\CurrentControlSet\\Services\\Value69", "details": "QWORD (0x00000064)"}, "system": {"eventID": "13", "channel": "Microsoft-Windows-Sysmon/Operational", "computer": "WS-AP-07"}}}}
{"timestamp": "2026-05-08T13:03:44.000+00:00", "rule": {"id": "61603", "level": 5, "description": "Sysmon - Event: 1 - Process creation.", "groups": ["sysmon", "sysmon_event1"]}, "agent": {"id": "561", "name": "WS-HELPDESK-02", "ip": "10.10.9.21"}, "manager": {"name": "log-srv-01"}, "id": "alert-1778245424-37305", "decoder": {"name": "sysmon-event"}, "data": {"win": {"eventdata": {"utcTime": "2026-05-08 13:03:44.000", "processGuid": "{793c4da6-5ae6-d281-7a15-bf6eb80b3c28}", "processId": "37305", "image": "C:\\Windows\\explorer.exe", "commandLine": "C:\\Windows\\Explorer.EXE", "currentDirectory": "C:\\Windows\\System32\\", "user": "MEDDEFENSE\\helpdesk02", "logonGuid": "{77afafc5-a987-f164-5500-86023aa6cd47}", "logonId": "0x9b3c57f", "terminalSessionId": "1", "integrityLevel": "Medium", "hashes": "SHA256=0aff1fa7dc8d640fed703c37246af5d4308981e74b238523ee970a7b07a28ee6", "parentProcessGuid": "{92519102-9495-05f0-cbc2-165a49912431}", "parentProcessId": "34381", "parentImage": "C:\\Windows\\explorer.exe", "parentCommandLine": "C:\\Windows\\Explorer.EXE", "parentUser": "MEDDEFENSE\\helpdesk02", "agentName": "WS-HELPDESK-02"}, "system": {"eventID": "1", "channel": "Microsoft-Windows-Sysmon/Operational", "computer": "WS-HELPDESK-02", "providerName": "Microsoft-Windows-Sysmon", "providerGuid": "{5770385F-C22A-43E0-BF4C-06F5698FFBD9}", "userID": "S-1-5-18"}}}}
{"timestamp": "2026-05-08T13:13:34.000+00:00", "rule": {"id": "61603", "level": 5, "description": "Sysmon - Event: 1 - Process creation.", "groups": ["sysmon", "sysmon_event1"]}, "agent": {"id": "263", "name": "WS-BILL-03", "ip": "10.10.4.34"}, "manager": {"name": "log-srv-01"}, "id": "alert-1778246014-36193", "decoder": {"name": "sysmon-event"}, "data": {"win": {"eventdata": {"utcTime": "2026-05-08 13:13:34.000", "processGuid": "{34111659-b7d7-a567-091b-d80c9b416946}", "processId": "36193", "image": "C:\\Program Files\\Microsoft Office\\root\\Office16\\OUTLOOK.EXE", "commandLine": "\"OUTLOOK.EXE\"", "currentDirectory": "C:\\Windows\\System32\\", "user": "MEDDEFENSE\\bill03", "logonGuid": "{b329a000-a0b1-adcb-4f22-be9f44e3c01f}", "logonId": "0x8f90994", "terminalSessionId": "1", "integrityLevel": "Medium", "hashes": "SHA256=885b99a08fad1f05852b596a6181a7dfbc35b0cf87d3daf3f9bd6c73b51e8b31", "parentProcessGuid": "{5319b8bd-07b6-a8ad-5e84-685c804f7267}", "parentProcessId": "49141", "parentImage": "C:\\Windows\\explorer.exe", "parentCommandLine": "C:\\Windows\\Explorer.EXE", "parentUser": "MEDDEFENSE\\bill03", "agentName": "WS-BILL-03"}, "system": {"eventID": "1", "channel": "Microsoft-Windows-Sysmon/Operational", "computer": "WS-BILL-03", "providerName": "Microsoft-Windows-Sysmon", "providerGuid": "{5770385F-C22A-43E0-BF4C-06F5698FFBD9}", "userID": "S-1-5-18"}}}}
{"timestamp": "2026-05-08T13:15:19.000+00:00", "rule": {"id": "61603", "level": 5, "description": "Sysmon - Event: 1 - Process creation.", "groups": ["sysmon", "sysmon_event1"]}, "agent": {"id": "937", "name": "WS-NURSE-03", "ip": "10.10.2.13"}, "manager": {"name": "log-srv-01"}, "id": "alert-1778246119-33527", "decoder": {"name": "sysmon-event"}, "data": {"win": {"eventdata": {"utcTime": "2026-05-08 13:15:19.000", "processGuid": "{8b590f43-bf74-15de-94b6-6922a3222298}", "processId": "33527", "image": "C:\\Windows\\System32\\svchost.exe", "commandLine": "C:\\Windows\\System32\\svchost.exe -k netsvcs", "currentDirectory": "C:\\Windows\\System32\\", "user": "MEDDEFENSE\\nurse03", "logonGuid": "{f2268115-89ba-6f2b-ac82-12ff6fa07ed5}", "logonId": "0x37b9f22", "terminalSessionId": "1", "integrityLevel": "Medium", "hashes": "SHA256=54803367daf44185468598d6bc54560c9d9d072d214f270546a549e69b7fecc8", "parentProcessGuid": "{e36f8372-1fee-a5b4-ea5c-be426af9b1f6}", "parentProcessId": "24264", "parentImage": "C:\\Windows\\explorer.exe", "parentCommandLine": "C:\\Windows\\Explorer.EXE", "parentUser": "MEDDEFENSE\\nurse03", "agentName": "WS-NURSE-03"}, "system": {"eventID": "1", "channel": "Microsoft-Windows-Sysmon/Operational", "computer": "WS-NURSE-03", "providerName": "Microsoft-Windows-Sysmon", "providerGuid": "{5770385F-C22A-43E0-BF4C-06F5698FFBD9}", "userID": "S-1-5-18"}}}}
{"timestamp": "2026-05-08T13:16:05.000+00:00", "rule": {"id": "61603", "level": 5, "description": "Sysmon - Event: 1 - Process creation.", "groups": ["sysmon", "sysmon_event1"]}, "agent": {"id": "817", "name": "WS-RECV-01", "ip": "10.10.3.19"}, "manager": {"name": "log-srv-01"}, "id": "alert-1778246165-34854", "decoder": {"name": "sysmon-event"}, "data": {"win": {"eventdata": {"utcTime": "2026-05-08 13:16:05.000", "processGuid": "{1f5a8787-d629-8071-cc90-d1c103c3df0d}", "processId": "34854", "image": "C:\\Windows\\System32\\svchost.exe", "commandLine": "C:\\Windows\\System32\\svchost.exe -k netsvcs", "currentDirectory": "C:\\Windows\\System32\\", "user": "MEDDEFENSE\\records01", "logonGuid": "{ef50df06-fd27-c008-a4e4-35072c8dea87}", "logonId": "0xb3cb7e5", "terminalSessionId": "1", "integrityLevel": "Medium", "hashes": "SHA256=f0a9a4b8b0f35a1d3dc09a34d2533a3544a4887cbc7a8e75bf39337c70eda580", "parentProcessGuid": "{984e3275-a8ca-e3b8-56e5-9e3338131551}", "parentProcessId": "16491", "parentImage": "C:\\Windows\\explorer.exe", "parentCommandLine": "C:\\Windows\\Explorer.EXE", "parentUser": "MEDDEFENSE\\records01", "agentName": "WS-RECV-01"}, "system": {"eventID": "1", "channel": "Microsoft-Windows-Sysmon/Operational", "computer": "WS-RECV-01", "providerName": "Microsoft-Windows-Sysmon", "providerGuid": "{5770385F-C22A-43E0-BF4C-06F5698FFBD9}", "userID": "S-1-5-18"}}}}
{"timestamp": "2026-05-08T13:21:40.000+00:00", "rule": {"id": "61612", "level": 3, "description": "Sysmon - Event: 13 - Registry value set.", "groups": ["sysmon", "sysmon_event_13"]}, "agent": {"id": "314", "name": "WS-RECV-04", "ip": "10.10.3.22"}, "manager": {"name": "log-srv-01"}, "id": "alert-1778246500-reg-69675", "decoder": {"name": "sysmon-event"}, "data": {"win": {"eventdata": {"utcTime": "2026-05-08 13:21:40.000", "eventType": "SetValue", "image": "C:\\Windows\\System32\\svchost.exe", "targetObject": "HKLM\\SYSTEM\\CurrentControlSet\\Services\\Value83", "details": "Binary Data"}, "system": {"eventID": "13", "channel": "Microsoft-Windows-Sysmon/Operational", "computer": "WS-RECV-04"}}}}
{"timestamp": "2026-05-08T13:28:59.000+00:00", "rule": {"id": "61603", "level": 5, "description": "Sysmon - Event: 1 - Process creation.", "groups": ["sysmon", "sysmon_event1"]}, "agent": {"id": "014", "name": "WS-ADMIN-01", "ip": "10.10.9.10"}, "manager": {"name": "log-srv-01"}, "id": "baseline-1778246939-49076", "decoder": {"name": "sysmon-event"}, "data": {"win": {"eventdata": {"utcTime": "2026-05-08 13:28:59.000", "processGuid": "{8ad484cf-d96c-5730-5386-e47753a35531}", "processId": "49076", "image": "C:\\Windows\\System32\\wbem\\WMIC.exe", "commandLine": "wmic /node:SRV-PATCH-01 /user:MEDDEFENSE\\robert.kim os get caption,buildnumber,lastbootuptime", "currentDirectory": "C:\\Tools\\Scripts\\", "user": "MEDDEFENSE\\robert.kim", "logonGuid": "{19b85fc2-5b0e-70e4-7b6b-6a051df1a2f0}", "logonId": "0x1a4e31b", "terminalSessionId": "2", "integrityLevel": "High", "hashes": "SHA256=c7c8e86e7a4c8a9a7b7c6f5e4d3c2b1a0908070605040302010908070605040", "parentProcessGuid": "{729df565-1f11-f5d5-674c-70538c3617fc}", "parentProcessId": "48378", "parentImage": "C:\\Windows\\System32\\cmd.exe", "parentCommandLine": "\"C:\\Windows\\System32\\cmd.exe\"", "parentUser": "MEDDEFENSE\\robert.kim", "agentName": "WS-ADMIN-01"}, "system": {"eventID": "1", "channel": "Microsoft-Windows-Sysmon/Operational", "computer": "WS-ADMIN-01", "providerName": "Microsoft-Windows-Sysmon", "providerGuid": "{5770385F-C22A-43E0-BF4C-06F5698FFBD9}", "userID": "S-1-5-18"}}}, "hunt_meta": {"category": "baseline", "source_host": "WS-ADMIN-01", "target_host": "SRV-PATCH-01", "target_ip": "10.10.20.60", "tool": "WMI", "authorized": true}}
{"timestamp": "2026-05-08T13:31:04.000+00:00", "rule": {"id": "61605", "level": 3, "description": "Sysmon - Event: 3 - Network connection.", "groups": ["sysmon", "sysmon_event3"]}, "agent": {"id": "066", "name": "WS-DOC-01", "ip": "10.10.2.30"}, "manager": {"name": "log-srv-01"}, "id": "alert-1778247064-net-77178", "decoder": {"name": "sysmon-event"}, "data": {"win": {"eventdata": {"utcTime": "2026-05-08 13:31:04.000", "image": "C:\\Windows\\System32\\svchost.exe", "user": "MEDDEFENSE\\system", "protocol": "tcp", "initiated": "true", "sourceIp": "10.10.2.30", "sourcePort": "54507", "destinationIp": "10.10.20.60", "destinationPort": "53", "destinationHostname": "SRV-PATCH-01"}, "system": {"eventID": "3", "channel": "Microsoft-Windows-Sysmon/Operational", "computer": "WS-DOC-01"}}}, "hunt_meta": null}
{"timestamp": "2026-05-08T13:45:00.000+00:00", "rule": {"id": "61603", "level": 5, "description": "Sysmon - Event: 1 - Process creation.", "groups": ["sysmon", "sysmon_event1"]}, "agent": {"id": "937", "name": "WS-NURSE-03", "ip": "10.10.2.13"}, "manager": {"name": "log-srv-01"}, "id": "alert-1778247900-25393", "decoder": {"name": "sysmon-event"}, "data": {"win": {"eventdata": {"utcTime": "2026-05-08 13:45:00.000", "processGuid": "{51f0052e-899f-0fce-d10b-0379e99eda53}", "processId": "25393", "image": "C:\\Program Files\\Google\\Chrome\\Application\\chrome.exe", "commandLine": "\"chrome.exe\"", "currentDirectory": "C:\\Windows\\System32\\", "user": "MEDDEFENSE\\nurse03", "logonGuid": "{08329382-45e0-6517-cd33-321fa991d8b4}", "logonId": "0xe24eb2f", "terminalSessionId": "1", "integrityLevel": "Medium", "hashes": "SHA256=74d34c71d938e13d7167571badf74cf7ce477341f583db1c2561706919047a97", "parentProcessGuid": "{1e24ce90-bdc5-0485-53f9-a5f505e59830}", "parentProcessId": "31636", "parentImage": "C:\\Windows\\explorer.exe", "parentCommandLine": "C:\\Windows\\Explorer.EXE", "parentUser": "MEDDEFENSE\\nurse03", "agentName": "WS-NURSE-03"}, "system": {"eventID": "1", "channel": "Microsoft-Windows-Sysmon/Operational", "computer": "WS-NURSE-03", "providerName": "Microsoft-Windows-Sysmon", "providerGuid": "{5770385F-C22A-43E0-BF4C-06F5698FFBD9}", "userID": "S-1-5-18"}}}}
{"timestamp": "2026-05-08T13:48:29.000+00:00", "rule": {"id": "61603", "level": 5, "description": "Sysmon - Event: 1 - Process creation.", "groups": ["sysmon", "sysmon_event1"]}, "agent": {"id": "329", "name": "WS-NURSE-06", "ip": "10.10.2.17"}, "manager": {"name": "log-srv-01"}, "id": "alert-1778248109-49933", "decoder": {"name": "sysmon-event"}, "data": {"win": {"eventdata": {"utcTime": "2026-05-08 13:48:29.000", "processGuid": "{5279e2b7-6f9a-b30e-651f-0504d795e2de}", "processId": "49933", "image": "C:\\Windows\\System32\\svchost.exe", "commandLine": "C:\\Windows\\System32\\svchost.exe -k netsvcs", "currentDirectory": "C:\\Windows\\System32\\", "user": "MEDDEFENSE\\nurse06", "logonGuid": "{78c430f9-371b-e6e9-f729-9fc1759cf120}", "logonId": "0x2d56f67", "terminalSessionId": "1", "integrityLevel": "Medium", "hashes": "SHA256=e4c8d7cd21fc69722f0dc3caf3556604b32a7deb654a4ea284d4f6dfe2dfc3b4", "parentProcessGuid": "{105662b7-da83-028e-a9c0-83f5b2f2879e}", "parentProcessId": "58147", "parentImage": "C:\\Windows\\explorer.exe", "parentCommandLine": "C:\\Windows\\Explorer.EXE", "parentUser": "MEDDEFENSE\\nurse06", "agentName": "WS-NURSE-06"}, "system": {"eventID": "1", "channel": "Microsoft-Windows-Sysmon/Operational", "computer": "WS-NURSE-06", "providerName": "Microsoft-Windows-Sysmon", "providerGuid": "{5770385F-C22A-43E0-BF4C-06F5698FFBD9}", "userID": "S-1-5-18"}}}}
{"timestamp": "2026-05-08T13:53:26.000+00:00", "rule": {"id": "61603", "level": 5, "description": "Sysmon - Event: 1 - Process creation.", "groups": ["sysmon", "sysmon_event1"]}, "agent": {"id": "561", "name": "WS-HELPDESK-02", "ip": "10.10.9.21"}, "manager": {"name": "log-srv-01"}, "id": "alert-1778248406-58131", "decoder": {"name": "sysmon-event"}, "data": {"win": {"eventdata": {"utcTime": "2026-05-08 13:53:26.000", "processGuid": "{b5bd79d7-693e-3d0d-a672-fa122766c947}", "processId": "58131", "image": "C:\\Windows\\explorer.exe", "commandLine": "C:\\Windows\\Explorer.EXE", "currentDirectory": "C:\\Windows\\System32\\", "user": "MEDDEFENSE\\helpdesk02", "logonGuid": "{4420cd10-1116-7c0f-6be4-84ca06af7481}", "logonId": "0x938ed91", "terminalSessionId": "1", "integrityLevel": "Medium", "hashes": "SHA256=0246dd7082de043c38f0dc6fae915d55b58a0609704847dbaaad82756fed3dd7", "parentProcessGuid": "{38f475be-f19b-e433-df86-896f3ea6ebf0}", "parentProcessId": "34149", "parentImage": "C:\\Windows\\explorer.exe", "parentCommandLine": "C:\\Windows\\Explorer.EXE", "parentUser": "MEDDEFENSE\\helpdesk02", "agentName": "WS-HELPDESK-02"}, "system": {"eventID": "1", "channel": "Microsoft-Windows-Sysmon/Operational", "computer": "WS-HELPDESK-02", "providerName": "Microsoft-Windows-Sysmon", "providerGuid": "{5770385F-C22A-43E0-BF4C-06F5698FFBD9}", "userID": "S-1-5-18"}}}}
{"timestamp": "2026-05-08T14:00:01.000+00:00", "rule": {"id": "61645", "level": 3, "description": "Sysmon - Event: 22 - DNS query.", "groups": ["sysmon", "sysmon_event_22"]}, "agent": {"id": "631", "name": "WS-NURSE-01", "ip": "10.10.2.11"}, "manager": {"name": "log-srv-01"}, "id": "alert-1778248801-dns-45587", "decoder": {"name": "sysmon-event"}, "data": {"win": {"eventdata": {"utcTime": "2026-05-08 14:00:01.000", "queryName": "meddefense.local", "queryStatus": "0", "queryResults": "type:  5 10.10.20.5", "image": "C:\\Windows\\System32\\svchost.exe"}, "system": {"eventID": "22", "channel": "Microsoft-Windows-Sysmon/Operational", "computer": "WS-NURSE-01"}}}, "hunt_meta": null}
{"timestamp": "2026-05-08T14:09:24.000+00:00", "rule": {"id": "61603", "level": 5, "description": "Sysmon - Event: 1 - Process creation.", "groups": ["sysmon", "sysmon_event1"]}, "agent": {"id": "907", "name": "WS-BILL-01", "ip": "10.10.4.30"}, "manager": {"name": "log-srv-01"}, "id": "alert-1778249364-32963", "decoder": {"name": "sysmon-event"}, "data": {"win": {"eventdata": {"utcTime": "2026-05-08 14:09:24.000", "processGuid": "{85f70ecf-7051-256c-f66a-aa8032c57c92}", "processId": "32963", "image": "C:\\Program Files\\Microsoft Office\\root\\Office16\\WINWORD.EXE", "commandLine": "\"WINWORD.EXE\"", "currentDirectory": "C:\\Windows\\System32\\", "user": "MEDDEFENSE\\bill01", "logonGuid": "{e4dbc2f3-c46e-0ccc-366e-2abeccb96fee}", "logonId": "0x3b44ed9", "terminalSessionId": "1", "integrityLevel": "Medium", "hashes": "SHA256=aed3a066b78698e905f3ef5f717cc16956941c6bc1666312d3f7c9535b302e8e", "parentProcessGuid": "{979ef355-d5c4-55e1-5868-6ecb6e8cad26}", "parentProcessId": "50202", "parentImage": "C:\\Windows\\explorer.exe", "parentCommandLine": "C:\\Windows\\Explorer.EXE", "parentUser": "MEDDEFENSE\\bill01", "agentName": "WS-BILL-01"}, "system": {"eventID": "1", "channel": "Microsoft-Windows-Sysmon/Operational", "computer": "WS-BILL-01", "providerName": "Microsoft-Windows-Sysmon", "providerGuid": "{5770385F-C22A-43E0-BF4C-06F5698FFBD9}", "userID": "S-1-5-18"}}}}
{"timestamp": "2026-05-08T14:11:03.000+00:00", "rule": {"id": "61603", "level": 5, "description": "Sysmon - Event: 1 - Process creation.", "groups": ["sysmon", "sysmon_event1"]}, "agent": {"id": "907", "name": "WS-BILL-01", "ip": "10.10.4.30"}, "manager": {"name": "log-srv-01"}, "id": "alert-1778249463-2954", "decoder": {"name": "sysmon-event"}, "data": {"win": {"eventdata": {"utcTime": "2026-05-08 14:11:03.000", "processGuid": "{ba89ee9f-82cb-65c4-fc0b-3a970e5d525d}", "processId": "2954", "image": "C:\\Windows\\System32\\svchost.exe", "commandLine": "C:\\Windows\\System32\\svchost.exe -k netsvcs", "currentDirectory": "C:\\Windows\\System32\\", "user": "MEDDEFENSE\\bill01", "logonGuid": "{68a4958b-4e4d-c11d-e744-396db8b39945}", "logonId": "0x7289942", "terminalSessionId": "1", "integrityLevel": "Medium", "hashes": "SHA256=cb9a939e9b114a71f1864c6b94dd3ce8aee45451adaa782e9ad4dd0b4f7192e9", "parentProcessGuid": "{c224b436-d92e-a914-4987-af35fc898e8a}", "parentProcessId": "37393", "parentImage": "C:\\Windows\\explorer.exe", "parentCommandLine": "C:\\Windows\\Explorer.EXE", "parentUser": "MEDDEFENSE\\bill01", "agentName": "WS-BILL-01"}, "system": {"eventID": "1", "channel": "Microsoft-Windows-Sysmon/Operational", "computer": "WS-BILL-01", "providerName": "Microsoft-Windows-Sysmon", "providerGuid": "{5770385F-C22A-43E0-BF4C-06F5698FFBD9}", "userID": "S-1-5-18"}}}}
{"timestamp": "2026-05-08T14:25:46.000+00:00", "rule": {"id": "61603", "level": 5, "description": "Sysmon - Event: 1 - Process creation.", "groups": ["sysmon", "sysmon_event1"]}, "agent": {"id": "104", "name": "WS-AP-01", "ip": "10.10.4.40"}, "manager": {"name": "log-srv-01"}, "id": "alert-1778250346-44377", "decoder": {"name": "sysmon-event"}, "data": {"win": {"eventdata": {"utcTime": "2026-05-08 14:25:46.000", "processGuid": "{877088ce-8d67-4f06-02ab-73280aeeea0c}", "processId": "44377", "image": "C:\\Windows\\explorer.exe", "commandLine": "C:\\Windows\\Explorer.EXE", "currentDirectory": "C:\\Windows\\System32\\", "user": "MEDDEFENSE\\ap01", "logonGuid": "{9e586fa9-ecdc-1808-1e7f-f4163f259fa9}", "logonId": "0xc3de0e3", "terminalSessionId": "1", "integrityLevel": "Medium", "hashes": "SHA256=27e832e2e4522ebe1bb9bac7a0640fb4d4bdb0d706a08725f7c3b495b8d9991e", "parentProcessGuid": "{5bd03205-6c70-3853-e17d-2caad2390782}", "parentProcessId": "19941", "parentImage": "C:\\Windows\\explorer.exe", "parentCommandLine": "C:\\Windows\\Explorer.EXE", "parentUser": "MEDDEFENSE\\ap01", "agentName": "WS-AP-01"}, "system": {"eventID": "1", "channel": "Microsoft-Windows-Sysmon/Operational", "computer": "WS-AP-01", "providerName": "Microsoft-Windows-Sysmon", "providerGuid": "{5770385F-C22A-43E0-BF4C-06F5698FFBD9}", "userID": "S-1-5-18"}}}}
{"timestamp": "2026-05-08T14:27:46.000+00:00", "rule": {"id": "61603", "level": 5, "description": "Sysmon - Event: 1 - Process creation.", "groups": ["sysmon", "sysmon_event1"]}, "agent": {"id": "329", "name": "WS-NURSE-06", "ip": "10.10.2.17"}, "manager": {"name": "log-srv-01"}, "id": "alert-1778250466-23123", "decoder": {"name": "sysmon-event"}, "data": {"win": {"eventdata": {"utcTime": "2026-05-08 14:27:46.000", "processGuid": "{bf60fd4c-964d-7100-0d69-438f6ce5db4e}", "processId": "23123", "image": "C:\\Windows\\explorer.exe", "commandLine": "C:\\Windows\\Explorer.EXE", "currentDirectory": "C:\\Windows\\System32\\", "user": "MEDDEFENSE\\nurse06", "logonGuid": "{5102d1e4-7fa8-f530-e201-c711266b42e7}", "logonId": "0x61b491e", "terminalSessionId": "1", "integrityLevel": "Medium", "hashes": "SHA256=ec818594cf1112bca9a1aacebbe5def057434a56b193197398a7a82f5678f5ce", "parentProcessGuid": "{e4363bb8-1528-ca5e-91b2-69d0ca9cc531}", "parentProcessId": "57946", "parentImage": "C:\\Windows\\explorer.exe", "parentCommandLine": "C:\\Windows\\Explorer.EXE", "parentUser": "MEDDEFENSE\\nurse06", "agentName": "WS-NURSE-06"}, "system": {"eventID": "1", "channel": "Microsoft-Windows-Sysmon/Operational", "computer": "WS-NURSE-06", "providerName": "Microsoft-Windows-Sysmon", "providerGuid": "{5770385F-C22A-43E0-BF4C-06F5698FFBD9}", "userID": "S-1-5-18"}}}}
{"timestamp": "2026-05-08T14:28:38.000+00:00", "rule": {"id": "61603", "level": 5, "description": "Sysmon - Event: 1 - Process creation.", "groups": ["sysmon", "sysmon_event1"]}, "agent": {"id": "263", "name": "WS-BILL-03", "ip": "10.10.4.34"}, "manager": {"name": "log-srv-01"}, "id": "alert-1778250518-45370", "decoder": {"name": "sysmon-event"}, "data": {"win": {"eventdata": {"utcTime": "2026-05-08 14:28:38.000", "processGuid": "{719ec464-541d-c8d2-eda6-a28bfc3b21b8}", "processId": "45370", "image": "C:\\Windows\\explorer.exe", "commandLine": "C:\\Windows\\Explorer.EXE", "currentDirectory": "C:\\Windows\\System32\\", "user": "MEDDEFENSE\\bill03", "logonGuid": "{d7c2456a-8f00-1930-89be-1b758f16ac58}", "logonId": "0xd9689fc", "terminalSessionId": "1", "integrityLevel": "Medium", "hashes": "SHA256=bbe2e7302bf9d39756767054de3259c672c046436b635c096b54693ad06987d1", "parentProcessGuid": "{611da16e-ca56-04ad-191b-7b3189e86838}", "parentProcessId": "46198", "parentImage": "C:\\Windows\\explorer.exe", "parentCommandLine": "C:\\Windows\\Explorer.EXE", "parentUser": "MEDDEFENSE\\bill03", "agentName": "WS-BILL-03"}, "system": {"eventID": "1", "channel": "Microsoft-Windows-Sysmon/Operational", "computer": "WS-BILL-03", "providerName": "Microsoft-Windows-Sysmon", "providerGuid": "{5770385F-C22A-43E0-BF4C-06F5698FFBD9}", "userID": "S-1-5-18"}}}}
{"timestamp": "2026-05-08T14:33:42.000+00:00", "rule": {"id": "61612", "level": 3, "description": "Sysmon - Event: 13 - Registry value set.", "groups": ["sysmon", "sysmon_event_13"]}, "agent": {"id": "817", "name": "WS-RECV-01", "ip": "10.10.3.19"}, "manager": {"name": "log-srv-01"}, "id": "alert-1778250822-reg-70776", "decoder": {"name": "sysmon-event"}, "data": {"win": {"eventdata": {"utcTime": "2026-05-08 14:33:42.000", "eventType": "SetValue", "image": "C:\\Windows\\System32\\svchost.exe", "targetObject": "HKLM\\SOFTWARE\\Microsoft\\Cryptography\\Value46", "details": "QWORD (0x00000064)"}, "system": {"eventID": "13", "channel": "Microsoft-Windows-Sysmon/Operational", "computer": "WS-RECV-01"}}}}
{"timestamp": "2026-05-08T14:40:03.000+00:00", "rule": {"id": "61612", "level": 3, "description": "Sysmon - Event: 13 - Registry value set.", "groups": ["sysmon", "sysmon_event_13"]}, "agent": {"id": "576", "name": "WS-NURSE-05", "ip": "10.10.2.16"}, "manager": {"name": "log-srv-01"}, "id": "alert-1778251203-reg-11336", "decoder": {"name": "sysmon-event"}, "data": {"win": {"eventdata": {"utcTime": "2026-05-08 14:40:03.000", "eventType": "SetValue", "image": "C:\\Program Files\\Microsoft Office\\root\\Office16\\WINWORD.EXE", "targetObject": "HKLM\\SOFTWARE\\Microsoft\\Cryptography\\Value14", "details": "QWORD (0x00000064)"}, "system": {"eventID": "13", "channel": "Microsoft-Windows-Sysmon/Operational", "computer": "WS-NURSE-05"}}}}
{"timestamp": "2026-05-08T14:40:16.000+00:00", "rule": {"id": "61603", "level": 5, "description": "Sysmon - Event: 1 - Process creation.", "groups": ["sysmon", "sysmon_event1"]}, "agent": {"id": "817", "name": "WS-RECV-01", "ip": "10.10.3.19"}, "manager": {"name": "log-srv-01"}, "id": "alert-1778251216-59160", "decoder": {"name": "sysmon-event"}, "data": {"win": {"eventdata": {"utcTime": "2026-05-08 14:40:16.000", "processGuid": "{9f918393-20f7-4bcc-cd18-11c707731913}", "processId": "59160", "image": "C:\\Program Files\\Google\\Chrome\\Application\\chrome.exe", "commandLine": "\"chrome.exe\"", "currentDirectory": "C:\\Windows\\System32\\", "user": "MEDDEFENSE\\records01", "logonGuid": "{f1df3827-05c5-7f8b-7c0b-24d4f88d255d}", "logonId": "0x7e284a0", "terminalSessionId": "1", "integrityLevel": "Medium", "hashes": "SHA256=a2a9b49fbfb7b6a68a96b534f3793601eb4d7153308024edc6d12d753e3f403a", "parentProcessGuid": "{c92536e6-4ef4-2a85-6d2b-40ff6b1c55cc}", "parentProcessId": "28297", "parentImage": "C:\\Windows\\explorer.exe", "parentCommandLine": "C:\\Windows\\Explorer.EXE", "parentUser": "MEDDEFENSE\\records01", "agentName": "WS-RECV-01"}, "system": {"eventID": "1", "channel": "Microsoft-Windows-Sysmon/Operational", "computer": "WS-RECV-01", "providerName": "Microsoft-Windows-Sysmon", "providerGuid": "{5770385F-C22A-43E0-BF4C-06F5698FFBD9}", "userID": "S-1-5-18"}}}}
{"timestamp": "2026-05-08T14:42:06.000+00:00", "rule": {"id": "61603", "level": 5, "description": "Sysmon - Event: 1 - Process creation.", "groups": ["sysmon", "sysmon_event1"]}, "agent": {"id": "329", "name": "WS-NURSE-06", "ip": "10.10.2.17"}, "manager": {"name": "log-srv-01"}, "id": "alert-1778251326-54813", "decoder": {"name": "sysmon-event"}, "data": {"win": {"eventdata": {"utcTime": "2026-05-08 14:42:06.000", "processGuid": "{7aa26268-8448-b39d-b155-410cc5644e90}", "processId": "54813", "image": "C:\\Windows\\explorer.exe", "commandLine": "C:\\Windows\\Explorer.EXE", "currentDirectory": "C:\\Windows\\System32\\", "user": "MEDDEFENSE\\nurse06", "logonGuid": "{9994bb3b-17db-3510-d4e3-2d712b2c39c8}", "logonId": "0xaaf5137", "terminalSessionId": "1", "integrityLevel": "Medium", "hashes": "SHA256=be8129fba89cd67a07d7f56e41ce7a278108aabf00a4e9e3e05544c18e0ee961", "parentProcessGuid": "{f38a862b-a8f4-ad4d-cfe6-973a37ca799f}", "parentProcessId": "49523", "parentImage": "C:\\Windows\\explorer.exe", "parentCommandLine": "C:\\Windows\\Explorer.EXE", "parentUser": "MEDDEFENSE\\nurse06", "agentName": "WS-NURSE-06"}, "system": {"eventID": "1", "channel": "Microsoft-Windows-Sysmon/Operational", "computer": "WS-NURSE-06", "providerName": "Microsoft-Windows-Sysmon", "providerGuid": "{5770385F-C22A-43E0-BF4C-06F5698FFBD9}", "userID": "S-1-5-18"}}}}
{"timestamp": "2026-05-08T14:47:29.000+00:00", "rule": {"id": "61603", "level": 5, "description": "Sysmon - Event: 1 - Process creation.", "groups": ["sysmon", "sysmon_event1"]}, "agent": {"id": "066", "name": "WS-DOC-01", "ip": "10.10.2.30"}, "manager": {"name": "log-srv-01"}, "id": "alert-1778251649-57378", "decoder": {"name": "sysmon-event"}, "data": {"win": {"eventdata": {"utcTime": "2026-05-08 14:47:29.000", "processGuid": "{0c7ed54b-26cd-e6c7-bfbb-a61dbe2d9ba4}", "processId": "57378", "image": "C:\\Windows\\explorer.exe", "commandLine": "C:\\Windows\\Explorer.EXE", "currentDirectory": "C:\\Windows\\System32\\", "user": "MEDDEFENSE\\kapoor", "logonGuid": "{a13c7ffd-b0b5-8471-6846-90762e7173ba}", "logonId": "0x026f5bb", "terminalSessionId": "1", "integrityLevel": "Medium", "hashes": "SHA256=7abcabce8efb6d6a69305cb2f26d9bb016922406bc87d410cf834beae6ef886d", "parentProcessGuid": "{f81d6f2c-a4da-a7ae-a3ca-8e2e102df593}", "parentProcessId": "60424", "parentImage": "C:\\Windows\\explorer.exe", "parentCommandLine": "C:\\Windows\\Explorer.EXE", "parentUser": "MEDDEFENSE\\kapoor", "agentName": "WS-DOC-01"}, "system": {"eventID": "1", "channel": "Microsoft-Windows-Sysmon/Operational", "computer": "WS-DOC-01", "providerName": "Microsoft-Windows-Sysmon", "providerGuid": "{5770385F-C22A-43E0-BF4C-06F5698FFBD9}", "userID": "S-1-5-18"}}}}
{"timestamp": "2026-05-08T14:51:26.000+00:00", "rule": {"id": "61645", "level": 3, "description": "Sysmon - Event: 22 - DNS query.", "groups": ["sysmon", "sysmon_event_22"]}, "agent": {"id": "272", "name": "WS-ADMIN-01", "ip": "10.10.9.10"}, "manager": {"name": "log-srv-01"}, "id": "alert-1778251886-dns-72943", "decoder": {"name": "sysmon-event"}, "data": {"win": {"eventdata": {"utcTime": "2026-05-08 14:51:26.000", "queryName": "smtp.meddefense.local", "queryStatus": "0", "queryResults": "type:  5 10.10.20.45", "image": "C:\\Windows\\System32\\svchost.exe"}, "system": {"eventID": "22", "channel": "Microsoft-Windows-Sysmon/Operational", "computer": "WS-ADMIN-01"}}}, "hunt_meta": null}
{"timestamp": "2026-05-08T15:00:37.000+00:00", "rule": {"id": "61612", "level": 3, "description": "Sysmon - Event: 13 - Registry value set.", "groups": ["sysmon", "sysmon_event_13"]}, "agent": {"id": "561", "name": "WS-HELPDESK-02", "ip": "10.10.9.21"}, "manager": {"name": "log-srv-01"}, "id": "alert-1778252437-reg-67416", "decoder": {"name": "sysmon-event"}, "data": {"win": {"eventdata": {"utcTime": "2026-05-08 15:00:37.000", "eventType": "SetValue", "image": "C:\\Windows\\System32\\TrustedInstaller.exe", "targetObject": "HKCU\\Software\\Microsoft\\Office\\16.0\\Word\\Value66", "details": "DWORD (0x00000001)"}, "system": {"eventID": "13", "channel": "Microsoft-Windows-Sysmon/Operational", "computer": "WS-HELPDESK-02"}}}}
{"timestamp": "2026-05-08T15:06:30.000+00:00", "rule": {"id": "61603", "level": 5, "description": "Sysmon - Event: 1 - Process creation.", "groups": ["sysmon", "sysmon_event1"]}, "agent": {"id": "845", "name": "WS-AP-07", "ip": "10.10.4.41"}, "manager": {"name": "log-srv-01"}, "id": "alert-1778252790-24180", "decoder": {"name": "sysmon-event"}, "data": {"win": {"eventdata": {"utcTime": "2026-05-08 15:06:30.000", "processGuid": "{736d3d4f-3261-d7ab-a7d7-e71cf83f65db}", "processId": "24180", "image": "C:\\Program Files\\Google\\Chrome\\Application\\chrome.exe", "commandLine": "\"chrome.exe\"", "currentDirectory": "C:\\Windows\\System32\\", "user": "MEDDEFENSE\\arivera", "logonGuid": "{e4a8ff73-8bee-7d6e-b319-18f3be01a65f}", "logonId": "0x8b03558", "terminalSessionId": "1", "integrityLevel": "Medium", "hashes": "SHA256=7e4fa3ea8e63e7b46372ab7972b95cdba32e75d486bcb9e78b209c1e0fb87a43", "parentProcessGuid": "{763c70b9-31be-62ea-621d-167ff15197eb}", "parentProcessId": "62878", "parentImage": "C:\\Windows\\explorer.exe", "parentCommandLine": "C:\\Windows\\Explorer.EXE", "parentUser": "MEDDEFENSE\\arivera", "agentName": "WS-AP-07"}, "system": {"eventID": "1", "channel": "Microsoft-Windows-Sysmon/Operational", "computer": "WS-AP-07", "providerName": "Microsoft-Windows-Sysmon", "providerGuid": "{5770385F-C22A-43E0-BF4C-06F5698FFBD9}", "userID": "S-1-5-18"}}}}
{"timestamp": "2026-05-08T15:07:08.000+00:00", "rule": {"id": "61603", "level": 5, "description": "Sysmon - Event: 1 - Process creation.", "groups": ["sysmon", "sysmon_event1"]}, "agent": {"id": "829", "name": "WS-HELPDESK-01", "ip": "10.10.9.20"}, "manager": {"name": "log-srv-01"}, "id": "alert-1778252828-12625", "decoder": {"name": "sysmon-event"}, "data": {"win": {"eventdata": {"utcTime": "2026-05-08 15:07:08.000", "processGuid": "{d03cfa88-c7fd-9903-19aa-a93f8daca792}", "processId": "12625", "image": "C:\\Windows\\explorer.exe", "commandLine": "C:\\Windows\\Explorer.EXE", "currentDirectory": "C:\\Windows\\System32\\", "user": "MEDDEFENSE\\helpdesk01", "logonGuid": "{3f824b30-d3f8-0eb0-3343-4b2a96843b0d}", "logonId": "0x8f2db93", "terminalSessionId": "1", "integrityLevel": "Medium", "hashes": "SHA256=a58c2952a68ea5b20563b54e4fe642dff42224615443b1dc0b09eb42617ece1f", "parentProcessGuid": "{741901eb-e726-34e6-a704-a589d57b36f5}", "parentProcessId": "51337", "parentImage": "C:\\Windows\\explorer.exe", "parentCommandLine": "C:\\Windows\\Explorer.EXE", "parentUser": "MEDDEFENSE\\helpdesk01", "agentName": "WS-HELPDESK-01"}, "system": {"eventID": "1", "channel": "Microsoft-Windows-Sysmon/Operational", "computer": "WS-HELPDESK-01", "providerName": "Microsoft-Windows-Sysmon", "providerGuid": "{5770385F-C22A-43E0-BF4C-06F5698FFBD9}", "userID": "S-1-5-18"}}}}
{"timestamp": "2026-05-08T15:08:59.000+00:00", "rule": {"id": "61645", "level": 3, "description": "Sysmon - Event: 22 - DNS query.", "groups": ["sysmon", "sysmon_event_22"]}, "agent": {"id": "829", "name": "WS-HELPDESK-01", "ip": "10.10.9.20"}, "manager": {"name": "log-srv-01"}, "id": "alert-1778252939-dns-87574", "decoder": {"name": "sysmon-event"}, "data": {"win": {"eventdata": {"utcTime": "2026-05-08 15:08:59.000", "queryName": "update.microsoft.com", "queryStatus": "0", "queryResults": "type:  5 23.211.159.146", "image": "C:\\Windows\\System32\\svchost.exe"}, "system": {"eventID": "22", "channel": "Microsoft-Windows-Sysmon/Operational", "computer": "WS-HELPDESK-01"}}}, "hunt_meta": null}
{"timestamp": "2026-05-08T15:14:33.000+00:00", "rule": {"id": "61645", "level": 3, "description": "Sysmon - Event: 22 - DNS query.", "groups": ["sysmon", "sysmon_event_22"]}, "agent": {"id": "314", "name": "WS-RECV-04", "ip": "10.10.3.22"}, "manager": {"name": "log-srv-01"}, "id": "alert-1778253273-dns-92429", "decoder": {"name": "sysmon-event"}, "data": {"win": {"eventdata": {"utcTime": "2026-05-08 15:14:33.000", "queryName": "smtp.meddefense.local", "queryStatus": "0", "queryResults": "type:  5 10.10.20.45", "image": "C:\\Windows\\System32\\svchost.exe"}, "system": {"eventID": "22", "channel": "Microsoft-Windows-Sysmon/Operational", "computer": "WS-RECV-04"}}}, "hunt_meta": null}
{"timestamp": "2026-05-08T15:16:42.000+00:00", "rule": {"id": "61612", "level": 3, "description": "Sysmon - Event: 13 - Registry value set.", "groups": ["sysmon", "sysmon_event_13"]}, "agent": {"id": "794", "name": "WS-BILL-02", "ip": "10.10.4.33"}, "manager": {"name": "log-srv-01"}, "id": "alert-1778253402-reg-63684", "decoder": {"name": "sysmon-event"}, "data": {"win": {"eventdata": {"utcTime": "2026-05-08 15:16:42.000", "eventType": "SetValue", "image": "C:\\Windows\\System32\\TrustedInstaller.exe", "targetObject": "HKLM\\SOFTWARE\\Microsoft\\Cryptography\\Value63", "details": "Binary Data"}, "system": {"eventID": "13", "channel": "Microsoft-Windows-Sysmon/Operational", "computer": "WS-BILL-02"}}}}
