{"timestamp": "2026-05-05T09:48:43.000+00:00", "rule": {"id": "61603", "level": 5, "description": "Sysmon - Event: 1 - Process creation.", "groups": ["sysmon", "sysmon_event1"]}, "agent": {"id": "907", "name": "WS-BILL-01", "ip": "10.10.4.30"}, "manager": {"name": "log-srv-01"}, "id": "alert-1777974523-27592", "decoder": {"name": "sysmon-event"}, "data": {"win": {"eventdata": {"utcTime": "2026-05-05 09:48:43.000", "processGuid": "{c8c791d7-fe05-fc8b-0cc0-a0b5ecd214e4}", "processId": "27592", "image": "C:\\Program Files\\Google\\Chrome\\Application\\chrome.exe", "commandLine": "\"chrome.exe\"", "currentDirectory": "C:\\Windows\\System32\\", "user": "MEDDEFENSE\\bill01", "logonGuid": "{5615277f-2e0d-26ef-675f-747fe5fefa53}", "logonId": "0xf9e4a27", "terminalSessionId": "1", "integrityLevel": "Medium", "hashes": "SHA256=039f061a0a8457629840c51a980a9a81619f45b1984ad63cfc90337c6aa3c36b", "parentProcessGuid": "{76e738d5-2896-a985-37c6-3653a4229a91}", "parentProcessId": "5826", "parentImage": "C:\\Windows\\explorer.exe", "parentCommandLine": "C:\\Windows\\Explorer.EXE", "parentUser": "MEDDEFENSE\\bill01", "agentName": "WS-BILL-01"}, "system": {"eventID": "1", "channel": "Microsoft-Windows-Sysmon/Operational", "computer": "WS-BILL-01", "providerName": "Microsoft-Windows-Sysmon", "providerGuid": "{5770385F-C22A-43E0-BF4C-06F5698FFBD9}", "userID": "S-1-5-18"}}}}
{"timestamp": "2026-05-05T09:49:39.000+00:00", "rule": {"id": "61603", "level": 5, "description": "Sysmon - Event: 1 - Process creation.", "groups": ["sysmon", "sysmon_event1"]}, "agent": {"id": "233", "name": "WS-RECV-03", "ip": "10.10.3.21"}, "manager": {"name": "log-srv-01"}, "id": "alert-1777974579-38001", "decoder": {"name": "sysmon-event"}, "data": {"win": {"eventdata": {"utcTime": "2026-05-05 09:49:39.000", "processGuid": "{2c657873-80d6-086c-fcf8-a08a41d7626d}", "processId": "38001", "image": "C:\\Windows\\explorer.exe", "commandLine": "C:\\Windows\\Explorer.EXE", "currentDirectory": "C:\\Windows\\System32\\", "user": "MEDDEFENSE\\records03", "logonGuid": "{fb935fc3-920b-986c-ef8c-75767b742e20}", "logonId": "0x8321635", "terminalSessionId": "1", "integrityLevel": "Medium", "hashes": "SHA256=e9554e45d7db0042accb6c73655bf19bfd3846190e2a1269fbe07baf01cdd840", "parentProcessGuid": "{ca82091d-db66-ca34-0edb-50ab63134629}", "parentProcessId": "18208", "parentImage": "C:\\Windows\\explorer.exe", "parentCommandLine": "C:\\Windows\\Explorer.EXE", "parentUser": "MEDDEFENSE\\records03", "agentName": "WS-RECV-03"}, "system": {"eventID": "1", "channel": "Microsoft-Windows-Sysmon/Operational", "computer": "WS-RECV-03", "providerName": "Microsoft-Windows-Sysmon", "providerGuid": "{5770385F-C22A-43E0-BF4C-06F5698FFBD9}", "userID": "S-1-5-18"}}}}
{"timestamp": "2026-05-05T09:52:17.000+00:00", "rule": {"id": "61612", "level": 3, "description": "Sysmon - Event: 13 - Registry value set.", "groups": ["sysmon", "sysmon_event_13"]}, "agent": {"id": "909", "name": "WS-RECV-02", "ip": "10.10.3.20"}, "manager": {"name": "log-srv-01"}, "id": "alert-1777974737-reg-11654", "decoder": {"name": "sysmon-event"}, "data": {"win": {"eventdata": {"utcTime": "2026-05-05 09:52:17.000", "eventType": "SetValue", "image": "C:\\Windows\\System32\\svchost.exe", "targetObject": "HKCU\\Software\\Microsoft\\Office\\16.0\\Word\\Value89", "details": "DWORD (0x00000001)"}, "system": {"eventID": "13", "channel": "Microsoft-Windows-Sysmon/Operational", "computer": "WS-RECV-02"}}}}
{"timestamp": "2026-05-05T09:54:45.000+00:00", "rule": {"id": "61603", "level": 5, "description": "Sysmon - Event: 1 - Process creation.", "groups": ["sysmon", "sysmon_event1"]}, "agent": {"id": "066", "name": "WS-DOC-01", "ip": "10.10.2.30"}, "manager": {"name": "log-srv-01"}, "id": "alert-1777974885-38642", "decoder": {"name": "sysmon-event"}, "data": {"win": {"eventdata": {"utcTime": "2026-05-05 09:54:45.000", "processGuid": "{37e1fa9c-d9a9-db7d-38f5-99b4819ec949}", "processId": "38642", "image": "C:\\Program Files\\Microsoft Office\\root\\Office16\\WINWORD.EXE", "commandLine": "\"WINWORD.EXE\"", "currentDirectory": "C:\\Windows\\System32\\", "user": "MEDDEFENSE\\kapoor", "logonGuid": "{423909ac-d605-561f-e61b-8806cbb57c21}", "logonId": "0x8be6b27", "terminalSessionId": "1", "integrityLevel": "Medium", "hashes": "SHA256=1ff28c586c434a88d6687b151e54e31dce3014bfb38abdb5a517cad2e5c0a717", "parentProcessGuid": "{d1946dfb-5935-ca33-bc79-8acc09e7c646}", "parentProcessId": "18548", "parentImage": "C:\\Windows\\explorer.exe", "parentCommandLine": "C:\\Windows\\Explorer.EXE", "parentUser": "MEDDEFENSE\\kapoor", "agentName": "WS-DOC-01"}, "system": {"eventID": "1", "channel": "Microsoft-Windows-Sysmon/Operational", "computer": "WS-DOC-01", "providerName": "Microsoft-Windows-Sysmon", "providerGuid": "{5770385F-C22A-43E0-BF4C-06F5698FFBD9}", "userID": "S-1-5-18"}}}}
{"timestamp": "2026-05-05T09:55:31.000+00:00", "rule": {"id": "61612", "level": 3, "description": "Sysmon - Event: 13 - Registry value set.", "groups": ["sysmon", "sysmon_event_13"]}, "agent": {"id": "314", "name": "WS-RECV-04", "ip": "10.10.3.22"}, "manager": {"name": "log-srv-01"}, "id": "alert-1777974931-reg-90538", "decoder": {"name": "sysmon-event"}, "data": {"win": {"eventdata": {"utcTime": "2026-05-05 09:55:31.000", "eventType": "SetValue", "image": "C:\\Windows\\System32\\TrustedInstaller.exe", "targetObject": "HKLM\\SYSTEM\\CurrentControlSet\\Services\\Value53", "details": "DWORD (0x00000000)"}, "system": {"eventID": "13", "channel": "Microsoft-Windows-Sysmon/Operational", "computer": "WS-RECV-04"}}}}
{"timestamp": "2026-05-05T09:59:18.000+00:00", "rule": {"id": "61612", "level": 3, "description": "Sysmon - Event: 13 - Registry value set.", "groups": ["sysmon", "sysmon_event_13"]}, "agent": {"id": "907", "name": "WS-BILL-01", "ip": "10.10.4.30"}, "manager": {"name": "log-srv-01"}, "id": "alert-1777975158-reg-62990", "decoder": {"name": "sysmon-event"}, "data": {"win": {"eventdata": {"utcTime": "2026-05-05 09:59:18.000", "eventType": "SetValue", "image": "C:\\Windows\\System32\\svchost.exe", "targetObject": "HKLM\\SYSTEM\\CurrentControlSet\\Services\\Value97", "details": "QWORD (0x00000064)"}, "system": {"eventID": "13", "channel": "Microsoft-Windows-Sysmon/Operational", "computer": "WS-BILL-01"}}}}
{"timestamp": "2026-05-05T10:06:03.000+00:00", "rule": {"id": "61603", "level": 5, "description": "Sysmon - Event: 1 - Process creation.", "groups": ["sysmon", "sysmon_event1"]}, "agent": {"id": "576", "name": "WS-NURSE-05", "ip": "10.10.2.16"}, "manager": {"name": "log-srv-01"}, "id": "alert-1777975563-55828", "decoder": {"name": "sysmon-event"}, "data": {"win": {"eventdata": {"utcTime": "2026-05-05 10:06:03.000", "processGuid": "{65340648-87c1-340c-15d9-aa16bcbcd49c}", "processId": "55828", "image": "C:\\Program Files\\Google\\Chrome\\Application\\chrome.exe", "commandLine": "\"chrome.exe\"", "currentDirectory": "C:\\Windows\\System32\\", "user": "MEDDEFENSE\\nurse05", "logonGuid": "{d885b517-b21b-f31b-5818-28e58e0e2340}", "logonId": "0x6091053", "terminalSessionId": "1", "integrityLevel": "Medium", "hashes": "SHA256=32f106f6d5a8d7b1bd93c2a09d62f75fcf3328d1b86f941870f551a4173808ed", "parentProcessGuid": "{2097b405-6856-60f4-12d0-3baa068c10f4}", "parentProcessId": "60569", "parentImage": "C:\\Windows\\explorer.exe", "parentCommandLine": "C:\\Windows\\Explorer.EXE", "parentUser": "MEDDEFENSE\\nurse05", "agentName": "WS-NURSE-05"}, "system": {"eventID": "1", "channel": "Microsoft-Windows-Sysmon/Operational", "computer": "WS-NURSE-05", "providerName": "Microsoft-Windows-Sysmon", "providerGuid": "{5770385F-C22A-43E0-BF4C-06F5698FFBD9}", "userID": "S-1-5-18"}}}}
{"timestamp": "2026-05-05T10:07:36.000+00:00", "rule": {"id": "61603", "level": 5, "description": "Sysmon - Event: 1 - Process creation.", "groups": ["sysmon", "sysmon_event1"]}, "agent": {"id": "773", "name": "WS-DOC-02", "ip": "10.10.2.31"}, "manager": {"name": "log-srv-01"}, "id": "alert-1777975656-30551", "decoder": {"name": "sysmon-event"}, "data": {"win": {"eventdata": {"utcTime": "2026-05-05 10:07:36.000", "processGuid": "{4f89afa3-dc78-bef9-d5c2-93e1e9d3cab0}", "processId": "30551", "image": "C:\\Windows\\explorer.exe", "commandLine": "C:\\Windows\\Explorer.EXE", "currentDirectory": "C:\\Windows\\System32\\", "user": "MEDDEFENSE\\flores", "logonGuid": "{30a3b8f3-ce36-fad5-c4ed-48be61eb9efe}", "logonId": "0xe5a5c2e", "terminalSessionId": "1", "integrityLevel": "Medium", "hashes": "SHA256=ff2dbf52d4c7e8db6079fc7ad26e7835490136207f96d69688411ec2bf9100f3", "parentProcessGuid": "{31b4e9f1-69b7-e24d-88d5-0d630daf0b85}", "parentProcessId": "35727", "parentImage": "C:\\Windows\\explorer.exe", "parentCommandLine": "C:\\Windows\\Explorer.EXE", "parentUser": "MEDDEFENSE\\flores", "agentName": "WS-DOC-02"}, "system": {"eventID": "1", "channel": "Microsoft-Windows-Sysmon/Operational", "computer": "WS-DOC-02", "providerName": "Microsoft-Windows-Sysmon", "providerGuid": "{5770385F-C22A-43E0-BF4C-06F5698FFBD9}", "userID": "S-1-5-18"}}}}
{"timestamp": "2026-05-05T10:15:04.000+00:00", "rule": {"id": "61603", "level": 5, "description": "Sysmon - Event: 1 - Process creation.", "groups": ["sysmon", "sysmon_event1"]}, "agent": {"id": "773", "name": "WS-DOC-02", "ip": "10.10.2.31"}, "manager": {"name": "log-srv-01"}, "id": "alert-1777976104-53522", "decoder": {"name": "sysmon-event"}, "data": {"win": {"eventdata": {"utcTime": "2026-05-05 10:15:04.000", "processGuid": "{78d92675-ab79-ce46-de51-59a9a9a5565e}", "processId": "53522", "image": "C:\\Program Files\\Microsoft Office\\root\\Office16\\WINWORD.EXE", "commandLine": "\"WINWORD.EXE\"", "currentDirectory": "C:\\Windows\\System32\\", "user": "MEDDEFENSE\\flores", "logonGuid": "{7cb27370-5827-3d9d-084b-843652279f20}", "logonId": "0x82249d6", "terminalSessionId": "1", "integrityLevel": "Medium", "hashes": "SHA256=a749b8e0759f048cacb0b8e6aa69195ae0834d68d7958b8797351c334a2239c1", "parentProcessGuid": "{8ac1b1c5-5c08-d069-9c67-fe9c8a9b6540}", "parentProcessId": "51491", "parentImage": "C:\\Windows\\explorer.exe", "parentCommandLine": "C:\\Windows\\Explorer.EXE", "parentUser": "MEDDEFENSE\\flores", "agentName": "WS-DOC-02"}, "system": {"eventID": "1", "channel": "Microsoft-Windows-Sysmon/Operational", "computer": "WS-DOC-02", "providerName": "Microsoft-Windows-Sysmon", "providerGuid": "{5770385F-C22A-43E0-BF4C-06F5698FFBD9}", "userID": "S-1-5-18"}}}}
{"timestamp": "2026-05-05T10:15:39.000+00:00", "rule": {"id": "61612", "level": 3, "description": "Sysmon - Event: 13 - Registry value set.", "groups": ["sysmon", "sysmon_event_13"]}, "agent": {"id": "696", "name": "WS-NURSE-04", "ip": "10.10.2.15"}, "manager": {"name": "log-srv-01"}, "id": "alert-1777976139-reg-96156", "decoder": {"name": "sysmon-event"}, "data": {"win": {"eventdata": {"utcTime": "2026-05-05 10:15:39.000", "eventType": "SetValue", "image": "C:\\Windows\\System32\\svchost.exe", "targetObject": "HKLM\\SOFTWARE\\Microsoft\\Windows\\CurrentVersion\\Uninstall\\Value12", "details": "QWORD (0x00000064)"}, "system": {"eventID": "13", "channel": "Microsoft-Windows-Sysmon/Operational", "computer": "WS-NURSE-04"}}}}
{"timestamp": "2026-05-05T10:25:46.000+00:00", "rule": {"id": "61612", "level": 3, "description": "Sysmon - Event: 13 - Registry value set.", "groups": ["sysmon", "sysmon_event_13"]}, "agent": {"id": "794", "name": "WS-BILL-02", "ip": "10.10.4.33"}, "manager": {"name": "log-srv-01"}, "id": "alert-1777976746-reg-23485", "decoder": {"name": "sysmon-event"}, "data": {"win": {"eventdata": {"utcTime": "2026-05-05 10:25:46.000", "eventType": "SetValue", "image": "C:\\Windows\\System32\\TrustedInstaller.exe", "targetObject": "HKLM\\SYSTEM\\CurrentControlSet\\Services\\Value94", "details": "DWORD (0x00000000)"}, "system": {"eventID": "13", "channel": "Microsoft-Windows-Sysmon/Operational", "computer": "WS-BILL-02"}}}}
{"timestamp": "2026-05-05T10:26:14.000+00:00", "rule": {"id": "61603", "level": 5, "description": "Sysmon - Event: 1 - Process creation.", "groups": ["sysmon", "sysmon_event1"]}, "agent": {"id": "576", "name": "WS-NURSE-05", "ip": "10.10.2.16"}, "manager": {"name": "log-srv-01"}, "id": "alert-1777976774-27561", "decoder": {"name": "sysmon-event"}, "data": {"win": {"eventdata": {"utcTime": "2026-05-05 10:26:14.000", "processGuid": "{d296f794-7682-0483-890b-ff84b408cb6a}", "processId": "27561", "image": "C:\\Program Files\\Microsoft Office\\root\\Office16\\OUTLOOK.EXE", "commandLine": "\"OUTLOOK.EXE\"", "currentDirectory": "C:\\Windows\\System32\\", "user": "MEDDEFENSE\\nurse05", "logonGuid": "{c0703d98-bdad-b7fd-6c3b-35c5e9b6c6bf}", "logonId": "0x4ebc40b", "terminalSessionId": "1", "integrityLevel": "Medium", "hashes": "SHA256=75a46c96c05ebf9b490d708bdb3350a6fdd0b5173e7133b8289fb0314443936d", "parentProcessGuid": "{2ef944a2-c745-1b5d-0acf-dc919bb68182}", "parentProcessId": "1434", "parentImage": "C:\\Windows\\explorer.exe", "parentCommandLine": "C:\\Windows\\Explorer.EXE", "parentUser": "MEDDEFENSE\\nurse05", "agentName": "WS-NURSE-05"}, "system": {"eventID": "1", "channel": "Microsoft-Windows-Sysmon/Operational", "computer": "WS-NURSE-05", "providerName": "Microsoft-Windows-Sysmon", "providerGuid": "{5770385F-C22A-43E0-BF4C-06F5698FFBD9}", "userID": "S-1-5-18"}}}}
{"timestamp": "2026-05-05T10:29:16.000+00:00", "rule": {"id": "61603", "level": 5, "description": "Sysmon - Event: 1 - Process creation.", "groups": ["sysmon", "sysmon_event1"]}, "agent": {"id": "576", "name": "WS-NURSE-05", "ip": "10.10.2.16"}, "manager": {"name": "log-srv-01"}, "id": "alert-1777976956-20876", "decoder": {"name": "sysmon-event"}, "data": {"win": {"eventdata": {"utcTime": "2026-05-05 10:29:16.000", "processGuid": "{454837c4-fcc1-3c7d-e43b-2de64b99c869}", "processId": "20876", "image": "C:\\Program Files\\Google\\Chrome\\Application\\chrome.exe", "commandLine": "\"chrome.exe\"", "currentDirectory": "C:\\Windows\\System32\\", "user": "MEDDEFENSE\\nurse05", "logonGuid": "{a366d2c6-08b4-48eb-036d-c8ac3360a2c9}", "logonId": "0x9a330c4", "terminalSessionId": "1", "integrityLevel": "Medium", "hashes": "SHA256=b1af20f3fe3a53bd0fb82b89608846c1dc9ff95c1a20e757c4db763ad199a1f7", "parentProcessGuid": "{b155e250-782a-5070-7481-532abeb4e9a8}", "parentProcessId": "51113", "parentImage": "C:\\Windows\\explorer.exe", "parentCommandLine": "C:\\Windows\\Explorer.EXE", "parentUser": "MEDDEFENSE\\nurse05", "agentName": "WS-NURSE-05"}, "system": {"eventID": "1", "channel": "Microsoft-Windows-Sysmon/Operational", "computer": "WS-NURSE-05", "providerName": "Microsoft-Windows-Sysmon", "providerGuid": "{5770385F-C22A-43E0-BF4C-06F5698FFBD9}", "userID": "S-1-5-18"}}}}
{"timestamp": "2026-05-05T10:44:01.000+00:00", "rule": {"id": "61605", "level": 3, "description": "Sysmon - Event: 3 - Network connection.", "groups": ["sysmon", "sysmon_event3"]}, "agent": {"id": "329", "name": "WS-NURSE-06", "ip": "10.10.2.17"}, "manager": {"name": "log-srv-01"}, "id": "alert-1777977841-net-59563", "decoder": {"name": "sysmon-event"}, "data": {"win": {"eventdata": {"utcTime": "2026-05-05 10:44:01.000", "image": "C:\\Windows\\System32\\svchost.exe", "user": "MEDDEFENSE\\system", "protocol": "tcp", "initiated": "true", "sourceIp": "10.10.2.17", "sourcePort": "52756", "destinationIp": "10.10.20.25", "destinationPort": "88", "destinationHostname": "SRV-INS-DB"}, "system": {"eventID": "3", "channel": "Microsoft-Windows-Sysmon/Operational", "computer": "WS-NURSE-06"}}}, "hunt_meta": null}
{"timestamp": "2026-05-05T10:47:49.000+00:00", "rule": {"id": "61613", "level": 3, "description": "Sysmon - Event: 11 - File created.", "groups": ["sysmon", "sysmon_event_11"]}, "agent": {"id": "845", "name": "WS-AP-07", "ip": "10.10.4.41"}, "manager": {"name": "log-srv-01"}, "id": "alert-1777978069-fc-89646", "decoder": {"name": "sysmon-event"}, "data": {"win": {"eventdata": {"utcTime": "2026-05-05 10:47:49.000", "image": "C:\\Program Files\\Microsoft Office\\root\\Office16\\OUTLOOK.EXE", "targetFilename": "C:\\Users\\arivera\\AppData\\Local\\Temp\\OICE_9161.tmp", "creationUtcTime": "2026-05-05 10:47:49.000"}, "system": {"eventID": "11", "channel": "Microsoft-Windows-Sysmon/Operational", "computer": "WS-AP-07"}}}}
{"timestamp": "2026-05-05T10:49:50.000+00:00", "rule": {"id": "61603", "level": 5, "description": "Sysmon - Event: 1 - Process creation.", "groups": ["sysmon", "sysmon_event1"]}, "agent": {"id": "829", "name": "WS-HELPDESK-01", "ip": "10.10.9.20"}, "manager": {"name": "log-srv-01"}, "id": "alert-1777978190-59928", "decoder": {"name": "sysmon-event"}, "data": {"win": {"eventdata": {"utcTime": "2026-05-05 10:49:50.000", "processGuid": "{39466295-f0c7-ddd4-3271-7db3459b4433}", "processId": "59928", "image": "C:\\Program Files\\Google\\Chrome\\Application\\chrome.exe", "commandLine": "\"chrome.exe\"", "currentDirectory": "C:\\Windows\\System32\\", "user": "MEDDEFENSE\\helpdesk01", "logonGuid": "{e019f1fe-f154-98b4-16ef-4a9ac31595fa}", "logonId": "0x2a166fb", "terminalSessionId": "1", "integrityLevel": "Medium", "hashes": "SHA256=19ab199f5ed3a07d836040fdf4834f4a8afffc6a0fb2466cf28a32500da1d8ff", "parentProcessGuid": "{a7e6bcdc-fc5e-27b3-138a-48441e2caeba}", "parentProcessId": "64647", "parentImage": "C:\\Windows\\explorer.exe", "parentCommandLine": "C:\\Windows\\Explorer.EXE", "parentUser": "MEDDEFENSE\\helpdesk01", "agentName": "WS-HELPDESK-01"}, "system": {"eventID": "1", "channel": "Microsoft-Windows-Sysmon/Operational", "computer": "WS-HELPDESK-01", "providerName": "Microsoft-Windows-Sysmon", "providerGuid": "{5770385F-C22A-43E0-BF4C-06F5698FFBD9}", "userID": "S-1-5-18"}}}}
{"timestamp": "2026-05-05T10:57:07.000+00:00", "rule": {"id": "61605", "level": 3, "description": "Sysmon - Event: 3 - Network connection.", "groups": ["sysmon", "sysmon_event3"]}, "agent": {"id": "773", "name": "WS-DOC-02", "ip": "10.10.2.31"}, "manager": {"name": "log-srv-01"}, "id": "alert-1777978627-net-37208", "decoder": {"name": "sysmon-event"}, "data": {"win": {"eventdata": {"utcTime": "2026-05-05 10:57:07.000", "image": "C:\\Windows\\System32\\svchost.exe", "user": "MEDDEFENSE\\system", "protocol": "tcp", "initiated": "true", "sourceIp": "10.10.2.31", "sourcePort": "58453", "destinationIp": "10.10.20.15", "destinationPort": "53", "destinationHostname": "SRV-HEALTH-DB"}, "system": {"eventID": "3", "channel": "Microsoft-Windows-Sysmon/Operational", "computer": "WS-DOC-02"}}}, "hunt_meta": null}
{"timestamp": "2026-05-05T11:01:17.000+00:00", "rule": {"id": "61603", "level": 5, "description": "Sysmon - Event: 1 - Process creation.", "groups": ["sysmon", "sysmon_event1"]}, "agent": {"id": "066", "name": "WS-DOC-01", "ip": "10.10.2.30"}, "manager": {"name": "log-srv-01"}, "id": "alert-1777978877-40539", "decoder": {"name": "sysmon-event"}, "data": {"win": {"eventdata": {"utcTime": "2026-05-05 11:01:17.000", "processGuid": "{4450952a-6301-92a2-3b5e-1f5a5f0134b5}", "processId": "40539", "image": "C:\\Program Files\\Microsoft Office\\root\\Office16\\WINWORD.EXE", "commandLine": "\"WINWORD.EXE\"", "currentDirectory": "C:\\Windows\\System32\\", "user": "MEDDEFENSE\\kapoor", "logonGuid": "{e58a29cd-9945-c9b4-ad51-098ea4348259}", "logonId": "0x61028b0", "terminalSessionId": "1", "integrityLevel": "Medium", "hashes": "SHA256=3fab335cdf3dfba609568a9ea1b90924e8bf467156c7198145cc634ba3744ccd", "parentProcessGuid": "{b3d7d48b-4d9e-6ace-2183-056b2a01f4b4}", "parentProcessId": "58675", "parentImage": "C:\\Windows\\explorer.exe", "parentCommandLine": "C:\\Windows\\Explorer.EXE", "parentUser": "MEDDEFENSE\\kapoor", "agentName": "WS-DOC-01"}, "system": {"eventID": "1", "channel": "Microsoft-Windows-Sysmon/Operational", "computer": "WS-DOC-01", "providerName": "Microsoft-Windows-Sysmon", "providerGuid": "{5770385F-C22A-43E0-BF4C-06F5698FFBD9}", "userID": "S-1-5-18"}}}}
{"timestamp": "2026-05-05T11:09:25.000+00:00", "rule": {"id": "61603", "level": 5, "description": "Sysmon - Event: 1 - Process creation.", "groups": ["sysmon", "sysmon_event1"]}, "agent": {"id": "907", "name": "WS-BILL-01", "ip": "10.10.4.30"}, "manager": {"name": "log-srv-01"}, "id": "alert-1777979365-61137", "decoder": {"name": "sysmon-event"}, "data": {"win": {"eventdata": {"utcTime": "2026-05-05 11:09:25.000", "processGuid": "{f047e617-550c-aca5-cf62-db4529d0f449}", "processId": "61137", "image": "C:\\Program Files\\Google\\Chrome\\Application\\chrome.exe", "commandLine": "\"chrome.exe\"", "currentDirectory": "C:\\Windows\\System32\\", "user": "MEDDEFENSE\\bill01", "logonGuid": "{72b94e73-4b73-cedf-d136-3bc6128b2dce}", "logonId": "0x3961de0", "terminalSessionId": "1", "integrityLevel": "Medium", "hashes": "SHA256=e657d10266de6231b8ccb4f67559daa7b34819986648e1e336ed1d55df6c159e", "parentProcessGuid": "{977e8ab9-8795-8c4c-3138-d3a78689c642}", "parentProcessId": "5865", "parentImage": "C:\\Windows\\explorer.exe", "parentCommandLine": "C:\\Windows\\Explorer.EXE", "parentUser": "MEDDEFENSE\\bill01", "agentName": "WS-BILL-01"}, "system": {"eventID": "1", "channel": "Microsoft-Windows-Sysmon/Operational", "computer": "WS-BILL-01", "providerName": "Microsoft-Windows-Sysmon", "providerGuid": "{5770385F-C22A-43E0-BF4C-06F5698FFBD9}", "userID": "S-1-5-18"}}}}
{"timestamp": "2026-05-05T11:11:40.000+00:00", "rule": {"id": "61603", "level": 5, "description": "Sysmon - Event: 1 - Process creation.", "groups": ["sysmon", "sysmon_event1"]}, "agent": {"id": "631", "name": "WS-NURSE-01", "ip": "10.10.2.11"}, "manager": {"name": "log-srv-01"}, "id": "alert-1777979500-11675", "decoder": {"name": "sysmon-event"}, "data": {"win": {"eventdata": {"utcTime": "2026-05-05 11:11:40.000", "processGuid": "{a8d55d77-2c15-70c3-f7f3-17e330557829}", "processId": "11675", "image": "C:\\Windows\\System32\\svchost.exe", "commandLine": "C:\\Windows\\System32\\svchost.exe -k netsvcs", "currentDirectory": "C:\\Windows\\System32\\", "user": "MEDDEFENSE\\nurse01", "logonGuid": "{b1d8a877-3f9b-615d-f89c-adde3df8381e}", "logonId": "0x1d90991", "terminalSessionId": "1", "integrityLevel": "Medium", "hashes": "SHA256=973b76ef111e310b0048cd7cf61b21877c612a5f1fa335f9b1545331952ecdfb", "parentProcessGuid": "{7bb425b8-fbe8-61ec-261d-b8517d4beac7}", "parentProcessId": "16633", "parentImage": "C:\\Windows\\explorer.exe", "parentCommandLine": "C:\\Windows\\Explorer.EXE", "parentUser": "MEDDEFENSE\\nurse01", "agentName": "WS-NURSE-01"}, "system": {"eventID": "1", "channel": "Microsoft-Windows-Sysmon/Operational", "computer": "WS-NURSE-01", "providerName": "Microsoft-Windows-Sysmon", "providerGuid": "{5770385F-C22A-43E0-BF4C-06F5698FFBD9}", "userID": "S-1-5-18"}}}}
{"timestamp": "2026-05-05T11:15:17.000+00:00", "rule": {"id": "61605", "level": 3, "description": "Sysmon - Event: 3 - Network connection.", "groups": ["sysmon", "sysmon_event3"]}, "agent": {"id": "329", "name": "WS-NURSE-06", "ip": "10.10.2.17"}, "manager": {"name": "log-srv-01"}, "id": "alert-1777979717-net-13248", "decoder": {"name": "sysmon-event"}, "data": {"win": {"eventdata": {"utcTime": "2026-05-05 11:15:17.000", "image": "C:\\Windows\\System32\\svchost.exe", "user": "MEDDEFENSE\\system", "protocol": "tcp", "initiated": "true", "sourceIp": "10.10.2.17", "sourcePort": "59598", "destinationIp": "10.10.20.50", "destinationPort": "5985", "destinationHostname": "SRV-FILE-01"}, "system": {"eventID": "3", "channel": "Microsoft-Windows-Sysmon/Operational", "computer": "WS-NURSE-06"}}}, "hunt_meta": null}
{"timestamp": "2026-05-05T11:24:10.000+00:00", "rule": {"id": "61605", "level": 3, "description": "Sysmon - Event: 3 - Network connection.", "groups": ["sysmon", "sysmon_event3"]}, "agent": {"id": "272", "name": "WS-ADMIN-01", "ip": "10.10.9.10"}, "manager": {"name": "log-srv-01"}, "id": "alert-1777980250-net-48912", "decoder": {"name": "sysmon-event"}, "data": {"win": {"eventdata": {"utcTime": "2026-05-05 11:24:10.000", "image": "C:\\Windows\\System32\\svchost.exe", "user": "MEDDEFENSE\\system", "protocol": "tcp", "initiated": "true", "sourceIp": "10.10.9.10", "sourcePort": "57148", "destinationIp": "10.10.20.5", "destinationPort": "53", "destinationHostname": "SRV-DC-01"}, "system": {"eventID": "3", "channel": "Microsoft-Windows-Sysmon/Operational", "computer": "WS-ADMIN-01"}}}, "hunt_meta": null}
{"timestamp": "2026-05-05T11:28:29.000+00:00", "rule": {"id": "61605", "level": 3, "description": "Sysmon - Event: 3 - Network connection.", "groups": ["sysmon", "sysmon_event3"]}, "agent": {"id": "631", "name": "WS-NURSE-01", "ip": "10.10.2.11"}, "manager": {"name": "log-srv-01"}, "id": "alert-1777980509-net-49713", "decoder": {"name": "sysmon-event"}, "data": {"win": {"eventdata": {"utcTime": "2026-05-05 11:28:29.000", "image": "C:\\Windows\\System32\\svchost.exe", "user": "MEDDEFENSE\\system", "protocol": "tcp", "initiated": "true", "sourceIp": "10.10.2.11", "sourcePort": "49831", "destinationIp": "10.10.20.60", "destinationPort": "5985", "destinationHostname": "SRV-PATCH-01"}, "system": {"eventID": "3", "channel": "Microsoft-Windows-Sysmon/Operational", "computer": "WS-NURSE-01"}}}, "hunt_meta": null}
{"timestamp": "2026-05-05T11:31:03.000+00:00", "rule": {"id": "61603", "level": 5, "description": "Sysmon - Event: 1 - Process creation.", "groups": ["sysmon", "sysmon_event1"]}, "agent": {"id": "329", "name": "WS-NURSE-06", "ip": "10.10.2.17"}, "manager": {"name": "log-srv-01"}, "id": "alert-1777980663-38580", "decoder": {"name": "sysmon-event"}, "data": {"win": {"eventdata": {"utcTime": "2026-05-05 11:31:03.000", "processGuid": "{7de75bbc-c08e-446c-e1ef-6ea03ad72a6b}", "processId": "38580", "image": "C:\\Windows\\explorer.exe", "commandLine": "C:\\Windows\\Explorer.EXE", "currentDirectory": "C:\\Windows\\System32\\", "user": "MEDDEFENSE\\nurse06", "logonGuid": "{980a11ae-0c0c-4ef1-bacf-b3f895c018de}", "logonId": "0x9ea1ce5", "terminalSessionId": "1", "integrityLevel": "Medium", "hashes": "SHA256=60f25d3d070df11bee4ae92b2ec32bf5dfac5b0fa98dcb11024a885ac56c4844", "parentProcessGuid": "{ed0b0135-5ce3-44ac-68ba-aaef5a474aad}", "parentProcessId": "42638", "parentImage": "C:\\Windows\\explorer.exe", "parentCommandLine": "C:\\Windows\\Explorer.EXE", "parentUser": "MEDDEFENSE\\nurse06", "agentName": "WS-NURSE-06"}, "system": {"eventID": "1", "channel": "Microsoft-Windows-Sysmon/Operational", "computer": "WS-NURSE-06", "providerName": "Microsoft-Windows-Sysmon", "providerGuid": "{5770385F-C22A-43E0-BF4C-06F5698FFBD9}", "userID": "S-1-5-18"}}}}
{"timestamp": "2026-05-05T11:31:58.000+00:00", "rule": {"id": "61603", "level": 5, "description": "Sysmon - Event: 1 - Process creation.", "groups": ["sysmon", "sysmon_event1"]}, "agent": {"id": "066", "name": "WS-DOC-01", "ip": "10.10.2.30"}, "manager": {"name": "log-srv-01"}, "id": "alert-1777980718-3525", "decoder": {"name": "sysmon-event"}, "data": {"win": {"eventdata": {"utcTime": "2026-05-05 11:31:58.000", "processGuid": "{526d4dee-ad28-e815-ba67-2026d53f90df}", "processId": "3525", "image": "C:\\Program Files\\Microsoft Office\\root\\Office16\\OUTLOOK.EXE", "commandLine": "\"OUTLOOK.EXE\"", "currentDirectory": "C:\\Windows\\System32\\", "user": "MEDDEFENSE\\kapoor", "logonGuid": "{792647e6-a36f-568f-2508-9ad5cc1f214f}", "logonId": "0xdc5d6ca", "terminalSessionId": "1", "integrityLevel": "Medium", "hashes": "SHA256=5e964cd3a6e6f5c4f6825e64562bf8c7de9fb588bc623c6d4b7c8428e42dcb95", "parentProcessGuid": "{1f24dadc-1b35-5025-267e-070b1c9a014b}", "parentProcessId": "60335", "parentImage": "C:\\Windows\\explorer.exe", "parentCommandLine": "C:\\Windows\\Explorer.EXE", "parentUser": "MEDDEFENSE\\kapoor", "agentName": "WS-DOC-01"}, "system": {"eventID": "1", "channel": "Microsoft-Windows-Sysmon/Operational", "computer": "WS-DOC-01", "providerName": "Microsoft-Windows-Sysmon", "providerGuid": "{5770385F-C22A-43E0-BF4C-06F5698FFBD9}", "userID": "S-1-5-18"}}}}
{"timestamp": "2026-05-05T11:36:42.000+00:00", "rule": {"id": "61613", "level": 3, "description": "Sysmon - Event: 11 - File created.", "groups": ["sysmon", "sysmon_event_11"]}, "agent": {"id": "576", "name": "WS-NURSE-05", "ip": "10.10.2.16"}, "manager": {"name": "log-srv-01"}, "id": "alert-1777981002-fc-88859", "decoder": {"name": "sysmon-event"}, "data": {"win": {"eventdata": {"utcTime": "2026-05-05 11:36:42.000", "image": "C:\\Program Files\\Microsoft Office\\root\\Office16\\OUTLOOK.EXE", "targetFilename": "C:\\Users\\nurse05\\AppData\\Local\\Temp\\OICE_4445.tmp", "creationUtcTime": "2026-05-05 11:36:42.000"}, "system": {"eventID": "11", "channel": "Microsoft-Windows-Sysmon/Operational", "computer": "WS-NURSE-05"}}}}
{"timestamp": "2026-05-05T11:40:33.000+00:00", "rule": {"id": "61603", "level": 5, "description": "Sysmon - Event: 1 - Process creation.", "groups": ["sysmon", "sysmon_event1"]}, "agent": {"id": "329", "name": "WS-NURSE-06", "ip": "10.10.2.17"}, "manager": {"name": "log-srv-01"}, "id": "alert-1777981233-39751", "decoder": {"name": "sysmon-event"}, "data": {"win": {"eventdata": {"utcTime": "2026-05-05 11:40:33.000", "processGuid": "{c5a7e673-f981-d3d4-d937-a66b60671f30}", "processId": "39751", "image": "C:\\Windows\\System32\\svchost.exe", "commandLine": "C:\\Windows\\System32\\svchost.exe -k netsvcs", "currentDirectory": "C:\\Windows\\System32\\", "user": "MEDDEFENSE\\nurse06", "logonGuid": "{575a1fae-e5f9-3001-14a0-6c1d02b216e5}", "logonId": "0x1cd1f33", "terminalSessionId": "1", "integrityLevel": "Medium", "hashes": "SHA256=7692d8e918886b5455525786fc8b9c8aa7d31063f78d3e6bb5715c2311ba56fa", "parentProcessGuid": "{d1ba1ae5-2023-e750-c95e-499c53344244}", "parentProcessId": "16132", "parentImage": "C:\\Windows\\explorer.exe", "parentCommandLine": "C:\\Windows\\Explorer.EXE", "parentUser": "MEDDEFENSE\\nurse06", "agentName": "WS-NURSE-06"}, "system": {"eventID": "1", "channel": "Microsoft-Windows-Sysmon/Operational", "computer": "WS-NURSE-06", "providerName": "Microsoft-Windows-Sysmon", "providerGuid": "{5770385F-C22A-43E0-BF4C-06F5698FFBD9}", "userID": "S-1-5-18"}}}}
{"timestamp": "2026-05-05T11:46:31.000+00:00", "rule": {"id": "61603", "level": 5, "description": "Sysmon - Event: 1 - Process creation.", "groups": ["sysmon", "sysmon_event1"]}, "agent": {"id": "561", "name": "WS-HELPDESK-02", "ip": "10.10.9.21"}, "manager": {"name": "log-srv-01"}, "id": "alert-1777981591-34043", "decoder": {"name": "sysmon-event"}, "data": {"win": {"eventdata": {"utcTime": "2026-05-05 11:46:31.000", "processGuid": "{40662b3b-c181-5ea2-51a8-f405db861927}", "processId": "34043", "image": "C:\\Windows\\explorer.exe", "commandLine": "C:\\Windows\\Explorer.EXE", "currentDirectory": "C:\\Windows\\System32\\", "user": "MEDDEFENSE\\helpdesk02", "logonGuid": "{83dfa2c2-b1b5-0713-2221-1ff1ea70f45f}", "logonId": "0x4e73b3d", "terminalSessionId": "1", "integrityLevel": "Medium", "hashes": "SHA256=fd227f0f20907b1a251bd2db38d15087accd09aea1b760f3ea9763648fc8a136", "parentProcessGuid": "{4588281d-a3f3-31c6-fad1-9d3fc227fcfd}", "parentProcessId": "45817", "parentImage": "C:\\Windows\\explorer.exe", "parentCommandLine": "C:\\Windows\\Explorer.EXE", "parentUser": "MEDDEFENSE\\helpdesk02", "agentName": "WS-HELPDESK-02"}, "system": {"eventID": "1", "channel": "Microsoft-Windows-Sysmon/Operational", "computer": "WS-HELPDESK-02", "providerName": "Microsoft-Windows-Sysmon", "providerGuid": "{5770385F-C22A-43E0-BF4C-06F5698FFBD9}", "userID": "S-1-5-18"}}}}
{"timestamp": "2026-05-05T11:48:16.000+00:00", "rule": {"id": "61603", "level": 5, "description": "Sysmon - Event: 1 - Process creation.", "groups": ["sysmon", "sysmon_event1"]}, "agent": {"id": "817", "name": "WS-RECV-01", "ip": "10.10.3.19"}, "manager": {"name": "log-srv-01"}, "id": "alert-1777981696-45720", "decoder": {"name": "sysmon-event"}, "data": {"win": {"eventdata": {"utcTime": "2026-05-05 11:48:16.000", "processGuid": "{a2da3ed4-6e39-aa05-53ee-390e4f4ced27}", "processId": "45720", "image": "C:\\Program Files\\Microsoft Office\\root\\Office16\\OUTLOOK.EXE", "commandLine": "\"OUTLOOK.EXE\"", "currentDirectory": "C:\\Windows\\System32\\", "user": "MEDDEFENSE\\records01", "logonGuid": "{b1eee9b1-19f1-9f4f-9bcc-67df7d6043b3}", "logonId": "0x45f60f8", "terminalSessionId": "1", "integrityLevel": "Medium", "hashes": "SHA256=e5926db1941612513a1550bef4b25f3e150e509c7ee229b22fcfc6dfd5c4ef2c", "parentProcessGuid": "{7aaf0ebe-8092-47a7-af3c-a8838489308a}", "parentProcessId": "43718", "parentImage": "C:\\Windows\\explorer.exe", "parentCommandLine": "C:\\Windows\\Explorer.EXE", "parentUser": "MEDDEFENSE\\records01", "agentName": "WS-RECV-01"}, "system": {"eventID": "1", "channel": "Microsoft-Windows-Sysmon/Operational", "computer": "WS-RECV-01", "providerName": "Microsoft-Windows-Sysmon", "providerGuid": "{5770385F-C22A-43E0-BF4C-06F5698FFBD9}", "userID": "S-1-5-18"}}}}
{"timestamp": "2026-05-05T11:49:10.000+00:00", "rule": {"id": "61603", "level": 5, "description": "Sysmon - Event: 1 - Process creation.", "groups": ["sysmon", "sysmon_event1"]}, "agent": {"id": "829", "name": "WS-HELPDESK-01", "ip": "10.10.9.20"}, "manager": {"name": "log-srv-01"}, "id": "alert-1777981750-12651", "decoder": {"name": "sysmon-event"}, "data": {"win": {"eventdata": {"utcTime": "2026-05-05 11:49:10.000", "processGuid": "{47ba2216-d739-2353-794c-fc4a2a99914b}", "processId": "12651", "image": "C:\\Program Files\\Microsoft Office\\root\\Office16\\OUTLOOK.EXE", "commandLine": "\"OUTLOOK.EXE\"", "currentDirectory": "C:\\Windows\\System32\\", "user": "MEDDEFENSE\\helpdesk01", "logonGuid": "{50c718c7-1405-6ba6-a857-eca308010d04}", "logonId": "0x94632fc", "terminalSessionId": "1", "integrityLevel": "Medium", "hashes": "SHA256=985730dcb529c35a6c693f14e2f2bf60ccb3135951c0851fcdd3425ae917c06e", "parentProcessGuid": "{ce23c66b-cd85-e8a3-c5c7-332d97835308}", "parentProcessId": "32910", "parentImage": "C:\\Windows\\explorer.exe", "parentCommandLine": "C:\\Windows\\Explorer.EXE", "parentUser": "MEDDEFENSE\\helpdesk01", "agentName": "WS-HELPDESK-01"}, "system": {"eventID": "1", "channel": "Microsoft-Windows-Sysmon/Operational", "computer": "WS-HELPDESK-01", "providerName": "Microsoft-Windows-Sysmon", "providerGuid": "{5770385F-C22A-43E0-BF4C-06F5698FFBD9}", "userID": "S-1-5-18"}}}}
{"timestamp": "2026-05-05T11:50:03.000+00:00", "rule": {"id": "61603", "level": 5, "description": "Sysmon - Event: 1 - Process creation.", "groups": ["sysmon", "sysmon_event1"]}, "agent": {"id": "773", "name": "WS-DOC-02", "ip": "10.10.2.31"}, "manager": {"name": "log-srv-01"}, "id": "alert-1777981803-46567", "decoder": {"name": "sysmon-event"}, "data": {"win": {"eventdata": {"utcTime": "2026-05-05 11:50:03.000", "processGuid": "{3f0d3f27-89b5-561a-aa9e-af27b56fac51}", "processId": "46567", "image": "C:\\Windows\\System32\\svchost.exe", "commandLine": "C:\\Windows\\System32\\svchost.exe -k netsvcs", "currentDirectory": "C:\\Windows\\System32\\", "user": "MEDDEFENSE\\flores", "logonGuid": "{afdd80f4-17c8-b53c-9965-a8198049e83d}", "logonId": "0x90e62db", "terminalSessionId": "1", "integrityLevel": "Medium", "hashes": "SHA256=e889779b2eac39b55f1e2097e18d1ac504c98b5fa47720aba0648807d32453e6", "parentProcessGuid": "{0d8d7a7d-2f4d-547c-8096-2a04d28f31e6}", "parentProcessId": "2103", "parentImage": "C:\\Windows\\explorer.exe", "parentCommandLine": "C:\\Windows\\Explorer.EXE", "parentUser": "MEDDEFENSE\\flores", "agentName": "WS-DOC-02"}, "system": {"eventID": "1", "channel": "Microsoft-Windows-Sysmon/Operational", "computer": "WS-DOC-02", "providerName": "Microsoft-Windows-Sysmon", "providerGuid": "{5770385F-C22A-43E0-BF4C-06F5698FFBD9}", "userID": "S-1-5-18"}}}}
{"timestamp": "2026-05-05T11:50:16.000+00:00", "rule": {"id": "61603", "level": 5, "description": "Sysmon - Event: 1 - Process creation.", "groups": ["sysmon", "sysmon_event1"]}, "agent": {"id": "631", "name": "WS-NURSE-01", "ip": "10.10.2.11"}, "manager": {"name": "log-srv-01"}, "id": "alert-1777981816-25696", "decoder": {"name": "sysmon-event"}, "data": {"win": {"eventdata": {"utcTime": "2026-05-05 11:50:16.000", "processGuid": "{15876895-57c4-ee6b-d2e7-7cad37402e99}", "processId": "25696", "image": "C:\\Windows\\System32\\svchost.exe", "commandLine": "C:\\Windows\\System32\\svchost.exe -k netsvcs", "currentDirectory": "C:\\Windows\\System32\\", "user": "MEDDEFENSE\\nurse01", "logonGuid": "{0a1c0268-f5ac-66e4-757f-f8b9b774cad9}", "logonId": "0xc6b0d76", "terminalSessionId": "1", "integrityLevel": "Medium", "hashes": "SHA256=fb8f29ef7f07bcd2ae7b038c2c46be2c039f485812fbe8d80f893c0e89dbe409", "parentProcessGuid": "{9c2eacc4-af0b-a3f9-1c1e-7100adf373bc}", "parentProcessId": "37512", "parentImage": "C:\\Windows\\explorer.exe", "parentCommandLine": "C:\\Windows\\Explorer.EXE", "parentUser": "MEDDEFENSE\\nurse01", "agentName": "WS-NURSE-01"}, "system": {"eventID": "1", "channel": "Microsoft-Windows-Sysmon/Operational", "computer": "WS-NURSE-01", "providerName": "Microsoft-Windows-Sysmon", "providerGuid": "{5770385F-C22A-43E0-BF4C-06F5698FFBD9}", "userID": "S-1-5-18"}}}}
{"timestamp": "2026-05-05T11:52:00.000+00:00", "rule": {"id": "61645", "level": 3, "description": "Sysmon - Event: 22 - DNS query.", "groups": ["sysmon", "sysmon_event_22"]}, "agent": {"id": "829", "name": "WS-HELPDESK-01", "ip": "10.10.9.20"}, "manager": {"name": "log-srv-01"}, "id": "alert-1777981920-dns-20522", "decoder": {"name": "sysmon-event"}, "data": {"win": {"eventdata": {"utcTime": "2026-05-05 11:52:00.000", "queryName": "meddefense.local", "queryStatus": "0", "queryResults": "type:  5 10.10.20.5", "image": "C:\\Windows\\System32\\svchost.exe"}, "system": {"eventID": "22", "channel": "Microsoft-Windows-Sysmon/Operational", "computer": "WS-HELPDESK-01"}}}, "hunt_meta": null}
{"timestamp": "2026-05-05T11:57:51.000+00:00", "rule": {"id": "61603", "level": 5, "description": "Sysmon - Event: 1 - Process creation.", "groups": ["sysmon", "sysmon_event1"]}, "agent": {"id": "907", "name": "WS-BILL-01", "ip": "10.10.4.30"}, "manager": {"name": "log-srv-01"}, "id": "alert-1777982271-55030", "decoder": {"name": "sysmon-event"}, "data": {"win": {"eventdata": {"utcTime": "2026-05-05 11:57:51.000", "processGuid": "{666585c0-4ff2-7332-dfba-3bffecfae290}", "processId": "55030", "image": "C:\\Windows\\explorer.exe", "commandLine": "C:\\Windows\\Explorer.EXE", "currentDirectory": "C:\\Windows\\System32\\", "user": "MEDDEFENSE\\bill01", "logonGuid": "{819916e8-b837-0b0c-2d55-75518a9ea96d}", "logonId": "0x787c94f", "terminalSessionId": "1", "integrityLevel": "Medium", "hashes": "SHA256=894bcb6f6862e46ebc379d617f718f8dfbcbd59f34530b053bfd17aba5ff0fad", "parentProcessGuid": "{33e940eb-c6f8-6213-53a7-5d66262e1e6d}", "parentProcessId": "8701", "parentImage": "C:\\Windows\\explorer.exe", "parentCommandLine": "C:\\Windows\\Explorer.EXE", "parentUser": "MEDDEFENSE\\bill01", "agentName": "WS-BILL-01"}, "system": {"eventID": "1", "channel": "Microsoft-Windows-Sysmon/Operational", "computer": "WS-BILL-01", "providerName": "Microsoft-Windows-Sysmon", "providerGuid": "{5770385F-C22A-43E0-BF4C-06F5698FFBD9}", "userID": "S-1-5-18"}}}}
{"timestamp": "2026-05-05T12:09:53.000+00:00", "rule": {"id": "61603", "level": 5, "description": "Sysmon - Event: 1 - Process creation.", "groups": ["sysmon", "sysmon_event1"]}, "agent": {"id": "561", "name": "WS-HELPDESK-02", "ip": "10.10.9.21"}, "manager": {"name": "log-srv-01"}, "id": "alert-1777982993-46132", "decoder": {"name": "sysmon-event"}, "data": {"win": {"eventdata": {"utcTime": "2026-05-05 12:09:53.000", "processGuid": "{3bcdbcbc-d77d-95f5-eabd-00456e19fbe2}", "processId": "46132", "image": "C:\\Windows\\System32\\svchost.exe", "commandLine": "C:\\Windows\\System32\\svchost.exe -k netsvcs", "currentDirectory": "C:\\Windows\\System32\\", "user": "MEDDEFENSE\\helpdesk02", "logonGuid": "{7271ca80-51cf-1dff-0359-1cd727d59de2}", "logonId": "0xd2ec905", "terminalSessionId": "1", "integrityLevel": "Medium", "hashes": "SHA256=9480de04e0476f272b2f6aacc49ee0682bdd12d20bdf4a7aae7ea1a78d1e3cf2", "parentProcessGuid": "{6aed3ea7-9342-947b-2d6f-d3c2fc4bad4d}", "parentProcessId": "13487", "parentImage": "C:\\Windows\\explorer.exe", "parentCommandLine": "C:\\Windows\\Explorer.EXE", "parentUser": "MEDDEFENSE\\helpdesk02", "agentName": "WS-HELPDESK-02"}, "system": {"eventID": "1", "channel": "Microsoft-Windows-Sysmon/Operational", "computer": "WS-HELPDESK-02", "providerName": "Microsoft-Windows-Sysmon", "providerGuid": "{5770385F-C22A-43E0-BF4C-06F5698FFBD9}", "userID": "S-1-5-18"}}}}
{"timestamp": "2026-05-05T12:14:19.000+00:00", "rule": {"id": "61603", "level": 5, "description": "Sysmon - Event: 1 - Process creation.", "groups": ["sysmon", "sysmon_event1"]}, "agent": {"id": "066", "name": "WS-DOC-01", "ip": "10.10.2.30"}, "manager": {"name": "log-srv-01"}, "id": "alert-1777983259-37192", "decoder": {"name": "sysmon-event"}, "data": {"win": {"eventdata": {"utcTime": "2026-05-05 12:14:19.000", "processGuid": "{2d0a7eb0-7225-2e9b-49cf-47092200e180}", "processId": "37192", "image": "C:\\Program Files\\Microsoft Office\\root\\Office16\\WINWORD.EXE", "commandLine": "\"WINWORD.EXE\"", "currentDirectory": "C:\\Windows\\System32\\", "user": "MEDDEFENSE\\kapoor", "logonGuid": "{4f257db3-2301-a1b8-23ad-78b704e23003}", "logonId": "0xb5f1f08", "terminalSessionId": "1", "integrityLevel": "Medium", "hashes": "SHA256=5ca06ac5a7d53f8a18884e436c6975c8f159fed9d0ac281b4dbf4ca3b87bdc92", "parentProcessGuid": "{3f3f0779-f7ad-0249-7e13-7f26bec680f2}", "parentProcessId": "25135", "parentImage": "C:\\Windows\\explorer.exe", "parentCommandLine": "C:\\Windows\\Explorer.EXE", "parentUser": "MEDDEFENSE\\kapoor", "agentName": "WS-DOC-01"}, "system": {"eventID": "1", "channel": "Microsoft-Windows-Sysmon/Operational", "computer": "WS-DOC-01", "providerName": "Microsoft-Windows-Sysmon", "providerGuid": "{5770385F-C22A-43E0-BF4C-06F5698FFBD9}", "userID": "S-1-5-18"}}}}
{"timestamp": "2026-05-05T12:16:01.000+00:00", "rule": {"id": "61603", "level": 5, "description": "Sysmon - Event: 1 - Process creation.", "groups": ["sysmon", "sysmon_event1"]}, "agent": {"id": "314", "name": "WS-RECV-04", "ip": "10.10.3.22"}, "manager": {"name": "log-srv-01"}, "id": "alert-1777983361-63906", "decoder": {"name": "sysmon-event"}, "data": {"win": {"eventdata": {"utcTime": "2026-05-05 12:16:01.000", "processGuid": "{5f4a8db9-20f1-e72b-e5a2-8945035f1e3a}", "processId": "63906", "image": "C:\\Program Files\\Microsoft Office\\root\\Office16\\WINWORD.EXE", "commandLine": "\"WINWORD.EXE\"", "currentDirectory": "C:\\Windows\\System32\\", "user": "MEDDEFENSE\\records04", "logonGuid": "{4993a202-c746-9c83-f251-0cf640b0f61c}", "logonId": "0xa736371", "terminalSessionId": "1", "integrityLevel": "Medium", "hashes": "SHA256=f987a9a7848e41990755ca36931f357bf935fa527a8592cd43eecf6625f57b57", "parentProcessGuid": "{9217298b-00cd-2c13-7d1f-d42d2ada6e93}", "parentProcessId": "32803", "parentImage": "C:\\Windows\\explorer.exe", "parentCommandLine": "C:\\Windows\\Explorer.EXE", "parentUser": "MEDDEFENSE\\records04", "agentName": "WS-RECV-04"}, "system": {"eventID": "1", "channel": "Microsoft-Windows-Sysmon/Operational", "computer": "WS-RECV-04", "providerName": "Microsoft-Windows-Sysmon", "providerGuid": "{5770385F-C22A-43E0-BF4C-06F5698FFBD9}", "userID": "S-1-5-18"}}}}
{"timestamp": "2026-05-05T12:21:53.000+00:00", "rule": {"id": "61605", "level": 3, "description": "Sysmon - Event: 3 - Network connection.", "groups": ["sysmon", "sysmon_event3"]}, "agent": {"id": "329", "name": "WS-NURSE-06", "ip": "10.10.2.17"}, "manager": {"name": "log-srv-01"}, "id": "alert-1777983713-net-84173", "decoder": {"name": "sysmon-event"}, "data": {"win": {"eventdata": {"utcTime": "2026-05-05 12:21:53.000", "image": "C:\\Windows\\System32\\svchost.exe", "user": "MEDDEFENSE\\system", "protocol": "tcp", "initiated": "true", "sourceIp": "10.10.2.17", "sourcePort": "52749", "destinationIp": "10.10.20.25", "destinationPort": "53", "destinationHostname": "SRV-INS-DB"}, "system": {"eventID": "3", "channel": "Microsoft-Windows-Sysmon/Operational", "computer": "WS-NURSE-06"}}}, "hunt_meta": null}
{"timestamp": "2026-05-05T12:30:31.000+00:00", "rule": {"id": "61603", "level": 5, "description": "Sysmon - Event: 1 - Process creation.", "groups": ["sysmon", "sysmon_event1"]}, "agent": {"id": "314", "name": "WS-RECV-04", "ip": "10.10.3.22"}, "manager": {"name": "log-srv-01"}, "id": "alert-1777984231-50194", "decoder": {"name": "sysmon-event"}, "data": {"win": {"eventdata": {"utcTime": "2026-05-05 12:30:31.000", "processGuid": "{8e6b3faa-d7c0-bcc0-b3be-397097e4ccdd}", "processId": "50194", "image": "C:\\Program Files\\Microsoft Office\\root\\Office16\\OUTLOOK.EXE", "commandLine": "\"OUTLOOK.EXE\"", "currentDirectory": "C:\\Windows\\System32\\", "user": "MEDDEFENSE\\records04", "logonGuid": "{e32f1553-a6a8-8415-3a0c-234d711066d7}", "logonId": "0xf03b98d", "terminalSessionId": "1", "integrityLevel": "Medium", "hashes": "SHA256=26ca256e23cf39531a8fa4d2b924be908f3e819cb742af1d16c25c35f0002058", "parentProcessGuid": "{c3d80e2b-1817-7c7a-c5bd-6e4b63e8ac68}", "parentProcessId": "47814", "parentImage": "C:\\Windows\\explorer.exe", "parentCommandLine": "C:\\Windows\\Explorer.EXE", "parentUser": "MEDDEFENSE\\records04", "agentName": "WS-RECV-04"}, "system": {"eventID": "1", "channel": "Microsoft-Windows-Sysmon/Operational", "computer": "WS-RECV-04", "providerName": "Microsoft-Windows-Sysmon", "providerGuid": "{5770385F-C22A-43E0-BF4C-06F5698FFBD9}", "userID": "S-1-5-18"}}}}
{"timestamp": "2026-05-05T12:31:29.000+00:00", "rule": {"id": "61603", "level": 5, "description": "Sysmon - Event: 1 - Process creation.", "groups": ["sysmon", "sysmon_event1"]}, "agent": {"id": "576", "name": "WS-NURSE-05", "ip": "10.10.2.16"}, "manager": {"name": "log-srv-01"}, "id": "alert-1777984289-51323", "decoder": {"name": "sysmon-event"}, "data": {"win": {"eventdata": {"utcTime": "2026-05-05 12:31:29.000", "processGuid": "{8337736e-9f56-be7d-3d0e-2d8ea25e4dba}", "processId": "51323", "image": "C:\\Windows\\explorer.exe", "commandLine": "C:\\Windows\\Explorer.EXE", "currentDirectory": "C:\\Windows\\System32\\", "user": "MEDDEFENSE\\nurse05", "logonGuid": "{e7535522-735f-3d18-32dd-b33b68d8d4cd}", "logonId": "0xaa5745b", "terminalSessionId": "1", "integrityLevel": "Medium", "hashes": "SHA256=1088d34356eb698cd557f923ed98d7af684ee0390b26954cf0538b18c508e1f4", "parentProcessGuid": "{9fc357a2-94a7-e4b9-6511-030fef55173c}", "parentProcessId": "44864", "parentImage": "C:\\Windows\\explorer.exe", "parentCommandLine": "C:\\Windows\\Explorer.EXE", "parentUser": "MEDDEFENSE\\nurse05", "agentName": "WS-NURSE-05"}, "system": {"eventID": "1", "channel": "Microsoft-Windows-Sysmon/Operational", "computer": "WS-NURSE-05", "providerName": "Microsoft-Windows-Sysmon", "providerGuid": "{5770385F-C22A-43E0-BF4C-06F5698FFBD9}", "userID": "S-1-5-18"}}}}
{"timestamp": "2026-05-05T12:33:03.000+00:00", "rule": {"id": "61612", "level": 3, "description": "Sysmon - Event: 13 - Registry value set.", "groups": ["sysmon", "sysmon_event_13"]}, "agent": {"id": "817", "name": "WS-RECV-01", "ip": "10.10.3.19"}, "manager": {"name": "log-srv-01"}, "id": "alert-1777984383-reg-12925", "decoder": {"name": "sysmon-event"}, "data": {"win": {"eventdata": {"utcTime": "2026-05-05 12:33:03.000", "eventType": "SetValue", "image": "C:\\Windows\\System32\\msiexec.exe", "targetObject": "HKLM\\SYSTEM\\CurrentControlSet\\Services\\Value16", "details": "QWORD (0x00000064)"}, "system": {"eventID": "13", "channel": "Microsoft-Windows-Sysmon/Operational", "computer": "WS-RECV-01"}}}}
{"timestamp": "2026-05-05T12:35:46.000+00:00", "rule": {"id": "61603", "level": 5, "description": "Sysmon - Event: 1 - Process creation.", "groups": ["sysmon", "sysmon_event1"]}, "agent": {"id": "696", "name": "WS-NURSE-04", "ip": "10.10.2.15"}, "manager": {"name": "log-srv-01"}, "id": "alert-1777984546-22769", "decoder": {"name": "sysmon-event"}, "data": {"win": {"eventdata": {"utcTime": "2026-05-05 12:35:46.000", "processGuid": "{00b2bb80-02b7-4fe0-910a-547f6d784c87}", "processId": "22769", "image": "C:\\Program Files\\Google\\Chrome\\Application\\chrome.exe", "commandLine": "\"chrome.exe\"", "currentDirectory": "C:\\Windows\\System32\\", "user": "MEDDEFENSE\\dmarsh", "logonGuid": "{634ef997-3fc8-7722-de54-c91b4ec422fc}", "logonId": "0x2c6af58", "terminalSessionId": "1", "integrityLevel": "Medium", "hashes": "SHA256=e53f2cd37ffd53688857b99a91a65de77581c3ff1780aea543ec79826631e5f2", "parentProcessGuid": "{75dc9288-c848-c390-d9f1-531768c065d2}", "parentProcessId": "2455", "parentImage": "C:\\Windows\\explorer.exe", "parentCommandLine": "C:\\Windows\\Explorer.EXE", "parentUser": "MEDDEFENSE\\dmarsh", "agentName": "WS-NURSE-04"}, "system": {"eventID": "1", "channel": "Microsoft-Windows-Sysmon/Operational", "computer": "WS-NURSE-04", "providerName": "Microsoft-Windows-Sysmon", "providerGuid": "{5770385F-C22A-43E0-BF4C-06F5698FFBD9}", "userID": "S-1-5-18"}}}}
{"timestamp": "2026-05-05T12:36:14.000+00:00", "rule": {"id": "61603", "level": 5, "description": "Sysmon - Event: 1 - Process creation.", "groups": ["sysmon", "sysmon_event1"]}, "agent": {"id": "909", "name": "WS-RECV-02", "ip": "10.10.3.20"}, "manager": {"name": "log-srv-01"}, "id": "alert-1777984574-54149", "decoder": {"name": "sysmon-event"}, "data": {"win": {"eventdata": {"utcTime": "2026-05-05 12:36:14.000", "processGuid": "{320ac991-7a1b-f018-ff6c-96a12c8df010}", "processId": "54149", "image": "C:\\Program Files\\Google\\Chrome\\Application\\chrome.exe", "commandLine": "\"chrome.exe\"", "currentDirectory": "C:\\Windows\\System32\\", "user": "MEDDEFENSE\\records02", "logonGuid": "{ebee3a9a-ef09-17a9-2574-cf629c8e08e9}", "logonId": "0x64e5126", "terminalSessionId": "1", "integrityLevel": "Medium", "hashes": "SHA256=ace1e677737352534753d113f83cd5d0aec482317a62d109b29c79daa97747ac", "parentProcessGuid": "{f95467be-975b-a1e8-be3e-65702de3bd74}", "parentProcessId": "14232", "parentImage": "C:\\Windows\\explorer.exe", "parentCommandLine": "C:\\Windows\\Explorer.EXE", "parentUser": "MEDDEFENSE\\records02", "agentName": "WS-RECV-02"}, "system": {"eventID": "1", "channel": "Microsoft-Windows-Sysmon/Operational", "computer": "WS-RECV-02", "providerName": "Microsoft-Windows-Sysmon", "providerGuid": "{5770385F-C22A-43E0-BF4C-06F5698FFBD9}", "userID": "S-1-5-18"}}}}
