{"timestamp": "2026-05-12T11:27:11.000+00:00", "rule": {"id": "61603", "level": 5, "description": "Sysmon - Event: 1 - Process creation.", "groups": ["sysmon", "sysmon_event1"]}, "agent": {"id": "829", "name": "WS-HELPDESK-01", "ip": "10.10.9.20"}, "manager": {"name": "log-srv-01"}, "id": "alert-1778585231-16570", "decoder": {"name": "sysmon-event"}, "data": {"win": {"eventdata": {"utcTime": "2026-05-12 11:27:11.000", "processGuid": "{7eaa37ed-8451-8a98-0a8b-afc09bdac609}", "processId": "16570", "image": "C:\\Program Files\\Microsoft Office\\root\\Office16\\WINWORD.EXE", "commandLine": "\"WINWORD.EXE\"", "currentDirectory": "C:\\Windows\\System32\\", "user": "MEDDEFENSE\\helpdesk01", "logonGuid": "{e82f16bf-3d8f-2ed7-46f9-3585f9b0662f}", "logonId": "0x64258a5", "terminalSessionId": "1", "integrityLevel": "Medium", "hashes": "SHA256=7396c4d17b47bba24d3fbefb5ae8f0711bfa6200ab0bc17ec15415262ee04a04", "parentProcessGuid": "{d02e1691-e2e1-32b9-fded-f40b757d091f}", "parentProcessId": "10362", "parentImage": "C:\\Windows\\explorer.exe", "parentCommandLine": "C:\\Windows\\Explorer.EXE", "parentUser": "MEDDEFENSE\\helpdesk01", "agentName": "WS-HELPDESK-01"}, "system": {"eventID": "1", "channel": "Microsoft-Windows-Sysmon/Operational", "computer": "WS-HELPDESK-01", "providerName": "Microsoft-Windows-Sysmon", "providerGuid": "{5770385F-C22A-43E0-BF4C-06F5698FFBD9}", "userID": "S-1-5-18"}}}}
{"timestamp": "2026-05-12T11:27:21.000+00:00", "rule": {"id": "61603", "level": 5, "description": "Sysmon - Event: 1 - Process creation.", "groups": ["sysmon", "sysmon_event1"]}, "agent": {"id": "104", "name": "WS-AP-01", "ip": "10.10.4.40"}, "manager": {"name": "log-srv-01"}, "id": "alert-1778585241-55252", "decoder": {"name": "sysmon-event"}, "data": {"win": {"eventdata": {"utcTime": "2026-05-12 11:27:21.000", "processGuid": "{98852092-7f27-79ab-2d08-2dba40563777}", "processId": "55252", "image": "C:\\Windows\\System32\\svchost.exe", "commandLine": "C:\\Windows\\System32\\svchost.exe -k netsvcs", "currentDirectory": "C:\\Windows\\System32\\", "user": "MEDDEFENSE\\ap01", "logonGuid": "{3d9ec944-ea8d-6c4c-a628-b6a862bd15f9}", "logonId": "0x62c09db", "terminalSessionId": "1", "integrityLevel": "Medium", "hashes": "SHA256=dd6c3fcf1082001dce51d7cd76225faaf475382aa30848fc79545a512dd4e6b7", "parentProcessGuid": "{bd64e1cc-f8af-0dbc-da06-f49add661bed}", "parentProcessId": "14344", "parentImage": "C:\\Windows\\explorer.exe", "parentCommandLine": "C:\\Windows\\Explorer.EXE", "parentUser": "MEDDEFENSE\\ap01", "agentName": "WS-AP-01"}, "system": {"eventID": "1", "channel": "Microsoft-Windows-Sysmon/Operational", "computer": "WS-AP-01", "providerName": "Microsoft-Windows-Sysmon", "providerGuid": "{5770385F-C22A-43E0-BF4C-06F5698FFBD9}", "userID": "S-1-5-18"}}}}
{"timestamp": "2026-05-12T11:30:22.000+00:00", "rule": {"id": "61603", "level": 5, "description": "Sysmon - Event: 1 - Process creation.", "groups": ["sysmon", "sysmon_event1"]}, "agent": {"id": "773", "name": "WS-DOC-02", "ip": "10.10.2.31"}, "manager": {"name": "log-srv-01"}, "id": "alert-1778585422-26209", "decoder": {"name": "sysmon-event"}, "data": {"win": {"eventdata": {"utcTime": "2026-05-12 11:30:22.000", "processGuid": "{ca2ab66e-5624-68a4-9134-70346146b5db}", "processId": "26209", "image": "C:\\Windows\\explorer.exe", "commandLine": "C:\\Windows\\Explorer.EXE", "currentDirectory": "C:\\Windows\\System32\\", "user": "MEDDEFENSE\\flores", "logonGuid": "{df1ae7b1-0d56-459d-6b0d-5e7ff0e05310}", "logonId": "0x9417380", "terminalSessionId": "1", "integrityLevel": "Medium", "hashes": "SHA256=deb8682200ded1678fe2817fbd241f68e905d0b02fa55b8b579d1b073b636d4e", "parentProcessGuid": "{90433e08-c1ef-1183-6d92-3ded3ada4ac2}", "parentProcessId": "34383", "parentImage": "C:\\Windows\\explorer.exe", "parentCommandLine": "C:\\Windows\\Explorer.EXE", "parentUser": "MEDDEFENSE\\flores", "agentName": "WS-DOC-02"}, "system": {"eventID": "1", "channel": "Microsoft-Windows-Sysmon/Operational", "computer": "WS-DOC-02", "providerName": "Microsoft-Windows-Sysmon", "providerGuid": "{5770385F-C22A-43E0-BF4C-06F5698FFBD9}", "userID": "S-1-5-18"}}}}
{"timestamp": "2026-05-12T11:36:30.000+00:00", "rule": {"id": "61645", "level": 3, "description": "Sysmon - Event: 22 - DNS query.", "groups": ["sysmon", "sysmon_event_22"]}, "agent": {"id": "794", "name": "WS-BILL-02", "ip": "10.10.4.33"}, "manager": {"name": "log-srv-01"}, "id": "alert-1778585790-dns-86873", "decoder": {"name": "sysmon-event"}, "data": {"win": {"eventdata": {"utcTime": "2026-05-12 11:36:30.000", "queryName": "api.veeam.com", "queryStatus": "0", "queryResults": "type:  5 104.16.20.14", "image": "C:\\Windows\\System32\\svchost.exe"}, "system": {"eventID": "22", "channel": "Microsoft-Windows-Sysmon/Operational", "computer": "WS-BILL-02"}}}, "hunt_meta": null}
{"timestamp": "2026-05-12T11:36:41.000+00:00", "rule": {"id": "61603", "level": 5, "description": "Sysmon - Event: 1 - Process creation.", "groups": ["sysmon", "sysmon_event1"]}, "agent": {"id": "314", "name": "WS-RECV-04", "ip": "10.10.3.22"}, "manager": {"name": "log-srv-01"}, "id": "alert-1778585801-58640", "decoder": {"name": "sysmon-event"}, "data": {"win": {"eventdata": {"utcTime": "2026-05-12 11:36:41.000", "processGuid": "{0befd37a-ccf1-7797-0edd-02f1da2afc2a}", "processId": "58640", "image": "C:\\Program Files\\Microsoft Office\\root\\Office16\\WINWORD.EXE", "commandLine": "\"WINWORD.EXE\"", "currentDirectory": "C:\\Windows\\System32\\", "user": "MEDDEFENSE\\records04", "logonGuid": "{9855c91e-9838-03f2-ad9f-5ebb1ee0677e}", "logonId": "0xd71651a", "terminalSessionId": "1", "integrityLevel": "Medium", "hashes": "SHA256=835c72b87cbad21ce41710363c1f4f3ce28ac2a9eaffc67d602ab58727ab6eb1", "parentProcessGuid": "{1ea74ddd-286e-d168-05f4-17f51116dc04}", "parentProcessId": "58172", "parentImage": "C:\\Windows\\explorer.exe", "parentCommandLine": "C:\\Windows\\Explorer.EXE", "parentUser": "MEDDEFENSE\\records04", "agentName": "WS-RECV-04"}, "system": {"eventID": "1", "channel": "Microsoft-Windows-Sysmon/Operational", "computer": "WS-RECV-04", "providerName": "Microsoft-Windows-Sysmon", "providerGuid": "{5770385F-C22A-43E0-BF4C-06F5698FFBD9}", "userID": "S-1-5-18"}}}}
{"timestamp": "2026-05-12T11:40:29.000+00:00", "rule": {"id": "61613", "level": 3, "description": "Sysmon - Event: 11 - File created.", "groups": ["sysmon", "sysmon_event_11"]}, "agent": {"id": "066", "name": "WS-DOC-01", "ip": "10.10.2.30"}, "manager": {"name": "log-srv-01"}, "id": "alert-1778586029-fc-57686", "decoder": {"name": "sysmon-event"}, "data": {"win": {"eventdata": {"utcTime": "2026-05-12 11:40:29.000", "image": "C:\\Program Files\\Microsoft Office\\root\\Office16\\OUTLOOK.EXE", "targetFilename": "C:\\Users\\kapoor\\AppData\\Local\\Temp\\OICE_6861.tmp", "creationUtcTime": "2026-05-12 11:40:29.000"}, "system": {"eventID": "11", "channel": "Microsoft-Windows-Sysmon/Operational", "computer": "WS-DOC-01"}}}}
{"timestamp": "2026-05-12T11:41:39.000+00:00", "rule": {"id": "61603", "level": 5, "description": "Sysmon - Event: 1 - Process creation.", "groups": ["sysmon", "sysmon_event1"]}, "agent": {"id": "909", "name": "WS-RECV-02", "ip": "10.10.3.20"}, "manager": {"name": "log-srv-01"}, "id": "alert-1778586099-7976", "decoder": {"name": "sysmon-event"}, "data": {"win": {"eventdata": {"utcTime": "2026-05-12 11:41:39.000", "processGuid": "{9d70e6f2-e763-4828-cf74-ab105fca7593}", "processId": "7976", "image": "C:\\Program Files\\Microsoft Office\\root\\Office16\\OUTLOOK.EXE", "commandLine": "\"OUTLOOK.EXE\"", "currentDirectory": "C:\\Windows\\System32\\", "user": "MEDDEFENSE\\records02", "logonGuid": "{e9b49dfd-f653-3138-95a5-aba1947cb02c}", "logonId": "0x7be124c", "terminalSessionId": "1", "integrityLevel": "Medium", "hashes": "SHA256=e45fcecce2c8803bb32280177e8cc7b653f11094d35f5330b7cc92367dd96287", "parentProcessGuid": "{191800f5-de3b-5329-7bec-c807613decd5}", "parentProcessId": "24770", "parentImage": "C:\\Windows\\explorer.exe", "parentCommandLine": "C:\\Windows\\Explorer.EXE", "parentUser": "MEDDEFENSE\\records02", "agentName": "WS-RECV-02"}, "system": {"eventID": "1", "channel": "Microsoft-Windows-Sysmon/Operational", "computer": "WS-RECV-02", "providerName": "Microsoft-Windows-Sysmon", "providerGuid": "{5770385F-C22A-43E0-BF4C-06F5698FFBD9}", "userID": "S-1-5-18"}}}}
{"timestamp": "2026-05-12T11:42:53.000+00:00", "rule": {"id": "61603", "level": 5, "description": "Sysmon - Event: 1 - Process creation.", "groups": ["sysmon", "sysmon_event1"]}, "agent": {"id": "104", "name": "WS-AP-01", "ip": "10.10.4.40"}, "manager": {"name": "log-srv-01"}, "id": "alert-1778586173-49340", "decoder": {"name": "sysmon-event"}, "data": {"win": {"eventdata": {"utcTime": "2026-05-12 11:42:53.000", "processGuid": "{acbac3ae-ad11-04a2-60ff-77bcd3d5e4c3}", "processId": "49340", "image": "C:\\Program Files\\Microsoft Office\\root\\Office16\\WINWORD.EXE", "commandLine": "\"WINWORD.EXE\"", "currentDirectory": "C:\\Windows\\System32\\", "user": "MEDDEFENSE\\ap01", "logonGuid": "{c5e4f499-06dc-7614-c562-f3c27ee6f044}", "logonId": "0xbc02059", "terminalSessionId": "1", "integrityLevel": "Medium", "hashes": "SHA256=8a628c0b0f33d530abd07500ad276e2ec31802d4a7650d1419f5fa4bed0f4c0f", "parentProcessGuid": "{f2a36e55-d82e-1588-f47e-c5714b8e6377}", "parentProcessId": "5386", "parentImage": "C:\\Windows\\explorer.exe", "parentCommandLine": "C:\\Windows\\Explorer.EXE", "parentUser": "MEDDEFENSE\\ap01", "agentName": "WS-AP-01"}, "system": {"eventID": "1", "channel": "Microsoft-Windows-Sysmon/Operational", "computer": "WS-AP-01", "providerName": "Microsoft-Windows-Sysmon", "providerGuid": "{5770385F-C22A-43E0-BF4C-06F5698FFBD9}", "userID": "S-1-5-18"}}}}
{"timestamp": "2026-05-12T11:43:05.000+00:00", "rule": {"id": "61612", "level": 3, "description": "Sysmon - Event: 13 - Registry value set.", "groups": ["sysmon", "sysmon_event_13"]}, "agent": {"id": "829", "name": "WS-HELPDESK-01", "ip": "10.10.9.20"}, "manager": {"name": "log-srv-01"}, "id": "alert-1778586185-reg-15974", "decoder": {"name": "sysmon-event"}, "data": {"win": {"eventdata": {"utcTime": "2026-05-12 11:43:05.000", "eventType": "SetValue", "image": "C:\\Program Files\\Microsoft Office\\root\\Office16\\WINWORD.EXE", "targetObject": "HKLM\\SOFTWARE\\Policies\\Microsoft\\Windows Defender\\Value72", "details": "DWORD (0x00000001)"}, "system": {"eventID": "13", "channel": "Microsoft-Windows-Sysmon/Operational", "computer": "WS-HELPDESK-01"}}}}
{"timestamp": "2026-05-12T11:46:48.000+00:00", "rule": {"id": "61613", "level": 3, "description": "Sysmon - Event: 11 - File created.", "groups": ["sysmon", "sysmon_event_11"]}, "agent": {"id": "233", "name": "WS-RECV-03", "ip": "10.10.3.21"}, "manager": {"name": "log-srv-01"}, "id": "alert-1778586408-fc-79175", "decoder": {"name": "sysmon-event"}, "data": {"win": {"eventdata": {"utcTime": "2026-05-12 11:46:48.000", "image": "C:\\Program Files\\Microsoft Office\\root\\Office16\\OUTLOOK.EXE", "targetFilename": "C:\\Users\\records03\\AppData\\Local\\Temp\\OICE_3620.tmp", "creationUtcTime": "2026-05-12 11:46:48.000"}, "system": {"eventID": "11", "channel": "Microsoft-Windows-Sysmon/Operational", "computer": "WS-RECV-03"}}}}
{"timestamp": "2026-05-12T11:57:27.000+00:00", "rule": {"id": "61613", "level": 3, "description": "Sysmon - Event: 11 - File created.", "groups": ["sysmon", "sysmon_event_11"]}, "agent": {"id": "263", "name": "WS-BILL-03", "ip": "10.10.4.34"}, "manager": {"name": "log-srv-01"}, "id": "alert-1778587047-fc-47095", "decoder": {"name": "sysmon-event"}, "data": {"win": {"eventdata": {"utcTime": "2026-05-12 11:57:27.000", "image": "C:\\Program Files\\Microsoft Office\\root\\Office16\\OUTLOOK.EXE", "targetFilename": "C:\\Users\\bill03\\AppData\\Local\\Temp\\OICE_2893.tmp", "creationUtcTime": "2026-05-12 11:57:27.000"}, "system": {"eventID": "11", "channel": "Microsoft-Windows-Sysmon/Operational", "computer": "WS-BILL-03"}}}}
{"timestamp": "2026-05-12T11:58:27.000+00:00", "rule": {"id": "61605", "level": 3, "description": "Sysmon - Event: 3 - Network connection.", "groups": ["sysmon", "sysmon_event3"]}, "agent": {"id": "104", "name": "WS-AP-01", "ip": "10.10.4.40"}, "manager": {"name": "log-srv-01"}, "id": "alert-1778587107-net-49560", "decoder": {"name": "sysmon-event"}, "data": {"win": {"eventdata": {"utcTime": "2026-05-12 11:58:27.000", "image": "C:\\Windows\\System32\\svchost.exe", "user": "MEDDEFENSE\\system", "protocol": "tcp", "initiated": "true", "sourceIp": "10.10.4.40", "sourcePort": "50116", "destinationIp": "10.10.20.70", "destinationPort": "53", "destinationHostname": "SRV-AV-01"}, "system": {"eventID": "3", "channel": "Microsoft-Windows-Sysmon/Operational", "computer": "WS-AP-01"}}}, "hunt_meta": null}
{"timestamp": "2026-05-12T12:04:52.000+00:00", "rule": {"id": "61603", "level": 5, "description": "Sysmon - Event: 1 - Process creation.", "groups": ["sysmon", "sysmon_event1"]}, "agent": {"id": "817", "name": "WS-RECV-01", "ip": "10.10.3.19"}, "manager": {"name": "log-srv-01"}, "id": "alert-1778587492-40483", "decoder": {"name": "sysmon-event"}, "data": {"win": {"eventdata": {"utcTime": "2026-05-12 12:04:52.000", "processGuid": "{80c69f70-cba2-aa3b-d6a4-6e5a8b13dd84}", "processId": "40483", "image": "C:\\Windows\\System32\\svchost.exe", "commandLine": "C:\\Windows\\System32\\svchost.exe -k netsvcs", "currentDirectory": "C:\\Windows\\System32\\", "user": "MEDDEFENSE\\records01", "logonGuid": "{62015209-b110-7a6f-78ab-be40c1f9cde8}", "logonId": "0x556b460", "terminalSessionId": "1", "integrityLevel": "Medium", "hashes": "SHA256=cdbfdd284cd25775731d78dcae8b00c0b1716d53bd3ec5dacb2fef11140a0bee", "parentProcessGuid": "{de401de1-fa4a-bc63-20e5-5842fc34ce2f}", "parentProcessId": "1332", "parentImage": "C:\\Windows\\explorer.exe", "parentCommandLine": "C:\\Windows\\Explorer.EXE", "parentUser": "MEDDEFENSE\\records01", "agentName": "WS-RECV-01"}, "system": {"eventID": "1", "channel": "Microsoft-Windows-Sysmon/Operational", "computer": "WS-RECV-01", "providerName": "Microsoft-Windows-Sysmon", "providerGuid": "{5770385F-C22A-43E0-BF4C-06F5698FFBD9}", "userID": "S-1-5-18"}}}}
{"timestamp": "2026-05-12T12:05:18.000+00:00", "rule": {"id": "61612", "level": 3, "description": "Sysmon - Event: 13 - Registry value set.", "groups": ["sysmon", "sysmon_event_13"]}, "agent": {"id": "561", "name": "WS-HELPDESK-02", "ip": "10.10.9.21"}, "manager": {"name": "log-srv-01"}, "id": "alert-1778587518-reg-85735", "decoder": {"name": "sysmon-event"}, "data": {"win": {"eventdata": {"utcTime": "2026-05-12 12:05:18.000", "eventType": "SetValue", "image": "C:\\Program Files\\Microsoft Office\\root\\Office16\\WINWORD.EXE", "targetObject": "HKLM\\SOFTWARE\\Microsoft\\Cryptography\\Value65", "details": "QWORD (0x00000064)"}, "system": {"eventID": "13", "channel": "Microsoft-Windows-Sysmon/Operational", "computer": "WS-HELPDESK-02"}}}}
{"timestamp": "2026-05-12T12:05:35.000+00:00", "rule": {"id": "61603", "level": 5, "description": "Sysmon - Event: 1 - Process creation.", "groups": ["sysmon", "sysmon_event1"]}, "agent": {"id": "233", "name": "WS-RECV-03", "ip": "10.10.3.21"}, "manager": {"name": "log-srv-01"}, "id": "alert-1778587535-7917", "decoder": {"name": "sysmon-event"}, "data": {"win": {"eventdata": {"utcTime": "2026-05-12 12:05:35.000", "processGuid": "{bbaf6c00-079e-7b46-a87e-dab17f26a287}", "processId": "7917", "image": "C:\\Windows\\explorer.exe", "commandLine": "C:\\Windows\\Explorer.EXE", "currentDirectory": "C:\\Windows\\System32\\", "user": "MEDDEFENSE\\records03", "logonGuid": "{e8e20b39-a52c-b1d5-3040-372e854a208d}", "logonId": "0xca8a9ff", "terminalSessionId": "1", "integrityLevel": "Medium", "hashes": "SHA256=960f3b6c2202c8d2049544dbbc880ac3d35167f0ad760f8ce888ff62247a679f", "parentProcessGuid": "{5cfdf6f5-02c6-e288-642d-336b372adea0}", "parentProcessId": "8032", "parentImage": "C:\\Windows\\explorer.exe", "parentCommandLine": "C:\\Windows\\Explorer.EXE", "parentUser": "MEDDEFENSE\\records03", "agentName": "WS-RECV-03"}, "system": {"eventID": "1", "channel": "Microsoft-Windows-Sysmon/Operational", "computer": "WS-RECV-03", "providerName": "Microsoft-Windows-Sysmon", "providerGuid": "{5770385F-C22A-43E0-BF4C-06F5698FFBD9}", "userID": "S-1-5-18"}}}}
{"timestamp": "2026-05-12T12:06:37.000+00:00", "rule": {"id": "61603", "level": 5, "description": "Sysmon - Event: 1 - Process creation.", "groups": ["sysmon", "sysmon_event1"]}, "agent": {"id": "329", "name": "WS-NURSE-06", "ip": "10.10.2.17"}, "manager": {"name": "log-srv-01"}, "id": "alert-1778587597-12379", "decoder": {"name": "sysmon-event"}, "data": {"win": {"eventdata": {"utcTime": "2026-05-12 12:06:37.000", "processGuid": "{b8b91aac-ab94-7f7f-9611-39e989f281c4}", "processId": "12379", "image": "C:\\Windows\\System32\\svchost.exe", "commandLine": "C:\\Windows\\System32\\svchost.exe -k netsvcs", "currentDirectory": "C:\\Windows\\System32\\", "user": "MEDDEFENSE\\nurse06", "logonGuid": "{5cef52ec-0def-7866-50b5-c287148e3a8f}", "logonId": "0x0819f3d", "terminalSessionId": "1", "integrityLevel": "Medium", "hashes": "SHA256=f216b98e27f481a3d9b0b50d90a3ab14b4c21d1d8c8e9ab9378762e8163ff7c7", "parentProcessGuid": "{326b3be9-c2a5-12af-a035-7912510ecf4c}", "parentProcessId": "34307", "parentImage": "C:\\Windows\\explorer.exe", "parentCommandLine": "C:\\Windows\\Explorer.EXE", "parentUser": "MEDDEFENSE\\nurse06", "agentName": "WS-NURSE-06"}, "system": {"eventID": "1", "channel": "Microsoft-Windows-Sysmon/Operational", "computer": "WS-NURSE-06", "providerName": "Microsoft-Windows-Sysmon", "providerGuid": "{5770385F-C22A-43E0-BF4C-06F5698FFBD9}", "userID": "S-1-5-18"}}}}
{"timestamp": "2026-05-12T12:09:41.000+00:00", "rule": {"id": "61612", "level": 3, "description": "Sysmon - Event: 13 - Registry value set.", "groups": ["sysmon", "sysmon_event_13"]}, "agent": {"id": "272", "name": "WS-ADMIN-01", "ip": "10.10.9.10"}, "manager": {"name": "log-srv-01"}, "id": "alert-1778587781-reg-57902", "decoder": {"name": "sysmon-event"}, "data": {"win": {"eventdata": {"utcTime": "2026-05-12 12:09:41.000", "eventType": "SetValue", "image": "C:\\Program Files\\Microsoft Office\\root\\Office16\\WINWORD.EXE", "targetObject": "HKCU\\Software\\Microsoft\\Office\\16.0\\Word\\Value22", "details": "DWORD (0x00000001)"}, "system": {"eventID": "13", "channel": "Microsoft-Windows-Sysmon/Operational", "computer": "WS-ADMIN-01"}}}}
{"timestamp": "2026-05-12T12:10:16.000+00:00", "rule": {"id": "61605", "level": 3, "description": "Sysmon - Event: 3 - Network connection.", "groups": ["sysmon", "sysmon_event3"]}, "agent": {"id": "907", "name": "WS-BILL-01", "ip": "10.10.4.30"}, "manager": {"name": "log-srv-01"}, "id": "alert-1778587816-net-31211", "decoder": {"name": "sysmon-event"}, "data": {"win": {"eventdata": {"utcTime": "2026-05-12 12:10:16.000", "image": "C:\\Windows\\System32\\svchost.exe", "user": "MEDDEFENSE\\system", "protocol": "tcp", "initiated": "true", "sourceIp": "10.10.4.30", "sourcePort": "53245", "destinationIp": "10.10.20.50", "destinationPort": "5985", "destinationHostname": "SRV-FILE-01"}, "system": {"eventID": "3", "channel": "Microsoft-Windows-Sysmon/Operational", "computer": "WS-BILL-01"}}}, "hunt_meta": null}
{"timestamp": "2026-05-12T12:11:27.000+00:00", "rule": {"id": "61603", "level": 5, "description": "Sysmon - Event: 1 - Process creation.", "groups": ["sysmon", "sysmon_event1"]}, "agent": {"id": "314", "name": "WS-RECV-04", "ip": "10.10.3.22"}, "manager": {"name": "log-srv-01"}, "id": "alert-1778587887-23890", "decoder": {"name": "sysmon-event"}, "data": {"win": {"eventdata": {"utcTime": "2026-05-12 12:11:27.000", "processGuid": "{16f0f52e-4016-840a-aca4-d9db5d7fd402}", "processId": "23890", "image": "C:\\Windows\\System32\\svchost.exe", "commandLine": "C:\\Windows\\System32\\svchost.exe -k netsvcs", "currentDirectory": "C:\\Windows\\System32\\", "user": "MEDDEFENSE\\records04", "logonGuid": "{800092c9-385e-36f9-04ac-3b542f06cbd5}", "logonId": "0x6a77041", "terminalSessionId": "1", "integrityLevel": "Medium", "hashes": "SHA256=8e3ec85e1f2a49861f1b0e9851f4c9e8ddfa9f634bbd13fa75d76f61e66ae975", "parentProcessGuid": "{4e0ec2c5-8695-7623-5ee9-5d8e9ca6768e}", "parentProcessId": "50591", "parentImage": "C:\\Windows\\explorer.exe", "parentCommandLine": "C:\\Windows\\Explorer.EXE", "parentUser": "MEDDEFENSE\\records04", "agentName": "WS-RECV-04"}, "system": {"eventID": "1", "channel": "Microsoft-Windows-Sysmon/Operational", "computer": "WS-RECV-04", "providerName": "Microsoft-Windows-Sysmon", "providerGuid": "{5770385F-C22A-43E0-BF4C-06F5698FFBD9}", "userID": "S-1-5-18"}}}}
{"timestamp": "2026-05-12T12:11:33.000+00:00", "rule": {"id": "61603", "level": 5, "description": "Sysmon - Event: 1 - Process creation.", "groups": ["sysmon", "sysmon_event1"]}, "agent": {"id": "773", "name": "WS-DOC-02", "ip": "10.10.2.31"}, "manager": {"name": "log-srv-01"}, "id": "alert-1778587893-22749", "decoder": {"name": "sysmon-event"}, "data": {"win": {"eventdata": {"utcTime": "2026-05-12 12:11:33.000", "processGuid": "{68de9ce4-6658-1f4c-9453-29e9f5306ee8}", "processId": "22749", "image": "C:\\Program Files\\Microsoft Office\\root\\Office16\\OUTLOOK.EXE", "commandLine": "\"OUTLOOK.EXE\"", "currentDirectory": "C:\\Windows\\System32\\", "user": "MEDDEFENSE\\flores", "logonGuid": "{12c8d51d-ee64-5ea7-50e2-c0840be3b353}", "logonId": "0xf95ba94", "terminalSessionId": "1", "integrityLevel": "Medium", "hashes": "SHA256=a6558ec29f356f82dcc746f0289c32a5f8cfd58c46dec7e96ad173faba2e4476", "parentProcessGuid": "{1d8fbeac-eed3-f5f6-0a65-a3a83de7a53b}", "parentProcessId": "9421", "parentImage": "C:\\Windows\\explorer.exe", "parentCommandLine": "C:\\Windows\\Explorer.EXE", "parentUser": "MEDDEFENSE\\flores", "agentName": "WS-DOC-02"}, "system": {"eventID": "1", "channel": "Microsoft-Windows-Sysmon/Operational", "computer": "WS-DOC-02", "providerName": "Microsoft-Windows-Sysmon", "providerGuid": "{5770385F-C22A-43E0-BF4C-06F5698FFBD9}", "userID": "S-1-5-18"}}}}
{"timestamp": "2026-05-12T12:14:33.000+00:00", "rule": {"id": "61603", "level": 5, "description": "Sysmon - Event: 1 - Process creation.", "groups": ["sysmon", "sysmon_event1"]}, "agent": {"id": "066", "name": "WS-DOC-01", "ip": "10.10.2.30"}, "manager": {"name": "log-srv-01"}, "id": "alert-1778588073-24253", "decoder": {"name": "sysmon-event"}, "data": {"win": {"eventdata": {"utcTime": "2026-05-12 12:14:33.000", "processGuid": "{10126775-ca78-205b-f6cc-6ef117a34193}", "processId": "24253", "image": "C:\\Program Files\\Google\\Chrome\\Application\\chrome.exe", "commandLine": "\"chrome.exe\"", "currentDirectory": "C:\\Windows\\System32\\", "user": "MEDDEFENSE\\kapoor", "logonGuid": "{0d33469e-da48-8665-1bea-933e55bf5289}", "logonId": "0x8e9dc90", "terminalSessionId": "1", "integrityLevel": "Medium", "hashes": "SHA256=425e63999c055a13ad09f1604845b6b1474dfc436444ad6313cb254b9f2f5630", "parentProcessGuid": "{d2ac544c-4b75-08de-282e-e67babbf38a8}", "parentProcessId": "41173", "parentImage": "C:\\Windows\\explorer.exe", "parentCommandLine": "C:\\Windows\\Explorer.EXE", "parentUser": "MEDDEFENSE\\kapoor", "agentName": "WS-DOC-01"}, "system": {"eventID": "1", "channel": "Microsoft-Windows-Sysmon/Operational", "computer": "WS-DOC-01", "providerName": "Microsoft-Windows-Sysmon", "providerGuid": "{5770385F-C22A-43E0-BF4C-06F5698FFBD9}", "userID": "S-1-5-18"}}}}
{"timestamp": "2026-05-12T12:20:30.000+00:00", "rule": {"id": "61603", "level": 5, "description": "Sysmon - Event: 1 - Process creation.", "groups": ["sysmon", "sysmon_event1"]}, "agent": {"id": "631", "name": "WS-NURSE-01", "ip": "10.10.2.11"}, "manager": {"name": "log-srv-01"}, "id": "alert-1778588430-27553", "decoder": {"name": "sysmon-event"}, "data": {"win": {"eventdata": {"utcTime": "2026-05-12 12:20:30.000", "processGuid": "{12b7744f-d06d-f7b8-955e-174b129a8d6b}", "processId": "27553", "image": "C:\\Program Files\\Microsoft Office\\root\\Office16\\OUTLOOK.EXE", "commandLine": "\"OUTLOOK.EXE\"", "currentDirectory": "C:\\Windows\\System32\\", "user": "MEDDEFENSE\\nurse01", "logonGuid": "{d442015a-755b-97b6-8060-fdfae23cb76e}", "logonId": "0x60a3799", "terminalSessionId": "1", "integrityLevel": "Medium", "hashes": "SHA256=b7f4ed0b960a8060077b20a15a6265a9ee0208da6853ff8f23e04bd237fa9ad7", "parentProcessGuid": "{19e0df04-5137-6d79-4f85-399c032a9184}", "parentProcessId": "44008", "parentImage": "C:\\Windows\\explorer.exe", "parentCommandLine": "C:\\Windows\\Explorer.EXE", "parentUser": "MEDDEFENSE\\nurse01", "agentName": "WS-NURSE-01"}, "system": {"eventID": "1", "channel": "Microsoft-Windows-Sysmon/Operational", "computer": "WS-NURSE-01", "providerName": "Microsoft-Windows-Sysmon", "providerGuid": "{5770385F-C22A-43E0-BF4C-06F5698FFBD9}", "userID": "S-1-5-18"}}}}
{"timestamp": "2026-05-12T12:30:00.000+00:00", "rule": {"id": "61603", "level": 5, "description": "Sysmon - Event: 1 - Process creation.", "groups": ["sysmon", "sysmon_event1"]}, "agent": {"id": "907", "name": "WS-BILL-01", "ip": "10.10.4.30"}, "manager": {"name": "log-srv-01"}, "id": "alert-1778589000-42009", "decoder": {"name": "sysmon-event"}, "data": {"win": {"eventdata": {"utcTime": "2026-05-12 12:30:00.000", "processGuid": "{683078f6-1152-b086-c4e9-d9ad1c7d56fe}", "processId": "42009", "image": "C:\\Program Files\\Microsoft Office\\root\\Office16\\OUTLOOK.EXE", "commandLine": "\"OUTLOOK.EXE\"", "currentDirectory": "C:\\Windows\\System32\\", "user": "MEDDEFENSE\\bill01", "logonGuid": "{02e13de5-fc22-e677-b3e5-e6b384ec6768}", "logonId": "0x3211526", "terminalSessionId": "1", "integrityLevel": "Medium", "hashes": "SHA256=5734753692697c62d6f6653a3a8b9abed5c98e446a9bbc3af679ad75fbe3f06c", "parentProcessGuid": "{bc48fd49-19af-d09c-1ab8-f2876b8e82d0}", "parentProcessId": "43702", "parentImage": "C:\\Windows\\explorer.exe", "parentCommandLine": "C:\\Windows\\Explorer.EXE", "parentUser": "MEDDEFENSE\\bill01", "agentName": "WS-BILL-01"}, "system": {"eventID": "1", "channel": "Microsoft-Windows-Sysmon/Operational", "computer": "WS-BILL-01", "providerName": "Microsoft-Windows-Sysmon", "providerGuid": "{5770385F-C22A-43E0-BF4C-06F5698FFBD9}", "userID": "S-1-5-18"}}}}
{"timestamp": "2026-05-12T12:33:53.000+00:00", "rule": {"id": "61612", "level": 3, "description": "Sysmon - Event: 13 - Registry value set.", "groups": ["sysmon", "sysmon_event_13"]}, "agent": {"id": "576", "name": "WS-NURSE-05", "ip": "10.10.2.16"}, "manager": {"name": "log-srv-01"}, "id": "alert-1778589233-reg-50993", "decoder": {"name": "sysmon-event"}, "data": {"win": {"eventdata": {"utcTime": "2026-05-12 12:33:53.000", "eventType": "SetValue", "image": "C:\\Windows\\System32\\msiexec.exe", "targetObject": "HKLM\\SOFTWARE\\Microsoft\\Cryptography\\Value54", "details": "DWORD (0x00000000)"}, "system": {"eventID": "13", "channel": "Microsoft-Windows-Sysmon/Operational", "computer": "WS-NURSE-05"}}}}
{"timestamp": "2026-05-12T12:34:30.000+00:00", "rule": {"id": "61613", "level": 3, "description": "Sysmon - Event: 11 - File created.", "groups": ["sysmon", "sysmon_event_11"]}, "agent": {"id": "937", "name": "WS-NURSE-03", "ip": "10.10.2.13"}, "manager": {"name": "log-srv-01"}, "id": "alert-1778589270-fc-44987", "decoder": {"name": "sysmon-event"}, "data": {"win": {"eventdata": {"utcTime": "2026-05-12 12:34:30.000", "image": "C:\\Program Files\\Microsoft Office\\root\\Office16\\OUTLOOK.EXE", "targetFilename": "C:\\Users\\nurse03\\AppData\\Local\\Temp\\OICE_8593.tmp", "creationUtcTime": "2026-05-12 12:34:30.000"}, "system": {"eventID": "11", "channel": "Microsoft-Windows-Sysmon/Operational", "computer": "WS-NURSE-03"}}}}
{"timestamp": "2026-05-12T12:36:11.000+00:00", "rule": {"id": "61603", "level": 5, "description": "Sysmon - Event: 1 - Process creation.", "groups": ["sysmon", "sysmon_event1"]}, "agent": {"id": "773", "name": "WS-DOC-02", "ip": "10.10.2.31"}, "manager": {"name": "log-srv-01"}, "id": "alert-1778589371-30314", "decoder": {"name": "sysmon-event"}, "data": {"win": {"eventdata": {"utcTime": "2026-05-12 12:36:11.000", "processGuid": "{0abaa89d-3ea8-7abf-8c2b-5b3c6be84ede}", "processId": "30314", "image": "C:\\Program Files\\Microsoft Office\\root\\Office16\\OUTLOOK.EXE", "commandLine": "\"OUTLOOK.EXE\"", "currentDirectory": "C:\\Windows\\System32\\", "user": "MEDDEFENSE\\flores", "logonGuid": "{6bffff43-5b05-60a3-8736-c306c18c94cb}", "logonId": "0xb4c95be", "terminalSessionId": "1", "integrityLevel": "Medium", "hashes": "SHA256=ebabff6c6be080ab746db87726c2ab110c70da915250b03eeec2fc4be6a50419", "parentProcessGuid": "{b249d65d-c044-5974-9d5f-43f38124302e}", "parentProcessId": "13827", "parentImage": "C:\\Windows\\explorer.exe", "parentCommandLine": "C:\\Windows\\Explorer.EXE", "parentUser": "MEDDEFENSE\\flores", "agentName": "WS-DOC-02"}, "system": {"eventID": "1", "channel": "Microsoft-Windows-Sysmon/Operational", "computer": "WS-DOC-02", "providerName": "Microsoft-Windows-Sysmon", "providerGuid": "{5770385F-C22A-43E0-BF4C-06F5698FFBD9}", "userID": "S-1-5-18"}}}}
{"timestamp": "2026-05-12T12:37:52.000+00:00", "rule": {"id": "61645", "level": 3, "description": "Sysmon - Event: 22 - DNS query.", "groups": ["sysmon", "sysmon_event_22"]}, "agent": {"id": "576", "name": "WS-NURSE-05", "ip": "10.10.2.16"}, "manager": {"name": "log-srv-01"}, "id": "alert-1778589472-dns-66909", "decoder": {"name": "sysmon-event"}, "data": {"win": {"eventdata": {"utcTime": "2026-05-12 12:37:52.000", "queryName": "login.microsoftonline.com", "queryStatus": "0", "queryResults": "type:  5 20.190.141.20", "image": "C:\\Windows\\System32\\svchost.exe"}, "system": {"eventID": "22", "channel": "Microsoft-Windows-Sysmon/Operational", "computer": "WS-NURSE-05"}}}, "hunt_meta": null}
{"timestamp": "2026-05-12T12:43:32.000+00:00", "rule": {"id": "61603", "level": 5, "description": "Sysmon - Event: 1 - Process creation.", "groups": ["sysmon", "sysmon_event1"]}, "agent": {"id": "631", "name": "WS-NURSE-01", "ip": "10.10.2.11"}, "manager": {"name": "log-srv-01"}, "id": "alert-1778589812-38041", "decoder": {"name": "sysmon-event"}, "data": {"win": {"eventdata": {"utcTime": "2026-05-12 12:43:32.000", "processGuid": "{a97e651a-8827-ab7e-5284-007bcb6fe98a}", "processId": "38041", "image": "C:\\Program Files\\Google\\Chrome\\Application\\chrome.exe", "commandLine": "\"chrome.exe\"", "currentDirectory": "C:\\Windows\\System32\\", "user": "MEDDEFENSE\\nurse01", "logonGuid": "{094a1993-0dde-df3c-42bf-cc3ca94c3d4b}", "logonId": "0x1f0c463", "terminalSessionId": "1", "integrityLevel": "Medium", "hashes": "SHA256=7421ae5434a48ae40580530e0e1b9e3025692bfc3f708d230a4231d767d79746", "parentProcessGuid": "{2d9b3746-3b4b-3fc3-792a-92cfd631825f}", "parentProcessId": "51873", "parentImage": "C:\\Windows\\explorer.exe", "parentCommandLine": "C:\\Windows\\Explorer.EXE", "parentUser": "MEDDEFENSE\\nurse01", "agentName": "WS-NURSE-01"}, "system": {"eventID": "1", "channel": "Microsoft-Windows-Sysmon/Operational", "computer": "WS-NURSE-01", "providerName": "Microsoft-Windows-Sysmon", "providerGuid": "{5770385F-C22A-43E0-BF4C-06F5698FFBD9}", "userID": "S-1-5-18"}}}}
{"timestamp": "2026-05-12T12:49:50.000+00:00", "rule": {"id": "61603", "level": 5, "description": "Sysmon - Event: 1 - Process creation.", "groups": ["sysmon", "sysmon_event1"]}, "agent": {"id": "937", "name": "WS-NURSE-03", "ip": "10.10.2.13"}, "manager": {"name": "log-srv-01"}, "id": "alert-1778590190-46662", "decoder": {"name": "sysmon-event"}, "data": {"win": {"eventdata": {"utcTime": "2026-05-12 12:49:50.000", "processGuid": "{4a6fcd0e-f119-2761-2ff3-d6c7922dccb1}", "processId": "46662", "image": "C:\\Windows\\System32\\svchost.exe", "commandLine": "C:\\Windows\\System32\\svchost.exe -k netsvcs", "currentDirectory": "C:\\Windows\\System32\\", "user": "MEDDEFENSE\\nurse03", "logonGuid": "{80a94ef9-29cb-fcaa-ce14-b85da31ece78}", "logonId": "0x4ee8366", "terminalSessionId": "1", "integrityLevel": "Medium", "hashes": "SHA256=f1fc800b83621a25650185237c2c06cf145476f029dcfece3f82250e0094c437", "parentProcessGuid": "{0fb2e5a0-3204-2a74-d023-f6020c7e8695}", "parentProcessId": "37932", "parentImage": "C:\\Windows\\explorer.exe", "parentCommandLine": "C:\\Windows\\Explorer.EXE", "parentUser": "MEDDEFENSE\\nurse03", "agentName": "WS-NURSE-03"}, "system": {"eventID": "1", "channel": "Microsoft-Windows-Sysmon/Operational", "computer": "WS-NURSE-03", "providerName": "Microsoft-Windows-Sysmon", "providerGuid": "{5770385F-C22A-43E0-BF4C-06F5698FFBD9}", "userID": "S-1-5-18"}}}}
{"timestamp": "2026-05-12T12:59:34.000+00:00", "rule": {"id": "61603", "level": 5, "description": "Sysmon - Event: 1 - Process creation.", "groups": ["sysmon", "sysmon_event1"]}, "agent": {"id": "576", "name": "WS-NURSE-05", "ip": "10.10.2.16"}, "manager": {"name": "log-srv-01"}, "id": "alert-1778590774-33422", "decoder": {"name": "sysmon-event"}, "data": {"win": {"eventdata": {"utcTime": "2026-05-12 12:59:34.000", "processGuid": "{657e1543-3ef5-5d13-9a28-e7b5d6a07cb3}", "processId": "33422", "image": "C:\\Windows\\explorer.exe", "commandLine": "C:\\Windows\\Explorer.EXE", "currentDirectory": "C:\\Windows\\System32\\", "user": "MEDDEFENSE\\nurse05", "logonGuid": "{1d88e25f-4e5e-630b-6298-b8746b192a2f}", "logonId": "0xd786e7a", "terminalSessionId": "1", "integrityLevel": "Medium", "hashes": "SHA256=edbe9f3a0f7008b2f86f8d7922c40c4a57b8a6918edcada08a662ccf31f9b15b", "parentProcessGuid": "{63283694-26e7-8dff-4c30-89f2b66306ce}", "parentProcessId": "28845", "parentImage": "C:\\Windows\\explorer.exe", "parentCommandLine": "C:\\Windows\\Explorer.EXE", "parentUser": "MEDDEFENSE\\nurse05", "agentName": "WS-NURSE-05"}, "system": {"eventID": "1", "channel": "Microsoft-Windows-Sysmon/Operational", "computer": "WS-NURSE-05", "providerName": "Microsoft-Windows-Sysmon", "providerGuid": "{5770385F-C22A-43E0-BF4C-06F5698FFBD9}", "userID": "S-1-5-18"}}}}
{"timestamp": "2026-05-12T13:06:37.000+00:00", "rule": {"id": "61603", "level": 5, "description": "Sysmon - Event: 1 - Process creation.", "groups": ["sysmon", "sysmon_event1"]}, "agent": {"id": "066", "name": "WS-DOC-01", "ip": "10.10.2.30"}, "manager": {"name": "log-srv-01"}, "id": "alert-1778591197-4176", "decoder": {"name": "sysmon-event"}, "data": {"win": {"eventdata": {"utcTime": "2026-05-12 13:06:37.000", "processGuid": "{62a9c74c-e411-4b01-097f-d73afb384502}", "processId": "4176", "image": "C:\\Windows\\System32\\svchost.exe", "commandLine": "C:\\Windows\\System32\\svchost.exe -k netsvcs", "currentDirectory": "C:\\Windows\\System32\\", "user": "MEDDEFENSE\\kapoor", "logonGuid": "{ce539ab9-f1b9-2cb7-f274-c71b56b9d704}", "logonId": "0xfb6a32e", "terminalSessionId": "1", "integrityLevel": "Medium", "hashes": "SHA256=eb0bbda7985ca38743f397c6606a3652b404ff3c76a82cec5c6ab9a2acdbb284", "parentProcessGuid": "{aa1dd8b0-05ea-dd78-5259-2431b7c9377b}", "parentProcessId": "61769", "parentImage": "C:\\Windows\\explorer.exe", "parentCommandLine": "C:\\Windows\\Explorer.EXE", "parentUser": "MEDDEFENSE\\kapoor", "agentName": "WS-DOC-01"}, "system": {"eventID": "1", "channel": "Microsoft-Windows-Sysmon/Operational", "computer": "WS-DOC-01", "providerName": "Microsoft-Windows-Sysmon", "providerGuid": "{5770385F-C22A-43E0-BF4C-06F5698FFBD9}", "userID": "S-1-5-18"}}}}
{"timestamp": "2026-05-12T13:11:41.000+00:00", "rule": {"id": "61645", "level": 3, "description": "Sysmon - Event: 22 - DNS query.", "groups": ["sysmon", "sysmon_event_22"]}, "agent": {"id": "314", "name": "WS-RECV-04", "ip": "10.10.3.22"}, "manager": {"name": "log-srv-01"}, "id": "alert-1778591501-dns-26152", "decoder": {"name": "sysmon-event"}, "data": {"win": {"eventdata": {"utcTime": "2026-05-12 13:11:41.000", "queryName": "smtp.meddefense.local", "queryStatus": "0", "queryResults": "type:  5 10.10.20.45", "image": "C:\\Windows\\System32\\svchost.exe"}, "system": {"eventID": "22", "channel": "Microsoft-Windows-Sysmon/Operational", "computer": "WS-RECV-04"}}}, "hunt_meta": null}
{"timestamp": "2026-05-12T13:16:55.000+00:00", "rule": {"id": "61603", "level": 5, "description": "Sysmon - Event: 1 - Process creation.", "groups": ["sysmon", "sysmon_event1"]}, "agent": {"id": "263", "name": "WS-BILL-03", "ip": "10.10.4.34"}, "manager": {"name": "log-srv-01"}, "id": "alert-1778591815-60796", "decoder": {"name": "sysmon-event"}, "data": {"win": {"eventdata": {"utcTime": "2026-05-12 13:16:55.000", "processGuid": "{726fdeed-b051-2e6f-29d5-6f2bd7e1c9b1}", "processId": "60796", "image": "C:\\Program Files\\Microsoft Office\\root\\Office16\\WINWORD.EXE", "commandLine": "\"WINWORD.EXE\"", "currentDirectory": "C:\\Windows\\System32\\", "user": "MEDDEFENSE\\bill03", "logonGuid": "{2c854da6-b26c-6f7b-5625-e3e8d240980a}", "logonId": "0x1f46680", "terminalSessionId": "1", "integrityLevel": "Medium", "hashes": "SHA256=094555ec33fecfd63ad400105b78f997b1e751d031d873fb367986d9d4bb988d", "parentProcessGuid": "{4614fb47-9060-49a6-28e3-168700967cb3}", "parentProcessId": "41429", "parentImage": "C:\\Windows\\explorer.exe", "parentCommandLine": "C:\\Windows\\Explorer.EXE", "parentUser": "MEDDEFENSE\\bill03", "agentName": "WS-BILL-03"}, "system": {"eventID": "1", "channel": "Microsoft-Windows-Sysmon/Operational", "computer": "WS-BILL-03", "providerName": "Microsoft-Windows-Sysmon", "providerGuid": "{5770385F-C22A-43E0-BF4C-06F5698FFBD9}", "userID": "S-1-5-18"}}}}
{"timestamp": "2026-05-12T13:17:00.000+00:00", "rule": {"id": "61605", "level": 3, "description": "Sysmon - Event: 3 - Network connection.", "groups": ["sysmon", "sysmon_event3"]}, "agent": {"id": "631", "name": "WS-NURSE-01", "ip": "10.10.2.11"}, "manager": {"name": "log-srv-01"}, "id": "alert-1778591820-net-88520", "decoder": {"name": "sysmon-event"}, "data": {"win": {"eventdata": {"utcTime": "2026-05-12 13:17:00.000", "image": "C:\\Windows\\System32\\svchost.exe", "user": "MEDDEFENSE\\system", "protocol": "tcp", "initiated": "true", "sourceIp": "10.10.2.11", "sourcePort": "60713", "destinationIp": "10.10.20.25", "destinationPort": "5985", "destinationHostname": "SRV-INS-DB"}, "system": {"eventID": "3", "channel": "Microsoft-Windows-Sysmon/Operational", "computer": "WS-NURSE-01"}}}, "hunt_meta": null}
{"timestamp": "2026-05-12T13:20:15.000+00:00", "rule": {"id": "61605", "level": 3, "description": "Sysmon - Event: 3 - Network connection.", "groups": ["sysmon", "sysmon_event3"]}, "agent": {"id": "829", "name": "WS-HELPDESK-01", "ip": "10.10.9.20"}, "manager": {"name": "log-srv-01"}, "id": "alert-1778592015-net-81057", "decoder": {"name": "sysmon-event"}, "data": {"win": {"eventdata": {"utcTime": "2026-05-12 13:20:15.000", "image": "C:\\Windows\\System32\\svchost.exe", "user": "MEDDEFENSE\\system", "protocol": "tcp", "initiated": "true", "sourceIp": "10.10.9.20", "sourcePort": "58261", "destinationIp": "10.10.20.25", "destinationPort": "636", "destinationHostname": "SRV-INS-DB"}, "system": {"eventID": "3", "channel": "Microsoft-Windows-Sysmon/Operational", "computer": "WS-HELPDESK-01"}}}, "hunt_meta": null}
{"timestamp": "2026-05-12T13:23:51.000+00:00", "rule": {"id": "61613", "level": 3, "description": "Sysmon - Event: 11 - File created.", "groups": ["sysmon", "sysmon_event_11"]}, "agent": {"id": "576", "name": "WS-NURSE-05", "ip": "10.10.2.16"}, "manager": {"name": "log-srv-01"}, "id": "alert-1778592231-fc-70910", "decoder": {"name": "sysmon-event"}, "data": {"win": {"eventdata": {"utcTime": "2026-05-12 13:23:51.000", "image": "C:\\Program Files\\Microsoft Office\\root\\Office16\\OUTLOOK.EXE", "targetFilename": "C:\\Users\\nurse05\\AppData\\Local\\Temp\\OICE_1974.tmp", "creationUtcTime": "2026-05-12 13:23:51.000"}, "system": {"eventID": "11", "channel": "Microsoft-Windows-Sysmon/Operational", "computer": "WS-NURSE-05"}}}}
{"timestamp": "2026-05-12T13:24:04.000+00:00", "rule": {"id": "61603", "level": 5, "description": "Sysmon - Event: 1 - Process creation.", "groups": ["sysmon", "sysmon_event1"]}, "agent": {"id": "014", "name": "WS-ADMIN-01", "ip": "10.10.9.10"}, "manager": {"name": "log-srv-01"}, "id": "baseline-1778592244-52008", "decoder": {"name": "sysmon-event"}, "data": {"win": {"eventdata": {"utcTime": "2026-05-12 13:24:04.000", "processGuid": "{956bcc92-36d2-cc04-6b9f-271268a3f406}", "processId": "52008", "image": "C:\\Windows\\System32\\wbem\\WMIC.exe", "commandLine": "wmic /node:SRV-BACKUP-01 /user:MEDDEFENSE\\robert.kim process where name='MsMpEng.exe' get processid,handlecount", "currentDirectory": "C:\\Tools\\Scripts\\", "user": "MEDDEFENSE\\robert.kim", "logonGuid": "{7f905bf0-986a-a205-e2ff-43f199c32b03}", "logonId": "0x1a4e31b", "terminalSessionId": "2", "integrityLevel": "High", "hashes": "SHA256=c7c8e86e7a4c8a9a7b7c6f5e4d3c2b1a0908070605040302010908070605040", "parentProcessGuid": "{92bd86d5-38ac-aa8c-bcba-01e9494cb35f}", "parentProcessId": "38979", "parentImage": "C:\\Windows\\System32\\cmd.exe", "parentCommandLine": "\"C:\\Windows\\System32\\cmd.exe\"", "parentUser": "MEDDEFENSE\\robert.kim", "agentName": "WS-ADMIN-01"}, "system": {"eventID": "1", "channel": "Microsoft-Windows-Sysmon/Operational", "computer": "WS-ADMIN-01", "providerName": "Microsoft-Windows-Sysmon", "providerGuid": "{5770385F-C22A-43E0-BF4C-06F5698FFBD9}", "userID": "S-1-5-18"}}}, "hunt_meta": {"category": "baseline", "source_host": "WS-ADMIN-01", "target_host": "SRV-BACKUP-01", "target_ip": "10.10.20.80", "tool": "WMI", "authorized": true}}
{"timestamp": "2026-05-12T13:30:24.000+00:00", "rule": {"id": "61645", "level": 3, "description": "Sysmon - Event: 22 - DNS query.", "groups": ["sysmon", "sysmon_event_22"]}, "agent": {"id": "845", "name": "WS-AP-07", "ip": "10.10.4.41"}, "manager": {"name": "log-srv-01"}, "id": "alert-1778592624-dns-26313", "decoder": {"name": "sysmon-event"}, "data": {"win": {"eventdata": {"utcTime": "2026-05-12 13:30:24.000", "queryName": "clients.google.com", "queryStatus": "0", "queryResults": "type:  5 172.217.16.110", "image": "C:\\Windows\\System32\\svchost.exe"}, "system": {"eventID": "22", "channel": "Microsoft-Windows-Sysmon/Operational", "computer": "WS-AP-07"}}}, "hunt_meta": null}
{"timestamp": "2026-05-12T13:30:33.000+00:00", "rule": {"id": "61612", "level": 3, "description": "Sysmon - Event: 13 - Registry value set.", "groups": ["sysmon", "sysmon_event_13"]}, "agent": {"id": "773", "name": "WS-DOC-02", "ip": "10.10.2.31"}, "manager": {"name": "log-srv-01"}, "id": "alert-1778592633-reg-95100", "decoder": {"name": "sysmon-event"}, "data": {"win": {"eventdata": {"utcTime": "2026-05-12 13:30:33.000", "eventType": "SetValue", "image": "C:\\Windows\\System32\\msiexec.exe", "targetObject": "HKLM\\SOFTWARE\\Microsoft\\Windows\\CurrentVersion\\Uninstall\\Value18", "details": "QWORD (0x00000064)"}, "system": {"eventID": "13", "channel": "Microsoft-Windows-Sysmon/Operational", "computer": "WS-DOC-02"}}}}
{"timestamp": "2026-05-12T13:36:58.000+00:00", "rule": {"id": "61613", "level": 3, "description": "Sysmon - Event: 11 - File created.", "groups": ["sysmon", "sysmon_event_11"]}, "agent": {"id": "263", "name": "WS-BILL-03", "ip": "10.10.4.34"}, "manager": {"name": "log-srv-01"}, "id": "alert-1778593018-fc-26524", "decoder": {"name": "sysmon-event"}, "data": {"win": {"eventdata": {"utcTime": "2026-05-12 13:36:58.000", "image": "C:\\Program Files\\Microsoft Office\\root\\Office16\\OUTLOOK.EXE", "targetFilename": "C:\\Users\\bill03\\AppData\\Local\\Temp\\OICE_3561.tmp", "creationUtcTime": "2026-05-12 13:36:58.000"}, "system": {"eventID": "11", "channel": "Microsoft-Windows-Sysmon/Operational", "computer": "WS-BILL-03"}}}}
{"timestamp": "2026-05-12T13:37:10.000+00:00", "rule": {"id": "61612", "level": 3, "description": "Sysmon - Event: 13 - Registry value set.", "groups": ["sysmon", "sysmon_event_13"]}, "agent": {"id": "794", "name": "WS-BILL-02", "ip": "10.10.4.33"}, "manager": {"name": "log-srv-01"}, "id": "alert-1778593030-reg-73628", "decoder": {"name": "sysmon-event"}, "data": {"win": {"eventdata": {"utcTime": "2026-05-12 13:37:10.000", "eventType": "SetValue", "image": "C:\\Windows\\System32\\svchost.exe", "targetObject": "HKLM\\SOFTWARE\\Microsoft\\Windows\\CurrentVersion\\Uninstall\\Value91", "details": "DWORD (0x00000001)"}, "system": {"eventID": "13", "channel": "Microsoft-Windows-Sysmon/Operational", "computer": "WS-BILL-02"}}}}
{"timestamp": "2026-05-12T13:48:08.000+00:00", "rule": {"id": "61605", "level": 3, "description": "Sysmon - Event: 3 - Network connection.", "groups": ["sysmon", "sysmon_event3"]}, "agent": {"id": "696", "name": "WS-NURSE-04", "ip": "10.10.2.15"}, "manager": {"name": "log-srv-01"}, "id": "alert-1778593688-net-53465", "decoder": {"name": "sysmon-event"}, "data": {"win": {"eventdata": {"utcTime": "2026-05-12 13:48:08.000", "image": "C:\\Windows\\System32\\svchost.exe", "user": "MEDDEFENSE\\system", "protocol": "tcp", "initiated": "true", "sourceIp": "10.10.2.15", "sourcePort": "52167", "destinationIp": "10.10.20.70", "destinationPort": "636", "destinationHostname": "SRV-AV-01"}, "system": {"eventID": "3", "channel": "Microsoft-Windows-Sysmon/Operational", "computer": "WS-NURSE-04"}}}, "hunt_meta": null}
{"timestamp": "2026-05-12T13:49:30.000+00:00", "rule": {"id": "61603", "level": 5, "description": "Sysmon - Event: 1 - Process creation.", "groups": ["sysmon", "sysmon_event1"]}, "agent": {"id": "314", "name": "WS-RECV-04", "ip": "10.10.3.22"}, "manager": {"name": "log-srv-01"}, "id": "alert-1778593770-8224", "decoder": {"name": "sysmon-event"}, "data": {"win": {"eventdata": {"utcTime": "2026-05-12 13:49:30.000", "processGuid": "{6a910ba3-3ba8-2619-c4c3-1c571278de1d}", "processId": "8224", "image": "C:\\Windows\\System32\\svchost.exe", "commandLine": "C:\\Windows\\System32\\svchost.exe -k netsvcs", "currentDirectory": "C:\\Windows\\System32\\", "user": "MEDDEFENSE\\records04", "logonGuid": "{5b1c8ced-fcc8-8739-d01c-0aac203e166b}", "logonId": "0x912634e", "terminalSessionId": "1", "integrityLevel": "Medium", "hashes": "SHA256=e12ac65336e9a2f1f229cf0c590fc32c615479ab302f3be5f2ff2336deb2adfb", "parentProcessGuid": "{10be9fc7-fe8e-10ef-2dcc-c4758897eccb}", "parentProcessId": "20716", "parentImage": "C:\\Windows\\explorer.exe", "parentCommandLine": "C:\\Windows\\Explorer.EXE", "parentUser": "MEDDEFENSE\\records04", "agentName": "WS-RECV-04"}, "system": {"eventID": "1", "channel": "Microsoft-Windows-Sysmon/Operational", "computer": "WS-RECV-04", "providerName": "Microsoft-Windows-Sysmon", "providerGuid": "{5770385F-C22A-43E0-BF4C-06F5698FFBD9}", "userID": "S-1-5-18"}}}}
{"timestamp": "2026-05-12T13:56:19.000+00:00", "rule": {"id": "61603", "level": 5, "description": "Sysmon - Event: 1 - Process creation.", "groups": ["sysmon", "sysmon_event1"]}, "agent": {"id": "845", "name": "WS-AP-07", "ip": "10.10.4.41"}, "manager": {"name": "log-srv-01"}, "id": "alert-1778594179-59842", "decoder": {"name": "sysmon-event"}, "data": {"win": {"eventdata": {"utcTime": "2026-05-12 13:56:19.000", "processGuid": "{380bdec0-c66d-82f9-a78e-1895c856f615}", "processId": "59842", "image": "C:\\Program Files\\Microsoft Office\\root\\Office16\\WINWORD.EXE", "commandLine": "\"WINWORD.EXE\"", "currentDirectory": "C:\\Windows\\System32\\", "user": "MEDDEFENSE\\arivera", "logonGuid": "{e4c0f26f-bcf2-1c53-8298-5ae9c0ed9645}", "logonId": "0x68f7d1e", "terminalSessionId": "1", "integrityLevel": "Medium", "hashes": "SHA256=953c925dc4aece1e124551ee6f1b85cde343a4b80afed1a2185a9d59fbb2232e", "parentProcessGuid": "{396247de-db80-f69a-c3e0-44d62496dd22}", "parentProcessId": "9105", "parentImage": "C:\\Windows\\explorer.exe", "parentCommandLine": "C:\\Windows\\Explorer.EXE", "parentUser": "MEDDEFENSE\\arivera", "agentName": "WS-AP-07"}, "system": {"eventID": "1", "channel": "Microsoft-Windows-Sysmon/Operational", "computer": "WS-AP-07", "providerName": "Microsoft-Windows-Sysmon", "providerGuid": "{5770385F-C22A-43E0-BF4C-06F5698FFBD9}", "userID": "S-1-5-18"}}}}
{"timestamp": "2026-05-12T13:58:28.000+00:00", "rule": {"id": "61605", "level": 3, "description": "Sysmon - Event: 3 - Network connection.", "groups": ["sysmon", "sysmon_event3"]}, "agent": {"id": "233", "name": "WS-RECV-03", "ip": "10.10.3.21"}, "manager": {"name": "log-srv-01"}, "id": "alert-1778594308-net-53032", "decoder": {"name": "sysmon-event"}, "data": {"win": {"eventdata": {"utcTime": "2026-05-12 13:58:28.000", "image": "C:\\Windows\\System32\\svchost.exe", "user": "MEDDEFENSE\\system", "protocol": "tcp", "initiated": "true", "sourceIp": "10.10.3.21", "sourcePort": "58965", "destinationIp": "10.10.20.80", "destinationPort": "445", "destinationHostname": "SRV-BACKUP-01"}, "system": {"eventID": "3", "channel": "Microsoft-Windows-Sysmon/Operational", "computer": "WS-RECV-03"}}}, "hunt_meta": null}
{"timestamp": "2026-05-12T14:03:55.000+00:00", "rule": {"id": "61612", "level": 3, "description": "Sysmon - Event: 13 - Registry value set.", "groups": ["sysmon", "sysmon_event_13"]}, "agent": {"id": "066", "name": "WS-DOC-01", "ip": "10.10.2.30"}, "manager": {"name": "log-srv-01"}, "id": "alert-1778594635-reg-78897", "decoder": {"name": "sysmon-event"}, "data": {"win": {"eventdata": {"utcTime": "2026-05-12 14:03:55.000", "eventType": "SetValue", "image": "C:\\Windows\\System32\\svchost.exe", "targetObject": "HKLM\\SYSTEM\\CurrentControlSet\\Services\\Value59", "details": "QWORD (0x00000064)"}, "system": {"eventID": "13", "channel": "Microsoft-Windows-Sysmon/Operational", "computer": "WS-DOC-01"}}}}
