{"timestamp": "2026-05-04T03:18:41.000+00:00", "rule": {"id": "60106", "level": 4, "description": "Windows: Successful login.", "groups": ["windows", "authentication_success"]}, "agent": {"id": "170", "name": "SRV-AV-01", "ip": "10.10.20.70"}, "manager": {"name": "log-srv-01"}, "id": "alert-1777864721-logon-18757", "decoder": {"name": "windows_eventchannel"}, "data": {"win": {"eventdata": {"subjectUserSid": "S-1-0-0", "subjectUserName": "-", "targetUserSid": "S-1-5-21-2418457263-3110824891-719402188-1564", "targetUserName": "svc_av", "targetDomainName": "MEDDEFENSE", "logonType": "5", "logonProcessName": "Kerberos", "authenticationPackageName": "Kerberos", "workstationName": "SRV-AV-01", "ipAddress": "10.10.20.70", "ipPort": "59232", "processName": "C:\\Windows\\System32\\lsass.exe"}, "system": {"eventID": "4624", "channel": "Security", "computer": "SRV-AV-01", "providerName": "Microsoft-Windows-Security-Auditing"}}}, "hunt_meta": {"category": "baseline_svc_auth", "source_host": "SRV-AV-01", "target_host": "SRV-AV-01", "tool": "svc_av_service", "authorized": true}}
{"timestamp": "2026-05-04T03:24:52.000+00:00", "rule": {"id": "60106", "level": 4, "description": "Windows: Successful login.", "groups": ["windows", "authentication_success"]}, "agent": {"id": "170", "name": "SRV-AV-01", "ip": "10.10.20.70"}, "manager": {"name": "log-srv-01"}, "id": "alert-1777865092-logon-58404", "decoder": {"name": "windows_eventchannel"}, "data": {"win": {"eventdata": {"subjectUserSid": "S-1-0-0", "subjectUserName": "-", "targetUserSid": "S-1-5-21-2418457263-3110824891-719402188-1558", "targetUserName": "svc_av", "targetDomainName": "MEDDEFENSE", "logonType": "5", "logonProcessName": "Kerberos", "authenticationPackageName": "Kerberos", "workstationName": "SRV-AV-01", "ipAddress": "10.10.20.70", "ipPort": "53898", "processName": "C:\\Windows\\System32\\lsass.exe"}, "system": {"eventID": "4624", "channel": "Security", "computer": "SRV-AV-01", "providerName": "Microsoft-Windows-Security-Auditing"}}}, "hunt_meta": {"category": "baseline_svc_auth", "source_host": "SRV-AV-01", "target_host": "SRV-AV-01", "tool": "svc_av_service", "authorized": true}}
{"timestamp": "2026-05-04T03:25:41.000+00:00", "rule": {"id": "61612", "level": 3, "description": "Sysmon - Event: 13 - Registry value set.", "groups": ["sysmon", "sysmon_event_13"]}, "agent": {"id": "561", "name": "WS-HELPDESK-02", "ip": "10.10.9.21"}, "manager": {"name": "log-srv-01"}, "id": "alert-1777865141-reg-87351", "decoder": {"name": "sysmon-event"}, "data": {"win": {"eventdata": {"utcTime": "2026-05-04 03:25:41.000", "eventType": "SetValue", "image": "C:\\Program Files\\Microsoft Office\\root\\Office16\\WINWORD.EXE", "targetObject": "HKLM\\SOFTWARE\\Microsoft\\Windows\\CurrentVersion\\Uninstall\\Value58", "details": "DWORD (0x00000001)"}, "system": {"eventID": "13", "channel": "Microsoft-Windows-Sysmon/Operational", "computer": "WS-HELPDESK-02"}}}}
{"timestamp": "2026-05-04T03:29:23.000+00:00", "rule": {"id": "60106", "level": 4, "description": "Windows: Successful login.", "groups": ["windows", "authentication_success"]}, "agent": {"id": "180", "name": "SRV-BACKUP-01", "ip": "10.10.20.80"}, "manager": {"name": "log-srv-01"}, "id": "alert-1777865363-logon-31295", "decoder": {"name": "windows_eventchannel"}, "data": {"win": {"eventdata": {"subjectUserSid": "S-1-0-0", "subjectUserName": "-", "targetUserSid": "S-1-5-21-2418457263-3110824891-719402188-1269", "targetUserName": "svc_backup", "targetDomainName": "MEDDEFENSE", "logonType": "5", "logonProcessName": "Kerberos", "authenticationPackageName": "Kerberos", "workstationName": "SRV-BACKUP-01", "ipAddress": "10.10.20.80", "ipPort": "57794", "processName": "C:\\Windows\\System32\\lsass.exe"}, "system": {"eventID": "4624", "channel": "Security", "computer": "SRV-BACKUP-01", "providerName": "Microsoft-Windows-Security-Auditing"}}}, "hunt_meta": {"category": "baseline_svc_auth", "source_host": "SRV-BACKUP-01", "target_host": "SRV-BACKUP-01", "tool": "svc_backup_service", "authorized": true}}
{"timestamp": "2026-05-04T03:38:16.000+00:00", "rule": {"id": "61612", "level": 3, "description": "Sysmon - Event: 13 - Registry value set.", "groups": ["sysmon", "sysmon_event_13"]}, "agent": {"id": "104", "name": "WS-AP-01", "ip": "10.10.4.40"}, "manager": {"name": "log-srv-01"}, "id": "alert-1777865896-reg-23431", "decoder": {"name": "sysmon-event"}, "data": {"win": {"eventdata": {"utcTime": "2026-05-04 03:38:16.000", "eventType": "SetValue", "image": "C:\\Windows\\System32\\TrustedInstaller.exe", "targetObject": "HKLM\\SYSTEM\\CurrentControlSet\\Services\\Value91", "details": "DWORD (0x00000000)"}, "system": {"eventID": "13", "channel": "Microsoft-Windows-Sysmon/Operational", "computer": "WS-AP-01"}}}}
{"timestamp": "2026-05-04T03:46:10.000+00:00", "rule": {"id": "60106", "level": 4, "description": "Windows: Successful login.", "groups": ["windows", "authentication_success"]}, "agent": {"id": "125", "name": "SRV-INS-DB", "ip": "10.10.20.25"}, "manager": {"name": "log-srv-01"}, "id": "alert-1777866370-logon-90098", "decoder": {"name": "windows_eventchannel"}, "data": {"win": {"eventdata": {"subjectUserSid": "S-1-0-0", "subjectUserName": "-", "targetUserSid": "S-1-5-21-2418457263-3110824891-719402188-1397", "targetUserName": "svc_insurance", "targetDomainName": "MEDDEFENSE", "logonType": "5", "logonProcessName": "Kerberos", "authenticationPackageName": "Kerberos", "workstationName": "SRV-INS-DB", "ipAddress": "10.10.20.25", "ipPort": "50538", "processName": "C:\\Windows\\System32\\lsass.exe"}, "system": {"eventID": "4624", "channel": "Security", "computer": "SRV-INS-DB", "providerName": "Microsoft-Windows-Security-Auditing"}}}, "hunt_meta": {"category": "baseline_svc_auth", "source_host": "SRV-INS-DB", "target_host": "SRV-INS-DB", "tool": "svc_insurance_service", "authorized": true}}
{"timestamp": "2026-05-04T03:51:43.000+00:00", "rule": {"id": "60106", "level": 4, "description": "Windows: Successful login.", "groups": ["windows", "authentication_success"]}, "agent": {"id": "105", "name": "SRV-DC-01", "ip": "10.10.20.5"}, "manager": {"name": "log-srv-01"}, "id": "alert-1777866703-logon-83385", "decoder": {"name": "windows_eventchannel"}, "data": {"win": {"eventdata": {"subjectUserSid": "S-1-0-0", "subjectUserName": "-", "targetUserSid": "S-1-5-21-2418457263-3110824891-719402188-1543", "targetUserName": "svc_ad_replication", "targetDomainName": "MEDDEFENSE", "logonType": "5", "logonProcessName": "Kerberos", "authenticationPackageName": "Kerberos", "workstationName": "SRV-DC-01", "ipAddress": "10.10.20.5", "ipPort": "55722", "processName": "C:\\Windows\\System32\\lsass.exe"}, "system": {"eventID": "4624", "channel": "Security", "computer": "SRV-DC-01", "providerName": "Microsoft-Windows-Security-Auditing"}}}, "hunt_meta": {"category": "baseline_svc_auth", "source_host": "SRV-DC-01", "target_host": "SRV-DC-01", "tool": "svc_ad_replication_service", "authorized": true}}
{"timestamp": "2026-05-04T03:52:31.000+00:00", "rule": {"id": "60106", "level": 4, "description": "Windows: Successful login.", "groups": ["windows", "authentication_success"]}, "agent": {"id": "115", "name": "SRV-HEALTH-DB", "ip": "10.10.20.15"}, "manager": {"name": "log-srv-01"}, "id": "alert-1777866751-logon-40459", "decoder": {"name": "windows_eventchannel"}, "data": {"win": {"eventdata": {"subjectUserSid": "S-1-0-0", "subjectUserName": "-", "targetUserSid": "S-1-5-21-2418457263-3110824891-719402188-1434", "targetUserName": "svc_healthsync", "targetDomainName": "MEDDEFENSE", "logonType": "5", "logonProcessName": "Kerberos", "authenticationPackageName": "Kerberos", "workstationName": "SRV-HEALTH-DB", "ipAddress": "10.10.20.15", "ipPort": "50193", "processName": "C:\\Windows\\System32\\lsass.exe"}, "system": {"eventID": "4624", "channel": "Security", "computer": "SRV-HEALTH-DB", "providerName": "Microsoft-Windows-Security-Auditing"}}}, "hunt_meta": {"category": "baseline_svc_auth", "source_host": "SRV-HEALTH-DB", "target_host": "SRV-HEALTH-DB", "tool": "svc_healthsync_service", "authorized": true}}
{"timestamp": "2026-05-04T03:56:48.000+00:00", "rule": {"id": "60106", "level": 4, "description": "Windows: Successful login.", "groups": ["windows", "authentication_success"]}, "agent": {"id": "125", "name": "SRV-INS-DB", "ip": "10.10.20.25"}, "manager": {"name": "log-srv-01"}, "id": "alert-1777867008-logon-35026", "decoder": {"name": "windows_eventchannel"}, "data": {"win": {"eventdata": {"subjectUserSid": "S-1-0-0", "subjectUserName": "-", "targetUserSid": "S-1-5-21-2418457263-3110824891-719402188-1352", "targetUserName": "svc_insurance", "targetDomainName": "MEDDEFENSE", "logonType": "5", "logonProcessName": "Kerberos", "authenticationPackageName": "Kerberos", "workstationName": "SRV-INS-DB", "ipAddress": "10.10.20.25", "ipPort": "56035", "processName": "C:\\Windows\\System32\\lsass.exe"}, "system": {"eventID": "4624", "channel": "Security", "computer": "SRV-INS-DB", "providerName": "Microsoft-Windows-Security-Auditing"}}}, "hunt_meta": {"category": "baseline_svc_auth", "source_host": "SRV-INS-DB", "target_host": "SRV-INS-DB", "tool": "svc_insurance_service", "authorized": true}}
{"timestamp": "2026-05-04T03:59:16.000+00:00", "rule": {"id": "60106", "level": 4, "description": "Windows: Successful login.", "groups": ["windows", "authentication_success"]}, "agent": {"id": "125", "name": "SRV-INS-DB", "ip": "10.10.20.25"}, "manager": {"name": "log-srv-01"}, "id": "alert-1777867156-logon-39486", "decoder": {"name": "windows_eventchannel"}, "data": {"win": {"eventdata": {"subjectUserSid": "S-1-0-0", "subjectUserName": "-", "targetUserSid": "S-1-5-21-2418457263-3110824891-719402188-1504", "targetUserName": "svc_insurance", "targetDomainName": "MEDDEFENSE", "logonType": "5", "logonProcessName": "Kerberos", "authenticationPackageName": "Kerberos", "workstationName": "SRV-INS-DB", "ipAddress": "10.10.20.25", "ipPort": "52621", "processName": "C:\\Windows\\System32\\lsass.exe"}, "system": {"eventID": "4624", "channel": "Security", "computer": "SRV-INS-DB", "providerName": "Microsoft-Windows-Security-Auditing"}}}, "hunt_meta": {"category": "baseline_svc_auth", "source_host": "SRV-INS-DB", "target_host": "SRV-INS-DB", "tool": "svc_insurance_service", "authorized": true}}
{"timestamp": "2026-05-04T04:06:02.000+00:00", "rule": {"id": "60106", "level": 4, "description": "Windows: Successful login.", "groups": ["windows", "authentication_success"]}, "agent": {"id": "105", "name": "SRV-DC-01", "ip": "10.10.20.5"}, "manager": {"name": "log-srv-01"}, "id": "alert-1777867562-logon-55447", "decoder": {"name": "windows_eventchannel"}, "data": {"win": {"eventdata": {"subjectUserSid": "S-1-0-0", "subjectUserName": "-", "targetUserSid": "S-1-5-21-2418457263-3110824891-719402188-1585", "targetUserName": "svc_ad_replication", "targetDomainName": "MEDDEFENSE", "logonType": "5", "logonProcessName": "Kerberos", "authenticationPackageName": "Kerberos", "workstationName": "SRV-DC-01", "ipAddress": "10.10.20.5", "ipPort": "63383", "processName": "C:\\Windows\\System32\\lsass.exe"}, "system": {"eventID": "4624", "channel": "Security", "computer": "SRV-DC-01", "providerName": "Microsoft-Windows-Security-Auditing"}}}, "hunt_meta": {"category": "baseline_svc_auth", "source_host": "SRV-DC-01", "target_host": "SRV-DC-01", "tool": "svc_ad_replication_service", "authorized": true}}
{"timestamp": "2026-05-04T04:11:41.000+00:00", "rule": {"id": "61605", "level": 3, "description": "Sysmon - Event: 3 - Network connection.", "groups": ["sysmon", "sysmon_event3"]}, "agent": {"id": "755", "name": "WS-NURSE-02", "ip": "10.10.2.12"}, "manager": {"name": "log-srv-01"}, "id": "alert-1777867901-net-59774", "decoder": {"name": "sysmon-event"}, "data": {"win": {"eventdata": {"utcTime": "2026-05-04 04:11:41.000", "image": "C:\\Windows\\System32\\svchost.exe", "user": "MEDDEFENSE\\system", "protocol": "tcp", "initiated": "true", "sourceIp": "10.10.2.12", "sourcePort": "50427", "destinationIp": "10.10.20.60", "destinationPort": "636", "destinationHostname": "SRV-PATCH-01"}, "system": {"eventID": "3", "channel": "Microsoft-Windows-Sysmon/Operational", "computer": "WS-NURSE-02"}}}, "hunt_meta": null}
{"timestamp": "2026-05-04T04:13:14.000+00:00", "rule": {"id": "60106", "level": 4, "description": "Windows: Successful login.", "groups": ["windows", "authentication_success"]}, "agent": {"id": "160", "name": "SRV-PATCH-01", "ip": "10.10.20.60"}, "manager": {"name": "log-srv-01"}, "id": "alert-1777867994-logon-96479", "decoder": {"name": "windows_eventchannel"}, "data": {"win": {"eventdata": {"subjectUserSid": "S-1-0-0", "subjectUserName": "-", "targetUserSid": "S-1-5-21-2418457263-3110824891-719402188-1473", "targetUserName": "svc_patchdeploy", "targetDomainName": "MEDDEFENSE", "logonType": "3", "logonProcessName": "Kerberos", "authenticationPackageName": "Kerberos", "workstationName": "SRV-PATCH-01", "ipAddress": "10.10.20.60", "ipPort": "55546", "processName": "C:\\Windows\\System32\\lsass.exe"}, "system": {"eventID": "4624", "channel": "Security", "computer": "SRV-PATCH-01", "providerName": "Microsoft-Windows-Security-Auditing"}}}, "hunt_meta": {"category": "baseline_svc_auth", "source_host": "SRV-PATCH-01", "target_host": "SRV-PATCH-01", "tool": "svc_patchdeploy_service", "authorized": true}}
{"timestamp": "2026-05-04T04:15:59.000+00:00", "rule": {"id": "60106", "level": 4, "description": "Windows: Successful login.", "groups": ["windows", "authentication_success"]}, "agent": {"id": "180", "name": "SRV-BACKUP-01", "ip": "10.10.20.80"}, "manager": {"name": "log-srv-01"}, "id": "alert-1777868159-logon-69387", "decoder": {"name": "windows_eventchannel"}, "data": {"win": {"eventdata": {"subjectUserSid": "S-1-0-0", "subjectUserName": "-", "targetUserSid": "S-1-5-21-2418457263-3110824891-719402188-1150", "targetUserName": "svc_backup", "targetDomainName": "MEDDEFENSE", "logonType": "5", "logonProcessName": "Kerberos", "authenticationPackageName": "Kerberos", "workstationName": "SRV-BACKUP-01", "ipAddress": "10.10.20.80", "ipPort": "49840", "processName": "C:\\Windows\\System32\\lsass.exe"}, "system": {"eventID": "4624", "channel": "Security", "computer": "SRV-BACKUP-01", "providerName": "Microsoft-Windows-Security-Auditing"}}}, "hunt_meta": {"category": "baseline_svc_auth", "source_host": "SRV-BACKUP-01", "target_host": "SRV-BACKUP-01", "tool": "svc_backup_service", "authorized": true}}
{"timestamp": "2026-05-04T04:17:37.000+00:00", "rule": {"id": "61605", "level": 3, "description": "Sysmon - Event: 3 - Network connection.", "groups": ["sysmon", "sysmon_event3"]}, "agent": {"id": "576", "name": "WS-NURSE-05", "ip": "10.10.2.16"}, "manager": {"name": "log-srv-01"}, "id": "alert-1777868257-net-85062", "decoder": {"name": "sysmon-event"}, "data": {"win": {"eventdata": {"utcTime": "2026-05-04 04:17:37.000", "image": "C:\\Windows\\System32\\svchost.exe", "user": "MEDDEFENSE\\system", "protocol": "tcp", "initiated": "true", "sourceIp": "10.10.2.16", "sourcePort": "57114", "destinationIp": "10.10.20.5", "destinationPort": "389", "destinationHostname": "SRV-DC-01"}, "system": {"eventID": "3", "channel": "Microsoft-Windows-Sysmon/Operational", "computer": "WS-NURSE-05"}}}, "hunt_meta": null}
{"timestamp": "2026-05-04T04:18:11.000+00:00", "rule": {"id": "61613", "level": 3, "description": "Sysmon - Event: 11 - File created.", "groups": ["sysmon", "sysmon_event_11"]}, "agent": {"id": "829", "name": "WS-HELPDESK-01", "ip": "10.10.9.20"}, "manager": {"name": "log-srv-01"}, "id": "alert-1777868291-fc-84675", "decoder": {"name": "sysmon-event"}, "data": {"win": {"eventdata": {"utcTime": "2026-05-04 04:18:11.000", "image": "C:\\Program Files\\Microsoft Office\\root\\Office16\\OUTLOOK.EXE", "targetFilename": "C:\\Users\\helpdesk01\\AppData\\Local\\Temp\\OICE_6498.tmp", "creationUtcTime": "2026-05-04 04:18:11.000"}, "system": {"eventID": "11", "channel": "Microsoft-Windows-Sysmon/Operational", "computer": "WS-HELPDESK-01"}}}}
{"timestamp": "2026-05-04T04:19:15.000+00:00", "rule": {"id": "60106", "level": 4, "description": "Windows: Successful login.", "groups": ["windows", "authentication_success"]}, "agent": {"id": "115", "name": "SRV-HEALTH-DB", "ip": "10.10.20.15"}, "manager": {"name": "log-srv-01"}, "id": "alert-1777868355-logon-54059", "decoder": {"name": "windows_eventchannel"}, "data": {"win": {"eventdata": {"subjectUserSid": "S-1-0-0", "subjectUserName": "-", "targetUserSid": "S-1-5-21-2418457263-3110824891-719402188-1314", "targetUserName": "svc_healthsync", "targetDomainName": "MEDDEFENSE", "logonType": "3", "logonProcessName": "Kerberos", "authenticationPackageName": "Kerberos", "workstationName": "SRV-HEALTH-DB", "ipAddress": "10.10.20.15", "ipPort": "49744", "processName": "C:\\Windows\\System32\\lsass.exe"}, "system": {"eventID": "4624", "channel": "Security", "computer": "SRV-HEALTH-DB", "providerName": "Microsoft-Windows-Security-Auditing"}}}, "hunt_meta": {"category": "baseline_svc_auth", "source_host": "SRV-HEALTH-DB", "target_host": "SRV-HEALTH-DB", "tool": "svc_healthsync_service", "authorized": true}}
{"timestamp": "2026-05-04T04:19:29.000+00:00", "rule": {"id": "60106", "level": 4, "description": "Windows: Successful login.", "groups": ["windows", "authentication_success"]}, "agent": {"id": "125", "name": "SRV-INS-DB", "ip": "10.10.20.25"}, "manager": {"name": "log-srv-01"}, "id": "alert-1777868369-logon-45312", "decoder": {"name": "windows_eventchannel"}, "data": {"win": {"eventdata": {"subjectUserSid": "S-1-0-0", "subjectUserName": "-", "targetUserSid": "S-1-5-21-2418457263-3110824891-719402188-1282", "targetUserName": "svc_insurance", "targetDomainName": "MEDDEFENSE", "logonType": "5", "logonProcessName": "Kerberos", "authenticationPackageName": "Kerberos", "workstationName": "SRV-INS-DB", "ipAddress": "10.10.20.25", "ipPort": "60514", "processName": "C:\\Windows\\System32\\lsass.exe"}, "system": {"eventID": "4624", "channel": "Security", "computer": "SRV-INS-DB", "providerName": "Microsoft-Windows-Security-Auditing"}}}, "hunt_meta": {"category": "baseline_svc_auth", "source_host": "SRV-INS-DB", "target_host": "SRV-INS-DB", "tool": "svc_insurance_service", "authorized": true}}
{"timestamp": "2026-05-04T04:27:17.000+00:00", "rule": {"id": "60106", "level": 4, "description": "Windows: Successful login.", "groups": ["windows", "authentication_success"]}, "agent": {"id": "125", "name": "SRV-INS-DB", "ip": "10.10.20.25"}, "manager": {"name": "log-srv-01"}, "id": "alert-1777868837-logon-49331", "decoder": {"name": "windows_eventchannel"}, "data": {"win": {"eventdata": {"subjectUserSid": "S-1-0-0", "subjectUserName": "-", "targetUserSid": "S-1-5-21-2418457263-3110824891-719402188-1217", "targetUserName": "svc_insurance", "targetDomainName": "MEDDEFENSE", "logonType": "5", "logonProcessName": "Kerberos", "authenticationPackageName": "Kerberos", "workstationName": "SRV-INS-DB", "ipAddress": "10.10.20.25", "ipPort": "52584", "processName": "C:\\Windows\\System32\\lsass.exe"}, "system": {"eventID": "4624", "channel": "Security", "computer": "SRV-INS-DB", "providerName": "Microsoft-Windows-Security-Auditing"}}}, "hunt_meta": {"category": "baseline_svc_auth", "source_host": "SRV-INS-DB", "target_host": "SRV-INS-DB", "tool": "svc_insurance_service", "authorized": true}}
{"timestamp": "2026-05-04T04:27:28.000+00:00", "rule": {"id": "61613", "level": 3, "description": "Sysmon - Event: 11 - File created.", "groups": ["sysmon", "sysmon_event_11"]}, "agent": {"id": "314", "name": "WS-RECV-04", "ip": "10.10.3.22"}, "manager": {"name": "log-srv-01"}, "id": "alert-1777868848-fc-96395", "decoder": {"name": "sysmon-event"}, "data": {"win": {"eventdata": {"utcTime": "2026-05-04 04:27:28.000", "image": "C:\\Program Files\\Microsoft Office\\root\\Office16\\OUTLOOK.EXE", "targetFilename": "C:\\Users\\records04\\AppData\\Local\\Temp\\OICE_3151.tmp", "creationUtcTime": "2026-05-04 04:27:28.000"}, "system": {"eventID": "11", "channel": "Microsoft-Windows-Sysmon/Operational", "computer": "WS-RECV-04"}}}}
{"timestamp": "2026-05-04T04:30:05.000+00:00", "rule": {"id": "60106", "level": 4, "description": "Windows: Successful login.", "groups": ["windows", "authentication_success"]}, "agent": {"id": "115", "name": "SRV-HEALTH-DB", "ip": "10.10.20.15"}, "manager": {"name": "log-srv-01"}, "id": "alert-1777869005-logon-67343", "decoder": {"name": "windows_eventchannel"}, "data": {"win": {"eventdata": {"subjectUserSid": "S-1-0-0", "subjectUserName": "-", "targetUserSid": "S-1-5-21-2418457263-3110824891-719402188-1387", "targetUserName": "svc_healthsync", "targetDomainName": "MEDDEFENSE", "logonType": "5", "logonProcessName": "Kerberos", "authenticationPackageName": "Kerberos", "workstationName": "SRV-HEALTH-DB", "ipAddress": "10.10.20.15", "ipPort": "58523", "processName": "C:\\Windows\\System32\\lsass.exe"}, "system": {"eventID": "4624", "channel": "Security", "computer": "SRV-HEALTH-DB", "providerName": "Microsoft-Windows-Security-Auditing"}}}, "hunt_meta": {"category": "baseline_svc_auth", "source_host": "SRV-HEALTH-DB", "target_host": "SRV-HEALTH-DB", "tool": "svc_healthsync_service", "authorized": true}}
{"timestamp": "2026-05-04T04:31:55.000+00:00", "rule": {"id": "60103", "level": 5, "description": "Windows: Special privileges assigned to new logon.", "groups": ["windows", "authentication_success"]}, "agent": {"id": "445", "name": "SRV-PATCH-01", "ip": "10.10.20.60"}, "manager": {"name": "log-srv-01"}, "id": "alert-1777869115-spec-88062", "decoder": {"name": "windows_eventchannel"}, "data": {"win": {"eventdata": {"subjectUserName": "svc_healthsync", "subjectDomainName": "MEDDEFENSE", "privilegeList": "SeSecurityPrivilege SeBackupPrivilege SeRestorePrivilege"}, "system": {"eventID": "4672", "channel": "Security", "computer": "SRV-PATCH-01"}}}}
{"timestamp": "2026-05-04T04:35:54.000+00:00", "rule": {"id": "60103", "level": 5, "description": "Windows: Special privileges assigned to new logon.", "groups": ["windows", "authentication_success"]}, "agent": {"id": "202", "name": "SRV-AV-01", "ip": "10.10.20.70"}, "manager": {"name": "log-srv-01"}, "id": "alert-1777869354-spec-87911", "decoder": {"name": "windows_eventchannel"}, "data": {"win": {"eventdata": {"subjectUserName": "svc_backup", "subjectDomainName": "MEDDEFENSE", "privilegeList": "SeSecurityPrivilege SeBackupPrivilege SeRestorePrivilege"}, "system": {"eventID": "4672", "channel": "Security", "computer": "SRV-AV-01"}}}}
{"timestamp": "2026-05-04T04:36:03.000+00:00", "rule": {"id": "60106", "level": 4, "description": "Windows: Successful login.", "groups": ["windows", "authentication_success"]}, "agent": {"id": "105", "name": "SRV-DC-01", "ip": "10.10.20.5"}, "manager": {"name": "log-srv-01"}, "id": "alert-1777869363-logon-51179", "decoder": {"name": "windows_eventchannel"}, "data": {"win": {"eventdata": {"subjectUserSid": "S-1-0-0", "subjectUserName": "-", "targetUserSid": "S-1-5-21-2418457263-3110824891-719402188-1251", "targetUserName": "svc_ad_replication", "targetDomainName": "MEDDEFENSE", "logonType": "5", "logonProcessName": "Kerberos", "authenticationPackageName": "Kerberos", "workstationName": "SRV-DC-01", "ipAddress": "10.10.20.5", "ipPort": "59098", "processName": "C:\\Windows\\System32\\lsass.exe"}, "system": {"eventID": "4624", "channel": "Security", "computer": "SRV-DC-01", "providerName": "Microsoft-Windows-Security-Auditing"}}}, "hunt_meta": {"category": "baseline_svc_auth", "source_host": "SRV-DC-01", "target_host": "SRV-DC-01", "tool": "svc_ad_replication_service", "authorized": true}}
{"timestamp": "2026-05-04T04:37:19.000+00:00", "rule": {"id": "61612", "level": 3, "description": "Sysmon - Event: 13 - Registry value set.", "groups": ["sysmon", "sysmon_event_13"]}, "agent": {"id": "066", "name": "WS-DOC-01", "ip": "10.10.2.30"}, "manager": {"name": "log-srv-01"}, "id": "alert-1777869439-reg-15090", "decoder": {"name": "sysmon-event"}, "data": {"win": {"eventdata": {"utcTime": "2026-05-04 04:37:19.000", "eventType": "SetValue", "image": "C:\\Windows\\System32\\svchost.exe", "targetObject": "HKLM\\SOFTWARE\\Microsoft\\Windows\\CurrentVersion\\Uninstall\\Value34", "details": "Binary Data"}, "system": {"eventID": "13", "channel": "Microsoft-Windows-Sysmon/Operational", "computer": "WS-DOC-01"}}}}
{"timestamp": "2026-05-04T04:39:20.000+00:00", "rule": {"id": "60103", "level": 5, "description": "Windows: Special privileges assigned to new logon.", "groups": ["windows", "authentication_success"]}, "agent": {"id": "989", "name": "SRV-HEALTH-DB", "ip": "10.10.20.15"}, "manager": {"name": "log-srv-01"}, "id": "alert-1777869560-spec-34120", "decoder": {"name": "windows_eventchannel"}, "data": {"win": {"eventdata": {"subjectUserName": "robert.kim", "subjectDomainName": "MEDDEFENSE", "privilegeList": "SeSecurityPrivilege SeBackupPrivilege SeRestorePrivilege"}, "system": {"eventID": "4672", "channel": "Security", "computer": "SRV-HEALTH-DB"}}}}
{"timestamp": "2026-05-04T04:39:42.000+00:00", "rule": {"id": "61612", "level": 3, "description": "Sysmon - Event: 13 - Registry value set.", "groups": ["sysmon", "sysmon_event_13"]}, "agent": {"id": "755", "name": "WS-NURSE-02", "ip": "10.10.2.12"}, "manager": {"name": "log-srv-01"}, "id": "alert-1777869582-reg-67964", "decoder": {"name": "sysmon-event"}, "data": {"win": {"eventdata": {"utcTime": "2026-05-04 04:39:42.000", "eventType": "SetValue", "image": "C:\\Windows\\System32\\msiexec.exe", "targetObject": "HKLM\\SOFTWARE\\Microsoft\\Cryptography\\Value21", "details": "DWORD (0x00000001)"}, "system": {"eventID": "13", "channel": "Microsoft-Windows-Sysmon/Operational", "computer": "WS-NURSE-02"}}}}
{"timestamp": "2026-05-04T04:46:01.000+00:00", "rule": {"id": "60106", "level": 4, "description": "Windows: Successful login.", "groups": ["windows", "authentication_success"]}, "agent": {"id": "105", "name": "SRV-DC-01", "ip": "10.10.20.5"}, "manager": {"name": "log-srv-01"}, "id": "alert-1777869961-logon-91759", "decoder": {"name": "windows_eventchannel"}, "data": {"win": {"eventdata": {"subjectUserSid": "S-1-0-0", "subjectUserName": "-", "targetUserSid": "S-1-5-21-2418457263-3110824891-719402188-1498", "targetUserName": "svc_ad_replication", "targetDomainName": "MEDDEFENSE", "logonType": "5", "logonProcessName": "Kerberos", "authenticationPackageName": "Kerberos", "workstationName": "SRV-DC-01", "ipAddress": "10.10.20.5", "ipPort": "57542", "processName": "C:\\Windows\\System32\\lsass.exe"}, "system": {"eventID": "4624", "channel": "Security", "computer": "SRV-DC-01", "providerName": "Microsoft-Windows-Security-Auditing"}}}, "hunt_meta": {"category": "baseline_svc_auth", "source_host": "SRV-DC-01", "target_host": "SRV-DC-01", "tool": "svc_ad_replication_service", "authorized": true}}
{"timestamp": "2026-05-04T04:48:23.000+00:00", "rule": {"id": "60106", "level": 4, "description": "Windows: Successful login.", "groups": ["windows", "authentication_success"]}, "agent": {"id": "160", "name": "SRV-PATCH-01", "ip": "10.10.20.60"}, "manager": {"name": "log-srv-01"}, "id": "alert-1777870103-logon-31263", "decoder": {"name": "windows_eventchannel"}, "data": {"win": {"eventdata": {"subjectUserSid": "S-1-0-0", "subjectUserName": "-", "targetUserSid": "S-1-5-21-2418457263-3110824891-719402188-1492", "targetUserName": "svc_patchdeploy", "targetDomainName": "MEDDEFENSE", "logonType": "5", "logonProcessName": "Kerberos", "authenticationPackageName": "Kerberos", "workstationName": "SRV-PATCH-01", "ipAddress": "10.10.20.60", "ipPort": "55658", "processName": "C:\\Windows\\System32\\lsass.exe"}, "system": {"eventID": "4624", "channel": "Security", "computer": "SRV-PATCH-01", "providerName": "Microsoft-Windows-Security-Auditing"}}}, "hunt_meta": {"category": "baseline_svc_auth", "source_host": "SRV-PATCH-01", "target_host": "SRV-PATCH-01", "tool": "svc_patchdeploy_service", "authorized": true}}
{"timestamp": "2026-05-04T05:00:29.000+00:00", "rule": {"id": "60106", "level": 4, "description": "Windows: Successful login.", "groups": ["windows", "authentication_success"]}, "agent": {"id": "115", "name": "SRV-HEALTH-DB", "ip": "10.10.20.15"}, "manager": {"name": "log-srv-01"}, "id": "alert-1777870829-logon-31681", "decoder": {"name": "windows_eventchannel"}, "data": {"win": {"eventdata": {"subjectUserSid": "S-1-0-0", "subjectUserName": "-", "targetUserSid": "S-1-5-21-2418457263-3110824891-719402188-1525", "targetUserName": "svc_healthsync", "targetDomainName": "MEDDEFENSE", "logonType": "5", "logonProcessName": "Kerberos", "authenticationPackageName": "Kerberos", "workstationName": "SRV-HEALTH-DB", "ipAddress": "10.10.20.15", "ipPort": "50665", "processName": "C:\\Windows\\System32\\lsass.exe"}, "system": {"eventID": "4624", "channel": "Security", "computer": "SRV-HEALTH-DB", "providerName": "Microsoft-Windows-Security-Auditing"}}}, "hunt_meta": {"category": "baseline_svc_auth", "source_host": "SRV-HEALTH-DB", "target_host": "SRV-HEALTH-DB", "tool": "svc_healthsync_service", "authorized": true}}
{"timestamp": "2026-05-04T05:00:36.000+00:00", "rule": {"id": "61612", "level": 3, "description": "Sysmon - Event: 13 - Registry value set.", "groups": ["sysmon", "sysmon_event_13"]}, "agent": {"id": "233", "name": "WS-RECV-03", "ip": "10.10.3.21"}, "manager": {"name": "log-srv-01"}, "id": "alert-1777870836-reg-81678", "decoder": {"name": "sysmon-event"}, "data": {"win": {"eventdata": {"utcTime": "2026-05-04 05:00:36.000", "eventType": "SetValue", "image": "C:\\Windows\\System32\\svchost.exe", "targetObject": "HKCU\\Software\\Microsoft\\Office\\16.0\\Word\\Value13", "details": "DWORD (0x00000001)"}, "system": {"eventID": "13", "channel": "Microsoft-Windows-Sysmon/Operational", "computer": "WS-RECV-03"}}}}
{"timestamp": "2026-05-04T05:03:56.000+00:00", "rule": {"id": "61612", "level": 3, "description": "Sysmon - Event: 13 - Registry value set.", "groups": ["sysmon", "sysmon_event_13"]}, "agent": {"id": "907", "name": "WS-BILL-01", "ip": "10.10.4.30"}, "manager": {"name": "log-srv-01"}, "id": "alert-1777871036-reg-85756", "decoder": {"name": "sysmon-event"}, "data": {"win": {"eventdata": {"utcTime": "2026-05-04 05:03:56.000", "eventType": "SetValue", "image": "C:\\Windows\\System32\\svchost.exe", "targetObject": "HKLM\\SOFTWARE\\Policies\\Microsoft\\Windows Defender\\Value80", "details": "Binary Data"}, "system": {"eventID": "13", "channel": "Microsoft-Windows-Sysmon/Operational", "computer": "WS-BILL-01"}}}}
{"timestamp": "2026-05-04T05:04:38.000+00:00", "rule": {"id": "61613", "level": 3, "description": "Sysmon - Event: 11 - File created.", "groups": ["sysmon", "sysmon_event_11"]}, "agent": {"id": "272", "name": "WS-ADMIN-01", "ip": "10.10.9.10"}, "manager": {"name": "log-srv-01"}, "id": "alert-1777871078-fc-32738", "decoder": {"name": "sysmon-event"}, "data": {"win": {"eventdata": {"utcTime": "2026-05-04 05:04:38.000", "image": "C:\\Program Files\\Microsoft Office\\root\\Office16\\OUTLOOK.EXE", "targetFilename": "C:\\Users\\robert.kim\\AppData\\Local\\Temp\\OICE_7679.tmp", "creationUtcTime": "2026-05-04 05:04:38.000"}, "system": {"eventID": "11", "channel": "Microsoft-Windows-Sysmon/Operational", "computer": "WS-ADMIN-01"}}}}
{"timestamp": "2026-05-04T05:06:54.000+00:00", "rule": {"id": "60106", "level": 4, "description": "Windows: Successful login.", "groups": ["windows", "authentication_success"]}, "agent": {"id": "115", "name": "SRV-HEALTH-DB", "ip": "10.10.20.15"}, "manager": {"name": "log-srv-01"}, "id": "alert-1777871214-logon-61073", "decoder": {"name": "windows_eventchannel"}, "data": {"win": {"eventdata": {"subjectUserSid": "S-1-0-0", "subjectUserName": "-", "targetUserSid": "S-1-5-21-2418457263-3110824891-719402188-1463", "targetUserName": "svc_healthsync", "targetDomainName": "MEDDEFENSE", "logonType": "5", "logonProcessName": "Kerberos", "authenticationPackageName": "Kerberos", "workstationName": "SRV-HEALTH-DB", "ipAddress": "10.10.20.15", "ipPort": "52466", "processName": "C:\\Windows\\System32\\lsass.exe"}, "system": {"eventID": "4624", "channel": "Security", "computer": "SRV-HEALTH-DB", "providerName": "Microsoft-Windows-Security-Auditing"}}}, "hunt_meta": {"category": "baseline_svc_auth", "source_host": "SRV-HEALTH-DB", "target_host": "SRV-HEALTH-DB", "tool": "svc_healthsync_service", "authorized": true}}
{"timestamp": "2026-05-04T05:07:19.000+00:00", "rule": {"id": "61612", "level": 3, "description": "Sysmon - Event: 13 - Registry value set.", "groups": ["sysmon", "sysmon_event_13"]}, "agent": {"id": "329", "name": "WS-NURSE-06", "ip": "10.10.2.17"}, "manager": {"name": "log-srv-01"}, "id": "alert-1777871239-reg-58973", "decoder": {"name": "sysmon-event"}, "data": {"win": {"eventdata": {"utcTime": "2026-05-04 05:07:19.000", "eventType": "SetValue", "image": "C:\\Windows\\System32\\TrustedInstaller.exe", "targetObject": "HKLM\\SYSTEM\\CurrentControlSet\\Services\\Value50", "details": "DWORD (0x00000001)"}, "system": {"eventID": "13", "channel": "Microsoft-Windows-Sysmon/Operational", "computer": "WS-NURSE-06"}}}}
{"timestamp": "2026-05-04T05:14:58.000+00:00", "rule": {"id": "60106", "level": 4, "description": "Windows: Successful login.", "groups": ["windows", "authentication_success"]}, "agent": {"id": "180", "name": "SRV-BACKUP-01", "ip": "10.10.20.80"}, "manager": {"name": "log-srv-01"}, "id": "alert-1777871698-logon-46269", "decoder": {"name": "windows_eventchannel"}, "data": {"win": {"eventdata": {"subjectUserSid": "S-1-0-0", "subjectUserName": "-", "targetUserSid": "S-1-5-21-2418457263-3110824891-719402188-1174", "targetUserName": "svc_backup", "targetDomainName": "MEDDEFENSE", "logonType": "3", "logonProcessName": "Kerberos", "authenticationPackageName": "Kerberos", "workstationName": "SRV-BACKUP-01", "ipAddress": "10.10.20.80", "ipPort": "58199", "processName": "C:\\Windows\\System32\\lsass.exe"}, "system": {"eventID": "4624", "channel": "Security", "computer": "SRV-BACKUP-01", "providerName": "Microsoft-Windows-Security-Auditing"}}}, "hunt_meta": {"category": "baseline_svc_auth", "source_host": "SRV-BACKUP-01", "target_host": "SRV-BACKUP-01", "tool": "svc_backup_service", "authorized": true}}
{"timestamp": "2026-05-04T05:17:14.000+00:00", "rule": {"id": "61612", "level": 3, "description": "Sysmon - Event: 13 - Registry value set.", "groups": ["sysmon", "sysmon_event_13"]}, "agent": {"id": "314", "name": "WS-RECV-04", "ip": "10.10.3.22"}, "manager": {"name": "log-srv-01"}, "id": "alert-1777871834-reg-27874", "decoder": {"name": "sysmon-event"}, "data": {"win": {"eventdata": {"utcTime": "2026-05-04 05:17:14.000", "eventType": "SetValue", "image": "C:\\Program Files\\Microsoft Office\\root\\Office16\\WINWORD.EXE", "targetObject": "HKLM\\SOFTWARE\\Microsoft\\Windows\\CurrentVersion\\Uninstall\\Value54", "details": "QWORD (0x00000064)"}, "system": {"eventID": "13", "channel": "Microsoft-Windows-Sysmon/Operational", "computer": "WS-RECV-04"}}}}
{"timestamp": "2026-05-04T05:17:58.000+00:00", "rule": {"id": "61645", "level": 3, "description": "Sysmon - Event: 22 - DNS query.", "groups": ["sysmon", "sysmon_event_22"]}, "agent": {"id": "773", "name": "WS-DOC-02", "ip": "10.10.2.31"}, "manager": {"name": "log-srv-01"}, "id": "alert-1777871878-dns-54739", "decoder": {"name": "sysmon-event"}, "data": {"win": {"eventdata": {"utcTime": "2026-05-04 05:17:58.000", "queryName": "intranet.meddefense.local", "queryStatus": "0", "queryResults": "type:  5 10.10.0.40", "image": "C:\\Windows\\System32\\svchost.exe"}, "system": {"eventID": "22", "channel": "Microsoft-Windows-Sysmon/Operational", "computer": "WS-DOC-02"}}}, "hunt_meta": null}
{"timestamp": "2026-05-04T05:20:52.000+00:00", "rule": {"id": "60106", "level": 4, "description": "Windows: Successful login.", "groups": ["windows", "authentication_success"]}, "agent": {"id": "115", "name": "SRV-HEALTH-DB", "ip": "10.10.20.15"}, "manager": {"name": "log-srv-01"}, "id": "alert-1777872052-logon-47241", "decoder": {"name": "windows_eventchannel"}, "data": {"win": {"eventdata": {"subjectUserSid": "S-1-0-0", "subjectUserName": "-", "targetUserSid": "S-1-5-21-2418457263-3110824891-719402188-1134", "targetUserName": "svc_healthsync", "targetDomainName": "MEDDEFENSE", "logonType": "5", "logonProcessName": "Kerberos", "authenticationPackageName": "Kerberos", "workstationName": "SRV-HEALTH-DB", "ipAddress": "10.10.20.15", "ipPort": "51266", "processName": "C:\\Windows\\System32\\lsass.exe"}, "system": {"eventID": "4624", "channel": "Security", "computer": "SRV-HEALTH-DB", "providerName": "Microsoft-Windows-Security-Auditing"}}}, "hunt_meta": {"category": "baseline_svc_auth", "source_host": "SRV-HEALTH-DB", "target_host": "SRV-HEALTH-DB", "tool": "svc_healthsync_service", "authorized": true}}
{"timestamp": "2026-05-04T05:22:51.000+00:00", "rule": {"id": "61612", "level": 3, "description": "Sysmon - Event: 13 - Registry value set.", "groups": ["sysmon", "sysmon_event_13"]}, "agent": {"id": "631", "name": "WS-NURSE-01", "ip": "10.10.2.11"}, "manager": {"name": "log-srv-01"}, "id": "alert-1777872171-reg-11474", "decoder": {"name": "sysmon-event"}, "data": {"win": {"eventdata": {"utcTime": "2026-05-04 05:22:51.000", "eventType": "SetValue", "image": "C:\\Program Files\\Microsoft Office\\root\\Office16\\WINWORD.EXE", "targetObject": "HKLM\\SOFTWARE\\Policies\\Microsoft\\Windows Defender\\Value88", "details": "DWORD (0x00000001)"}, "system": {"eventID": "13", "channel": "Microsoft-Windows-Sysmon/Operational", "computer": "WS-NURSE-01"}}}}
{"timestamp": "2026-05-04T05:33:23.000+00:00", "rule": {"id": "60106", "level": 4, "description": "Windows: Successful login.", "groups": ["windows", "authentication_success"]}, "agent": {"id": "125", "name": "SRV-INS-DB", "ip": "10.10.20.25"}, "manager": {"name": "log-srv-01"}, "id": "alert-1777872803-logon-92274", "decoder": {"name": "windows_eventchannel"}, "data": {"win": {"eventdata": {"subjectUserSid": "S-1-0-0", "subjectUserName": "-", "targetUserSid": "S-1-5-21-2418457263-3110824891-719402188-1419", "targetUserName": "svc_insurance", "targetDomainName": "MEDDEFENSE", "logonType": "5", "logonProcessName": "Kerberos", "authenticationPackageName": "Kerberos", "workstationName": "SRV-INS-DB", "ipAddress": "10.10.20.25", "ipPort": "61051", "processName": "C:\\Windows\\System32\\lsass.exe"}, "system": {"eventID": "4624", "channel": "Security", "computer": "SRV-INS-DB", "providerName": "Microsoft-Windows-Security-Auditing"}}}, "hunt_meta": {"category": "baseline_svc_auth", "source_host": "SRV-INS-DB", "target_host": "SRV-INS-DB", "tool": "svc_insurance_service", "authorized": true}}
{"timestamp": "2026-05-04T05:33:49.000+00:00", "rule": {"id": "60106", "level": 4, "description": "Windows: Successful login.", "groups": ["windows", "authentication_success"]}, "agent": {"id": "125", "name": "SRV-INS-DB", "ip": "10.10.20.25"}, "manager": {"name": "log-srv-01"}, "id": "alert-1777872829-logon-88420", "decoder": {"name": "windows_eventchannel"}, "data": {"win": {"eventdata": {"subjectUserSid": "S-1-0-0", "subjectUserName": "-", "targetUserSid": "S-1-5-21-2418457263-3110824891-719402188-1119", "targetUserName": "svc_insurance", "targetDomainName": "MEDDEFENSE", "logonType": "5", "logonProcessName": "Kerberos", "authenticationPackageName": "Kerberos", "workstationName": "SRV-INS-DB", "ipAddress": "10.10.20.25", "ipPort": "49375", "processName": "C:\\Windows\\System32\\lsass.exe"}, "system": {"eventID": "4624", "channel": "Security", "computer": "SRV-INS-DB", "providerName": "Microsoft-Windows-Security-Auditing"}}}, "hunt_meta": {"category": "baseline_svc_auth", "source_host": "SRV-INS-DB", "target_host": "SRV-INS-DB", "tool": "svc_insurance_service", "authorized": true}}
{"timestamp": "2026-05-04T05:34:28.000+00:00", "rule": {"id": "61605", "level": 3, "description": "Sysmon - Event: 3 - Network connection.", "groups": ["sysmon", "sysmon_event3"]}, "agent": {"id": "909", "name": "WS-RECV-02", "ip": "10.10.3.20"}, "manager": {"name": "log-srv-01"}, "id": "alert-1777872868-net-72137", "decoder": {"name": "sysmon-event"}, "data": {"win": {"eventdata": {"utcTime": "2026-05-04 05:34:28.000", "image": "C:\\Windows\\System32\\svchost.exe", "user": "MEDDEFENSE\\system", "protocol": "tcp", "initiated": "true", "sourceIp": "10.10.3.20", "sourcePort": "55255", "destinationIp": "10.10.20.25", "destinationPort": "389", "destinationHostname": "SRV-INS-DB"}, "system": {"eventID": "3", "channel": "Microsoft-Windows-Sysmon/Operational", "computer": "WS-RECV-02"}}}, "hunt_meta": null}
{"timestamp": "2026-05-04T05:40:58.000+00:00", "rule": {"id": "61605", "level": 3, "description": "Sysmon - Event: 3 - Network connection.", "groups": ["sysmon", "sysmon_event3"]}, "agent": {"id": "845", "name": "WS-AP-07", "ip": "10.10.4.41"}, "manager": {"name": "log-srv-01"}, "id": "alert-1777873258-net-32421", "decoder": {"name": "sysmon-event"}, "data": {"win": {"eventdata": {"utcTime": "2026-05-04 05:40:58.000", "image": "C:\\Windows\\System32\\svchost.exe", "user": "MEDDEFENSE\\system", "protocol": "tcp", "initiated": "true", "sourceIp": "10.10.4.41", "sourcePort": "62252", "destinationIp": "10.10.20.25", "destinationPort": "445", "destinationHostname": "SRV-INS-DB"}, "system": {"eventID": "3", "channel": "Microsoft-Windows-Sysmon/Operational", "computer": "WS-AP-07"}}}, "hunt_meta": null}
{"timestamp": "2026-05-04T05:41:02.000+00:00", "rule": {"id": "60103", "level": 5, "description": "Windows: Special privileges assigned to new logon.", "groups": ["windows", "authentication_success"]}, "agent": {"id": "989", "name": "SRV-HEALTH-DB", "ip": "10.10.20.15"}, "manager": {"name": "log-srv-01"}, "id": "alert-1777873262-spec-930", "decoder": {"name": "windows_eventchannel"}, "data": {"win": {"eventdata": {"subjectUserName": "svc_backup", "subjectDomainName": "MEDDEFENSE", "privilegeList": "SeSecurityPrivilege SeBackupPrivilege SeRestorePrivilege"}, "system": {"eventID": "4672", "channel": "Security", "computer": "SRV-HEALTH-DB"}}}}
{"timestamp": "2026-05-04T05:48:21.000+00:00", "rule": {"id": "61605", "level": 3, "description": "Sysmon - Event: 3 - Network connection.", "groups": ["sysmon", "sysmon_event3"]}, "agent": {"id": "773", "name": "WS-DOC-02", "ip": "10.10.2.31"}, "manager": {"name": "log-srv-01"}, "id": "alert-1777873701-net-29907", "decoder": {"name": "sysmon-event"}, "data": {"win": {"eventdata": {"utcTime": "2026-05-04 05:48:21.000", "image": "C:\\Windows\\System32\\svchost.exe", "user": "MEDDEFENSE\\system", "protocol": "tcp", "initiated": "true", "sourceIp": "10.10.2.31", "sourcePort": "56438", "destinationIp": "10.10.20.6", "destinationPort": "5985", "destinationHostname": "SRV-DC-02"}, "system": {"eventID": "3", "channel": "Microsoft-Windows-Sysmon/Operational", "computer": "WS-DOC-02"}}}, "hunt_meta": null}
{"timestamp": "2026-05-04T06:00:00.000+00:00", "rule": {"id": "60106", "level": 4, "description": "Windows: Successful login.", "groups": ["windows", "authentication_success"]}, "agent": {"id": "115", "name": "SRV-HEALTH-DB", "ip": "10.10.20.15"}, "manager": {"name": "log-srv-01"}, "id": "alert-1777874400-logon-51982", "decoder": {"name": "windows_eventchannel"}, "data": {"win": {"eventdata": {"subjectUserSid": "S-1-0-0", "subjectUserName": "-", "targetUserSid": "S-1-5-21-2418457263-3110824891-719402188-1208", "targetUserName": "svc_healthsync", "targetDomainName": "MEDDEFENSE", "logonType": "3", "logonProcessName": "Kerberos", "authenticationPackageName": "Kerberos", "workstationName": "SRV-HEALTH-DB", "ipAddress": "10.10.20.15", "ipPort": "57507", "processName": "C:\\Windows\\System32\\lsass.exe"}, "system": {"eventID": "4624", "channel": "Security", "computer": "SRV-HEALTH-DB", "providerName": "Microsoft-Windows-Security-Auditing"}}}, "hunt_meta": {"category": "baseline_svc_auth", "source_host": "SRV-HEALTH-DB", "target_host": "SRV-HEALTH-DB", "tool": "svc_healthsync_service", "authorized": true}}
{"timestamp": "2026-05-04T06:02:02.000+00:00", "rule": {"id": "60106", "level": 4, "description": "Windows: Successful login.", "groups": ["windows", "authentication_success"]}, "agent": {"id": "170", "name": "SRV-AV-01", "ip": "10.10.20.70"}, "manager": {"name": "log-srv-01"}, "id": "alert-1777874522-logon-77224", "decoder": {"name": "windows_eventchannel"}, "data": {"win": {"eventdata": {"subjectUserSid": "S-1-0-0", "subjectUserName": "-", "targetUserSid": "S-1-5-21-2418457263-3110824891-719402188-1223", "targetUserName": "svc_av", "targetDomainName": "MEDDEFENSE", "logonType": "5", "logonProcessName": "Kerberos", "authenticationPackageName": "Kerberos", "workstationName": "SRV-AV-01", "ipAddress": "10.10.20.70", "ipPort": "63104", "processName": "C:\\Windows\\System32\\lsass.exe"}, "system": {"eventID": "4624", "channel": "Security", "computer": "SRV-AV-01", "providerName": "Microsoft-Windows-Security-Auditing"}}}, "hunt_meta": {"category": "baseline_svc_auth", "source_host": "SRV-AV-01", "target_host": "SRV-AV-01", "tool": "svc_av_service", "authorized": true}}
{"timestamp": "2026-05-04T06:03:34.000+00:00", "rule": {"id": "61605", "level": 3, "description": "Sysmon - Event: 3 - Network connection.", "groups": ["sysmon", "sysmon_event3"]}, "agent": {"id": "909", "name": "WS-RECV-02", "ip": "10.10.3.20"}, "manager": {"name": "log-srv-01"}, "id": "alert-1777874614-net-99704", "decoder": {"name": "sysmon-event"}, "data": {"win": {"eventdata": {"utcTime": "2026-05-04 06:03:34.000", "image": "C:\\Windows\\System32\\svchost.exe", "user": "MEDDEFENSE\\system", "protocol": "tcp", "initiated": "true", "sourceIp": "10.10.3.20", "sourcePort": "52307", "destinationIp": "10.10.20.60", "destinationPort": "5985", "destinationHostname": "SRV-PATCH-01"}, "system": {"eventID": "3", "channel": "Microsoft-Windows-Sysmon/Operational", "computer": "WS-RECV-02"}}}, "hunt_meta": null}
{"timestamp": "2026-05-04T06:09:15.000+00:00", "rule": {"id": "60106", "level": 4, "description": "Windows: Successful login.", "groups": ["windows", "authentication_success"]}, "agent": {"id": "180", "name": "SRV-BACKUP-01", "ip": "10.10.20.80"}, "manager": {"name": "log-srv-01"}, "id": "alert-1777874955-logon-45785", "decoder": {"name": "windows_eventchannel"}, "data": {"win": {"eventdata": {"subjectUserSid": "S-1-0-0", "subjectUserName": "-", "targetUserSid": "S-1-5-21-2418457263-3110824891-719402188-1444", "targetUserName": "svc_backup", "targetDomainName": "MEDDEFENSE", "logonType": "3", "logonProcessName": "Kerberos", "authenticationPackageName": "Kerberos", "workstationName": "SRV-BACKUP-01", "ipAddress": "10.10.20.80", "ipPort": "53199", "processName": "C:\\Windows\\System32\\lsass.exe"}, "system": {"eventID": "4624", "channel": "Security", "computer": "SRV-BACKUP-01", "providerName": "Microsoft-Windows-Security-Auditing"}}}, "hunt_meta": {"category": "baseline_svc_auth", "source_host": "SRV-BACKUP-01", "target_host": "SRV-BACKUP-01", "tool": "svc_backup_service", "authorized": true}}
{"timestamp": "2026-05-04T06:09:45.000+00:00", "rule": {"id": "60106", "level": 4, "description": "Windows: Successful login.", "groups": ["windows", "authentication_success"]}, "agent": {"id": "115", "name": "SRV-HEALTH-DB", "ip": "10.10.20.15"}, "manager": {"name": "log-srv-01"}, "id": "alert-1777874985-logon-81584", "decoder": {"name": "windows_eventchannel"}, "data": {"win": {"eventdata": {"subjectUserSid": "S-1-0-0", "subjectUserName": "-", "targetUserSid": "S-1-5-21-2418457263-3110824891-719402188-1507", "targetUserName": "svc_healthsync", "targetDomainName": "MEDDEFENSE", "logonType": "5", "logonProcessName": "Kerberos", "authenticationPackageName": "Kerberos", "workstationName": "SRV-HEALTH-DB", "ipAddress": "10.10.20.15", "ipPort": "58781", "processName": "C:\\Windows\\System32\\lsass.exe"}, "system": {"eventID": "4624", "channel": "Security", "computer": "SRV-HEALTH-DB", "providerName": "Microsoft-Windows-Security-Auditing"}}}, "hunt_meta": {"category": "baseline_svc_auth", "source_host": "SRV-HEALTH-DB", "target_host": "SRV-HEALTH-DB", "tool": "svc_healthsync_service", "authorized": true}}
{"timestamp": "2026-05-04T06:10:13.000+00:00", "rule": {"id": "61613", "level": 3, "description": "Sysmon - Event: 11 - File created.", "groups": ["sysmon", "sysmon_event_11"]}, "agent": {"id": "845", "name": "WS-AP-07", "ip": "10.10.4.41"}, "manager": {"name": "log-srv-01"}, "id": "alert-1777875013-fc-90465", "decoder": {"name": "sysmon-event"}, "data": {"win": {"eventdata": {"utcTime": "2026-05-04 06:10:13.000", "image": "C:\\Program Files\\Microsoft Office\\root\\Office16\\OUTLOOK.EXE", "targetFilename": "C:\\Users\\arivera\\AppData\\Local\\Temp\\OICE_2627.tmp", "creationUtcTime": "2026-05-04 06:10:13.000"}, "system": {"eventID": "11", "channel": "Microsoft-Windows-Sysmon/Operational", "computer": "WS-AP-07"}}}}
{"timestamp": "2026-05-04T06:14:31.000+00:00", "rule": {"id": "61612", "level": 3, "description": "Sysmon - Event: 13 - Registry value set.", "groups": ["sysmon", "sysmon_event_13"]}, "agent": {"id": "907", "name": "WS-BILL-01", "ip": "10.10.4.30"}, "manager": {"name": "log-srv-01"}, "id": "alert-1777875271-reg-62110", "decoder": {"name": "sysmon-event"}, "data": {"win": {"eventdata": {"utcTime": "2026-05-04 06:14:31.000", "eventType": "SetValue", "image": "C:\\Program Files\\Microsoft Office\\root\\Office16\\WINWORD.EXE", "targetObject": "HKLM\\SOFTWARE\\Microsoft\\Windows\\CurrentVersion\\Uninstall\\Value36", "details": "QWORD (0x00000064)"}, "system": {"eventID": "13", "channel": "Microsoft-Windows-Sysmon/Operational", "computer": "WS-BILL-01"}}}}
