    {
        "timestamp":  "2026-08-10T12:39:26.5761185Z",
        "hostname":  "DC01.meddefense.local",
        "platform":  "Windows",
        "source_type":  "PowerShell",
        "channel":  "Microsoft-Windows-PowerShell/Operational",
        "event_id":  4103,
        "event_category":  "Executing Pipeline",
        "provider":  "Microsoft-Windows-PowerShell",
        "raw_message":  "CommandInvocation(Set-StrictMode): \"Set-StrictMode\"\r\nParameterBinding(Set-StrictMode): name=\"Version\"; value=\"1.0\"\r\n\r\n\r\nContext:\r\n        Severity = Informational\r\n        Host Name = ConsoleHost\r\n        Host Version = 5.1.20348.558\r\n        Host ID = e8fff6bf-9873-4f5b-82e9-2143e0286bff\r\n        Host Application = C:\\Windows\\System32\\WindowsPowerShell\\v1.0\\powershell.exe -NoProfile -Command Start-Transcript -Path \u0027C:\\PSTranscripts\\SysmonValidation_PSLOG_9581f2acfd0f4887bc6389583234e2c1.txt\u0027 -Force\r\nWrite-Host \u0027PSLOG_9581f2acfd0f4887bc6389583234e2c1\u0027\r\nGet-Date\r\nStop-Transcript\r\n        Engine Version = 5.1.20348.558\r\n        Runspace ID = 729f9aeb-15be-4dbd-887d-19db32be72e3\r\n        Pipeline ID = 1\r\n        Command Name = Set-StrictMode\r\n        Command Type = Cmdlet\r\n        Script Name = \r\n        Command Path = \r\n        Sequence Number = 22\r\n        User = MEDDEFENSE\\analyst\r\n        Connected User = \r\n        Shell ID = Microsoft.PowerShell\r\n\r\n\r\nUser Data:\r\n\r\n"
    },
    {
        "timestamp":  "2026-08-10T12:39:26.5757376Z",
        "hostname":  "DC01.meddefense.local",
        "platform":  "Windows",
        "source_type":  "PowerShell",
        "channel":  "Microsoft-Windows-PowerShell/Operational",
        "event_id":  4104,
        "event_category":  "Execute a Remote Command",
        "provider":  "Microsoft-Windows-PowerShell",
        "raw_message":  "Creating Scriptblock text (1 of 1):\r\n{ Set-StrictMode -Version 1; $this.DisplayHint }\r\n\r\nScriptBlock ID: 638a6d42-0392-42e5-81d4-f26580c881e6\r\nPath: ",
        "ScriptBlockText":  "{ Set-StrictMode -Version 1; $this.DisplayHint }"
    },
    {
        "timestamp":  "2026-08-10T12:39:26.5655219Z",
        "hostname":  "DC01.meddefense.local",
        "platform":  "Windows",
        "source_type":  "PowerShell",
        "channel":  "Microsoft-Windows-PowerShell/Operational",
        "event_id":  4103,
        "event_category":  "Executing Pipeline",
        "provider":  "Microsoft-Windows-PowerShell",
        "raw_message":  "CommandInvocation(Set-StrictMode): \"Set-StrictMode\"\r\nParameterBinding(Set-StrictMode): name=\"Version\"; value=\"1.0\"\r\n\r\n\r\nContext:\r\n        Severity = Informational\r\n        Host Name = ConsoleHost\r\n        Host Version = 5.1.20348.558\r\n        Host ID = e8fff6bf-9873-4f5b-82e9-2143e0286bff\r\n        Host Application = C:\\Windows\\System32\\WindowsPowerShell\\v1.0\\powershell.exe -NoProfile -Command Start-Transcript -Path \u0027C:\\PSTranscripts\\SysmonValidation_PSLOG_9581f2acfd0f4887bc6389583234e2c1.txt\u0027 -Force\r\nWrite-Host \u0027PSLOG_9581f2acfd0f4887bc6389583234e2c1\u0027\r\nGet-Date\r\nStop-Transcript\r\n        Engine Version = 5.1.20348.558\r\n        Runspace ID = 729f9aeb-15be-4dbd-887d-19db32be72e3\r\n        Pipeline ID = 1\r\n        Command Name = Set-StrictMode\r\n        Command Type = Cmdlet\r\n        Script Name = \r\n        Command Path = \r\n        Sequence Number = 20\r\n        User = MEDDEFENSE\\analyst\r\n        Connected User = \r\n        Shell ID = Microsoft.PowerShell\r\n\r\n\r\nUser Data:\r\n\r\n"
    },
    {
        "timestamp":  "2026-08-10T12:39:26.5647131Z",
        "hostname":  "DC01.meddefense.local",
        "platform":  "Windows",
        "source_type":  "PowerShell",
        "channel":  "Microsoft-Windows-PowerShell/Operational",
        "event_id":  4104,
        "event_category":  "Execute a Remote Command",
        "provider":  "Microsoft-Windows-PowerShell",
        "raw_message":  "Creating Scriptblock text (1 of 1):\r\n{ Set-StrictMode -Version 1; $this.DisplayHint }\r\n\r\nScriptBlock ID: 786c7ebc-fd36-4206-85e0-79358dd6acd8\r\nPath: ",
        "ScriptBlockText":  "{ Set-StrictMode -Version 1; $this.DisplayHint }"
    },
    {
        "timestamp":  "2026-08-10T12:39:26.5078621Z",
        "hostname":  "DC01.meddefense.local",
        "platform":  "Windows",
        "source_type":  "PowerShell",
        "channel":  "Microsoft-Windows-PowerShell/Operational",
        "event_id":  4103,
        "event_category":  "Executing Pipeline",
        "provider":  "Microsoft-Windows-PowerShell",
        "raw_message":  "CommandInvocation(Write-Host): \"Write-Host\"\r\nParameterBinding(Write-Host): name=\"Object\"; value=\"PSLOG_9581f2acfd0f4887bc6389583234e2c1\"\r\n\r\n\r\nContext:\r\n        Severity = Informational\r\n        Host Name = ConsoleHost\r\n        Host Version = 5.1.20348.558\r\n        Host ID = e8fff6bf-9873-4f5b-82e9-2143e0286bff\r\n        Host Application = C:\\Windows\\System32\\WindowsPowerShell\\v1.0\\powershell.exe -NoProfile -Command Start-Transcript -Path \u0027C:\\PSTranscripts\\SysmonValidation_PSLOG_9581f2acfd0f4887bc6389583234e2c1.txt\u0027 -Force\r\nWrite-Host \u0027PSLOG_9581f2acfd0f4887bc6389583234e2c1\u0027\r\nGet-Date\r\nStop-Transcript\r\n        Engine Version = 5.1.20348.558\r\n        Runspace ID = 729f9aeb-15be-4dbd-887d-19db32be72e3\r\n        Pipeline ID = 1\r\n        Command Name = Write-Host\r\n        Command Type = Cmdlet\r\n        Script Name = \r\n        Command Path = \r\n        Sequence Number = 18\r\n        User = MEDDEFENSE\\analyst\r\n        Connected User = \r\n        Shell ID = Microsoft.PowerShell\r\n\r\n\r\nUser Data:\r\n\r\n"
    },
    {
        "timestamp":  "2026-08-10T12:39:26.4231401Z",
        "hostname":  "DC01.meddefense.local",
        "platform":  "Windows",
        "source_type":  "PowerShell",
        "channel":  "Microsoft-Windows-PowerShell/Operational",
        "event_id":  4103,
        "event_category":  "Executing Pipeline",
        "provider":  "Microsoft-Windows-PowerShell",
        "raw_message":  "CommandInvocation(Start-Transcript): \"Start-Transcript\"\r\nParameterBinding(Start-Transcript): name=\"Path\"; value=\"C:\\PSTranscripts\\SysmonValidation_PSLOG_9581f2acfd0f4887bc6389583234e2c1.txt\"\r\nParameterBinding(Start-Transcript): name=\"Force\"; value=\"True\"\r\n\r\n\r\nContext:\r\n        Severity = Informational\r\n        Host Name = ConsoleHost\r\n        Host Version = 5.1.20348.558\r\n        Host ID = e8fff6bf-9873-4f5b-82e9-2143e0286bff\r\n        Host Application = C:\\Windows\\System32\\WindowsPowerShell\\v1.0\\powershell.exe -NoProfile -Command Start-Transcript -Path \u0027C:\\PSTranscripts\\SysmonValidation_PSLOG_9581f2acfd0f4887bc6389583234e2c1.txt\u0027 -Force\r\nWrite-Host \u0027PSLOG_9581f2acfd0f4887bc6389583234e2c1\u0027\r\nGet-Date\r\nStop-Transcript\r\n        Engine Version = 5.1.20348.558\r\n        Runspace ID = 729f9aeb-15be-4dbd-887d-19db32be72e3\r\n        Pipeline ID = 1\r\n        Command Name = Start-Transcript\r\n        Command Type = Cmdlet\r\n        Script Name = \r\n        Command Path = \r\n        Sequence Number = 16\r\n        User = MEDDEFENSE\\analyst\r\n        Connected User = \r\n        Shell ID = Microsoft.PowerShell\r\n\r\n\r\nUser Data:\r\n\r\n"
    },
    {
        "timestamp":  "2026-08-10T12:39:26.3475804Z",
        "hostname":  "DC01.meddefense.local",
        "platform":  "Windows",
        "source_type":  "PowerShell",
        "channel":  "Microsoft-Windows-PowerShell/Operational",
        "event_id":  4104,
        "event_category":  "Execute a Remote Command",
        "provider":  "Microsoft-Windows-PowerShell",
        "raw_message":  "Creating Scriptblock text (1 of 1):\r\nStart-Transcript -Path \u0027C:\\PSTranscripts\\SysmonValidation_PSLOG_9581f2acfd0f4887bc6389583234e2c1.txt\u0027 -Force\r\nWrite-Host \u0027PSLOG_9581f2acfd0f4887bc6389583234e2c1\u0027\r\nGet-Date\r\nStop-Transcript\r\n\r\nScriptBlock ID: 1fcee5d4-f5a6-48d6-abe8-82302201240e\r\nPath: ",
        "ScriptBlockText":  "Start-Transcript -Path \u0027C:\\PSTranscripts\\SysmonValidation_PSLOG_9581f2acfd0f4887bc6389583234e2c1.txt\u0027 -Force\nWrite-Host \u0027PSLOG_9581f2acfd0f4887bc6389583234e2c1\u0027\nGet-Date\nStop-Transcript"
    },
    {
        "timestamp":  "2026-08-10T12:39:26.2900518Z",
        "hostname":  "DC01.meddefense.local",
        "platform":  "Windows",
        "source_type":  "PowerShell",
        "channel":  "Microsoft-Windows-PowerShell/Operational",
        "event_id":  40962,
        "event_category":  "PowerShell Console Startup",
        "provider":  "Microsoft-Windows-PowerShell",
        "raw_message":  "PowerShell console is ready for user input"
    },
    {
        "timestamp":  "2026-08-10T12:39:26.2178568Z",
        "hostname":  "DC01.meddefense.local",
        "platform":  "Windows",
        "source_type":  "PowerShell",
        "channel":  "Microsoft-Windows-PowerShell/Operational",
        "event_id":  53504,
        "event_category":  "PowerShell Named Pipe IPC",
        "provider":  "Microsoft-Windows-PowerShell",
        "raw_message":  "Windows PowerShell has started an IPC listening thread on process: 6532 in AppDomain: DefaultAppDomain."
    },
    {
        "timestamp":  "2026-08-10T12:39:26.0976481Z",
        "hostname":  "DC01.meddefense.local",
        "platform":  "Windows",
        "source_type":  "PowerShell",
        "channel":  "Microsoft-Windows-PowerShell/Operational",
        "event_id":  40961,
        "event_category":  "PowerShell Console Startup",
        "provider":  "Microsoft-Windows-PowerShell",
        "raw_message":  "PowerShell console is starting up"
    },
    {
        "timestamp":  "2026-08-10T12:39:24.7663601Z",
        "hostname":  "DC01.meddefense.local",
        "platform":  "Windows",
        "source_type":  "PowerShell",
        "channel":  "Microsoft-Windows-PowerShell/Operational",
        "event_id":  4104,
        "event_category":  "Execute a Remote Command",
        "provider":  "Microsoft-Windows-PowerShell",
        "raw_message":  "Creating Scriptblock text (1 of 1):\r\n$global:?\r\n\r\nScriptBlock ID: a0300097-ecd1-4b23-a8f7-910685967183\r\nPath: ",
        "ScriptBlockText":  "$global:?"
    },
    {
        "timestamp":  "2026-08-10T12:39:24.7594522Z",
        "hostname":  "DC01.meddefense.local",
        "platform":  "Windows",
        "source_type":  "PowerShell",
        "channel":  "Microsoft-Windows-PowerShell/Operational",
        "event_id":  4103,
        "event_category":  "Executing Pipeline",
        "provider":  "Microsoft-Windows-PowerShell",
        "raw_message":  "CommandInvocation(Out-Default): \"Out-Default\"\r\nParameterBinding(Out-Default): name=\"InputObject\"; value=\"The term \u0027PSLOG\u0027 is not recognized as the name of a cmdlet, function, script file, or operable program. Check the spelling of the name, or if a path was included, verify that the path is correct and try again.\"\r\nParameterBinding(Out-Default): name=\"InputObject\"; value=\"The term \u0027Validation\u0027 is not recognized as the name of a cmdlet, function, script file, or operable program. Check the spelling of the name, or if a path was included, verify that the path is correct and try again.\"\r\nParameterBinding(Out-Default): name=\"InputObject\"; value=\"The term \u0027Test\u0027 is not recognized as the name of a cmdlet, function, script file, or operable program. Check the spelling of the name, or if a path was included, verify that the path is correct and try again.\"\r\n\r\n\r\nContext:\r\n        Severity = Informational\r\n        Host Name = ConsoleHost\r\n        Host Version = 5.1.20348.558\r\n        Host ID = d87791d9-ba1a-4370-a773-b9444b9dfc85\r\n        Host Application = C:\\Windows\\System32\\WindowsPowerShell\\v1.0\\powershell.exe -NoProfile -Command $A = PSLOG\r\n$B = Validation\r\n$C = Test\r\nWrite-Host $A $B $C\r\n        Engine Version = 5.1.20348.558\r\n        Runspace ID = 855ed393-e097-4907-b09f-636a701aaa63\r\n        Pipeline ID = 1\r\n        Command Name = \r\n        Command Type = Script\r\n        Script Name = \r\n        Command Path = \r\n        Sequence Number = 114\r\n        User = MEDDEFENSE\\analyst\r\n        Connected User = \r\n        Shell ID = Microsoft.PowerShell\r\n\r\n\r\nUser Data:\r\n\r\n"
    },
    {
        "timestamp":  "2026-08-10T12:39:24.7590374Z",
        "hostname":  "DC01.meddefense.local",
        "platform":  "Windows",
        "source_type":  "PowerShell",
        "channel":  "Microsoft-Windows-PowerShell/Operational",
        "event_id":  4103,
        "event_category":  "Executing Pipeline",
        "provider":  "Microsoft-Windows-PowerShell",
        "raw_message":  "CommandInvocation(Write-Host): \"Write-Host\"\r\nParameterBinding(Write-Host): name=\"Object\"; value=\", , \"\r\n\r\n\r\nContext:\r\n        Severity = Informational\r\n        Host Name = ConsoleHost\r\n        Host Version = 5.1.20348.558\r\n        Host ID = d87791d9-ba1a-4370-a773-b9444b9dfc85\r\n        Host Application = C:\\Windows\\System32\\WindowsPowerShell\\v1.0\\powershell.exe -NoProfile -Command $A = PSLOG\r\n$B = Validation\r\n$C = Test\r\nWrite-Host $A $B $C\r\n        Engine Version = 5.1.20348.558\r\n        Runspace ID = 855ed393-e097-4907-b09f-636a701aaa63\r\n        Pipeline ID = 1\r\n        Command Name = Write-Host\r\n        Command Type = Cmdlet\r\n        Script Name = \r\n        Command Path = \r\n        Sequence Number = 112\r\n        User = MEDDEFENSE\\analyst\r\n        Connected User = \r\n        Shell ID = Microsoft.PowerShell\r\n\r\n\r\nUser Data:\r\n\r\n"
    },
    {
        "timestamp":  "2026-08-10T12:39:24.6581250Z",
        "hostname":  "DC01.meddefense.local",
        "platform":  "Windows",
        "source_type":  "PowerShell",
        "channel":  "Microsoft-Windows-PowerShell/Operational",
        "event_id":  4103,
        "event_category":  "Executing Pipeline",
        "provider":  "Microsoft-Windows-PowerShell",
        "raw_message":  "CommandInvocation(Set-StrictMode): \"Set-StrictMode\"\r\nParameterBinding(Set-StrictMode): name=\"Version\"; value=\"1.0\"\r\n\r\n\r\nContext:\r\n        Severity = Informational\r\n        Host Name = ConsoleHost\r\n        Host Version = 5.1.20348.558\r\n        Host ID = d87791d9-ba1a-4370-a773-b9444b9dfc85\r\n        Host Application = C:\\Windows\\System32\\WindowsPowerShell\\v1.0\\powershell.exe -NoProfile -Command $A = PSLOG\r\n$B = Validation\r\n$C = Test\r\nWrite-Host $A $B $C\r\n        Engine Version = 5.1.20348.558\r\n        Runspace ID = 855ed393-e097-4907-b09f-636a701aaa63\r\n        Pipeline ID = 1\r\n        Command Name = Set-StrictMode\r\n        Command Type = Cmdlet\r\n        Script Name = \r\n        Command Path = \r\n        Sequence Number = 110\r\n        User = MEDDEFENSE\\analyst\r\n        Connected User = \r\n        Shell ID = Microsoft.PowerShell\r\n\r\n\r\nUser Data:\r\n\r\n"
    },
    {
        "timestamp":  "2026-08-10T12:39:24.6575622Z",
        "hostname":  "DC01.meddefense.local",
        "platform":  "Windows",
        "source_type":  "PowerShell",
        "channel":  "Microsoft-Windows-PowerShell/Operational",
        "event_id":  4103,
        "event_category":  "Executing Pipeline",
        "provider":  "Microsoft-Windows-PowerShell",
        "raw_message":  "CommandInvocation(Set-StrictMode): \"Set-StrictMode\"\r\nParameterBinding(Set-StrictMode): name=\"Version\"; value=\"1.0\"\r\n\r\n\r\nContext:\r\n        Severity = Informational\r\n        Host Name = ConsoleHost\r\n        Host Version = 5.1.20348.558\r\n        Host ID = d87791d9-ba1a-4370-a773-b9444b9dfc85\r\n        Host Application = C:\\Windows\\System32\\WindowsPowerShell\\v1.0\\powershell.exe -NoProfile -Command $A = PSLOG\r\n$B = Validation\r\n$C = Test\r\nWrite-Host $A $B $C\r\n        Engine Version = 5.1.20348.558\r\n        Runspace ID = 855ed393-e097-4907-b09f-636a701aaa63\r\n        Pipeline ID = 1\r\n        Command Name = Set-StrictMode\r\n        Command Type = Cmdlet\r\n        Script Name = \r\n        Command Path = \r\n        Sequence Number = 108\r\n        User = MEDDEFENSE\\analyst\r\n        Connected User = \r\n        Shell ID = Microsoft.PowerShell\r\n\r\n\r\nUser Data:\r\n\r\n"
    },
    {
        "timestamp":  "2026-08-10T12:39:24.6561265Z",
        "hostname":  "DC01.meddefense.local",
        "platform":  "Windows",
        "source_type":  "PowerShell",
        "channel":  "Microsoft-Windows-PowerShell/Operational",
        "event_id":  4103,
        "event_category":  "Executing Pipeline",
        "provider":  "Microsoft-Windows-PowerShell",
        "raw_message":  "CommandInvocation(Set-StrictMode): \"Set-StrictMode\"\r\nParameterBinding(Set-StrictMode): name=\"Version\"; value=\"1.0\"\r\n\r\n\r\nContext:\r\n        Severity = Informational\r\n        Host Name = ConsoleHost\r\n        Host Version = 5.1.20348.558\r\n        Host ID = d87791d9-ba1a-4370-a773-b9444b9dfc85\r\n        Host Application = C:\\Windows\\System32\\WindowsPowerShell\\v1.0\\powershell.exe -NoProfile -Command $A = PSLOG\r\n$B = Validation\r\n$C = Test\r\nWrite-Host $A $B $C\r\n        Engine Version = 5.1.20348.558\r\n        Runspace ID = 855ed393-e097-4907-b09f-636a701aaa63\r\n        Pipeline ID = 1\r\n        Command Name = Set-StrictMode\r\n        Command Type = Cmdlet\r\n        Script Name = \r\n        Command Path = \r\n        Sequence Number = 106\r\n        User = MEDDEFENSE\\analyst\r\n        Connected User = \r\n        Shell ID = Microsoft.PowerShell\r\n\r\n\r\nUser Data:\r\n\r\n"
    },
    {
        "timestamp":  "2026-08-10T12:39:24.6514213Z",
        "hostname":  "DC01.meddefense.local",
        "platform":  "Windows",
        "source_type":  "PowerShell",
        "channel":  "Microsoft-Windows-PowerShell/Operational",
        "event_id":  4103,
        "event_category":  "Executing Pipeline",
        "provider":  "Microsoft-Windows-PowerShell",
        "raw_message":  "CommandInvocation(Set-StrictMode): \"Set-StrictMode\"\r\nParameterBinding(Set-StrictMode): name=\"Version\"; value=\"1.0\"\r\n\r\n\r\nContext:\r\n        Severity = Informational\r\n        Host Name = ConsoleHost\r\n        Host Version = 5.1.20348.558\r\n        Host ID = d87791d9-ba1a-4370-a773-b9444b9dfc85\r\n        Host Application = C:\\Windows\\System32\\WindowsPowerShell\\v1.0\\powershell.exe -NoProfile -Command $A = PSLOG\r\n$B = Validation\r\n$C = Test\r\nWrite-Host $A $B $C\r\n        Engine Version = 5.1.20348.558\r\n        Runspace ID = 855ed393-e097-4907-b09f-636a701aaa63\r\n        Pipeline ID = 1\r\n        Command Name = Set-StrictMode\r\n        Command Type = Cmdlet\r\n        Script Name = \r\n        Command Path = \r\n        Sequence Number = 104\r\n        User = MEDDEFENSE\\analyst\r\n        Connected User = \r\n        Shell ID = Microsoft.PowerShell\r\n\r\n\r\nUser Data:\r\n\r\n"
    },
    {
        "timestamp":  "2026-08-10T12:39:24.6506719Z",
        "hostname":  "DC01.meddefense.local",
        "platform":  "Windows",
        "source_type":  "PowerShell",
        "channel":  "Microsoft-Windows-PowerShell/Operational",
        "event_id":  4103,
        "event_category":  "Executing Pipeline",
        "provider":  "Microsoft-Windows-PowerShell",
        "raw_message":  "CommandInvocation(Out-String): \"Out-String\"\r\nCommandInvocation(Out-Default): \"Out-Default\"\r\nParameterBinding(Out-Default): name=\"Transcript\"; value=\"True\"\r\nParameterBinding(Out-String): name=\"InputObject\"; value=\"The term \u0027Test\u0027 is not recognized as the name of a cmdlet, function, script file, or operable program. Check the spelling of the name, or if a path was included, verify that the path is correct and try again.\"\r\nParameterBinding(Out-Default): name=\"InputObject\"; value=\"Test : The term \u0027Test\u0027 is not recognized as the name of a cmdlet, function, script file, or operable program. Check the \r\nspelling of the name, or if a path was included, verify that the path is correct and try again.\r\nAt line:3 char:6\r\n+ $C = Test\r\n+      ~~~~\r\n    + CategoryInfo          : ObjectNotFound: (Test:String) [], CommandNotFoundException\r\n    + FullyQualifiedErrorId : CommandNotFoundException\r\n \r\n\"\r\n\r\n\r\nContext:\r\n        Severity = Informational\r\n        Host Name = Default Host\r\n        Host Version = 5.1.20348.558\r\n        Host ID = 6f96b4a9-492c-450f-b8f7-4bc1370dad89\r\n        Host Application = C:\\Windows\\System32\\WindowsPowerShell\\v1.0\\powershell.exe -NoProfile -Command $A = PSLOG\r\n$B = Validation\r\n$C = Test\r\nWrite-Host $A $B $C\r\n        Engine Version = 5.1.20348.558\r\n        Runspace ID = 327c0861-b6c6-4c6d-bde0-97231b95d32e\r\n        Pipeline ID = 1\r\n        Command Name = Out-String\r\n        Command Type = Cmdlet\r\n        Script Name = \r\n        Command Path = \r\n        Sequence Number = 102\r\n        User = MEDDEFENSE\\analyst\r\n        Connected User = \r\n        Shell ID = Microsoft.PowerShell\r\n\r\n\r\nUser Data:\r\n\r\n"
    },
    {
        "timestamp":  "2026-08-10T12:39:24.6500045Z",
        "hostname":  "DC01.meddefense.local",
        "platform":  "Windows",
        "source_type":  "PowerShell",
        "channel":  "Microsoft-Windows-PowerShell/Operational",
        "event_id":  4103,
        "event_category":  "Executing Pipeline",
        "provider":  "Microsoft-Windows-PowerShell",
        "raw_message":  "CommandInvocation(Set-StrictMode): \"Set-StrictMode\"\r\nParameterBinding(Set-StrictMode): name=\"Version\"; value=\"1.0\"\r\n\r\n\r\nContext:\r\n        Severity = Informational\r\n        Host Name = Default Host\r\n        Host Version = 5.1.20348.558\r\n        Host ID = 6f96b4a9-492c-450f-b8f7-4bc1370dad89\r\n        Host Application = C:\\Windows\\System32\\WindowsPowerShell\\v1.0\\powershell.exe -NoProfile -Command $A = PSLOG\r\n$B = Validation\r\n$C = Test\r\nWrite-Host $A $B $C\r\n        Engine Version = 5.1.20348.558\r\n        Runspace ID = 327c0861-b6c6-4c6d-bde0-97231b95d32e\r\n        Pipeline ID = 1\r\n        Command Name = Set-StrictMode\r\n        Command Type = Cmdlet\r\n        Script Name = \r\n        Command Path = \r\n        Sequence Number = 100\r\n        User = MEDDEFENSE\\analyst\r\n        Connected User = \r\n        Shell ID = Microsoft.PowerShell\r\n\r\n\r\nUser Data:\r\n\r\n"
    },
    {
        "timestamp":  "2026-08-10T12:39:24.6497186Z",
        "hostname":  "DC01.meddefense.local",
        "platform":  "Windows",
        "source_type":  "PowerShell",
        "channel":  "Microsoft-Windows-PowerShell/Operational",
        "event_id":  4104,
        "event_category":  "Execute a Remote Command",
        "provider":  "Microsoft-Windows-PowerShell",
        "raw_message":  "Creating Scriptblock text (1 of 1):\r\n{ Set-StrictMode -Version 1; $_.OriginInfo }\r\n\r\nScriptBlock ID: 4b3cff0d-524d-433e-94ba-e8c59cd0123c\r\nPath: ",
        "ScriptBlockText":  "{ Set-StrictMode -Version 1; $_.OriginInfo }"
    },
    {
        "timestamp":  "2026-08-10T12:39:24.6480456Z",
        "hostname":  "DC01.meddefense.local",
        "platform":  "Windows",
        "source_type":  "PowerShell",
        "channel":  "Microsoft-Windows-PowerShell/Operational",
        "event_id":  4103,
        "event_category":  "Executing Pipeline",
        "provider":  "Microsoft-Windows-PowerShell",
        "raw_message":  "CommandInvocation(Set-StrictMode): \"Set-StrictMode\"\r\nParameterBinding(Set-StrictMode): name=\"Version\"; value=\"1.0\"\r\n\r\n\r\nContext:\r\n        Severity = Informational\r\n        Host Name = Default Host\r\n        Host Version = 5.1.20348.558\r\n        Host ID = 6f96b4a9-492c-450f-b8f7-4bc1370dad89\r\n        Host Application = C:\\Windows\\System32\\WindowsPowerShell\\v1.0\\powershell.exe -NoProfile -Command $A = PSLOG\r\n$B = Validation\r\n$C = Test\r\nWrite-Host $A $B $C\r\n        Engine Version = 5.1.20348.558\r\n        Runspace ID = 327c0861-b6c6-4c6d-bde0-97231b95d32e\r\n        Pipeline ID = 1\r\n        Command Name = Set-StrictMode\r\n        Command Type = Cmdlet\r\n        Script Name = \r\n        Command Path = \r\n        Sequence Number = 98\r\n        User = MEDDEFENSE\\analyst\r\n        Connected User = \r\n        Shell ID = Microsoft.PowerShell\r\n\r\n\r\nUser Data:\r\n\r\n"
    },
    {
        "timestamp":  "2026-08-10T12:39:24.6477382Z",
        "hostname":  "DC01.meddefense.local",
        "platform":  "Windows",
        "source_type":  "PowerShell",
        "channel":  "Microsoft-Windows-PowerShell/Operational",
        "event_id":  4104,
        "event_category":  "Execute a Remote Command",
        "provider":  "Microsoft-Windows-PowerShell",
        "raw_message":  "Creating Scriptblock text (1 of 1):\r\n{ Set-StrictMode -Version 1; $_.ErrorCategory_Message }\r\n\r\nScriptBlock ID: fe2ef7eb-972d-4d73-a5b6-0ea447d335dc\r\nPath: ",
        "ScriptBlockText":  "{ Set-StrictMode -Version 1; $_.ErrorCategory_Message }"
    },
    {
        "timestamp":  "2026-08-10T12:39:24.6464899Z",
        "hostname":  "DC01.meddefense.local",
        "platform":  "Windows",
        "source_type":  "PowerShell",
        "channel":  "Microsoft-Windows-PowerShell/Operational",
        "event_id":  4103,
        "event_category":  "Executing Pipeline",
        "provider":  "Microsoft-Windows-PowerShell",
        "raw_message":  "CommandInvocation(Set-StrictMode): \"Set-StrictMode\"\r\nParameterBinding(Set-StrictMode): name=\"Version\"; value=\"1.0\"\r\n\r\n\r\nContext:\r\n        Severity = Informational\r\n        Host Name = Default Host\r\n        Host Version = 5.1.20348.558\r\n        Host ID = 6f96b4a9-492c-450f-b8f7-4bc1370dad89\r\n        Host Application = C:\\Windows\\System32\\WindowsPowerShell\\v1.0\\powershell.exe -NoProfile -Command $A = PSLOG\r\n$B = Validation\r\n$C = Test\r\nWrite-Host $A $B $C\r\n        Engine Version = 5.1.20348.558\r\n        Runspace ID = 327c0861-b6c6-4c6d-bde0-97231b95d32e\r\n        Pipeline ID = 1\r\n        Command Name = Set-StrictMode\r\n        Command Type = Cmdlet\r\n        Script Name = \r\n        Command Path = \r\n        Sequence Number = 96\r\n        User = MEDDEFENSE\\analyst\r\n        Connected User = \r\n        Shell ID = Microsoft.PowerShell\r\n\r\n\r\nUser Data:\r\n\r\n"
    },
    {
        "timestamp":  "2026-08-10T12:39:24.6460978Z",
        "hostname":  "DC01.meddefense.local",
        "platform":  "Windows",
        "source_type":  "PowerShell",
        "channel":  "Microsoft-Windows-PowerShell/Operational",
        "event_id":  4104,
        "event_category":  "Execute a Remote Command",
        "provider":  "Microsoft-Windows-PowerShell",
        "raw_message":  "Creating Scriptblock text (1 of 1):\r\n{ Set-StrictMode -Version 1; $this.Exception.InnerException.PSMessageDetails }\r\n\r\nScriptBlock ID: d549b762-6c9f-4825-b86e-084182d8ba8e\r\nPath: ",
        "ScriptBlockText":  "{ Set-StrictMode -Version 1; $this.Exception.InnerException.PSMessageDetails }"
    },
    {
        "timestamp":  "2026-08-10T12:39:24.6414996Z",
        "hostname":  "DC01.meddefense.local",
        "platform":  "Windows",
        "source_type":  "PowerShell",
        "channel":  "Microsoft-Windows-PowerShell/Operational",
        "event_id":  4103,
        "event_category":  "Executing Pipeline",
        "provider":  "Microsoft-Windows-PowerShell",
        "raw_message":  "CommandInvocation(Set-StrictMode): \"Set-StrictMode\"\r\nParameterBinding(Set-StrictMode): name=\"Version\"; value=\"1.0\"\r\n\r\n\r\nContext:\r\n        Severity = Informational\r\n        Host Name = Default Host\r\n        Host Version = 5.1.20348.558\r\n        Host ID = 6f96b4a9-492c-450f-b8f7-4bc1370dad89\r\n        Host Application = C:\\Windows\\System32\\WindowsPowerShell\\v1.0\\powershell.exe -NoProfile -Command $A = PSLOG\r\n$B = Validation\r\n$C = Test\r\nWrite-Host $A $B $C\r\n        Engine Version = 5.1.20348.558\r\n        Runspace ID = 327c0861-b6c6-4c6d-bde0-97231b95d32e\r\n        Pipeline ID = 1\r\n        Command Name = Set-StrictMode\r\n        Command Type = Cmdlet\r\n        Script Name = \r\n        Command Path = \r\n        Sequence Number = 94\r\n        User = MEDDEFENSE\\analyst\r\n        Connected User = \r\n        Shell ID = Microsoft.PowerShell\r\n\r\n\r\nUser Data:\r\n\r\n"
    },
    {
        "timestamp":  "2026-08-10T12:39:24.6409040Z",
        "hostname":  "DC01.meddefense.local",
        "platform":  "Windows",
        "source_type":  "PowerShell",
        "channel":  "Microsoft-Windows-PowerShell/Operational",
        "event_id":  4104,
        "event_category":  "Execute a Remote Command",
        "provider":  "Microsoft-Windows-PowerShell",
        "raw_message":  "Creating Scriptblock text (1 of 1):\r\n{ Set-StrictMode -Version 1; $_.PSMessageDetails }\r\n\r\nScriptBlock ID: 972eb9de-b5f7-4402-86ce-aa5a388e783a\r\nPath: ",
        "ScriptBlockText":  "{ Set-StrictMode -Version 1; $_.PSMessageDetails }"
    },
    {
        "timestamp":  "2026-08-10T12:39:24.5293540Z",
        "hostname":  "DC01.meddefense.local",
        "platform":  "Windows",
        "source_type":  "PowerShell",
        "channel":  "Microsoft-Windows-PowerShell/Operational",
        "event_id":  4103,
        "event_category":  "Executing Pipeline",
        "provider":  "Microsoft-Windows-PowerShell",
        "raw_message":  "CommandInvocation(Set-StrictMode): \"Set-StrictMode\"\r\nParameterBinding(Set-StrictMode): name=\"Version\"; value=\"1.0\"\r\n\r\n\r\nContext:\r\n        Severity = Informational\r\n        Host Name = ConsoleHost\r\n        Host Version = 5.1.20348.558\r\n        Host ID = d87791d9-ba1a-4370-a773-b9444b9dfc85\r\n        Host Application = C:\\Windows\\System32\\WindowsPowerShell\\v1.0\\powershell.exe -NoProfile -Command $A = PSLOG\r\n$B = Validation\r\n$C = Test\r\nWrite-Host $A $B $C\r\n        Engine Version = 5.1.20348.558\r\n        Runspace ID = 855ed393-e097-4907-b09f-636a701aaa63\r\n        Pipeline ID = 1\r\n        Command Name = Set-StrictMode\r\n        Command Type = Cmdlet\r\n        Script Name = \r\n        Command Path = \r\n        Sequence Number = 78\r\n        User = MEDDEFENSE\\analyst\r\n        Connected User = \r\n        Shell ID = Microsoft.PowerShell\r\n\r\n\r\nUser Data:\r\n\r\n"
    },
    {
        "timestamp":  "2026-08-10T12:39:24.5289675Z",
        "hostname":  "DC01.meddefense.local",
        "platform":  "Windows",
        "source_type":  "PowerShell",
        "channel":  "Microsoft-Windows-PowerShell/Operational",
        "event_id":  4103,
        "event_category":  "Executing Pipeline",
        "provider":  "Microsoft-Windows-PowerShell",
        "raw_message":  "CommandInvocation(Set-StrictMode): \"Set-StrictMode\"\r\nParameterBinding(Set-StrictMode): name=\"Version\"; value=\"1.0\"\r\n\r\n\r\nContext:\r\n        Severity = Informational\r\n        Host Name = ConsoleHost\r\n        Host Version = 5.1.20348.558\r\n        Host ID = d87791d9-ba1a-4370-a773-b9444b9dfc85\r\n        Host Application = C:\\Windows\\System32\\WindowsPowerShell\\v1.0\\powershell.exe -NoProfile -Command $A = PSLOG\r\n$B = Validation\r\n$C = Test\r\nWrite-Host $A $B $C\r\n        Engine Version = 5.1.20348.558\r\n        Runspace ID = 855ed393-e097-4907-b09f-636a701aaa63\r\n        Pipeline ID = 1\r\n        Command Name = Set-StrictMode\r\n        Command Type = Cmdlet\r\n        Script Name = \r\n        Command Path = \r\n        Sequence Number = 76\r\n        User = MEDDEFENSE\\analyst\r\n        Connected User = \r\n        Shell ID = Microsoft.PowerShell\r\n\r\n\r\nUser Data:\r\n\r\n"
    },
    {
        "timestamp":  "2026-08-10T12:39:24.5281188Z",
        "hostname":  "DC01.meddefense.local",
        "platform":  "Windows",
        "source_type":  "PowerShell",
        "channel":  "Microsoft-Windows-PowerShell/Operational",
        "event_id":  4103,
        "event_category":  "Executing Pipeline",
        "provider":  "Microsoft-Windows-PowerShell",
        "raw_message":  "CommandInvocation(Set-StrictMode): \"Set-StrictMode\"\r\nParameterBinding(Set-StrictMode): name=\"Version\"; value=\"1.0\"\r\n\r\n\r\nContext:\r\n        Severity = Informational\r\n        Host Name = ConsoleHost\r\n        Host Version = 5.1.20348.558\r\n        Host ID = d87791d9-ba1a-4370-a773-b9444b9dfc85\r\n        Host Application = C:\\Windows\\System32\\WindowsPowerShell\\v1.0\\powershell.exe -NoProfile -Command $A = PSLOG\r\n$B = Validation\r\n$C = Test\r\nWrite-Host $A $B $C\r\n        Engine Version = 5.1.20348.558\r\n        Runspace ID = 855ed393-e097-4907-b09f-636a701aaa63\r\n        Pipeline ID = 1\r\n        Command Name = Set-StrictMode\r\n        Command Type = Cmdlet\r\n        Script Name = \r\n        Command Path = \r\n        Sequence Number = 74\r\n        User = MEDDEFENSE\\analyst\r\n        Connected User = \r\n        Shell ID = Microsoft.PowerShell\r\n\r\n\r\nUser Data:\r\n\r\n"
    },
    {
        "timestamp":  "2026-08-10T12:39:24.5260993Z",
        "hostname":  "DC01.meddefense.local",
        "platform":  "Windows",
        "source_type":  "PowerShell",
        "channel":  "Microsoft-Windows-PowerShell/Operational",
        "event_id":  4103,
        "event_category":  "Executing Pipeline",
        "provider":  "Microsoft-Windows-PowerShell",
        "raw_message":  "CommandInvocation(Set-StrictMode): \"Set-StrictMode\"\r\nParameterBinding(Set-StrictMode): name=\"Version\"; value=\"1.0\"\r\n\r\n\r\nContext:\r\n        Severity = Informational\r\n        Host Name = ConsoleHost\r\n        Host Version = 5.1.20348.558\r\n        Host ID = d87791d9-ba1a-4370-a773-b9444b9dfc85\r\n        Host Application = C:\\Windows\\System32\\WindowsPowerShell\\v1.0\\powershell.exe -NoProfile -Command $A = PSLOG\r\n$B = Validation\r\n$C = Test\r\nWrite-Host $A $B $C\r\n        Engine Version = 5.1.20348.558\r\n        Runspace ID = 855ed393-e097-4907-b09f-636a701aaa63\r\n        Pipeline ID = 1\r\n        Command Name = Set-StrictMode\r\n        Command Type = Cmdlet\r\n        Script Name = \r\n        Command Path = \r\n        Sequence Number = 72\r\n        User = MEDDEFENSE\\analyst\r\n        Connected User = \r\n        Shell ID = Microsoft.PowerShell\r\n\r\n\r\nUser Data:\r\n\r\n"
    },
    {
        "timestamp":  "2026-08-10T12:39:24.5250868Z",
        "hostname":  "DC01.meddefense.local",
        "platform":  "Windows",
        "source_type":  "PowerShell",
        "channel":  "Microsoft-Windows-PowerShell/Operational",
        "event_id":  4103,
        "event_category":  "Executing Pipeline",
        "provider":  "Microsoft-Windows-PowerShell",
        "raw_message":  "CommandInvocation(Out-String): \"Out-String\"\r\nCommandInvocation(Out-Default): \"Out-Default\"\r\nParameterBinding(Out-Default): name=\"Transcript\"; value=\"True\"\r\nParameterBinding(Out-String): name=\"InputObject\"; value=\"The term \u0027Validation\u0027 is not recognized as the name of a cmdlet, function, script file, or operable program. Check the spelling of the name, or if a path was included, verify that the path is correct and try again.\"\r\nParameterBinding(Out-Default): name=\"InputObject\"; value=\"Validation : The term \u0027Validation\u0027 is not recognized as the name of a cmdlet, function, script file, or operable \r\nprogram. Check the spelling of the name, or if a path was included, verify that the path is correct and try again.\r\nAt line:2 char:6\r\n+ $B = Validation\r\n+      ~~~~~~~~~~\r\n    + CategoryInfo          : ObjectNotFound: (Validation:String) [], CommandNotFoundException\r\n    + FullyQualifiedErrorId : CommandNotFoundException\r\n \r\n\"\r\n\r\n\r\nContext:\r\n        Severity = Informational\r\n        Host Name = Default Host\r\n        Host Version = 5.1.20348.558\r\n        Host ID = 63486f98-f730-4ce4-8ff5-77e51b6541bd\r\n        Host Application = C:\\Windows\\System32\\WindowsPowerShell\\v1.0\\powershell.exe -NoProfile -Command $A = PSLOG\r\n$B = Validation\r\n$C = Test\r\nWrite-Host $A $B $C\r\n        Engine Version = 5.1.20348.558\r\n        Runspace ID = c4c0bd71-b9c4-4825-8387-3e01ec75fa01\r\n        Pipeline ID = 1\r\n        Command Name = Out-String\r\n        Command Type = Cmdlet\r\n        Script Name = \r\n        Command Path = \r\n        Sequence Number = 70\r\n        User = MEDDEFENSE\\analyst\r\n        Connected User = \r\n        Shell ID = Microsoft.PowerShell\r\n\r\n\r\nUser Data:\r\n\r\n"
    },
    {
        "timestamp":  "2026-08-10T12:39:24.5242635Z",
        "hostname":  "DC01.meddefense.local",
        "platform":  "Windows",
        "source_type":  "PowerShell",
        "channel":  "Microsoft-Windows-PowerShell/Operational",
        "event_id":  4103,
        "event_category":  "Executing Pipeline",
        "provider":  "Microsoft-Windows-PowerShell",
        "raw_message":  "CommandInvocation(Set-StrictMode): \"Set-StrictMode\"\r\nParameterBinding(Set-StrictMode): name=\"Version\"; value=\"1.0\"\r\n\r\n\r\nContext:\r\n        Severity = Informational\r\n        Host Name = Default Host\r\n        Host Version = 5.1.20348.558\r\n        Host ID = 63486f98-f730-4ce4-8ff5-77e51b6541bd\r\n        Host Application = C:\\Windows\\System32\\WindowsPowerShell\\v1.0\\powershell.exe -NoProfile -Command $A = PSLOG\r\n$B = Validation\r\n$C = Test\r\nWrite-Host $A $B $C\r\n        Engine Version = 5.1.20348.558\r\n        Runspace ID = c4c0bd71-b9c4-4825-8387-3e01ec75fa01\r\n        Pipeline ID = 1\r\n        Command Name = Set-StrictMode\r\n        Command Type = Cmdlet\r\n        Script Name = \r\n        Command Path = \r\n        Sequence Number = 68\r\n        User = MEDDEFENSE\\analyst\r\n        Connected User = \r\n        Shell ID = Microsoft.PowerShell\r\n\r\n\r\nUser Data:\r\n\r\n"
    },
    {
        "timestamp":  "2026-08-10T12:39:24.5239510Z",
        "hostname":  "DC01.meddefense.local",
        "platform":  "Windows",
        "source_type":  "PowerShell",
        "channel":  "Microsoft-Windows-PowerShell/Operational",
        "event_id":  4104,
        "event_category":  "Execute a Remote Command",
        "provider":  "Microsoft-Windows-PowerShell",
        "raw_message":  "Creating Scriptblock text (1 of 1):\r\n{ Set-StrictMode -Version 1; $_.OriginInfo }\r\n\r\nScriptBlock ID: cf1a2000-2d1f-4377-acb6-310953b1529a\r\nPath: ",
        "ScriptBlockText":  "{ Set-StrictMode -Version 1; $_.OriginInfo }"
    },
    {
        "timestamp":  "2026-08-10T12:39:24.5225256Z",
        "hostname":  "DC01.meddefense.local",
        "platform":  "Windows",
        "source_type":  "PowerShell",
        "channel":  "Microsoft-Windows-PowerShell/Operational",
        "event_id":  4103,
        "event_category":  "Executing Pipeline",
        "provider":  "Microsoft-Windows-PowerShell",
        "raw_message":  "CommandInvocation(Set-StrictMode): \"Set-StrictMode\"\r\nParameterBinding(Set-StrictMode): name=\"Version\"; value=\"1.0\"\r\n\r\n\r\nContext:\r\n        Severity = Informational\r\n        Host Name = Default Host\r\n        Host Version = 5.1.20348.558\r\n        Host ID = 63486f98-f730-4ce4-8ff5-77e51b6541bd\r\n        Host Application = C:\\Windows\\System32\\WindowsPowerShell\\v1.0\\powershell.exe -NoProfile -Command $A = PSLOG\r\n$B = Validation\r\n$C = Test\r\nWrite-Host $A $B $C\r\n        Engine Version = 5.1.20348.558\r\n        Runspace ID = c4c0bd71-b9c4-4825-8387-3e01ec75fa01\r\n        Pipeline ID = 1\r\n        Command Name = Set-StrictMode\r\n        Command Type = Cmdlet\r\n        Script Name = \r\n        Command Path = \r\n        Sequence Number = 66\r\n        User = MEDDEFENSE\\analyst\r\n        Connected User = \r\n        Shell ID = Microsoft.PowerShell\r\n\r\n\r\nUser Data:\r\n\r\n"
    },
    {
        "timestamp":  "2026-08-10T12:39:24.5222091Z",
        "hostname":  "DC01.meddefense.local",
        "platform":  "Windows",
        "source_type":  "PowerShell",
        "channel":  "Microsoft-Windows-PowerShell/Operational",
        "event_id":  4104,
        "event_category":  "Execute a Remote Command",
        "provider":  "Microsoft-Windows-PowerShell",
        "raw_message":  "Creating Scriptblock text (1 of 1):\r\n{ Set-StrictMode -Version 1; $_.ErrorCategory_Message }\r\n\r\nScriptBlock ID: 0ba22113-a7e6-44e5-973f-602359492efc\r\nPath: ",
        "ScriptBlockText":  "{ Set-StrictMode -Version 1; $_.ErrorCategory_Message }"
    },
    {
        "timestamp":  "2026-08-10T12:39:24.5207489Z",
        "hostname":  "DC01.meddefense.local",
        "platform":  "Windows",
        "source_type":  "PowerShell",
        "channel":  "Microsoft-Windows-PowerShell/Operational",
        "event_id":  4103,
        "event_category":  "Executing Pipeline",
        "provider":  "Microsoft-Windows-PowerShell",
        "raw_message":  "CommandInvocation(Set-StrictMode): \"Set-StrictMode\"\r\nParameterBinding(Set-StrictMode): name=\"Version\"; value=\"1.0\"\r\n\r\n\r\nContext:\r\n        Severity = Informational\r\n        Host Name = Default Host\r\n        Host Version = 5.1.20348.558\r\n        Host ID = 63486f98-f730-4ce4-8ff5-77e51b6541bd\r\n        Host Application = C:\\Windows\\System32\\WindowsPowerShell\\v1.0\\powershell.exe -NoProfile -Command $A = PSLOG\r\n$B = Validation\r\n$C = Test\r\nWrite-Host $A $B $C\r\n        Engine Version = 5.1.20348.558\r\n        Runspace ID = c4c0bd71-b9c4-4825-8387-3e01ec75fa01\r\n        Pipeline ID = 1\r\n        Command Name = Set-StrictMode\r\n        Command Type = Cmdlet\r\n        Script Name = \r\n        Command Path = \r\n        Sequence Number = 64\r\n        User = MEDDEFENSE\\analyst\r\n        Connected User = \r\n        Shell ID = Microsoft.PowerShell\r\n\r\n\r\nUser Data:\r\n\r\n"
    },
    {
        "timestamp":  "2026-08-10T12:39:24.5203535Z",
        "hostname":  "DC01.meddefense.local",
        "platform":  "Windows",
        "source_type":  "PowerShell",
        "channel":  "Microsoft-Windows-PowerShell/Operational",
        "event_id":  4104,
        "event_category":  "Execute a Remote Command",
        "provider":  "Microsoft-Windows-PowerShell",
        "raw_message":  "Creating Scriptblock text (1 of 1):\r\n{ Set-StrictMode -Version 1; $this.Exception.InnerException.PSMessageDetails }\r\n\r\nScriptBlock ID: 859800eb-09e5-4669-b2a2-3445afca4681\r\nPath: ",
        "ScriptBlockText":  "{ Set-StrictMode -Version 1; $this.Exception.InnerException.PSMessageDetails }"
    },
    {
        "timestamp":  "2026-08-10T12:39:24.5153763Z",
        "hostname":  "DC01.meddefense.local",
        "platform":  "Windows",
        "source_type":  "PowerShell",
        "channel":  "Microsoft-Windows-PowerShell/Operational",
        "event_id":  4103,
        "event_category":  "Executing Pipeline",
        "provider":  "Microsoft-Windows-PowerShell",
        "raw_message":  "CommandInvocation(Set-StrictMode): \"Set-StrictMode\"\r\nParameterBinding(Set-StrictMode): name=\"Version\"; value=\"1.0\"\r\n\r\n\r\nContext:\r\n        Severity = Informational\r\n        Host Name = Default Host\r\n        Host Version = 5.1.20348.558\r\n        Host ID = 63486f98-f730-4ce4-8ff5-77e51b6541bd\r\n        Host Application = C:\\Windows\\System32\\WindowsPowerShell\\v1.0\\powershell.exe -NoProfile -Command $A = PSLOG\r\n$B = Validation\r\n$C = Test\r\nWrite-Host $A $B $C\r\n        Engine Version = 5.1.20348.558\r\n        Runspace ID = c4c0bd71-b9c4-4825-8387-3e01ec75fa01\r\n        Pipeline ID = 1\r\n        Command Name = Set-StrictMode\r\n        Command Type = Cmdlet\r\n        Script Name = \r\n        Command Path = \r\n        Sequence Number = 62\r\n        User = MEDDEFENSE\\analyst\r\n        Connected User = \r\n        Shell ID = Microsoft.PowerShell\r\n\r\n\r\nUser Data:\r\n\r\n"
    },
    {
        "timestamp":  "2026-08-10T12:39:24.5146809Z",
        "hostname":  "DC01.meddefense.local",
        "platform":  "Windows",
        "source_type":  "PowerShell",
        "channel":  "Microsoft-Windows-PowerShell/Operational",
        "event_id":  4104,
        "event_category":  "Execute a Remote Command",
        "provider":  "Microsoft-Windows-PowerShell",
        "raw_message":  "Creating Scriptblock text (1 of 1):\r\n{ Set-StrictMode -Version 1; $_.PSMessageDetails }\r\n\r\nScriptBlock ID: dec06549-4b08-417c-a387-0d1557741e4d\r\nPath: ",
        "ScriptBlockText":  "{ Set-StrictMode -Version 1; $_.PSMessageDetails }"
    },
    {
        "timestamp":  "2026-08-10T12:39:24.3974862Z",
        "hostname":  "DC01.meddefense.local",
        "platform":  "Windows",
        "source_type":  "PowerShell",
        "channel":  "Microsoft-Windows-PowerShell/Operational",
        "event_id":  4103,
        "event_category":  "Executing Pipeline",
        "provider":  "Microsoft-Windows-PowerShell",
        "raw_message":  "CommandInvocation(Set-StrictMode): \"Set-StrictMode\"\r\nParameterBinding(Set-StrictMode): name=\"Version\"; value=\"1.0\"\r\n\r\n\r\nContext:\r\n        Severity = Informational\r\n        Host Name = ConsoleHost\r\n        Host Version = 5.1.20348.558\r\n        Host ID = d87791d9-ba1a-4370-a773-b9444b9dfc85\r\n        Host Application = C:\\Windows\\System32\\WindowsPowerShell\\v1.0\\powershell.exe -NoProfile -Command $A = PSLOG\r\n$B = Validation\r\n$C = Test\r\nWrite-Host $A $B $C\r\n        Engine Version = 5.1.20348.558\r\n        Runspace ID = 855ed393-e097-4907-b09f-636a701aaa63\r\n        Pipeline ID = 1\r\n        Command Name = Set-StrictMode\r\n        Command Type = Cmdlet\r\n        Script Name = \r\n        Command Path = \r\n        Sequence Number = 46\r\n        User = MEDDEFENSE\\analyst\r\n        Connected User = \r\n        Shell ID = Microsoft.PowerShell\r\n\r\n\r\nUser Data:\r\n\r\n"
    },
    {
        "timestamp":  "2026-08-10T12:39:24.3971737Z",
        "hostname":  "DC01.meddefense.local",
        "platform":  "Windows",
        "source_type":  "PowerShell",
        "channel":  "Microsoft-Windows-PowerShell/Operational",
        "event_id":  4104,
        "event_category":  "Execute a Remote Command",
        "provider":  "Microsoft-Windows-PowerShell",
        "raw_message":  "Creating Scriptblock text (1 of 1):\r\n{ Set-StrictMode -Version 1; $_.OriginInfo }\r\n\r\nScriptBlock ID: 57f4d794-818e-4271-a6ee-44251b15c27f\r\nPath: ",
        "ScriptBlockText":  "{ Set-StrictMode -Version 1; $_.OriginInfo }"
    },
    {
        "timestamp":  "2026-08-10T12:39:24.3958670Z",
        "hostname":  "DC01.meddefense.local",
        "platform":  "Windows",
        "source_type":  "PowerShell",
        "channel":  "Microsoft-Windows-PowerShell/Operational",
        "event_id":  4103,
        "event_category":  "Executing Pipeline",
        "provider":  "Microsoft-Windows-PowerShell",
        "raw_message":  "CommandInvocation(Set-StrictMode): \"Set-StrictMode\"\r\nParameterBinding(Set-StrictMode): name=\"Version\"; value=\"1.0\"\r\n\r\n\r\nContext:\r\n        Severity = Informational\r\n        Host Name = ConsoleHost\r\n        Host Version = 5.1.20348.558\r\n        Host ID = d87791d9-ba1a-4370-a773-b9444b9dfc85\r\n        Host Application = C:\\Windows\\System32\\WindowsPowerShell\\v1.0\\powershell.exe -NoProfile -Command $A = PSLOG\r\n$B = Validation\r\n$C = Test\r\nWrite-Host $A $B $C\r\n        Engine Version = 5.1.20348.558\r\n        Runspace ID = 855ed393-e097-4907-b09f-636a701aaa63\r\n        Pipeline ID = 1\r\n        Command Name = Set-StrictMode\r\n        Command Type = Cmdlet\r\n        Script Name = \r\n        Command Path = \r\n        Sequence Number = 44\r\n        User = MEDDEFENSE\\analyst\r\n        Connected User = \r\n        Shell ID = Microsoft.PowerShell\r\n\r\n\r\nUser Data:\r\n\r\n"
    },
    {
        "timestamp":  "2026-08-10T12:39:24.3954730Z",
        "hostname":  "DC01.meddefense.local",
        "platform":  "Windows",
        "source_type":  "PowerShell",
        "channel":  "Microsoft-Windows-PowerShell/Operational",
        "event_id":  4104,
        "event_category":  "Execute a Remote Command",
        "provider":  "Microsoft-Windows-PowerShell",
        "raw_message":  "Creating Scriptblock text (1 of 1):\r\n{ Set-StrictMode -Version 1; $_.ErrorCategory_Message }\r\n\r\nScriptBlock ID: 52c442f1-5921-461e-9c2f-70318fa8e8cc\r\nPath: ",
        "ScriptBlockText":  "{ Set-StrictMode -Version 1; $_.ErrorCategory_Message }"
    },
    {
        "timestamp":  "2026-08-10T12:39:24.3889385Z",
        "hostname":  "DC01.meddefense.local",
        "platform":  "Windows",
        "source_type":  "PowerShell",
        "channel":  "Microsoft-Windows-PowerShell/Operational",
        "event_id":  4103,
        "event_category":  "Executing Pipeline",
        "provider":  "Microsoft-Windows-PowerShell",
        "raw_message":  "CommandInvocation(Set-StrictMode): \"Set-StrictMode\"\r\nParameterBinding(Set-StrictMode): name=\"Version\"; value=\"1.0\"\r\n\r\n\r\nContext:\r\n        Severity = Informational\r\n        Host Name = ConsoleHost\r\n        Host Version = 5.1.20348.558\r\n        Host ID = d87791d9-ba1a-4370-a773-b9444b9dfc85\r\n        Host Application = C:\\Windows\\System32\\WindowsPowerShell\\v1.0\\powershell.exe -NoProfile -Command $A = PSLOG\r\n$B = Validation\r\n$C = Test\r\nWrite-Host $A $B $C\r\n        Engine Version = 5.1.20348.558\r\n        Runspace ID = 855ed393-e097-4907-b09f-636a701aaa63\r\n        Pipeline ID = 1\r\n        Command Name = Set-StrictMode\r\n        Command Type = Cmdlet\r\n        Script Name = \r\n        Command Path = \r\n        Sequence Number = 42\r\n        User = MEDDEFENSE\\analyst\r\n        Connected User = \r\n        Shell ID = Microsoft.PowerShell\r\n\r\n\r\nUser Data:\r\n\r\n"
    },
