    {
        "timestamp":  "2026-08-10T13:03:16.2875202Z",
        "hostname":  "DC01.meddefense.local",
        "platform":  "Windows",
        "source_type":  "PowerShell",
        "channel":  "Microsoft-Windows-PowerShell/Operational",
        "event_id":  4103,
        "event_category":  "Executing Pipeline",
        "provider":  "Microsoft-Windows-PowerShell",
        "raw_message":  "CommandInvocation(Set-StrictMode): \"Set-StrictMode\"\r\nParameterBinding(Set-StrictMode): name=\"Version\"; value=\"1.0\"\r\n\r\n\r\nContext:\r\n        Severity = Informational\r\n        Host Name = Default Host\r\n        Host Version = 5.1.20348.558\r\n        Host ID = 7118e78b-b78f-44e2-888d-d9a9b6820ac3\r\n        Host Application = C:\\Windows\\System32\\WindowsPowerShell\\v1.0\\powershell.exe -NoProfile -Command $A = PSLOG\r\n$B = Validation\r\n$C = Test\r\nWrite-Host $A $B $C\r\n        Engine Version = 5.1.20348.558\r\n        Runspace ID = 4857051e-a0c2-427e-bf47-7a5ac39d3f63\r\n        Pipeline ID = 1\r\n        Command Name = Set-StrictMode\r\n        Command Type = Cmdlet\r\n        Script Name = \r\n        Command Path = \r\n        Sequence Number = 62\r\n        User = MEDDEFENSE\\analyst\r\n        Connected User = \r\n        Shell ID = Microsoft.PowerShell\r\n\r\n\r\nUser Data:\r\n\r\n"
    },
    {
        "timestamp":  "2026-08-10T13:03:16.2868665Z",
        "hostname":  "DC01.meddefense.local",
        "platform":  "Windows",
        "source_type":  "PowerShell",
        "channel":  "Microsoft-Windows-PowerShell/Operational",
        "event_id":  4104,
        "event_category":  "Execute a Remote Command",
        "provider":  "Microsoft-Windows-PowerShell",
        "raw_message":  "Creating Scriptblock text (1 of 1):\r\n{ Set-StrictMode -Version 1; $_.PSMessageDetails }\r\n\r\nScriptBlock ID: 9aa3f450-6530-492d-90be-93d0ef2a9a1c\r\nPath: ",
        "ScriptBlockText":  "{ Set-StrictMode -Version 1; $_.PSMessageDetails }"
    },
    {
        "timestamp":  "2026-08-10T13:03:16.1551040Z",
        "hostname":  "DC01.meddefense.local",
        "platform":  "Windows",
        "source_type":  "PowerShell",
        "channel":  "Microsoft-Windows-PowerShell/Operational",
        "event_id":  4103,
        "event_category":  "Executing Pipeline",
        "provider":  "Microsoft-Windows-PowerShell",
        "raw_message":  "CommandInvocation(Set-StrictMode): \"Set-StrictMode\"\r\nParameterBinding(Set-StrictMode): name=\"Version\"; value=\"1.0\"\r\n\r\n\r\nContext:\r\n        Severity = Informational\r\n        Host Name = ConsoleHost\r\n        Host Version = 5.1.20348.558\r\n        Host ID = 247f53ba-e055-4c8e-9ffc-47992ccc0184\r\n        Host Application = C:\\Windows\\System32\\WindowsPowerShell\\v1.0\\powershell.exe -NoProfile -Command $A = PSLOG\r\n$B = Validation\r\n$C = Test\r\nWrite-Host $A $B $C\r\n        Engine Version = 5.1.20348.558\r\n        Runspace ID = d5c6ccc5-7c37-4b02-86f6-324ee2d92f94\r\n        Pipeline ID = 1\r\n        Command Name = Set-StrictMode\r\n        Command Type = Cmdlet\r\n        Script Name = \r\n        Command Path = \r\n        Sequence Number = 46\r\n        User = MEDDEFENSE\\analyst\r\n        Connected User = \r\n        Shell ID = Microsoft.PowerShell\r\n\r\n\r\nUser Data:\r\n\r\n"
    },
    {
        "timestamp":  "2026-08-10T13:03:16.1547466Z",
        "hostname":  "DC01.meddefense.local",
        "platform":  "Windows",
        "source_type":  "PowerShell",
        "channel":  "Microsoft-Windows-PowerShell/Operational",
        "event_id":  4104,
        "event_category":  "Execute a Remote Command",
        "provider":  "Microsoft-Windows-PowerShell",
        "raw_message":  "Creating Scriptblock text (1 of 1):\r\n{ Set-StrictMode -Version 1; $_.OriginInfo }\r\n\r\nScriptBlock ID: 2d864c59-399e-4f5f-a73c-22d4c178775c\r\nPath: ",
        "ScriptBlockText":  "{ Set-StrictMode -Version 1; $_.OriginInfo }"
    },
    {
        "timestamp":  "2026-08-10T13:03:16.1530773Z",
        "hostname":  "DC01.meddefense.local",
        "platform":  "Windows",
        "source_type":  "PowerShell",
        "channel":  "Microsoft-Windows-PowerShell/Operational",
        "event_id":  4103,
        "event_category":  "Executing Pipeline",
        "provider":  "Microsoft-Windows-PowerShell",
        "raw_message":  "CommandInvocation(Set-StrictMode): \"Set-StrictMode\"\r\nParameterBinding(Set-StrictMode): name=\"Version\"; value=\"1.0\"\r\n\r\n\r\nContext:\r\n        Severity = Informational\r\n        Host Name = ConsoleHost\r\n        Host Version = 5.1.20348.558\r\n        Host ID = 247f53ba-e055-4c8e-9ffc-47992ccc0184\r\n        Host Application = C:\\Windows\\System32\\WindowsPowerShell\\v1.0\\powershell.exe -NoProfile -Command $A = PSLOG\r\n$B = Validation\r\n$C = Test\r\nWrite-Host $A $B $C\r\n        Engine Version = 5.1.20348.558\r\n        Runspace ID = d5c6ccc5-7c37-4b02-86f6-324ee2d92f94\r\n        Pipeline ID = 1\r\n        Command Name = Set-StrictMode\r\n        Command Type = Cmdlet\r\n        Script Name = \r\n        Command Path = \r\n        Sequence Number = 44\r\n        User = MEDDEFENSE\\analyst\r\n        Connected User = \r\n        Shell ID = Microsoft.PowerShell\r\n\r\n\r\nUser Data:\r\n\r\n"
    },
    {
        "timestamp":  "2026-08-10T13:03:16.1526223Z",
        "hostname":  "DC01.meddefense.local",
        "platform":  "Windows",
        "source_type":  "PowerShell",
        "channel":  "Microsoft-Windows-PowerShell/Operational",
        "event_id":  4104,
        "event_category":  "Execute a Remote Command",
        "provider":  "Microsoft-Windows-PowerShell",
        "raw_message":  "Creating Scriptblock text (1 of 1):\r\n{ Set-StrictMode -Version 1; $_.ErrorCategory_Message }\r\n\r\nScriptBlock ID: 3c243e9b-3138-4e78-8535-5685d289dee3\r\nPath: ",
        "ScriptBlockText":  "{ Set-StrictMode -Version 1; $_.ErrorCategory_Message }"
    },
    {
        "timestamp":  "2026-08-10T13:03:16.1483067Z",
        "hostname":  "DC01.meddefense.local",
        "platform":  "Windows",
        "source_type":  "PowerShell",
        "channel":  "Microsoft-Windows-PowerShell/Operational",
        "event_id":  4103,
        "event_category":  "Executing Pipeline",
        "provider":  "Microsoft-Windows-PowerShell",
        "raw_message":  "CommandInvocation(Set-StrictMode): \"Set-StrictMode\"\r\nParameterBinding(Set-StrictMode): name=\"Version\"; value=\"1.0\"\r\n\r\n\r\nContext:\r\n        Severity = Informational\r\n        Host Name = ConsoleHost\r\n        Host Version = 5.1.20348.558\r\n        Host ID = 247f53ba-e055-4c8e-9ffc-47992ccc0184\r\n        Host Application = C:\\Windows\\System32\\WindowsPowerShell\\v1.0\\powershell.exe -NoProfile -Command $A = PSLOG\r\n$B = Validation\r\n$C = Test\r\nWrite-Host $A $B $C\r\n        Engine Version = 5.1.20348.558\r\n        Runspace ID = d5c6ccc5-7c37-4b02-86f6-324ee2d92f94\r\n        Pipeline ID = 1\r\n        Command Name = Set-StrictMode\r\n        Command Type = Cmdlet\r\n        Script Name = \r\n        Command Path = \r\n        Sequence Number = 42\r\n        User = MEDDEFENSE\\analyst\r\n        Connected User = \r\n        Shell ID = Microsoft.PowerShell\r\n\r\n\r\nUser Data:\r\n\r\n"
    },
    {
        "timestamp":  "2026-08-10T13:03:16.1477989Z",
        "hostname":  "DC01.meddefense.local",
        "platform":  "Windows",
        "source_type":  "PowerShell",
        "channel":  "Microsoft-Windows-PowerShell/Operational",
        "event_id":  4104,
        "event_category":  "Execute a Remote Command",
        "provider":  "Microsoft-Windows-PowerShell",
        "raw_message":  "Creating Scriptblock text (1 of 1):\r\n{ Set-StrictMode -Version 1; $this.Exception.InnerException.PSMessageDetails }\r\n\r\nScriptBlock ID: 720294b2-df73-4278-89c5-067bb9850586\r\nPath: ",
        "ScriptBlockText":  "{ Set-StrictMode -Version 1; $this.Exception.InnerException.PSMessageDetails }"
    },
    {
        "timestamp":  "2026-08-10T13:03:16.1377243Z",
        "hostname":  "DC01.meddefense.local",
        "platform":  "Windows",
        "source_type":  "PowerShell",
        "channel":  "Microsoft-Windows-PowerShell/Operational",
        "event_id":  4103,
        "event_category":  "Executing Pipeline",
        "provider":  "Microsoft-Windows-PowerShell",
        "raw_message":  "CommandInvocation(Set-StrictMode): \"Set-StrictMode\"\r\nParameterBinding(Set-StrictMode): name=\"Version\"; value=\"1.0\"\r\n\r\n\r\nContext:\r\n        Severity = Informational\r\n        Host Name = ConsoleHost\r\n        Host Version = 5.1.20348.558\r\n        Host ID = 247f53ba-e055-4c8e-9ffc-47992ccc0184\r\n        Host Application = C:\\Windows\\System32\\WindowsPowerShell\\v1.0\\powershell.exe -NoProfile -Command $A = PSLOG\r\n$B = Validation\r\n$C = Test\r\nWrite-Host $A $B $C\r\n        Engine Version = 5.1.20348.558\r\n        Runspace ID = d5c6ccc5-7c37-4b02-86f6-324ee2d92f94\r\n        Pipeline ID = 1\r\n        Command Name = Set-StrictMode\r\n        Command Type = Cmdlet\r\n        Script Name = \r\n        Command Path = \r\n        Sequence Number = 40\r\n        User = MEDDEFENSE\\analyst\r\n        Connected User = \r\n        Shell ID = Microsoft.PowerShell\r\n\r\n\r\nUser Data:\r\n\r\n"
    },
    {
        "timestamp":  "2026-08-10T13:03:16.1370416Z",
        "hostname":  "DC01.meddefense.local",
        "platform":  "Windows",
        "source_type":  "PowerShell",
        "channel":  "Microsoft-Windows-PowerShell/Operational",
        "event_id":  4104,
        "event_category":  "Execute a Remote Command",
        "provider":  "Microsoft-Windows-PowerShell",
        "raw_message":  "Creating Scriptblock text (1 of 1):\r\n{ Set-StrictMode -Version 1; $_.PSMessageDetails }\r\n\r\nScriptBlock ID: 8d75afe6-e4f7-40ff-a2dc-8c35c315c755\r\nPath: ",
        "ScriptBlockText":  "{ Set-StrictMode -Version 1; $_.PSMessageDetails }"
    },
    {
        "timestamp":  "2026-08-10T13:03:16.1268264Z",
        "hostname":  "DC01.meddefense.local",
        "platform":  "Windows",
        "source_type":  "PowerShell",
        "channel":  "Microsoft-Windows-PowerShell/Operational",
        "event_id":  4103,
        "event_category":  "Executing Pipeline",
        "provider":  "Microsoft-Windows-PowerShell",
        "raw_message":  "CommandInvocation(Out-String): \"Out-String\"\r\nCommandInvocation(Out-Default): \"Out-Default\"\r\nParameterBinding(Out-Default): name=\"Transcript\"; value=\"True\"\r\nParameterBinding(Out-String): name=\"InputObject\"; value=\"The term \u0027PSLOG\u0027 is not recognized as the name of a cmdlet, function, script file, or operable program. Check the spelling of the name, or if a path was included, verify that the path is correct and try again.\"\r\nParameterBinding(Out-Default): name=\"InputObject\"; value=\"PSLOG : The term \u0027PSLOG\u0027 is not recognized as the name of a cmdlet, function, script file, or operable program. Check \r\nthe spelling of the name, or if a path was included, verify that the path is correct and try again.\r\nAt line:1 char:6\r\n+ $A = PSLOG\r\n+      ~~~~~\r\n    + CategoryInfo          : ObjectNotFound: (PSLOG:String) [], CommandNotFoundException\r\n    + FullyQualifiedErrorId : CommandNotFoundException\r\n \r\n\"\r\n\r\n\r\nContext:\r\n        Severity = Informational\r\n        Host Name = Default Host\r\n        Host Version = 5.1.20348.558\r\n        Host ID = 372ba3e9-a197-4d9d-9c01-8036eb4ddf36\r\n        Host Application = C:\\Windows\\System32\\WindowsPowerShell\\v1.0\\powershell.exe -NoProfile -Command $A = PSLOG\r\n$B = Validation\r\n$C = Test\r\nWrite-Host $A $B $C\r\n        Engine Version = 5.1.20348.558\r\n        Runspace ID = a55b03bf-ec36-4300-8d7e-c43bc1d62c43\r\n        Pipeline ID = 1\r\n        Command Name = Out-String\r\n        Command Type = Cmdlet\r\n        Script Name = \r\n        Command Path = \r\n        Sequence Number = 38\r\n        User = MEDDEFENSE\\analyst\r\n        Connected User = \r\n        Shell ID = Microsoft.PowerShell\r\n\r\n\r\nUser Data:\r\n\r\n"
    },
    {
        "timestamp":  "2026-08-10T13:03:16.1212486Z",
        "hostname":  "DC01.meddefense.local",
        "platform":  "Windows",
        "source_type":  "PowerShell",
        "channel":  "Microsoft-Windows-PowerShell/Operational",
        "event_id":  4103,
        "event_category":  "Executing Pipeline",
        "provider":  "Microsoft-Windows-PowerShell",
        "raw_message":  "CommandInvocation(Set-StrictMode): \"Set-StrictMode\"\r\nParameterBinding(Set-StrictMode): name=\"Version\"; value=\"1.0\"\r\n\r\n\r\nContext:\r\n        Severity = Informational\r\n        Host Name = Default Host\r\n        Host Version = 5.1.20348.558\r\n        Host ID = 372ba3e9-a197-4d9d-9c01-8036eb4ddf36\r\n        Host Application = C:\\Windows\\System32\\WindowsPowerShell\\v1.0\\powershell.exe -NoProfile -Command $A = PSLOG\r\n$B = Validation\r\n$C = Test\r\nWrite-Host $A $B $C\r\n        Engine Version = 5.1.20348.558\r\n        Runspace ID = a55b03bf-ec36-4300-8d7e-c43bc1d62c43\r\n        Pipeline ID = 1\r\n        Command Name = Set-StrictMode\r\n        Command Type = Cmdlet\r\n        Script Name = \r\n        Command Path = \r\n        Sequence Number = 36\r\n        User = MEDDEFENSE\\analyst\r\n        Connected User = \r\n        Shell ID = Microsoft.PowerShell\r\n\r\n\r\nUser Data:\r\n\r\n"
    },
    {
        "timestamp":  "2026-08-10T13:03:16.1208154Z",
        "hostname":  "DC01.meddefense.local",
        "platform":  "Windows",
        "source_type":  "PowerShell",
        "channel":  "Microsoft-Windows-PowerShell/Operational",
        "event_id":  4104,
        "event_category":  "Execute a Remote Command",
        "provider":  "Microsoft-Windows-PowerShell",
        "raw_message":  "Creating Scriptblock text (1 of 1):\r\n{ Set-StrictMode -Version 1; $_.OriginInfo }\r\n\r\nScriptBlock ID: 9aa7683c-09cc-4f48-af24-dfb74db35c68\r\nPath: ",
        "ScriptBlockText":  "{ Set-StrictMode -Version 1; $_.OriginInfo }"
    },
    {
        "timestamp":  "2026-08-10T13:03:16.1114614Z",
        "hostname":  "DC01.meddefense.local",
        "platform":  "Windows",
        "source_type":  "PowerShell",
        "channel":  "Microsoft-Windows-PowerShell/Operational",
        "event_id":  4103,
        "event_category":  "Executing Pipeline",
        "provider":  "Microsoft-Windows-PowerShell",
        "raw_message":  "CommandInvocation(Set-StrictMode): \"Set-StrictMode\"\r\nParameterBinding(Set-StrictMode): name=\"Version\"; value=\"1.0\"\r\n\r\n\r\nContext:\r\n        Severity = Informational\r\n        Host Name = Default Host\r\n        Host Version = 5.1.20348.558\r\n        Host ID = 372ba3e9-a197-4d9d-9c01-8036eb4ddf36\r\n        Host Application = C:\\Windows\\System32\\WindowsPowerShell\\v1.0\\powershell.exe -NoProfile -Command $A = PSLOG\r\n$B = Validation\r\n$C = Test\r\nWrite-Host $A $B $C\r\n        Engine Version = 5.1.20348.558\r\n        Runspace ID = a55b03bf-ec36-4300-8d7e-c43bc1d62c43\r\n        Pipeline ID = 1\r\n        Command Name = Set-StrictMode\r\n        Command Type = Cmdlet\r\n        Script Name = \r\n        Command Path = \r\n        Sequence Number = 34\r\n        User = MEDDEFENSE\\analyst\r\n        Connected User = \r\n        Shell ID = Microsoft.PowerShell\r\n\r\n\r\nUser Data:\r\n\r\n"
    },
    {
        "timestamp":  "2026-08-10T13:03:16.1110021Z",
        "hostname":  "DC01.meddefense.local",
        "platform":  "Windows",
        "source_type":  "PowerShell",
        "channel":  "Microsoft-Windows-PowerShell/Operational",
        "event_id":  4104,
        "event_category":  "Execute a Remote Command",
        "provider":  "Microsoft-Windows-PowerShell",
        "raw_message":  "Creating Scriptblock text (1 of 1):\r\n{ Set-StrictMode -Version 1; $_.ErrorCategory_Message }\r\n\r\nScriptBlock ID: c8edd17b-169b-483f-9011-ec07d1c8a508\r\nPath: ",
        "ScriptBlockText":  "{ Set-StrictMode -Version 1; $_.ErrorCategory_Message }"
    },
    {
        "timestamp":  "2026-08-10T13:03:16.0947586Z",
        "hostname":  "DC01.meddefense.local",
        "platform":  "Windows",
        "source_type":  "PowerShell",
        "channel":  "Microsoft-Windows-PowerShell/Operational",
        "event_id":  4103,
        "event_category":  "Executing Pipeline",
        "provider":  "Microsoft-Windows-PowerShell",
        "raw_message":  "CommandInvocation(Set-StrictMode): \"Set-StrictMode\"\r\nParameterBinding(Set-StrictMode): name=\"Version\"; value=\"1.0\"\r\n\r\n\r\nContext:\r\n        Severity = Informational\r\n        Host Name = Default Host\r\n        Host Version = 5.1.20348.558\r\n        Host ID = 372ba3e9-a197-4d9d-9c01-8036eb4ddf36\r\n        Host Application = C:\\Windows\\System32\\WindowsPowerShell\\v1.0\\powershell.exe -NoProfile -Command $A = PSLOG\r\n$B = Validation\r\n$C = Test\r\nWrite-Host $A $B $C\r\n        Engine Version = 5.1.20348.558\r\n        Runspace ID = a55b03bf-ec36-4300-8d7e-c43bc1d62c43\r\n        Pipeline ID = 1\r\n        Command Name = Set-StrictMode\r\n        Command Type = Cmdlet\r\n        Script Name = \r\n        Command Path = \r\n        Sequence Number = 32\r\n        User = MEDDEFENSE\\analyst\r\n        Connected User = \r\n        Shell ID = Microsoft.PowerShell\r\n\r\n\r\nUser Data:\r\n\r\n"
    },
    {
        "timestamp":  "2026-08-10T13:03:16.0943198Z",
        "hostname":  "DC01.meddefense.local",
        "platform":  "Windows",
        "source_type":  "PowerShell",
        "channel":  "Microsoft-Windows-PowerShell/Operational",
        "event_id":  4104,
        "event_category":  "Execute a Remote Command",
        "provider":  "Microsoft-Windows-PowerShell",
        "raw_message":  "Creating Scriptblock text (1 of 1):\r\n{ Set-StrictMode -Version 1; $this.Exception.InnerException.PSMessageDetails }\r\n\r\nScriptBlock ID: ca9f0a47-8110-4482-b546-1e639bfd0905\r\nPath: ",
        "ScriptBlockText":  "{ Set-StrictMode -Version 1; $this.Exception.InnerException.PSMessageDetails }"
    },
    {
        "timestamp":  "2026-08-10T13:03:16.0878598Z",
        "hostname":  "DC01.meddefense.local",
        "platform":  "Windows",
        "source_type":  "PowerShell",
        "channel":  "Microsoft-Windows-PowerShell/Operational",
        "event_id":  4103,
        "event_category":  "Executing Pipeline",
        "provider":  "Microsoft-Windows-PowerShell",
        "raw_message":  "CommandInvocation(Set-StrictMode): \"Set-StrictMode\"\r\nParameterBinding(Set-StrictMode): name=\"Version\"; value=\"1.0\"\r\n\r\n\r\nContext:\r\n        Severity = Informational\r\n        Host Name = Default Host\r\n        Host Version = 5.1.20348.558\r\n        Host ID = 372ba3e9-a197-4d9d-9c01-8036eb4ddf36\r\n        Host Application = C:\\Windows\\System32\\WindowsPowerShell\\v1.0\\powershell.exe -NoProfile -Command $A = PSLOG\r\n$B = Validation\r\n$C = Test\r\nWrite-Host $A $B $C\r\n        Engine Version = 5.1.20348.558\r\n        Runspace ID = a55b03bf-ec36-4300-8d7e-c43bc1d62c43\r\n        Pipeline ID = 1\r\n        Command Name = Set-StrictMode\r\n        Command Type = Cmdlet\r\n        Script Name = \r\n        Command Path = \r\n        Sequence Number = 30\r\n        User = MEDDEFENSE\\analyst\r\n        Connected User = \r\n        Shell ID = Microsoft.PowerShell\r\n\r\n\r\nUser Data:\r\n\r\n"
    },
    {
        "timestamp":  "2026-08-10T13:03:16.0861715Z",
        "hostname":  "DC01.meddefense.local",
        "platform":  "Windows",
        "source_type":  "PowerShell",
        "channel":  "Microsoft-Windows-PowerShell/Operational",
        "event_id":  4104,
        "event_category":  "Execute a Remote Command",
        "provider":  "Microsoft-Windows-PowerShell",
        "raw_message":  "Creating Scriptblock text (1 of 1):\r\n{ Set-StrictMode -Version 1; $_.PSMessageDetails }\r\n\r\nScriptBlock ID: 41501991-48f7-46aa-b17f-365ef88fb4fc\r\nPath: ",
        "ScriptBlockText":  "{ Set-StrictMode -Version 1; $_.PSMessageDetails }"
    },
    {
        "timestamp":  "2026-08-10T13:03:15.8818514Z",
        "hostname":  "DC01.meddefense.local",
        "platform":  "Windows",
        "source_type":  "PowerShell",
        "channel":  "Microsoft-Windows-PowerShell/Operational",
        "event_id":  4104,
        "event_category":  "Execute a Remote Command",
        "provider":  "Microsoft-Windows-PowerShell",
        "raw_message":  "Creating Scriptblock text (1 of 1):\r\n$A = PSLOG\r\n$B = Validation\r\n$C = Test\r\nWrite-Host $A $B $C\r\n\r\nScriptBlock ID: 607ee564-52f3-4c01-86f7-1a58dcb3b40e\r\nPath: ",
        "ScriptBlockText":  "$A = PSLOG\n$B = Validation\n$C = Test\nWrite-Host $A $B $C"
    },
    {
        "timestamp":  "2026-08-10T13:03:15.8404020Z",
        "hostname":  "DC01.meddefense.local",
        "platform":  "Windows",
        "source_type":  "PowerShell",
        "channel":  "Microsoft-Windows-PowerShell/Operational",
        "event_id":  40962,
        "event_category":  "PowerShell Console Startup",
        "provider":  "Microsoft-Windows-PowerShell",
        "raw_message":  "PowerShell console is ready for user input"
    },
    {
        "timestamp":  "2026-08-10T13:03:15.7727272Z",
        "hostname":  "DC01.meddefense.local",
        "platform":  "Windows",
        "source_type":  "PowerShell",
        "channel":  "Microsoft-Windows-PowerShell/Operational",
        "event_id":  53504,
        "event_category":  "PowerShell Named Pipe IPC",
        "provider":  "Microsoft-Windows-PowerShell",
        "raw_message":  "Windows PowerShell has started an IPC listening thread on process: 6272 in AppDomain: DefaultAppDomain."
    },
    {
        "timestamp":  "2026-08-10T13:03:15.6214569Z",
        "hostname":  "DC01.meddefense.local",
        "platform":  "Windows",
        "source_type":  "PowerShell",
        "channel":  "Microsoft-Windows-PowerShell/Operational",
        "event_id":  40961,
        "event_category":  "PowerShell Console Startup",
        "provider":  "Microsoft-Windows-PowerShell",
        "raw_message":  "PowerShell console is starting up"
    },
    {
        "timestamp":  "2026-08-10T13:03:15.5145432Z",
        "hostname":  "DC01.meddefense.local",
        "platform":  "Windows",
        "source_type":  "PowerShell",
        "channel":  "Microsoft-Windows-PowerShell/Operational",
        "event_id":  4100,
        "event_category":  "Executing Pipeline",
        "provider":  "Microsoft-Windows-PowerShell",
        "raw_message":  "Error Message = System error.\r\n\r\n\r\nContext:\r\n        Severity = Warning\r\n        Host Name = ConsoleHost\r\n        Host Version = 5.1.20348.558\r\n        Host ID = 5b8d59e3-eff6-4b3d-9a23-aabf8f6654f6\r\n        Host Application = C:\\Windows\\System32\\WindowsPowerShell\\v1.0\\powershell.exe\r\n        Engine Version = 5.1.20348.558\r\n        Runspace ID = a9ae440b-97bd-409b-a1c5-e94d1356cef2\r\n        Pipeline ID = 241\r\n        Command Name = \r\n        Command Type = \r\n        Script Name = \r\n        Command Path = \r\n        Sequence Number = 27\r\n        User = MEDDEFENSE\\analyst\r\n        Connected User = \r\n        Shell ID = Microsoft.PowerShell\r\n\r\n\r\nUser Data:\r\n\r\n"
    },
    {
        "timestamp":  "2026-08-10T13:03:15.3093048Z",
        "hostname":  "DC01.meddefense.local",
        "platform":  "Windows",
        "source_type":  "PowerShell",
        "channel":  "Microsoft-Windows-PowerShell/Operational",
        "event_id":  4104,
        "event_category":  "Execute a Remote Command",
        "provider":  "Microsoft-Windows-PowerShell",
        "raw_message":  "Creating Scriptblock text (1 of 1):\r\n$global:?\r\n\r\nScriptBlock ID: 8103ca2a-18d5-4756-b5c8-4a1f9add49d0\r\nPath: ",
        "ScriptBlockText":  "$global:?"
    },
    {
        "timestamp":  "2026-08-10T13:03:15.3045945Z",
        "hostname":  "DC01.meddefense.local",
        "platform":  "Windows",
        "source_type":  "PowerShell",
        "channel":  "Microsoft-Windows-PowerShell/Operational",
        "event_id":  4103,
        "event_category":  "Executing Pipeline",
        "provider":  "Microsoft-Windows-PowerShell",
        "raw_message":  "CommandInvocation(Out-Default): \"Out-Default\"\r\n\r\n\r\nContext:\r\n        Severity = Informational\r\n        Host Name = ConsoleHost\r\n        Host Version = 5.1.20348.558\r\n        Host ID = 6c586d81-478b-4669-a34c-9fcd93edac01\r\n        Host Application = C:\\Windows\\System32\\WindowsPowerShell\\v1.0\\powershell.exe -NoProfile -Command Import-Module ActiveDirectory -ErrorAction SilentlyContinue\r\nWrite-Host \u0027PSLOG_0a35d10253864fc8a3764764a26935ac\u0027\r\n        Engine Version = 5.1.20348.558\r\n        Runspace ID = cb47d6cc-c52e-4747-8417-0508e284f157\r\n        Pipeline ID = 1\r\n        Command Name = \r\n        Command Type = Script\r\n        Script Name = \r\n        Command Path = \r\n        Sequence Number = 22\r\n        User = MEDDEFENSE\\analyst\r\n        Connected User = \r\n        Shell ID = Microsoft.PowerShell\r\n\r\n\r\nUser Data:\r\n\r\n"
    },
    {
        "timestamp":  "2026-08-10T13:03:15.3043845Z",
        "hostname":  "DC01.meddefense.local",
        "platform":  "Windows",
        "source_type":  "PowerShell",
        "channel":  "Microsoft-Windows-PowerShell/Operational",
        "event_id":  4103,
        "event_category":  "Executing Pipeline",
        "provider":  "Microsoft-Windows-PowerShell",
        "raw_message":  "CommandInvocation(Write-Host): \"Write-Host\"\r\nParameterBinding(Write-Host): name=\"Object\"; value=\"PSLOG_0a35d10253864fc8a3764764a26935ac\"\r\n\r\n\r\nContext:\r\n        Severity = Informational\r\n        Host Name = ConsoleHost\r\n        Host Version = 5.1.20348.558\r\n        Host ID = 6c586d81-478b-4669-a34c-9fcd93edac01\r\n        Host Application = C:\\Windows\\System32\\WindowsPowerShell\\v1.0\\powershell.exe -NoProfile -Command Import-Module ActiveDirectory -ErrorAction SilentlyContinue\r\nWrite-Host \u0027PSLOG_0a35d10253864fc8a3764764a26935ac\u0027\r\n        Engine Version = 5.1.20348.558\r\n        Runspace ID = cb47d6cc-c52e-4747-8417-0508e284f157\r\n        Pipeline ID = 1\r\n        Command Name = Write-Host\r\n        Command Type = Cmdlet\r\n        Script Name = \r\n        Command Path = \r\n        Sequence Number = 20\r\n        User = MEDDEFENSE\\analyst\r\n        Connected User = \r\n        Shell ID = Microsoft.PowerShell\r\n\r\n\r\nUser Data:\r\n\r\n"
    },
    {
        "timestamp":  "2026-08-10T13:03:15.2100984Z",
        "hostname":  "DC01.meddefense.local",
        "platform":  "Windows",
        "source_type":  "PowerShell",
        "channel":  "Microsoft-Windows-PowerShell/Operational",
        "event_id":  4103,
        "event_category":  "Executing Pipeline",
        "provider":  "Microsoft-Windows-PowerShell",
        "raw_message":  "CommandInvocation(Import-Module): \"Import-Module\"\r\nParameterBinding(Import-Module): name=\"ErrorAction\"; value=\"SilentlyContinue\"\r\nParameterBinding(Import-Module): name=\"Name\"; value=\"ActiveDirectory\"\r\n\r\n\r\nContext:\r\n        Severity = Informational\r\n        Host Name = ConsoleHost\r\n        Host Version = 5.1.20348.558\r\n        Host ID = 6c586d81-478b-4669-a34c-9fcd93edac01\r\n        Host Application = C:\\Windows\\System32\\WindowsPowerShell\\v1.0\\powershell.exe -NoProfile -Command Import-Module ActiveDirectory -ErrorAction SilentlyContinue\r\nWrite-Host \u0027PSLOG_0a35d10253864fc8a3764764a26935ac\u0027\r\n        Engine Version = 5.1.20348.558\r\n        Runspace ID = cb47d6cc-c52e-4747-8417-0508e284f157\r\n        Pipeline ID = 1\r\n        Command Name = Import-Module\r\n        Command Type = Cmdlet\r\n        Script Name = \r\n        Command Path = \r\n        Sequence Number = 18\r\n        User = MEDDEFENSE\\analyst\r\n        Connected User = \r\n        Shell ID = Microsoft.PowerShell\r\n\r\n\r\nUser Data:\r\n\r\n"
    },
    {
        "timestamp":  "2026-08-10T13:03:13.9478799Z",
        "hostname":  "DC01.meddefense.local",
        "platform":  "Windows",
        "source_type":  "PowerShell",
        "channel":  "Microsoft-Windows-PowerShell/Operational",
        "event_id":  4104,
        "event_category":  "Execute a Remote Command",
        "provider":  "Microsoft-Windows-PowerShell",
        "raw_message":  "Creating Scriptblock text (1 of 1):\r\nImport-Module ActiveDirectory -ErrorAction SilentlyContinue\r\nWrite-Host \u0027PSLOG_0a35d10253864fc8a3764764a26935ac\u0027\r\n\r\nScriptBlock ID: 5b61aa50-98d9-46ce-bd3f-95d3360ae7ea\r\nPath: ",
        "ScriptBlockText":  "Import-Module ActiveDirectory -ErrorAction SilentlyContinue\nWrite-Host \u0027PSLOG_0a35d10253864fc8a3764764a26935ac\u0027"
    },
    {
        "timestamp":  "2026-08-10T13:03:13.8801323Z",
        "hostname":  "DC01.meddefense.local",
        "platform":  "Windows",
        "source_type":  "PowerShell",
        "channel":  "Microsoft-Windows-PowerShell/Operational",
        "event_id":  40962,
        "event_category":  "PowerShell Console Startup",
        "provider":  "Microsoft-Windows-PowerShell",
        "raw_message":  "PowerShell console is ready for user input"
    },
    {
        "timestamp":  "2026-08-10T13:03:13.8065602Z",
        "hostname":  "DC01.meddefense.local",
        "platform":  "Windows",
        "source_type":  "PowerShell",
        "channel":  "Microsoft-Windows-PowerShell/Operational",
        "event_id":  53504,
        "event_category":  "PowerShell Named Pipe IPC",
        "provider":  "Microsoft-Windows-PowerShell",
        "raw_message":  "Windows PowerShell has started an IPC listening thread on process: 5680 in AppDomain: DefaultAppDomain."
    },
    {
        "timestamp":  "2026-08-10T13:03:13.6816765Z",
        "hostname":  "DC01.meddefense.local",
        "platform":  "Windows",
        "source_type":  "PowerShell",
        "channel":  "Microsoft-Windows-PowerShell/Operational",
        "event_id":  40961,
        "event_category":  "PowerShell Console Startup",
        "provider":  "Microsoft-Windows-PowerShell",
        "raw_message":  "PowerShell console is starting up"
    },
    {
        "timestamp":  "2026-08-10T13:03:13.5160823Z",
        "hostname":  "DC01.meddefense.local",
        "platform":  "Windows",
        "source_type":  "PowerShell",
        "channel":  "Microsoft-Windows-PowerShell/Operational",
        "event_id":  4100,
        "event_category":  "Executing Pipeline",
        "provider":  "Microsoft-Windows-PowerShell",
        "raw_message":  "Error Message = System error.\r\n\r\n\r\nContext:\r\n        Severity = Warning\r\n        Host Name = ConsoleHost\r\n        Host Version = 5.1.20348.558\r\n        Host ID = 5b8d59e3-eff6-4b3d-9a23-aabf8f6654f6\r\n        Host Application = C:\\Windows\\System32\\WindowsPowerShell\\v1.0\\powershell.exe\r\n        Engine Version = 5.1.20348.558\r\n        Runspace ID = a9ae440b-97bd-409b-a1c5-e94d1356cef2\r\n        Pipeline ID = 241\r\n        Command Name = \r\n        Command Type = \r\n        Script Name = \r\n        Command Path = \r\n        Sequence Number = 26\r\n        User = MEDDEFENSE\\analyst\r\n        Connected User = \r\n        Shell ID = Microsoft.PowerShell\r\n\r\n\r\nUser Data:\r\n\r\n"
    },
    {
        "timestamp":  "2026-08-10T13:03:13.4101663Z",
        "hostname":  "DC01.meddefense.local",
        "platform":  "Windows",
        "source_type":  "PowerShell",
        "channel":  "Microsoft-Windows-PowerShell/Operational",
        "event_id":  4104,
        "event_category":  "Execute a Remote Command",
        "provider":  "Microsoft-Windows-PowerShell",
        "raw_message":  "Creating Scriptblock text (1 of 1):\r\n$global:?\r\n\r\nScriptBlock ID: 3520c197-3962-4ee8-abe1-5e143acaf76d\r\nPath: ",
        "ScriptBlockText":  "$global:?"
    },
    {
        "timestamp":  "2026-08-10T13:03:13.4030440Z",
        "hostname":  "DC01.meddefense.local",
        "platform":  "Windows",
        "source_type":  "PowerShell",
        "channel":  "Microsoft-Windows-PowerShell/Operational",
        "event_id":  4103,
        "event_category":  "Executing Pipeline",
        "provider":  "Microsoft-Windows-PowerShell",
        "raw_message":  "CommandInvocation(Out-Default): \"Out-Default\"\r\n\r\n\r\nContext:\r\n        Severity = Informational\r\n        Host Name = ConsoleHost\r\n        Host Version = 5.1.20348.558\r\n        Host ID = ad6b4321-566a-4f52-8c25-8cfbfc218dad\r\n        Host Application = C:\\Windows\\System32\\WindowsPowerShell\\v1.0\\powershell.exe -NoProfile -EncodedCommand VwByAGkAdABlAC0ASABvAHMAdAAgACIAVABlAHMAdAAiAA==\r\n        Engine Version = 5.1.20348.558\r\n        Runspace ID = 9891fafe-40b7-4cec-b598-01fc2a8303bc\r\n        Pipeline ID = 1\r\n        Command Name = \r\n        Command Type = Script\r\n        Script Name = \r\n        Command Path = \r\n        Sequence Number = 18\r\n        User = MEDDEFENSE\\analyst\r\n        Connected User = \r\n        Shell ID = Microsoft.PowerShell\r\n\r\n\r\nUser Data:\r\n\r\n"
    },
    {
        "timestamp":  "2026-08-10T13:03:13.4025571Z",
        "hostname":  "DC01.meddefense.local",
        "platform":  "Windows",
        "source_type":  "PowerShell",
        "channel":  "Microsoft-Windows-PowerShell/Operational",
        "event_id":  4103,
        "event_category":  "Executing Pipeline",
        "provider":  "Microsoft-Windows-PowerShell",
        "raw_message":  "CommandInvocation(Write-Host): \"Write-Host\"\r\nParameterBinding(Write-Host): name=\"Object\"; value=\"Test\"\r\n\r\n\r\nContext:\r\n        Severity = Informational\r\n        Host Name = ConsoleHost\r\n        Host Version = 5.1.20348.558\r\n        Host ID = ad6b4321-566a-4f52-8c25-8cfbfc218dad\r\n        Host Application = C:\\Windows\\System32\\WindowsPowerShell\\v1.0\\powershell.exe -NoProfile -EncodedCommand VwByAGkAdABlAC0ASABvAHMAdAAgACIAVABlAHMAdAAiAA==\r\n        Engine Version = 5.1.20348.558\r\n        Runspace ID = 9891fafe-40b7-4cec-b598-01fc2a8303bc\r\n        Pipeline ID = 1\r\n        Command Name = Write-Host\r\n        Command Type = Cmdlet\r\n        Script Name = \r\n        Command Path = \r\n        Sequence Number = 16\r\n        User = MEDDEFENSE\\analyst\r\n        Connected User = \r\n        Shell ID = Microsoft.PowerShell\r\n\r\n\r\nUser Data:\r\n\r\n"
    },
    {
        "timestamp":  "2026-08-10T13:03:13.2886479Z",
        "hostname":  "DC01.meddefense.local",
        "platform":  "Windows",
        "source_type":  "PowerShell",
        "channel":  "Microsoft-Windows-PowerShell/Operational",
        "event_id":  4104,
        "event_category":  "Execute a Remote Command",
        "provider":  "Microsoft-Windows-PowerShell",
        "raw_message":  "Creating Scriptblock text (1 of 1):\r\nWrite-Host \"Test\"\r\n\r\nScriptBlock ID: 638ede35-1d33-4c8e-9b25-e8fa979993d1\r\nPath: ",
        "ScriptBlockText":  "Write-Host \"Test\""
    },
    {
        "timestamp":  "2026-08-10T13:03:13.2370643Z",
        "hostname":  "DC01.meddefense.local",
        "platform":  "Windows",
        "source_type":  "PowerShell",
        "channel":  "Microsoft-Windows-PowerShell/Operational",
        "event_id":  40962,
        "event_category":  "PowerShell Console Startup",
        "provider":  "Microsoft-Windows-PowerShell",
        "raw_message":  "PowerShell console is ready for user input"
    },
    {
        "timestamp":  "2026-08-10T13:03:11.1303945Z",
        "hostname":  "DC01.meddefense.local",
        "platform":  "Windows",
        "source_type":  "PowerShell",
        "channel":  "Microsoft-Windows-PowerShell/Operational",
        "event_id":  53504,
        "event_category":  "PowerShell Named Pipe IPC",
        "provider":  "Microsoft-Windows-PowerShell",
        "raw_message":  "Windows PowerShell has started an IPC listening thread on process: 3928 in AppDomain: DefaultAppDomain."
    },
    {
        "timestamp":  "2026-08-10T13:03:10.2740862Z",
        "hostname":  "DC01.meddefense.local",
        "platform":  "Windows",
        "source_type":  "PowerShell",
        "channel":  "Microsoft-Windows-PowerShell/Operational",
        "event_id":  40961,
        "event_category":  "PowerShell Console Startup",
        "provider":  "Microsoft-Windows-PowerShell",
        "raw_message":  "PowerShell console is starting up"
    },
    {
        "timestamp":  "2026-08-10T13:03:09.9835160Z",
        "hostname":  "DC01.meddefense.local",
        "platform":  "Windows",
        "source_type":  "PowerShell",
        "channel":  "Microsoft-Windows-PowerShell/Operational",
        "event_id":  4104,
        "event_category":  "Execute a Remote Command",
        "provider":  "Microsoft-Windows-PowerShell",
        "raw_message":  "Creating Scriptblock text (1 of 1):\r\n$global:?\r\n\r\nScriptBlock ID: d63e9fec-44cb-4603-9f9f-2b062176075d\r\nPath: ",
        "ScriptBlockText":  "$global:?"
    },
    {
        "timestamp":  "2026-08-10T13:03:09.9781507Z",
        "hostname":  "DC01.meddefense.local",
        "platform":  "Windows",
        "source_type":  "PowerShell",
        "channel":  "Microsoft-Windows-PowerShell/Operational",
        "event_id":  4103,
        "event_category":  "Executing Pipeline",
        "provider":  "Microsoft-Windows-PowerShell",
        "raw_message":  "CommandInvocation(Out-Default): \"Out-Default\"\r\n\r\n\r\nContext:\r\n        Severity = Informational\r\n        Host Name = ConsoleHost\r\n        Host Version = 5.1.20348.558\r\n        Host ID = e45e6de1-c964-45e9-897c-2e14f4387885\r\n        Host Application = C:\\Windows\\System32\\WindowsPowerShell\\v1.0\\powershell.exe -NoProfile -Command Get-Process | Out-Null; Write-Host \u0027PSLOG_0a35d10253864fc8a3764764a26935ac\u0027\r\n        Engine Version = 5.1.20348.558\r\n        Runspace ID = 95d51c56-0074-4a8d-b1b8-743ff8606337\r\n        Pipeline ID = 1\r\n        Command Name = \r\n        Command Type = Script\r\n        Script Name = \r\n        Command Path = \r\n        Sequence Number = 20\r\n        User = MEDDEFENSE\\analyst\r\n        Connected User = \r\n        Shell ID = Microsoft.PowerShell\r\n\r\n\r\nUser Data:\r\n\r\n"
    },
    {
        "timestamp":  "2026-08-10T13:03:09.9779615Z",
        "hostname":  "DC01.meddefense.local",
        "platform":  "Windows",
        "source_type":  "PowerShell",
        "channel":  "Microsoft-Windows-PowerShell/Operational",
        "event_id":  4103,
        "event_category":  "Executing Pipeline",
        "provider":  "Microsoft-Windows-PowerShell",
        "raw_message":  "CommandInvocation(Write-Host): \"Write-Host\"\r\nParameterBinding(Write-Host): name=\"Object\"; value=\"PSLOG_0a35d10253864fc8a3764764a26935ac\"\r\n\r\n\r\nContext:\r\n        Severity = Informational\r\n        Host Name = ConsoleHost\r\n        Host Version = 5.1.20348.558\r\n        Host ID = e45e6de1-c964-45e9-897c-2e14f4387885\r\n        Host Application = C:\\Windows\\System32\\WindowsPowerShell\\v1.0\\powershell.exe -NoProfile -Command Get-Process | Out-Null; Write-Host \u0027PSLOG_0a35d10253864fc8a3764764a26935ac\u0027\r\n        Engine Version = 5.1.20348.558\r\n        Runspace ID = 95d51c56-0074-4a8d-b1b8-743ff8606337\r\n        Pipeline ID = 1\r\n        Command Name = Write-Host\r\n        Command Type = Cmdlet\r\n        Script Name = \r\n        Command Path = \r\n        Sequence Number = 18\r\n        User = MEDDEFENSE\\analyst\r\n        Connected User = \r\n        Shell ID = Microsoft.PowerShell\r\n\r\n\r\nUser Data:\r\n\r\n"
    },
