    {
        "timestamp":  "2026-08-10T12:39:24.3883683Z",
        "hostname":  "DC01.meddefense.local",
        "platform":  "Windows",
        "source_type":  "PowerShell",
        "channel":  "Microsoft-Windows-PowerShell/Operational",
        "event_id":  4104,
        "event_category":  "Execute a Remote Command",
        "provider":  "Microsoft-Windows-PowerShell",
        "raw_message":  "Creating Scriptblock text (1 of 1):\r\n{ Set-StrictMode -Version 1; $this.Exception.InnerException.PSMessageDetails }\r\n\r\nScriptBlock ID: 1abe70cc-dc96-4fad-9f5b-615d4ab37c9e\r\nPath: ",
        "ScriptBlockText":  "{ Set-StrictMode -Version 1; $this.Exception.InnerException.PSMessageDetails }"
    },
    {
        "timestamp":  "2026-08-10T12:39:24.3833712Z",
        "hostname":  "DC01.meddefense.local",
        "platform":  "Windows",
        "source_type":  "PowerShell",
        "channel":  "Microsoft-Windows-PowerShell/Operational",
        "event_id":  4103,
        "event_category":  "Executing Pipeline",
        "provider":  "Microsoft-Windows-PowerShell",
        "raw_message":  "CommandInvocation(Set-StrictMode): \"Set-StrictMode\"\r\nParameterBinding(Set-StrictMode): name=\"Version\"; value=\"1.0\"\r\n\r\n\r\nContext:\r\n        Severity = Informational\r\n        Host Name = ConsoleHost\r\n        Host Version = 5.1.20348.558\r\n        Host ID = d87791d9-ba1a-4370-a773-b9444b9dfc85\r\n        Host Application = C:\\Windows\\System32\\WindowsPowerShell\\v1.0\\powershell.exe -NoProfile -Command $A = PSLOG\r\n$B = Validation\r\n$C = Test\r\nWrite-Host $A $B $C\r\n        Engine Version = 5.1.20348.558\r\n        Runspace ID = 855ed393-e097-4907-b09f-636a701aaa63\r\n        Pipeline ID = 1\r\n        Command Name = Set-StrictMode\r\n        Command Type = Cmdlet\r\n        Script Name = \r\n        Command Path = \r\n        Sequence Number = 40\r\n        User = MEDDEFENSE\\analyst\r\n        Connected User = \r\n        Shell ID = Microsoft.PowerShell\r\n\r\n\r\nUser Data:\r\n\r\n"
    },
    {
        "timestamp":  "2026-08-10T12:39:24.3827799Z",
        "hostname":  "DC01.meddefense.local",
        "platform":  "Windows",
        "source_type":  "PowerShell",
        "channel":  "Microsoft-Windows-PowerShell/Operational",
        "event_id":  4104,
        "event_category":  "Execute a Remote Command",
        "provider":  "Microsoft-Windows-PowerShell",
        "raw_message":  "Creating Scriptblock text (1 of 1):\r\n{ Set-StrictMode -Version 1; $_.PSMessageDetails }\r\n\r\nScriptBlock ID: aac8ee70-7490-40ec-ae1b-ceb079f79263\r\nPath: ",
        "ScriptBlockText":  "{ Set-StrictMode -Version 1; $_.PSMessageDetails }"
    },
    {
        "timestamp":  "2026-08-10T12:39:24.3752751Z",
        "hostname":  "DC01.meddefense.local",
        "platform":  "Windows",
        "source_type":  "PowerShell",
        "channel":  "Microsoft-Windows-PowerShell/Operational",
        "event_id":  4103,
        "event_category":  "Executing Pipeline",
        "provider":  "Microsoft-Windows-PowerShell",
        "raw_message":  "CommandInvocation(Out-String): \"Out-String\"\r\nCommandInvocation(Out-Default): \"Out-Default\"\r\nParameterBinding(Out-Default): name=\"Transcript\"; value=\"True\"\r\nParameterBinding(Out-String): name=\"InputObject\"; value=\"The term \u0027PSLOG\u0027 is not recognized as the name of a cmdlet, function, script file, or operable program. Check the spelling of the name, or if a path was included, verify that the path is correct and try again.\"\r\nParameterBinding(Out-Default): name=\"InputObject\"; value=\"PSLOG : The term \u0027PSLOG\u0027 is not recognized as the name of a cmdlet, function, script file, or operable program. Check \r\nthe spelling of the name, or if a path was included, verify that the path is correct and try again.\r\nAt line:1 char:6\r\n+ $A = PSLOG\r\n+      ~~~~~\r\n    + CategoryInfo          : ObjectNotFound: (PSLOG:String) [], CommandNotFoundException\r\n    + FullyQualifiedErrorId : CommandNotFoundException\r\n \r\n\"\r\n\r\n\r\nContext:\r\n        Severity = Informational\r\n        Host Name = Default Host\r\n        Host Version = 5.1.20348.558\r\n        Host ID = b916265b-938b-4e34-98a0-7e03057e7711\r\n        Host Application = C:\\Windows\\System32\\WindowsPowerShell\\v1.0\\powershell.exe -NoProfile -Command $A = PSLOG\r\n$B = Validation\r\n$C = Test\r\nWrite-Host $A $B $C\r\n        Engine Version = 5.1.20348.558\r\n        Runspace ID = a93d9b6e-27c7-4adf-8e06-3fa3deaa01fb\r\n        Pipeline ID = 1\r\n        Command Name = Out-String\r\n        Command Type = Cmdlet\r\n        Script Name = \r\n        Command Path = \r\n        Sequence Number = 38\r\n        User = MEDDEFENSE\\analyst\r\n        Connected User = \r\n        Shell ID = Microsoft.PowerShell\r\n\r\n\r\nUser Data:\r\n\r\n"
    },
    {
        "timestamp":  "2026-08-10T12:39:24.3694228Z",
        "hostname":  "DC01.meddefense.local",
        "platform":  "Windows",
        "source_type":  "PowerShell",
        "channel":  "Microsoft-Windows-PowerShell/Operational",
        "event_id":  4103,
        "event_category":  "Executing Pipeline",
        "provider":  "Microsoft-Windows-PowerShell",
        "raw_message":  "CommandInvocation(Set-StrictMode): \"Set-StrictMode\"\r\nParameterBinding(Set-StrictMode): name=\"Version\"; value=\"1.0\"\r\n\r\n\r\nContext:\r\n        Severity = Informational\r\n        Host Name = Default Host\r\n        Host Version = 5.1.20348.558\r\n        Host ID = b916265b-938b-4e34-98a0-7e03057e7711\r\n        Host Application = C:\\Windows\\System32\\WindowsPowerShell\\v1.0\\powershell.exe -NoProfile -Command $A = PSLOG\r\n$B = Validation\r\n$C = Test\r\nWrite-Host $A $B $C\r\n        Engine Version = 5.1.20348.558\r\n        Runspace ID = a93d9b6e-27c7-4adf-8e06-3fa3deaa01fb\r\n        Pipeline ID = 1\r\n        Command Name = Set-StrictMode\r\n        Command Type = Cmdlet\r\n        Script Name = \r\n        Command Path = \r\n        Sequence Number = 36\r\n        User = MEDDEFENSE\\analyst\r\n        Connected User = \r\n        Shell ID = Microsoft.PowerShell\r\n\r\n\r\nUser Data:\r\n\r\n"
    },
    {
        "timestamp":  "2026-08-10T12:39:24.3690270Z",
        "hostname":  "DC01.meddefense.local",
        "platform":  "Windows",
        "source_type":  "PowerShell",
        "channel":  "Microsoft-Windows-PowerShell/Operational",
        "event_id":  4104,
        "event_category":  "Execute a Remote Command",
        "provider":  "Microsoft-Windows-PowerShell",
        "raw_message":  "Creating Scriptblock text (1 of 1):\r\n{ Set-StrictMode -Version 1; $_.OriginInfo }\r\n\r\nScriptBlock ID: 2da8687e-6ac1-49df-9028-6b3bcb377eea\r\nPath: ",
        "ScriptBlockText":  "{ Set-StrictMode -Version 1; $_.OriginInfo }"
    },
    {
        "timestamp":  "2026-08-10T12:39:24.3588586Z",
        "hostname":  "DC01.meddefense.local",
        "platform":  "Windows",
        "source_type":  "PowerShell",
        "channel":  "Microsoft-Windows-PowerShell/Operational",
        "event_id":  4103,
        "event_category":  "Executing Pipeline",
        "provider":  "Microsoft-Windows-PowerShell",
        "raw_message":  "CommandInvocation(Set-StrictMode): \"Set-StrictMode\"\r\nParameterBinding(Set-StrictMode): name=\"Version\"; value=\"1.0\"\r\n\r\n\r\nContext:\r\n        Severity = Informational\r\n        Host Name = Default Host\r\n        Host Version = 5.1.20348.558\r\n        Host ID = b916265b-938b-4e34-98a0-7e03057e7711\r\n        Host Application = C:\\Windows\\System32\\WindowsPowerShell\\v1.0\\powershell.exe -NoProfile -Command $A = PSLOG\r\n$B = Validation\r\n$C = Test\r\nWrite-Host $A $B $C\r\n        Engine Version = 5.1.20348.558\r\n        Runspace ID = a93d9b6e-27c7-4adf-8e06-3fa3deaa01fb\r\n        Pipeline ID = 1\r\n        Command Name = Set-StrictMode\r\n        Command Type = Cmdlet\r\n        Script Name = \r\n        Command Path = \r\n        Sequence Number = 34\r\n        User = MEDDEFENSE\\analyst\r\n        Connected User = \r\n        Shell ID = Microsoft.PowerShell\r\n\r\n\r\nUser Data:\r\n\r\n"
    },
    {
        "timestamp":  "2026-08-10T12:39:24.3583572Z",
        "hostname":  "DC01.meddefense.local",
        "platform":  "Windows",
        "source_type":  "PowerShell",
        "channel":  "Microsoft-Windows-PowerShell/Operational",
        "event_id":  4104,
        "event_category":  "Execute a Remote Command",
        "provider":  "Microsoft-Windows-PowerShell",
        "raw_message":  "Creating Scriptblock text (1 of 1):\r\n{ Set-StrictMode -Version 1; $_.ErrorCategory_Message }\r\n\r\nScriptBlock ID: 224e4b75-6a42-4a8e-bc6e-3efc41f5543a\r\nPath: ",
        "ScriptBlockText":  "{ Set-StrictMode -Version 1; $_.ErrorCategory_Message }"
    },
    {
        "timestamp":  "2026-08-10T12:39:24.3355910Z",
        "hostname":  "DC01.meddefense.local",
        "platform":  "Windows",
        "source_type":  "PowerShell",
        "channel":  "Microsoft-Windows-PowerShell/Operational",
        "event_id":  4103,
        "event_category":  "Executing Pipeline",
        "provider":  "Microsoft-Windows-PowerShell",
        "raw_message":  "CommandInvocation(Set-StrictMode): \"Set-StrictMode\"\r\nParameterBinding(Set-StrictMode): name=\"Version\"; value=\"1.0\"\r\n\r\n\r\nContext:\r\n        Severity = Informational\r\n        Host Name = Default Host\r\n        Host Version = 5.1.20348.558\r\n        Host ID = b916265b-938b-4e34-98a0-7e03057e7711\r\n        Host Application = C:\\Windows\\System32\\WindowsPowerShell\\v1.0\\powershell.exe -NoProfile -Command $A = PSLOG\r\n$B = Validation\r\n$C = Test\r\nWrite-Host $A $B $C\r\n        Engine Version = 5.1.20348.558\r\n        Runspace ID = a93d9b6e-27c7-4adf-8e06-3fa3deaa01fb\r\n        Pipeline ID = 1\r\n        Command Name = Set-StrictMode\r\n        Command Type = Cmdlet\r\n        Script Name = \r\n        Command Path = \r\n        Sequence Number = 32\r\n        User = MEDDEFENSE\\analyst\r\n        Connected User = \r\n        Shell ID = Microsoft.PowerShell\r\n\r\n\r\nUser Data:\r\n\r\n"
    },
    {
        "timestamp":  "2026-08-10T12:39:24.3349897Z",
        "hostname":  "DC01.meddefense.local",
        "platform":  "Windows",
        "source_type":  "PowerShell",
        "channel":  "Microsoft-Windows-PowerShell/Operational",
        "event_id":  4104,
        "event_category":  "Execute a Remote Command",
        "provider":  "Microsoft-Windows-PowerShell",
        "raw_message":  "Creating Scriptblock text (1 of 1):\r\n{ Set-StrictMode -Version 1; $this.Exception.InnerException.PSMessageDetails }\r\n\r\nScriptBlock ID: 50d5dfa2-42f1-420f-a504-e4f278c157ca\r\nPath: ",
        "ScriptBlockText":  "{ Set-StrictMode -Version 1; $this.Exception.InnerException.PSMessageDetails }"
    },
    {
        "timestamp":  "2026-08-10T12:39:24.3276533Z",
        "hostname":  "DC01.meddefense.local",
        "platform":  "Windows",
        "source_type":  "PowerShell",
        "channel":  "Microsoft-Windows-PowerShell/Operational",
        "event_id":  4103,
        "event_category":  "Executing Pipeline",
        "provider":  "Microsoft-Windows-PowerShell",
        "raw_message":  "CommandInvocation(Set-StrictMode): \"Set-StrictMode\"\r\nParameterBinding(Set-StrictMode): name=\"Version\"; value=\"1.0\"\r\n\r\n\r\nContext:\r\n        Severity = Informational\r\n        Host Name = Default Host\r\n        Host Version = 5.1.20348.558\r\n        Host ID = b916265b-938b-4e34-98a0-7e03057e7711\r\n        Host Application = C:\\Windows\\System32\\WindowsPowerShell\\v1.0\\powershell.exe -NoProfile -Command $A = PSLOG\r\n$B = Validation\r\n$C = Test\r\nWrite-Host $A $B $C\r\n        Engine Version = 5.1.20348.558\r\n        Runspace ID = a93d9b6e-27c7-4adf-8e06-3fa3deaa01fb\r\n        Pipeline ID = 1\r\n        Command Name = Set-StrictMode\r\n        Command Type = Cmdlet\r\n        Script Name = \r\n        Command Path = \r\n        Sequence Number = 30\r\n        User = MEDDEFENSE\\analyst\r\n        Connected User = \r\n        Shell ID = Microsoft.PowerShell\r\n\r\n\r\nUser Data:\r\n\r\n"
    },
    {
        "timestamp":  "2026-08-10T12:39:24.3260530Z",
        "hostname":  "DC01.meddefense.local",
        "platform":  "Windows",
        "source_type":  "PowerShell",
        "channel":  "Microsoft-Windows-PowerShell/Operational",
        "event_id":  4104,
        "event_category":  "Execute a Remote Command",
        "provider":  "Microsoft-Windows-PowerShell",
        "raw_message":  "Creating Scriptblock text (1 of 1):\r\n{ Set-StrictMode -Version 1; $_.PSMessageDetails }\r\n\r\nScriptBlock ID: cb97fe49-e34b-490d-9ae2-820c4acbb2e5\r\nPath: ",
        "ScriptBlockText":  "{ Set-StrictMode -Version 1; $_.PSMessageDetails }"
    },
    {
        "timestamp":  "2026-08-10T12:39:24.1325081Z",
        "hostname":  "DC01.meddefense.local",
        "platform":  "Windows",
        "source_type":  "PowerShell",
        "channel":  "Microsoft-Windows-PowerShell/Operational",
        "event_id":  4104,
        "event_category":  "Execute a Remote Command",
        "provider":  "Microsoft-Windows-PowerShell",
        "raw_message":  "Creating Scriptblock text (1 of 1):\r\n$A = PSLOG\r\n$B = Validation\r\n$C = Test\r\nWrite-Host $A $B $C\r\n\r\nScriptBlock ID: 33a6f741-a403-48f0-b441-38df493e52ea\r\nPath: ",
        "ScriptBlockText":  "$A = PSLOG\n$B = Validation\n$C = Test\nWrite-Host $A $B $C"
    },
    {
        "timestamp":  "2026-08-10T12:39:24.0705764Z",
        "hostname":  "DC01.meddefense.local",
        "platform":  "Windows",
        "source_type":  "PowerShell",
        "channel":  "Microsoft-Windows-PowerShell/Operational",
        "event_id":  40962,
        "event_category":  "PowerShell Console Startup",
        "provider":  "Microsoft-Windows-PowerShell",
        "raw_message":  "PowerShell console is ready for user input"
    },
    {
        "timestamp":  "2026-08-10T12:39:23.9917070Z",
        "hostname":  "DC01.meddefense.local",
        "platform":  "Windows",
        "source_type":  "PowerShell",
        "channel":  "Microsoft-Windows-PowerShell/Operational",
        "event_id":  53504,
        "event_category":  "PowerShell Named Pipe IPC",
        "provider":  "Microsoft-Windows-PowerShell",
        "raw_message":  "Windows PowerShell has started an IPC listening thread on process: 6348 in AppDomain: DefaultAppDomain."
    },
    {
        "timestamp":  "2026-08-10T12:39:23.8701666Z",
        "hostname":  "DC01.meddefense.local",
        "platform":  "Windows",
        "source_type":  "PowerShell",
        "channel":  "Microsoft-Windows-PowerShell/Operational",
        "event_id":  40961,
        "event_category":  "PowerShell Console Startup",
        "provider":  "Microsoft-Windows-PowerShell",
        "raw_message":  "PowerShell console is starting up"
    },
    {
        "timestamp":  "2026-08-10T12:39:23.4901690Z",
        "hostname":  "DC01.meddefense.local",
        "platform":  "Windows",
        "source_type":  "PowerShell",
        "channel":  "Microsoft-Windows-PowerShell/Operational",
        "event_id":  4104,
        "event_category":  "Execute a Remote Command",
        "provider":  "Microsoft-Windows-PowerShell",
        "raw_message":  "Creating Scriptblock text (1 of 1):\r\n$global:?\r\n\r\nScriptBlock ID: 5a7ed7b1-2a1f-4d8a-b991-a650b54a5cd1\r\nPath: ",
        "ScriptBlockText":  "$global:?"
    },
    {
        "timestamp":  "2026-08-10T12:39:23.4863815Z",
        "hostname":  "DC01.meddefense.local",
        "platform":  "Windows",
        "source_type":  "PowerShell",
        "channel":  "Microsoft-Windows-PowerShell/Operational",
        "event_id":  4103,
        "event_category":  "Executing Pipeline",
        "provider":  "Microsoft-Windows-PowerShell",
        "raw_message":  "CommandInvocation(Out-Default): \"Out-Default\"\r\n\r\n\r\nContext:\r\n        Severity = Informational\r\n        Host Name = ConsoleHost\r\n        Host Version = 5.1.20348.558\r\n        Host ID = 80715b6a-90eb-4b4c-b692-936b47cb70c4\r\n        Host Application = C:\\Windows\\System32\\WindowsPowerShell\\v1.0\\powershell.exe -NoProfile -Command Import-Module ActiveDirectory -ErrorAction SilentlyContinue; Write-Host \u0027PSLOG_9581f2acfd0f4887bc6389583234e2c1\u0027\r\n        Engine Version = 5.1.20348.558\r\n        Runspace ID = 19002065-46f3-4922-a1db-a69eac8d489d\r\n        Pipeline ID = 1\r\n        Command Name = \r\n        Command Type = Script\r\n        Script Name = \r\n        Command Path = \r\n        Sequence Number = 22\r\n        User = MEDDEFENSE\\analyst\r\n        Connected User = \r\n        Shell ID = Microsoft.PowerShell\r\n\r\n\r\nUser Data:\r\n\r\n"
    },
    {
        "timestamp":  "2026-08-10T12:39:23.4862080Z",
        "hostname":  "DC01.meddefense.local",
        "platform":  "Windows",
        "source_type":  "PowerShell",
        "channel":  "Microsoft-Windows-PowerShell/Operational",
        "event_id":  4103,
        "event_category":  "Executing Pipeline",
        "provider":  "Microsoft-Windows-PowerShell",
        "raw_message":  "CommandInvocation(Write-Host): \"Write-Host\"\r\nParameterBinding(Write-Host): name=\"Object\"; value=\"PSLOG_9581f2acfd0f4887bc6389583234e2c1\"\r\n\r\n\r\nContext:\r\n        Severity = Informational\r\n        Host Name = ConsoleHost\r\n        Host Version = 5.1.20348.558\r\n        Host ID = 80715b6a-90eb-4b4c-b692-936b47cb70c4\r\n        Host Application = C:\\Windows\\System32\\WindowsPowerShell\\v1.0\\powershell.exe -NoProfile -Command Import-Module ActiveDirectory -ErrorAction SilentlyContinue; Write-Host \u0027PSLOG_9581f2acfd0f4887bc6389583234e2c1\u0027\r\n        Engine Version = 5.1.20348.558\r\n        Runspace ID = 19002065-46f3-4922-a1db-a69eac8d489d\r\n        Pipeline ID = 1\r\n        Command Name = Write-Host\r\n        Command Type = Cmdlet\r\n        Script Name = \r\n        Command Path = \r\n        Sequence Number = 20\r\n        User = MEDDEFENSE\\analyst\r\n        Connected User = \r\n        Shell ID = Microsoft.PowerShell\r\n\r\n\r\nUser Data:\r\n\r\n"
    },
    {
        "timestamp":  "2026-08-10T12:39:23.4036123Z",
        "hostname":  "DC01.meddefense.local",
        "platform":  "Windows",
        "source_type":  "PowerShell",
        "channel":  "Microsoft-Windows-PowerShell/Operational",
        "event_id":  4103,
        "event_category":  "Executing Pipeline",
        "provider":  "Microsoft-Windows-PowerShell",
        "raw_message":  "CommandInvocation(Import-Module): \"Import-Module\"\r\nParameterBinding(Import-Module): name=\"ErrorAction\"; value=\"SilentlyContinue\"\r\nParameterBinding(Import-Module): name=\"Name\"; value=\"ActiveDirectory\"\r\n\r\n\r\nContext:\r\n        Severity = Informational\r\n        Host Name = ConsoleHost\r\n        Host Version = 5.1.20348.558\r\n        Host ID = 80715b6a-90eb-4b4c-b692-936b47cb70c4\r\n        Host Application = C:\\Windows\\System32\\WindowsPowerShell\\v1.0\\powershell.exe -NoProfile -Command Import-Module ActiveDirectory -ErrorAction SilentlyContinue; Write-Host \u0027PSLOG_9581f2acfd0f4887bc6389583234e2c1\u0027\r\n        Engine Version = 5.1.20348.558\r\n        Runspace ID = 19002065-46f3-4922-a1db-a69eac8d489d\r\n        Pipeline ID = 1\r\n        Command Name = Import-Module\r\n        Command Type = Cmdlet\r\n        Script Name = \r\n        Command Path = \r\n        Sequence Number = 18\r\n        User = MEDDEFENSE\\analyst\r\n        Connected User = \r\n        Shell ID = Microsoft.PowerShell\r\n\r\n\r\nUser Data:\r\n\r\n"
    },
    {
        "timestamp":  "2026-08-10T12:39:22.3313513Z",
        "hostname":  "DC01.meddefense.local",
        "platform":  "Windows",
        "source_type":  "PowerShell",
        "channel":  "Microsoft-Windows-PowerShell/Operational",
        "event_id":  4104,
        "event_category":  "Execute a Remote Command",
        "provider":  "Microsoft-Windows-PowerShell",
        "raw_message":  "Creating Scriptblock text (1 of 1):\r\nImport-Module ActiveDirectory -ErrorAction SilentlyContinue; Write-Host \u0027PSLOG_9581f2acfd0f4887bc6389583234e2c1\u0027\r\n\r\nScriptBlock ID: 51b99166-efa9-4177-a9fe-cf7744b330f5\r\nPath: ",
        "ScriptBlockText":  "Import-Module ActiveDirectory -ErrorAction SilentlyContinue; Write-Host \u0027PSLOG_9581f2acfd0f4887bc6389583234e2c1\u0027"
    },
    {
        "timestamp":  "2026-08-10T12:39:22.2606808Z",
        "hostname":  "DC01.meddefense.local",
        "platform":  "Windows",
        "source_type":  "PowerShell",
        "channel":  "Microsoft-Windows-PowerShell/Operational",
        "event_id":  40962,
        "event_category":  "PowerShell Console Startup",
        "provider":  "Microsoft-Windows-PowerShell",
        "raw_message":  "PowerShell console is ready for user input"
    },
    {
        "timestamp":  "2026-08-10T12:39:22.1922445Z",
        "hostname":  "DC01.meddefense.local",
        "platform":  "Windows",
        "source_type":  "PowerShell",
        "channel":  "Microsoft-Windows-PowerShell/Operational",
        "event_id":  53504,
        "event_category":  "PowerShell Named Pipe IPC",
        "provider":  "Microsoft-Windows-PowerShell",
        "raw_message":  "Windows PowerShell has started an IPC listening thread on process: 5804 in AppDomain: DefaultAppDomain."
    },
    {
        "timestamp":  "2026-08-10T12:39:22.0481838Z",
        "hostname":  "DC01.meddefense.local",
        "platform":  "Windows",
        "source_type":  "PowerShell",
        "channel":  "Microsoft-Windows-PowerShell/Operational",
        "event_id":  40961,
        "event_category":  "PowerShell Console Startup",
        "provider":  "Microsoft-Windows-PowerShell",
        "raw_message":  "PowerShell console is starting up"
    },
    {
        "timestamp":  "2026-08-10T12:39:21.7072836Z",
        "hostname":  "DC01.meddefense.local",
        "platform":  "Windows",
        "source_type":  "PowerShell",
        "channel":  "Microsoft-Windows-PowerShell/Operational",
        "event_id":  4104,
        "event_category":  "Execute a Remote Command",
        "provider":  "Microsoft-Windows-PowerShell",
        "raw_message":  "Creating Scriptblock text (1 of 1):\r\n$global:?\r\n\r\nScriptBlock ID: 7277be77-ab20-4087-95f8-158e31237b07\r\nPath: ",
        "ScriptBlockText":  "$global:?"
    },
    {
        "timestamp":  "2026-08-10T12:39:21.7020651Z",
        "hostname":  "DC01.meddefense.local",
        "platform":  "Windows",
        "source_type":  "PowerShell",
        "channel":  "Microsoft-Windows-PowerShell/Operational",
        "event_id":  4103,
        "event_category":  "Executing Pipeline",
        "provider":  "Microsoft-Windows-PowerShell",
        "raw_message":  "CommandInvocation(Out-Default): \"Out-Default\"\r\n\r\n\r\nContext:\r\n        Severity = Informational\r\n        Host Name = ConsoleHost\r\n        Host Version = 5.1.20348.558\r\n        Host ID = ae4d3530-033b-4aa8-9079-a8c1869a20f3\r\n        Host Application = C:\\Windows\\System32\\WindowsPowerShell\\v1.0\\powershell.exe -NoProfile -EncodedCommand VwByAGkAdABlAC0ASABvAHMAdAAgACIAVABlAHMAdAAiAA==\r\n        Engine Version = 5.1.20348.558\r\n        Runspace ID = fe572eac-a8b0-494f-9699-cf0d4606e3d3\r\n        Pipeline ID = 1\r\n        Command Name = \r\n        Command Type = Script\r\n        Script Name = \r\n        Command Path = \r\n        Sequence Number = 18\r\n        User = MEDDEFENSE\\analyst\r\n        Connected User = \r\n        Shell ID = Microsoft.PowerShell\r\n\r\n\r\nUser Data:\r\n\r\n"
    },
    {
        "timestamp":  "2026-08-10T12:39:21.7018574Z",
        "hostname":  "DC01.meddefense.local",
        "platform":  "Windows",
        "source_type":  "PowerShell",
        "channel":  "Microsoft-Windows-PowerShell/Operational",
        "event_id":  4103,
        "event_category":  "Executing Pipeline",
        "provider":  "Microsoft-Windows-PowerShell",
        "raw_message":  "CommandInvocation(Write-Host): \"Write-Host\"\r\nParameterBinding(Write-Host): name=\"Object\"; value=\"Test\"\r\n\r\n\r\nContext:\r\n        Severity = Informational\r\n        Host Name = ConsoleHost\r\n        Host Version = 5.1.20348.558\r\n        Host ID = ae4d3530-033b-4aa8-9079-a8c1869a20f3\r\n        Host Application = C:\\Windows\\System32\\WindowsPowerShell\\v1.0\\powershell.exe -NoProfile -EncodedCommand VwByAGkAdABlAC0ASABvAHMAdAAgACIAVABlAHMAdAAiAA==\r\n        Engine Version = 5.1.20348.558\r\n        Runspace ID = fe572eac-a8b0-494f-9699-cf0d4606e3d3\r\n        Pipeline ID = 1\r\n        Command Name = Write-Host\r\n        Command Type = Cmdlet\r\n        Script Name = \r\n        Command Path = \r\n        Sequence Number = 16\r\n        User = MEDDEFENSE\\analyst\r\n        Connected User = \r\n        Shell ID = Microsoft.PowerShell\r\n\r\n\r\nUser Data:\r\n\r\n"
    },
    {
        "timestamp":  "2026-08-10T12:39:21.5970092Z",
        "hostname":  "DC01.meddefense.local",
        "platform":  "Windows",
        "source_type":  "PowerShell",
        "channel":  "Microsoft-Windows-PowerShell/Operational",
        "event_id":  4104,
        "event_category":  "Execute a Remote Command",
        "provider":  "Microsoft-Windows-PowerShell",
        "raw_message":  "Creating Scriptblock text (1 of 1):\r\nWrite-Host \"Test\"\r\n\r\nScriptBlock ID: 48bdfd01-d7b1-4504-9b8e-e0035d847bfe\r\nPath: ",
        "ScriptBlockText":  "Write-Host \"Test\""
    },
    {
        "timestamp":  "2026-08-10T12:39:21.5649615Z",
        "hostname":  "DC01.meddefense.local",
        "platform":  "Windows",
        "source_type":  "PowerShell",
        "channel":  "Microsoft-Windows-PowerShell/Operational",
        "event_id":  40962,
        "event_category":  "PowerShell Console Startup",
        "provider":  "Microsoft-Windows-PowerShell",
        "raw_message":  "PowerShell console is ready for user input"
    },
    {
        "timestamp":  "2026-08-10T12:39:21.4998150Z",
        "hostname":  "DC01.meddefense.local",
        "platform":  "Windows",
        "source_type":  "PowerShell",
        "channel":  "Microsoft-Windows-PowerShell/Operational",
        "event_id":  53504,
        "event_category":  "PowerShell Named Pipe IPC",
        "provider":  "Microsoft-Windows-PowerShell",
        "raw_message":  "Windows PowerShell has started an IPC listening thread on process: 3388 in AppDomain: DefaultAppDomain."
    },
    {
        "timestamp":  "2026-08-10T12:39:21.3667212Z",
        "hostname":  "DC01.meddefense.local",
        "platform":  "Windows",
        "source_type":  "PowerShell",
        "channel":  "Microsoft-Windows-PowerShell/Operational",
        "event_id":  40961,
        "event_category":  "PowerShell Console Startup",
        "provider":  "Microsoft-Windows-PowerShell",
        "raw_message":  "PowerShell console is starting up"
    },
    {
        "timestamp":  "2026-08-10T12:39:20.9638214Z",
        "hostname":  "DC01.meddefense.local",
        "platform":  "Windows",
        "source_type":  "PowerShell",
        "channel":  "Microsoft-Windows-PowerShell/Operational",
        "event_id":  4104,
        "event_category":  "Execute a Remote Command",
        "provider":  "Microsoft-Windows-PowerShell",
        "raw_message":  "Creating Scriptblock text (1 of 1):\r\n$global:?\r\n\r\nScriptBlock ID: e42557ff-636e-4e13-ab8e-4aa203d3f4bd\r\nPath: ",
        "ScriptBlockText":  "$global:?"
    },
    {
        "timestamp":  "2026-08-10T12:39:20.9589667Z",
        "hostname":  "DC01.meddefense.local",
        "platform":  "Windows",
        "source_type":  "PowerShell",
        "channel":  "Microsoft-Windows-PowerShell/Operational",
        "event_id":  4103,
        "event_category":  "Executing Pipeline",
        "provider":  "Microsoft-Windows-PowerShell",
        "raw_message":  "CommandInvocation(Out-Default): \"Out-Default\"\r\n\r\n\r\nContext:\r\n        Severity = Informational\r\n        Host Name = ConsoleHost\r\n        Host Version = 5.1.20348.558\r\n        Host ID = 41fdaa02-16da-44dd-80af-0c2c66d8bc9d\r\n        Host Application = C:\\Windows\\System32\\WindowsPowerShell\\v1.0\\powershell.exe -NoProfile -Command Get-Process | Out-Null; Write-Host \u0027PSLOG_9581f2acfd0f4887bc6389583234e2c1\u0027\r\n        Engine Version = 5.1.20348.558\r\n        Runspace ID = 5ea7560e-5789-47c5-90e3-49d4ef165f47\r\n        Pipeline ID = 1\r\n        Command Name = \r\n        Command Type = Script\r\n        Script Name = \r\n        Command Path = \r\n        Sequence Number = 20\r\n        User = MEDDEFENSE\\analyst\r\n        Connected User = \r\n        Shell ID = Microsoft.PowerShell\r\n\r\n\r\nUser Data:\r\n\r\n"
    },
    {
        "timestamp":  "2026-08-10T12:39:20.9587966Z",
        "hostname":  "DC01.meddefense.local",
        "platform":  "Windows",
        "source_type":  "PowerShell",
        "channel":  "Microsoft-Windows-PowerShell/Operational",
        "event_id":  4103,
        "event_category":  "Executing Pipeline",
        "provider":  "Microsoft-Windows-PowerShell",
        "raw_message":  "CommandInvocation(Write-Host): \"Write-Host\"\r\nParameterBinding(Write-Host): name=\"Object\"; value=\"PSLOG_9581f2acfd0f4887bc6389583234e2c1\"\r\n\r\n\r\nContext:\r\n        Severity = Informational\r\n        Host Name = ConsoleHost\r\n        Host Version = 5.1.20348.558\r\n        Host ID = 41fdaa02-16da-44dd-80af-0c2c66d8bc9d\r\n        Host Application = C:\\Windows\\System32\\WindowsPowerShell\\v1.0\\powershell.exe -NoProfile -Command Get-Process | Out-Null; Write-Host \u0027PSLOG_9581f2acfd0f4887bc6389583234e2c1\u0027\r\n        Engine Version = 5.1.20348.558\r\n        Runspace ID = 5ea7560e-5789-47c5-90e3-49d4ef165f47\r\n        Pipeline ID = 1\r\n        Command Name = Write-Host\r\n        Command Type = Cmdlet\r\n        Script Name = \r\n        Command Path = \r\n        Sequence Number = 18\r\n        User = MEDDEFENSE\\analyst\r\n        Connected User = \r\n        Shell ID = Microsoft.PowerShell\r\n\r\n\r\nUser Data:\r\n\r\n"
    },
    {
        "timestamp":  "2026-08-10T12:39:20.8832841Z",
        "hostname":  "DC01.meddefense.local",
        "platform":  "Windows",
        "source_type":  "PowerShell",
        "channel":  "Microsoft-Windows-PowerShell/Operational",
        "event_id":  4103,
        "event_category":  "Executing Pipeline",
        "provider":  "Microsoft-Windows-PowerShell",
        "raw_message":  "CommandInvocation(Get-Process): \"Get-Process\"\r\nCommandInvocation(Out-Null): \"Out-Null\"\r\nParameterBinding(Out-Null): name=\"InputObject\"; value=\"System.Diagnostics.Process (AggregatorHost)\"\r\nParameterBinding(Out-Null): name=\"InputObject\"; value=\"System.Diagnostics.Process (conhost)\"\r\nParameterBinding(Out-Null): name=\"InputObject\"; value=\"System.Diagnostics.Process (csrss)\"\r\nParameterBinding(Out-Null): name=\"InputObject\"; value=\"System.Diagnostics.Process (csrss)\"\r\nParameterBinding(Out-Null): name=\"InputObject\"; value=\"System.Diagnostics.Process (ctfmon)\"\r\nParameterBinding(Out-Null): name=\"InputObject\"; value=\"System.Diagnostics.Process (dfsrs)\"\r\nParameterBinding(Out-Null): name=\"InputObject\"; value=\"System.Diagnostics.Process (dfssvc)\"\r\nParameterBinding(Out-Null): name=\"InputObject\"; value=\"System.Diagnostics.Process (dllhost)\"\r\nParameterBinding(Out-Null): name=\"InputObject\"; value=\"System.Diagnostics.Process (dllhost)\"\r\nParameterBinding(Out-Null): name=\"InputObject\"; value=\"System.Diagnostics.Process (dns)\"\r\nParameterBinding(Out-Null): name=\"InputObject\"; value=\"System.Diagnostics.Process (dwm)\"\r\nParameterBinding(Out-Null): name=\"InputObject\"; value=\"System.Diagnostics.Process (explorer)\"\r\nParameterBinding(Out-Null): name=\"InputObject\"; value=\"System.Diagnostics.Process (fontdrvhost)\"\r\nParameterBinding(Out-Null): name=\"InputObject\"; value=\"System.Diagnostics.Process (fontdrvhost)\"\r\nParameterBinding(Out-Null): name=\"InputObject\"; value=\"System.Diagnostics.Process (Idle)\"\r\nParameterBinding(Out-Null): name=\"InputObject\"; value=\"System.Diagnostics.Process (ismserv)\"\r\nParameterBinding(Out-Null): name=\"InputObject\"; value=\"System.Diagnostics.Process (lsass)\"\r\nParameterBinding(Out-Null): name=\"InputObject\"; value=\"System.Diagnostics.Process (Microsoft.ActiveDirectory.WebServices)\"\r\nParameterBinding(Out-Null): name=\"InputObject\"; value=\"System.Diagnostics.Process (MicrosoftEdgeUpdate)\"\r\nParameterBinding(Out-Null): name=\"InputObject\"; value=\"System.Diagnostics.Process (MpDefenderCoreService)\"\r\nParameterBinding(Out-Null): name=\"InputObject\"; value=\"System.Diagnostics.Process (msdtc)\"\r\nParameterBinding(Out-Null): name=\"InputObject\"; value=\"System.Diagnostics.Process (MsMpEng)\"\r\nParameterBinding(Out-Null): name=\"InputObject\"; value=\"System.Diagnostics.Process (NisSrv)\"\r\nParameterBinding(Out-Null): name=\"InputObject\"; value=\"System.Diagnostics.Process (notepad)\"\r\nParameterBinding(Out-Null): name=\"InputObject\"; value=\"System.Diagnostics.Process (notepad)\"\r\nParameterBinding(Out-Null): name=\"InputObject\"; value=\"System.Diagnostics.Process (powershell)\"\r\nParameterBinding(Out-Null): name=\"InputObject\"; value=\"System.Diagnostics.Process (powershell)\"\r\nParameterBinding(Out-Null): name=\"InputObject\"; value=\"System.Diagnostics.Process (Registry)\"\r\nParameterBinding(Out-Null): name=\"InputObject\"; value=\"System.Diagnostics.Process (RuntimeBroker)\"\r\nParameterBinding(Out-Null): name=\"InputObject\"; value=\"System.Diagnostics.Process (RuntimeBroker)\"\r\nParameterBinding(Out-Null): name=\"InputObject\"; value=\"System.Diagnostics.Process (RuntimeBroker)\"\r\nParameterBinding(Out-Null): name=\"InputObject\"; value=\"System.Diagnostics.Process (RuntimeBroker)\"\r\nParameterBinding(Out-Null): name=\"InputObject\"; value=\"System.Diagnostics.Process (SearchApp)\"\r\nParameterBinding(Out-Null): name=\"InputObject\"; value=\"System.Diagnostics.Process (services)\"\r\nParameterBinding(Out-Null): name=\"InputObject\"; value=\"System.Diagnostics.Process (ShellExperienceHost)\"\r\nParameterBinding(Out-Null): name=\"InputObject\"; value=\"System.Diagnostics.Process (sihost)\"\r\nParameterBinding(Out-Null): name=\"InputObject\"; value=\"System.Diagnostics.Process (smss)\"\r\nParameterBinding(Out-Null): name=\"InputObject\"; value=\"System.Diagnostics.Process (spoolsv)\"\r\nParameterBinding(Out-Null): name=\"InputObject\"; value=\"System.Diagnostics.Process (StartMenuExperienceHost)\"\r\nParameterBinding(Out-Null): name=\"InputObject\"; value=\"System.Diagnostics.Process (svchost)\"\r\nParameterBinding(Out-Null): name=\"InputObject\"; value=\"System.Diagnostics.Process (svchost)\"\r\nParameterBinding(Out-Null): name=\"InputObject\"; value=\"System.Diagnostics.Process (svchost)\"\r\nParameterBinding(Out-Null): name=\"InputObject\"; value=\"System.Diagnostics.Process (svchost)\"\r\nParameterBinding(Out-Null): name=\"InputObject\"; value=\"System.Diagnostics.Process (svchost)\"\r\nParameterBinding(Out-Null): name=\"InputObject\"; value=\"System.Diagnostics.Process (svchost)\"\r\nParameterBinding(Out-Null): name=\"InputObject\"; value=\"System.Diagnostics.Process (svchost)\"\r\nParameterBinding(Out-Null): name=\"InputObject\"; value=\"System.Diagnostics.Process (svchost)\"\r\nParameterBinding(Out-Null): name=\"InputObject\"; value=\"System.Diagnostics.Process (svchost)\"\r\nParameterBinding(Out-Null): name=\"InputObject\"; value=\"System.Diagnostics.Process (svchost)\"\r\nParameterBinding(Out-Null): name=\"InputObject\"; value=\"System.Diagnostics.Process (svchost)\"\r\nParameterBinding(Out-Null): name=\"InputObject\"; value=\"System.Diagnostics.Process (svchost)\"\r\nParameterBinding(Out-Null): name=\"InputObject\"; value=\"System.Diagnostics.Process (svchost)\"\r\nParameterBinding(Out-Null): name=\"InputObject\"; value=\"System.Diagnostics.Process (svchost)\"\r\nParameterBinding(Out-Null): name=\"InputObject\"; value=\"System.Diagnostics.Process (svchost)\"\r\nParameterBinding(Out-Null): name=\"InputObject\"; value=\"System.Diagnostics.Process (svchost)\"\r\nParameterBinding(Out-Null): name=\"InputObject\"; value=\"System.Diagnostics.Process (svchost)\"\r\nParameterBinding(Out-Null): name=\"InputObject\"; value=\"System.Diagnostics.Process (svchost)\"\r\nParameterBinding(Out-Null): name=\"InputObject\"; value=\"System.Diagnostics.Process (svchost)\"\r\nParameterBinding(Out-Null): name=\"InputObject\"; value=\"System.Diagnostics.Process (svchost)\"\r\nParameterBinding(Out-Null): name=\"InputObject\"; value=\"System.Diagnostics.Process (svchost)\"\r\nParameterBinding(Out-Null): name=\"InputObject\"; value=\"System.Diagnostics.Process (svchost)\"\r\nParameterBinding(Out-Null): name=\"InputObject\"; value=\"System.Diagnostics.Process (svchost)\"\r\nParameterBinding(Out-Null): name=\"InputObject\"; value=\"System.Diagnostics.Process (svchost)\"\r\nParameterBinding(Out-Null): name=\"InputObject\"; value=\"System.Diagnostics.Process (svchost)\"\r\nParameterBinding(Out-Null): name=\"InputObject\"; value=\"System.Diagnostics.Process (svchost)\"\r\nParameterBinding(Out-Null): name=\"InputObject\"; value=\"System.Diagnostics.Process (svchost)\"\r\nParameterBinding(Out-Null): name=\"InputObject\"; value=\"System.Diagnostics.Process (svchost)\"\r\nParameterBinding(Out-Null): name=\"InputObject\"; value=\"System.Diagnostics.Process (svchost)\"\r\nParameterBinding(Out-Null): name=\"InputObject\"; value=\"System.Diagnostics.Process (svchost)\"\r\nParameterBinding(Out-Null): name=\"InputObject\"; value=\"System.Diagnostics.Process (svchost)\"\r\nParameterBinding(Out-Null): name=\"InputObject\"; value=\"System.Diagnostics.Process (svchost)\"\r\nParameterBinding(Out-Null): name=\"InputObject\"; value=\"System.Diagnostics.Process (svchost)\"\r\nParameterBinding(Out-Null): name=\"InputObject\"; value=\"System.Diagnostics.Process (svchost)\"\r\nParameterBinding(Out-Null): name=\"InputObject\"; value=\"System.Diagnostics.Process (svchost)\"\r\nParameterBinding(Out-Null): name=\"InputObject\"; value=\"System.Diagnostics.Process (svchost)\"\r\nParameterBinding(Out-Null): name=\"InputObject\"; value=\"System.Diagnostics.Process (svchost)\"\r\nParameterBinding(Out-Null): name=\"InputObject\"; value=\"System.Diagnostics.Process (svchost)\"\r\nParameterBinding(Out-Null): name=\"InputObject\"; value=\"System.Diagnostics.Process (svchost)\"\r\nParameterBinding(Out-Null): name=\"InputObject\"; value=\"System.Diagnostics.Process (svchost)\"\r\nParameterBinding(Out-Null): name=\"InputObject\"; value=\"System.Diagnostics.Process (svchost)\"\r\nParameterBinding(Out-Null): name=\"InputObject\"; value=\"System.Diagnostics.Process (svchost)\"\r\nParameterBinding(Out-Null): name=\"InputObject\"; value=\"System.Diagnostics.Process (svchost)\"\r\nParameterBinding(Out-Null): name=\"InputObject\"; value=\"System.Diagnostics.Process (svchost)\"\r\nParameterBinding(Out-Null): name=\"InputObject\"; value=\"System.Diagnostics.Process (svchost)\"\r\nParameterBinding(Out-Null): name=\"InputObject\"; value=\"System.Diagnostics.Process (svchost)\"\r\nParameterBinding(Out-Null): name=\"InputObject\"; value=\"System.Diagnostics.Process (svchost)\"\r\nParameterBinding(Out-Null): name=\"InputObject\"; value=\"System.Diagnostics.Process (svchost)\"\r\nParameterBinding(Out-Null): name=\"InputObject\"; value=\"System.Diagnostics.Process (svchost)\"\r\nParameterBinding(Out-Null): name=\"InputObject\"; value=\"System.Diagnostics.Process (svchost)\"\r\nParameterBinding(Out-Null): name=\"InputObject\"; value=\"System.Diagnostics.Process (svchost)\"\r\nParameterBinding(Out-Null): name=\"InputObject\"; value=\"System.Diagnostics.Process (svchost)\"\r\nParameterBinding(Out-Null): name=\"InputObject\"; value=\"System.Diagnostics.Process (svchost)\"\r\nParameterBinding(Out-Null): name=\"InputObject\"; value=\"System.Diagnostics.Process (svchost)\"\r\nParameterBinding(Out-Null): name=\"InputObject\"; value=\"System.Diagnostics.Process (svchost)\"\r\nParameterBinding(Out-Null): name=\"InputObject\"; value=\"System.Diagnostics.Process (svchost)\"\r\nParameterBinding(Out-Null): name=\"InputObject\"; value=\"System.Diagnostics.Process (svchost)\"\r\nParameterBinding(Out-Null): name=\"InputObject\"; value=\"System.Diagnostics.Process (svchost)\"\r\nParameterBinding(Out-Null): name=\"InputObject\"; value=\"System.Diagnostics.Process (svchost)\"\r\nParameterBinding(Out-Null): name=\"InputObject\"; value=\"System.Diagnostics.Process (svchost)\"\r\nParameterBinding(Out-Null): name=\"InputObject\"; value=\"System.Diagnostics.Process (svchost)\"\r\nParameterBinding(Out-Null): name=\"InputObject\"; value=\"System.Diagnostics.Process (svchost)\"\r\nParameterBinding(Out-Null): name=\"InputObject\"; value=\"System.Diagnostics.Process (svchost)\"\r\nParameterBinding(Out-Null): name=\"InputObject\"; value=\"System.Diagnostics.Process (svchost)\"\r\nParameterBinding(Out-Null): name=\"InputObject\"; value=\"System.Diagnostics.Process (svchost)\"\r\nParameterBinding(Out-Null): name=\"InputObject\"; value=\"System.Diagnostics.Process (Sysmon64)\"\r\nParameterBinding(Out-Null): name=\"InputObject\"; value=\"System.Diagnostics.Process (System)\"\r\nParameterBinding(Out-Null): name=\"InputObject\"; value=\"System.Diagnostics.Process (taskhostw)\"\r\nParameterBinding(Out-Null): name=\"InputObject\"; value=\"System.Diagnostics.Process (TextInputHost)\"\r\nParameterBinding(Out-Null): name=\"InputObject\"; value=\"System.Diagnostics.Process (unsecapp)\"\r\nParameterBinding(Out-Null): name=\"InputObject\"; value=\"System.Diagnostics.Process (VBoxService)\"\r\nParameterBinding(Out-Null): name=\"InputObject\"; value=\"System.Diagnostics.Process (VBoxTray)\"\r\nParameterBinding(Out-Null): name=\"InputObject\"; value=\"System.Diagnostics.Process (vds)\"\r\nParameterBinding(Out-Null): name=\"InputObject\"; value=\"System.Diagnostics.Process (wininit)\"\r\nParameterBinding(Out-Null): name=\"InputObject\"; value=\"System.Diagnostics.Process (winlogon)\"\r\nParameterBinding(Out-Null): name=\"InputObject\"; value=\"System.Diagnostics.Process (wlms)\"\r\nParameterBinding(Out-Null): name=\"InputObject\"; value=\"System.Diagnostics.Process (WmiPrvSE)\"\r\n\r\n\r\nContext:\r\n        Severity = Informational\r\n        Host Name = ConsoleHost\r\n        Host Version = 5.1.20348.558\r\n        Host ID = 41fdaa02-16da-44dd-80af-0c2c66d8bc9d\r\n        Host Application = C:\\Windows\\System32\\WindowsPowerShell\\v1.0\\powershell.exe -NoProfile -Command Get-Process | Out-Null; Write-Host \u0027PSLOG_9581f2acfd0f4887bc6389583234e2c1\u0027\r\n        Engine Version = 5.1.20348.558\r\n        Runspace ID = 5ea7560e-5789-47c5-90e3-49d4ef165f47\r\n        Pipeline ID = 1\r\n        Command Name = Get-Process\r\n        Command Type = Cmdlet\r\n        Script Name = \r\n        Command Path = \r\n        Sequence Number = 16\r\n        User = MEDDEFENSE\\analyst\r\n        Connected User = \r\n        Shell ID = Microsoft.PowerShell\r\n\r\n\r\nUser Data:\r\n\r\n"
    },
    {
        "timestamp":  "2026-08-10T12:39:20.7797041Z",
        "hostname":  "DC01.meddefense.local",
        "platform":  "Windows",
        "source_type":  "PowerShell",
        "channel":  "Microsoft-Windows-PowerShell/Operational",
        "event_id":  4104,
        "event_category":  "Execute a Remote Command",
        "provider":  "Microsoft-Windows-PowerShell",
        "raw_message":  "Creating Scriptblock text (1 of 1):\r\nGet-Process | Out-Null; Write-Host \u0027PSLOG_9581f2acfd0f4887bc6389583234e2c1\u0027\r\n\r\nScriptBlock ID: ebc5152c-a64e-4152-92a2-d424e0539c18\r\nPath: ",
        "ScriptBlockText":  "Get-Process | Out-Null; Write-Host \u0027PSLOG_9581f2acfd0f4887bc6389583234e2c1\u0027"
    },
    {
        "timestamp":  "2026-08-10T12:39:20.7294509Z",
        "hostname":  "DC01.meddefense.local",
        "platform":  "Windows",
        "source_type":  "PowerShell",
        "channel":  "Microsoft-Windows-PowerShell/Operational",
        "event_id":  40962,
        "event_category":  "PowerShell Console Startup",
        "provider":  "Microsoft-Windows-PowerShell",
        "raw_message":  "PowerShell console is ready for user input"
    },
    {
        "timestamp":  "2026-08-10T12:39:20.6682164Z",
        "hostname":  "DC01.meddefense.local",
        "platform":  "Windows",
        "source_type":  "PowerShell",
        "channel":  "Microsoft-Windows-PowerShell/Operational",
        "event_id":  53504,
        "event_category":  "PowerShell Named Pipe IPC",
        "provider":  "Microsoft-Windows-PowerShell",
        "raw_message":  "Windows PowerShell has started an IPC listening thread on process: 1408 in AppDomain: DefaultAppDomain."
    },
    {
        "timestamp":  "2026-08-10T12:39:20.5510895Z",
        "hostname":  "DC01.meddefense.local",
        "platform":  "Windows",
        "source_type":  "PowerShell",
        "channel":  "Microsoft-Windows-PowerShell/Operational",
        "event_id":  40961,
        "event_category":  "PowerShell Console Startup",
        "provider":  "Microsoft-Windows-PowerShell",
        "raw_message":  "PowerShell console is starting up"
    },
