    {
        "timestamp":  "2026-08-10T12:39:20.4109014Z",
        "hostname":  "DC01.meddefense.local",
        "platform":  "Windows",
        "source_type":  "PowerShell",
        "channel":  "Microsoft-Windows-PowerShell/Operational",
        "event_id":  4104,
        "event_category":  "Execute a Remote Command",
        "provider":  "Microsoft-Windows-PowerShell",
        "raw_message":  "Creating Scriptblock text (1 of 1):\r\n\u003c#\r\n.SYNOPSIS\r\n2-powershell_logging_validation.ps1\r\n\r\n.DESCRIPTION\r\nValidates PowerShell Script Block Logging, Module Logging, encoded command\r\nlogging, multi-line script block capture, and PowerShell transcription.\r\n\r\n.NOTES\r\nScript Name: 2-powershell_logging_validation.ps1\r\nPurpose: Validate PowerShell logging coverage\r\nAuthor: Tristeceratops\r\nDate: 10/08/2026\r\n#\u003e\r\n\r\nSet-StrictMode -Version Latest\r\n$ErrorActionPreference = \u0027SilentlyContinue\u0027\r\n\r\nWrite-Host \u0027[*] Testing PowerShell logging coverage...\u0027\r\n\r\n$StartTime = Get-Date\r\n$Marker = \"PSLOG_$([guid]::NewGuid().ToString(\u0027N\u0027))\"\r\n$TranscriptPath = \u0027C:\\PSTranscripts\u0027\r\n$Captured = 0\r\n$Missed = 0\r\n\r\nfunction Find-Event {\r\nparam (\r\n[int]$Id,\r\n[string]$Text\r\n)\r\n\r\n```\r\n$Events = Get-WinEvent -FilterHashtable @{\r\n    LogName   = \u0027Microsoft-Windows-PowerShell/Operational\u0027\r\n    Id        = $Id\r\n    StartTime = $StartTime\r\n} -ErrorAction SilentlyContinue\r\n\r\nforeach ($Event in $Events) {\r\n    if ($Event.Message -match [regex]::Escape($Text)) {\r\n        return $Event\r\n    }\r\n}\r\n\r\nreturn $null\r\n```\r\n\r\n}\r\n\r\nWrite-Host \u0027    [1/5] Simple command (Get-Process)...\u0027\r\n\r\npowershell.exe -NoProfile -Command \"Get-Process | Out-Null; Write-Host \u0027$Marker\u0027\" | Out-Null\r\n\r\n$Event4104 = Find-Event -Id 4104 -Text \u0027Get-Process\u0027\r\n\r\nif ($null -ne $Event4104) {\r\nWrite-Host \u0027          EID 4104: \"Get-Process\" captured                     [PASS]\u0027\r\n$Captured++\r\n}\r\nelse {\r\nWrite-Host \u0027          EID 4104: \"Get-Process\" not captured               [MISS]\u0027\r\n$Missed++\r\n}\r\n\r\nWrite-Host \u0027    [2/5] Encoded command...\u0027\r\n\r\n$EncodedText = \u0027Write-Host \"Test\"\u0027\r\n$EncodedCommand = [Convert]::ToBase64String(\r\n[Text.Encoding]::Unicode.GetBytes($EncodedText)\r\n)\r\n\r\nWrite-Host \"          Input: -enc $EncodedCommand\"\r\n\r\npowershell.exe -NoProfile -EncodedCommand $EncodedCommand | Out-Null\r\n\r\n$Event4104 = Find-Event -Id 4104 -Text \u0027Write-Host\u0027\r\n\r\nif ($null -ne $Event4104) {\r\nWrite-Host \u0027          EID 4104: decoded command captured                 [PASS]\u0027\r\n$Captured++\r\n}\r\nelse {\r\nWrite-Host \u0027          EID 4104: decoded command not captured           [MISS]\u0027\r\n$Missed++\r\n}\r\n\r\nWrite-Host \u0027    [3/5] Module import...\u0027\r\n\r\npowershell.exe -NoProfile -Command \"Import-Module ActiveDirectory -ErrorAction SilentlyContinue; Write-Host \u0027$Marker\u0027\" | Out-Null\r\n\r\n$Event4103 = Find-Event -Id 4103 -Text \u0027ActiveDirectory\u0027\r\n\r\nif ($null -ne $Event4103) {\r\nWrite-Host \u0027          EID 4103: \"Import-Module ActiveDirectory\" captured [PASS]\u0027\r\n$Captured++\r\n}\r\nelse {\r\nWrite-Host \u0027          EID 4103: module import not captured             [MISS]\u0027\r\n$Missed++\r\n}\r\n\r\nWrite-Host \u0027    [4/5] Multi-line script block...\u0027\r\n\r\n$MultiLine = @\u0027\r\n$A = \"PSLOG\"\r\n$B = \"Validation\"\r\n$C = \"Test\"\r\nWrite-Host \"$A $B $C\"\r\n\u0027@\r\n\r\npowershell.exe -NoProfile -Command $MultiLine | Out-Null\r\n\r\n$Event4104 = Get-WinEvent -FilterHashtable @{\r\nLogName   = \u0027Microsoft-Windows-PowerShell/Operational\u0027\r\nId        = 4104\r\nStartTime = $StartTime\r\n} -ErrorAction SilentlyContinue |\r\nWhere-Object {\r\n$*.Message -match \u0027$A\\s*=\\s*\"PSLOG\"\u0027 -and\r\n$*.Message -match \u0027$B\\s*=\\s*\"Validation\"\u0027 -and\r\n$_.Message -match \u0027$C\\s*=\\s*\"Test\"\u0027\r\n} |\r\nSelect-Object -First 1\r\n\r\nif ($null -ne $Event4104) {\r\nWrite-Host \u0027          EID 4104: Full block captured (4 lines)           [PASS]\u0027\r\n$Captured++\r\n}\r\nelse {\r\nWrite-Host \u0027          EID 4104: Full block not captured                [MISS]\u0027\r\n$Missed++\r\n}\r\n\r\nWrite-Host \u0027    [5/5] Transcription file...\u0027\r\n\r\n$Before = @(\r\nGet-ChildItem -Path $TranscriptPath -Filter \u0027*.txt\u0027 -ErrorAction SilentlyContinue\r\n)\r\n\r\npowershell.exe -NoProfile -Command @\"\r\nStart-Transcript -Path \u0027$TranscriptPath\\SysmonValidation_$Marker.txt\u0027 -Force\r\nWrite-Host \u0027$Marker\u0027\r\nGet-Date\r\nStop-Transcript\r\n\"@ | Out-Null\r\n\r\n$Transcript = Get-ChildItem -Path $TranscriptPath -Filter \"*$Marker*.txt\" -ErrorAction SilentlyContinue |\r\nSelect-Object -First 1\r\n\r\nif ($null -ne $Transcript -and (Get-Content -LiteralPath $Transcript.FullName -Raw) -match $Marker) {\r\nWrite-Host \"          $($Transcript.FullName) exists, session recorded [PASS]\"\r\n$Captured++\r\n}\r\nelse {\r\nWrite-Host \u0027          C:\\PSTranscripts*.txt not created              [MISS]\u0027\r\n$Missed++\r\n}\r\n\r\nWrite-Host \"Tests: 5 | Captured: $Captured | Missed: $Missed\"\r\n\r\n\r\nScriptBlock ID: 8f73f15f-41e8-477b-ada2-482f0aea6c11\r\nPath: C:\\Users\\analyst\\Documents\\2x02\\2.ps1",
        "ScriptBlockText":  "\u003c#\n.SYNOPSIS\n2-powershell_logging_validation.ps1\n\n.DESCRIPTION\nValidates PowerShell Script Block Logging, Module Logging, encoded command\nlogging, multi-line script block capture, and PowerShell transcription.\n\n.NOTES\nScript Name: 2-powershell_logging_validation.ps1\nPurpose: Validate PowerShell logging coverage\nAuthor: Tristeceratops\nDate: 10/08/2026\n#\u003e\n\nSet-StrictMode -Version Latest\n$ErrorActionPreference = \u0027SilentlyContinue\u0027\n\nWrite-Host \u0027[*] Testing PowerShell logging coverage...\u0027\n\n$StartTime = Get-Date\n$Marker = \"PSLOG_$([guid]::NewGuid().ToString(\u0027N\u0027))\"\n$TranscriptPath = \u0027C:\\PSTranscripts\u0027\n$Captured = 0\n$Missed = 0\n\nfunction Find-Event {\nparam (\n[int]$Id,\n[string]$Text\n)\n\n```\n$Events = Get-WinEvent -FilterHashtable @{\n    LogName   = \u0027Microsoft-Windows-PowerShell/Operational\u0027\n    Id        = $Id\n    StartTime = $StartTime\n} -ErrorAction SilentlyContinue\n\nforeach ($Event in $Events) {\n    if ($Event.Message -match [regex]::Escape($Text)) {\n        return $Event\n    }\n}\n\nreturn $null\n```\n\n}\n\nWrite-Host \u0027    [1/5] Simple command (Get-Process)...\u0027\n\npowershell.exe -NoProfile -Command \"Get-Process | Out-Null; Write-Host \u0027$Marker\u0027\" | Out-Null\n\n$Event4104 = Find-Event -Id 4104 -Text \u0027Get-Process\u0027\n\nif ($null -ne $Event4104) {\nWrite-Host \u0027          EID 4104: \"Get-Process\" captured                     [PASS]\u0027\n$Captured++\n}\nelse {\nWrite-Host \u0027          EID 4104: \"Get-Process\" not captured               [MISS]\u0027\n$Missed++\n}\n\nWrite-Host \u0027    [2/5] Encoded command...\u0027\n\n$EncodedText = \u0027Write-Host \"Test\"\u0027\n$EncodedCommand = [Convert]::ToBase64String(\n[Text.Encoding]::Unicode.GetBytes($EncodedText)\n)\n\nWrite-Host \"          Input: -enc $EncodedCommand\"\n\npowershell.exe -NoProfile -EncodedCommand $EncodedCommand | Out-Null\n\n$Event4104 = Find-Event -Id 4104 -Text \u0027Write-Host\u0027\n\nif ($null -ne $Event4104) {\nWrite-Host \u0027          EID 4104: decoded command captured                 [PASS]\u0027\n$Captured++\n}\nelse {\nWrite-Host \u0027          EID 4104: decoded command not captured           [MISS]\u0027\n$Missed++\n}\n\nWrite-Host \u0027    [3/5] Module import...\u0027\n\npowershell.exe -NoProfile -Command \"Import-Module ActiveDirectory -ErrorAction SilentlyContinue; Write-Host \u0027$Marker\u0027\" | Out-Null\n\n$Event4103 = Find-Event -Id 4103 -Text \u0027ActiveDirectory\u0027\n\nif ($null -ne $Event4103) {\nWrite-Host \u0027          EID 4103: \"Import-Module ActiveDirectory\" captured [PASS]\u0027\n$Captured++\n}\nelse {\nWrite-Host \u0027          EID 4103: module import not captured             [MISS]\u0027\n$Missed++\n}\n\nWrite-Host \u0027    [4/5] Multi-line script block...\u0027\n\n$MultiLine = @\u0027\n$A = \"PSLOG\"\n$B = \"Validation\"\n$C = \"Test\"\nWrite-Host \"$A $B $C\"\n\u0027@\n\npowershell.exe -NoProfile -Command $MultiLine | Out-Null\n\n$Event4104 = Get-WinEvent -FilterHashtable @{\nLogName   = \u0027Microsoft-Windows-PowerShell/Operational\u0027\nId        = 4104\nStartTime = $StartTime\n} -ErrorAction SilentlyContinue |\nWhere-Object {\n$*.Message -match \u0027$A\\s*=\\s*\"PSLOG\"\u0027 -and\n$*.Message -match \u0027$B\\s*=\\s*\"Validation\"\u0027 -and\n$_.Message -match \u0027$C\\s*=\\s*\"Test\"\u0027\n} |\nSelect-Object -First 1\n\nif ($null -ne $Event4104) {\nWrite-Host \u0027          EID 4104: Full block captured (4 lines)           [PASS]\u0027\n$Captured++\n}\nelse {\nWrite-Host \u0027          EID 4104: Full block not captured                [MISS]\u0027\n$Missed++\n}\n\nWrite-Host \u0027    [5/5] Transcription file...\u0027\n\n$Before = @(\nGet-ChildItem -Path $TranscriptPath -Filter \u0027*.txt\u0027 -ErrorAction SilentlyContinue\n)\n\npowershell.exe -NoProfile -Command @\"\nStart-Transcript -Path \u0027$TranscriptPath\\SysmonValidation_$Marker.txt\u0027 -Force\nWrite-Host \u0027$Marker\u0027\nGet-Date\nStop-Transcript\n\"@ | Out-Null\n\n$Transcript = Get-ChildItem -Path $TranscriptPath -Filter \"*$Marker*.txt\" -ErrorAction SilentlyContinue |\nSelect-Object -First 1\n\nif ($null -ne $Transcript -and (Get-Content -LiteralPath $Transcript.FullName -Raw) -match $Marker) {\nWrite-Host \"          $($Transcript.FullName) exists, session recorded [PASS]\"\n$Captured++\n}\nelse {\nWrite-Host \u0027          C:\\PSTranscripts*.txt not created              [MISS]\u0027\n$Missed++\n}\n\nWrite-Host \"Tests: 5 | Captured: $Captured | Missed: $Missed\"\n"
    },
    {
        "timestamp":  "2026-08-10T11:57:51.9053123Z",
        "hostname":  "DC01.meddefense.local",
        "platform":  "Windows",
        "source_type":  "PowerShell",
        "channel":  "Microsoft-Windows-PowerShell/Operational",
        "event_id":  4104,
        "event_category":  "Execute a Remote Command",
        "provider":  "Microsoft-Windows-PowerShell",
        "raw_message":  "Creating Scriptblock text (1 of 1):\r\n$global:?\r\n\r\nScriptBlock ID: 9d89dacb-eb0e-46ea-bea6-4995846ccc54\r\nPath: ",
        "ScriptBlockText":  "$global:?"
    },
    {
        "timestamp":  "2026-08-10T11:57:51.8980539Z",
        "hostname":  "DC01.meddefense.local",
        "platform":  "Windows",
        "source_type":  "PowerShell",
        "channel":  "Microsoft-Windows-PowerShell/Operational",
        "event_id":  4103,
        "event_category":  "Executing Pipeline",
        "provider":  "Microsoft-Windows-PowerShell",
        "raw_message":  "CommandInvocation(Out-Default): \"Out-Default\"\r\n\r\n\r\nContext:\r\n        Severity = Informational\r\n        Host Name = ConsoleHost\r\n        Host Version = 5.1.20348.558\r\n        Host ID = c1c30da2-bd86-41f7-b758-df070a0c22fc\r\n        Host Application = C:\\Windows\\System32\\WindowsPowerShell\\v1.0\\powershell.exe -NoProfile -NonInteractive -EncodedCommand VwByAGkAdABlAC0ASABvAHMAdAAgACIAVABlAHMAdAAiAA==\r\n        Engine Version = 5.1.20348.558\r\n        Runspace ID = 6cd79134-fc5b-4a83-bf84-c0326bd44c5d\r\n        Pipeline ID = 1\r\n        Command Name = \r\n        Command Type = Script\r\n        Script Name = \r\n        Command Path = \r\n        Sequence Number = 18\r\n        User = MEDDEFENSE\\analyst\r\n        Connected User = \r\n        Shell ID = Microsoft.PowerShell\r\n\r\n\r\nUser Data:\r\n\r\n"
    },
    {
        "timestamp":  "2026-08-10T11:57:51.8961254Z",
        "hostname":  "DC01.meddefense.local",
        "platform":  "Windows",
        "source_type":  "PowerShell",
        "channel":  "Microsoft-Windows-PowerShell/Operational",
        "event_id":  4103,
        "event_category":  "Executing Pipeline",
        "provider":  "Microsoft-Windows-PowerShell",
        "raw_message":  "CommandInvocation(Write-Host): \"Write-Host\"\r\nParameterBinding(Write-Host): name=\"Object\"; value=\"Test\"\r\n\r\n\r\nContext:\r\n        Severity = Informational\r\n        Host Name = ConsoleHost\r\n        Host Version = 5.1.20348.558\r\n        Host ID = c1c30da2-bd86-41f7-b758-df070a0c22fc\r\n        Host Application = C:\\Windows\\System32\\WindowsPowerShell\\v1.0\\powershell.exe -NoProfile -NonInteractive -EncodedCommand VwByAGkAdABlAC0ASABvAHMAdAAgACIAVABlAHMAdAAiAA==\r\n        Engine Version = 5.1.20348.558\r\n        Runspace ID = 6cd79134-fc5b-4a83-bf84-c0326bd44c5d\r\n        Pipeline ID = 1\r\n        Command Name = Write-Host\r\n        Command Type = Cmdlet\r\n        Script Name = \r\n        Command Path = \r\n        Sequence Number = 16\r\n        User = MEDDEFENSE\\analyst\r\n        Connected User = \r\n        Shell ID = Microsoft.PowerShell\r\n\r\n\r\nUser Data:\r\n\r\n"
    },
    {
        "timestamp":  "2026-08-10T11:57:51.3382455Z",
        "hostname":  "DC01.meddefense.local",
        "platform":  "Windows",
        "source_type":  "PowerShell",
        "channel":  "Microsoft-Windows-PowerShell/Operational",
        "event_id":  4104,
        "event_category":  "Execute a Remote Command",
        "provider":  "Microsoft-Windows-PowerShell",
        "raw_message":  "Creating Scriptblock text (1 of 1):\r\nWrite-Host \"Test\"\r\n\r\nScriptBlock ID: 69f32ac4-cf15-4146-afec-8881fee4d6fd\r\nPath: ",
        "ScriptBlockText":  "Write-Host \"Test\""
    },
    {
        "timestamp":  "2026-08-10T11:57:51.2342428Z",
        "hostname":  "DC01.meddefense.local",
        "platform":  "Windows",
        "source_type":  "PowerShell",
        "channel":  "Microsoft-Windows-PowerShell/Operational",
        "event_id":  40962,
        "event_category":  "PowerShell Console Startup",
        "provider":  "Microsoft-Windows-PowerShell",
        "raw_message":  "PowerShell console is ready for user input"
    },
    {
        "timestamp":  "2026-08-10T11:57:51.0640138Z",
        "hostname":  "DC01.meddefense.local",
        "platform":  "Windows",
        "source_type":  "PowerShell",
        "channel":  "Microsoft-Windows-PowerShell/Operational",
        "event_id":  53504,
        "event_category":  "PowerShell Named Pipe IPC",
        "provider":  "Microsoft-Windows-PowerShell",
        "raw_message":  "Windows PowerShell has started an IPC listening thread on process: 4156 in AppDomain: DefaultAppDomain."
    },
    {
        "timestamp":  "2026-08-10T11:57:50.7910489Z",
        "hostname":  "DC01.meddefense.local",
        "platform":  "Windows",
        "source_type":  "PowerShell",
        "channel":  "Microsoft-Windows-PowerShell/Operational",
        "event_id":  40961,
        "event_category":  "PowerShell Console Startup",
        "provider":  "Microsoft-Windows-PowerShell",
        "raw_message":  "PowerShell console is starting up"
    },
    {
        "timestamp":  "2026-08-10T11:57:24.7069861Z",
        "hostname":  "DC01.meddefense.local",
        "platform":  "Windows",
        "source_type":  "PowerShell",
        "channel":  "Microsoft-Windows-PowerShell/Operational",
        "event_id":  4104,
        "event_category":  "Execute a Remote Command",
        "provider":  "Microsoft-Windows-PowerShell",
        "raw_message":  "Creating Scriptblock text (1 of 1):\r\n\u003c#\r\n.SYNOPSIS\r\n6-powershell_security.ps1\r\n\r\n.DESCRIPTION\r\nCreates and links the MedDefense PowerShell Security GPO, enables Script\r\nBlock Logging, Module Logging, Transcription, verifies AMSI, and tests\r\nEvent ID 4104 using an encoded PowerShell command.\r\n\r\n.NOTES\r\nScript Name: 6-powershell_security.ps1\r\nPurpose: PowerShell security logging and AMSI configuration\r\nAuthor: Tristeceratops\r\nDate: 2026-08-08\r\n#\u003e\r\n\r\nSet-StrictMode -Version Latest\r\n$ErrorActionPreference = \"Stop\"\r\n\r\nImport-Module GroupPolicy -ErrorAction Stop\r\nImport-Module ActiveDirectory -ErrorAction Stop\r\n\r\n$GPOName = \"MedDefense - PowerShell Security\"\r\n$Target = (Get-ADDomain).DistinguishedName\r\n$ScriptKey = \"HKLM\\Software\\Policies\\Microsoft\\Windows\\PowerShell\\ScriptBlockLogging\"\r\n$ModuleKey = \"HKLM\\Software\\Policies\\Microsoft\\Windows\\PowerShell\\ModuleLogging\"\r\n$TransKey = \"HKLM\\Software\\Policies\\Microsoft\\Windows\\PowerShell\\Transcription\"\r\n$TranscriptPath = \"C:\\PSTranscripts\"\r\n$LogName = \"Microsoft-Windows-PowerShell/Operational\"\r\n\r\nWrite-Host \"[*] Creating GPO: `\"$GPOName`\"...\" -ForegroundColor Cyan\r\n$GPO = Get-GPO -Name $GPOName -ErrorAction SilentlyContinue\r\nif ($null -eq $GPO) {\r\n$GPO = New-GPO -Name $GPOName\r\nWrite-Host \"    CREATED\" -ForegroundColor Green\r\n} else {\r\nWrite-Host \"    EXISTS\" -ForegroundColor Yellow\r\n}\r\n\r\nWrite-Host \"[*] Configuring Script Block Logging...\" -ForegroundColor Cyan\r\nSet-GPRegistryValue -Name $GPOName -Key $ScriptKey -ValueName \"EnableScriptBlockLogging\" -Type DWord -Value 1\r\nWrite-Host \"    EnableScriptBlockLogging = 1           [SET]\"\r\nWrite-Host \"    -\u003e Event ID 4104 captures decoded scripts\"\r\n\r\nWrite-Host \"[*] Configuring Module Logging...\" -ForegroundColor Cyan\r\nSet-GPRegistryValue -Name $GPOName -Key $ModuleKey `    -ValueName \"EnableModuleLogging\" -Type DWord -Value 1\r\nSet-GPRegistryValue -Name $GPOName -Key \"$ModuleKey\\ModuleNames\" -ValueName \"*\" -Type String -Value \"*\"\r\nWrite-Host \"    EnableModuleLogging = 1, ModuleNames = *  [SET]\"\r\nWrite-Host \"    -\u003e Event ID 4103 captures module invocations\"\r\n\r\nWrite-Host \"[*] Configuring Transcription...\" -ForegroundColor Cyan\r\nif (-not (Test-Path $TranscriptPath)) {\r\nNew-Item $TranscriptPath -ItemType Directory -Force | Out-Null\r\n}\r\nSet-GPRegistryValue -Name $GPOName -Key $TransKey -ValueName \"EnableTranscripting\" -Type DWord -Value 1\r\nSet-GPRegistryValue -Name $GPOName -Key $TransKey -ValueName \"EnableInvocationHeader\" -Type DWord -Value 1\r\nSet-GPRegistryValue -Name $GPOName -Key $TransKey -ValueName \"OutputDirectory\" -Type String -Value $TranscriptPath\r\nWrite-Host \"    OutputDirectory = $TranscriptPath     [SET]\"\r\n\r\nWrite-Host \"[*] Verifying AMSI...\" -ForegroundColor Cyan\r\n$Amsi = (Get-Process -Id $PID).Modules | Where-Object ModuleName -eq \"amsi.dll\"\r\nif ($null -ne $Amsi) {\r\nWrite-Host \"    AMSI DLL loaded     [OK]\" -ForegroundColor Green\r\n} else {\r\nWrite-Warning \"AMSI DLL not loaded in current PowerShell process.\"\r\n}\r\n\r\n$Links = Get-GPInheritance -Target $Target\r\nif (-not ($Links.GpoLinks | Where-Object DisplayName -eq $GPOName)) {\r\nNew-GPLink -Name $GPOName -Target $Target -LinkEnabled Yes | Out-Null\r\n}\r\n\r\nWrite-Host \"[*] Linking GPO and forcing update...\" -ForegroundColor Cyan\r\ngpupdate /force | Out-Null\r\nWrite-Host \"    COMPLETE\" -ForegroundColor Green\r\n\r\nWrite-Host \"[*] Testing encoded command...\" -ForegroundColor Cyan\r\n$Command = \u0027Write-Host \"Test\"\u0027\r\n$Encoded = [Convert]::ToBase64String([Text.Encoding]::Unicode.GetBytes($Command))\r\n$Before = Get-Date\r\nWrite-Host \"    Input: powershell -enc $Encoded\"\r\n\r\n$PS = \"$env:SystemRoot\\System32\\WindowsPowerShell\\v1.0\\powershell.exe\"\r\nStart-Process $PS -ArgumentList \"-NoProfile -NonInteractive -EncodedCommand $Encoded\" -Wait -WindowStyle Hidden\r\n\r\n$Found = $false\r\nfor ($i = 1; $i -le 10 -and -not $Found; $i++) {\r\nStart-Sleep -Milliseconds 500\r\n$Events = Get-WinEvent -FilterHashtable @{\r\nLogName = $LogName\r\nId = 4104\r\nStartTime = $Before\r\n} -ErrorAction SilentlyContinue\r\nif ($Events | Where-Object Message -match \"Write-Host\") {\r\n$Found = $true\r\n}\r\n}\r\n\r\nif ($Found) {\r\nWrite-Host \"    Event ID 4104 found: `\"Write-Host \u0027Test\u0027`\"  [VERIFIED]\" -ForegroundColor Green\r\n} else {\r\nWrite-Warning \"Event ID 4104 was not found.\"\r\n}\r\n\r\nWrite-Host \"\"\r\nWrite-Host \"PowerShell Security $(if ($Found) {\u0027VERIFIED\u0027} else {\u0027CONFIGURED - VERIFICATION FAILED\u0027})\" `\r\n-ForegroundColor $(if ($Found) {\u0027Green\u0027} else {\u0027Yellow\u0027})\r\n\r\nScriptBlock ID: 78ea6db4-cf79-46a9-97b3-21773ec13fe6\r\nPath: C:\\Users\\analyst\\Documents\\6.ps1",
        "ScriptBlockText":  "\u003c#\n.SYNOPSIS\n6-powershell_security.ps1\n\n.DESCRIPTION\nCreates and links the MedDefense PowerShell Security GPO, enables Script\nBlock Logging, Module Logging, Transcription, verifies AMSI, and tests\nEvent ID 4104 using an encoded PowerShell command.\n\n.NOTES\nScript Name: 6-powershell_security.ps1\nPurpose: PowerShell security logging and AMSI configuration\nAuthor: Tristeceratops\nDate: 2026-08-08\n#\u003e\n\nSet-StrictMode -Version Latest\n$ErrorActionPreference = \"Stop\"\n\nImport-Module GroupPolicy -ErrorAction Stop\nImport-Module ActiveDirectory -ErrorAction Stop\n\n$GPOName = \"MedDefense - PowerShell Security\"\n$Target = (Get-ADDomain).DistinguishedName\n$ScriptKey = \"HKLM\\Software\\Policies\\Microsoft\\Windows\\PowerShell\\ScriptBlockLogging\"\n$ModuleKey = \"HKLM\\Software\\Policies\\Microsoft\\Windows\\PowerShell\\ModuleLogging\"\n$TransKey = \"HKLM\\Software\\Policies\\Microsoft\\Windows\\PowerShell\\Transcription\"\n$TranscriptPath = \"C:\\PSTranscripts\"\n$LogName = \"Microsoft-Windows-PowerShell/Operational\"\n\nWrite-Host \"[*] Creating GPO: `\"$GPOName`\"...\" -ForegroundColor Cyan\n$GPO = Get-GPO -Name $GPOName -ErrorAction SilentlyContinue\nif ($null -eq $GPO) {\n$GPO = New-GPO -Name $GPOName\nWrite-Host \"    CREATED\" -ForegroundColor Green\n} else {\nWrite-Host \"    EXISTS\" -ForegroundColor Yellow\n}\n\nWrite-Host \"[*] Configuring Script Block Logging...\" -ForegroundColor Cyan\nSet-GPRegistryValue -Name $GPOName -Key $ScriptKey -ValueName \"EnableScriptBlockLogging\" -Type DWord -Value 1\nWrite-Host \"    EnableScriptBlockLogging = 1           [SET]\"\nWrite-Host \"    -\u003e Event ID 4104 captures decoded scripts\"\n\nWrite-Host \"[*] Configuring Module Logging...\" -ForegroundColor Cyan\nSet-GPRegistryValue -Name $GPOName -Key $ModuleKey `    -ValueName \"EnableModuleLogging\" -Type DWord -Value 1\nSet-GPRegistryValue -Name $GPOName -Key \"$ModuleKey\\ModuleNames\" -ValueName \"*\" -Type String -Value \"*\"\nWrite-Host \"    EnableModuleLogging = 1, ModuleNames = *  [SET]\"\nWrite-Host \"    -\u003e Event ID 4103 captures module invocations\"\n\nWrite-Host \"[*] Configuring Transcription...\" -ForegroundColor Cyan\nif (-not (Test-Path $TranscriptPath)) {\nNew-Item $TranscriptPath -ItemType Directory -Force | Out-Null\n}\nSet-GPRegistryValue -Name $GPOName -Key $TransKey -ValueName \"EnableTranscripting\" -Type DWord -Value 1\nSet-GPRegistryValue -Name $GPOName -Key $TransKey -ValueName \"EnableInvocationHeader\" -Type DWord -Value 1\nSet-GPRegistryValue -Name $GPOName -Key $TransKey -ValueName \"OutputDirectory\" -Type String -Value $TranscriptPath\nWrite-Host \"    OutputDirectory = $TranscriptPath     [SET]\"\n\nWrite-Host \"[*] Verifying AMSI...\" -ForegroundColor Cyan\n$Amsi = (Get-Process -Id $PID).Modules | Where-Object ModuleName -eq \"amsi.dll\"\nif ($null -ne $Amsi) {\nWrite-Host \"    AMSI DLL loaded     [OK]\" -ForegroundColor Green\n} else {\nWrite-Warning \"AMSI DLL not loaded in current PowerShell process.\"\n}\n\n$Links = Get-GPInheritance -Target $Target\nif (-not ($Links.GpoLinks | Where-Object DisplayName -eq $GPOName)) {\nNew-GPLink -Name $GPOName -Target $Target -LinkEnabled Yes | Out-Null\n}\n\nWrite-Host \"[*] Linking GPO and forcing update...\" -ForegroundColor Cyan\ngpupdate /force | Out-Null\nWrite-Host \"    COMPLETE\" -ForegroundColor Green\n\nWrite-Host \"[*] Testing encoded command...\" -ForegroundColor Cyan\n$Command = \u0027Write-Host \"Test\"\u0027\n$Encoded = [Convert]::ToBase64String([Text.Encoding]::Unicode.GetBytes($Command))\n$Before = Get-Date\nWrite-Host \"    Input: powershell -enc $Encoded\"\n\n$PS = \"$env:SystemRoot\\System32\\WindowsPowerShell\\v1.0\\powershell.exe\"\nStart-Process $PS -ArgumentList \"-NoProfile -NonInteractive -EncodedCommand $Encoded\" -Wait -WindowStyle Hidden\n\n$Found = $false\nfor ($i = 1; $i -le 10 -and -not $Found; $i++) {\nStart-Sleep -Milliseconds 500\n$Events = Get-WinEvent -FilterHashtable @{\nLogName = $LogName\nId = 4104\nStartTime = $Before\n} -ErrorAction SilentlyContinue\nif ($Events | Where-Object Message -match \"Write-Host\") {\n$Found = $true\n}\n}\n\nif ($Found) {\nWrite-Host \"    Event ID 4104 found: `\"Write-Host \u0027Test\u0027`\"  [VERIFIED]\" -ForegroundColor Green\n} else {\nWrite-Warning \"Event ID 4104 was not found.\"\n}\n\nWrite-Host \"\"\nWrite-Host \"PowerShell Security $(if ($Found) {\u0027VERIFIED\u0027} else {\u0027CONFIGURED - VERIFICATION FAILED\u0027})\" `\n-ForegroundColor $(if ($Found) {\u0027Green\u0027} else {\u0027Yellow\u0027})"
    },
    {
        "timestamp":  "2026-08-10T10:23:57.7007373Z",
        "hostname":  "DC01.meddefense.local",
        "platform":  "Windows",
        "source_type":  "PowerShell",
        "channel":  "Microsoft-Windows-PowerShell/Operational",
        "event_id":  4104,
        "event_category":  "Execute a Remote Command",
        "provider":  "Microsoft-Windows-PowerShell",
        "raw_message":  "Creating Scriptblock text (1 of 1):\r\n\u003c#\r\n.SYNOPSIS\r\n1-sysmon_coverage_matrix.ps1\r\n\r\n.DESCRIPTION\r\nParses a Sysmon configuration and generates an ATT\u0026CK coverage matrix\r\nbased on the configured Sysmon Event IDs and filtering rules.\r\n\r\n.NOTES\r\nScript Name: 1-sysmon_coverage_matrix.ps1\r\nPurpose: Generate Sysmon ATT\u0026CK coverage matrix\r\nAuthor: Tristeceratops\r\nDate: 10/08/2026\r\n#\u003e\r\n\r\nSet-StrictMode -Version Latest\r\n$ErrorActionPreference = \u0027Stop\u0027\r\n\r\n$ConfigPath = Join-Path $PSScriptRoot \u0027sysmonconfig.xml\u0027\r\n$ReportPath = Join-Path $PSScriptRoot \u0027sysmon_coverage_matrix.json\u0027\r\n\r\nWrite-Host \u0027[*] Parsing Sysmon config: sysmonconfig.xml\u0027\r\n\r\nif (-not (Test-Path -LiteralPath $ConfigPath)) {\r\nWrite-Host \u0027[ERROR] sysmonconfig.xml not found.\u0027\r\nexit 1\r\n}\r\n\r\n[xml]$ConfigXml = Get-Content -LiteralPath $ConfigPath -Raw\r\n\r\n$FilterSection = $ConfigXml.SelectSingleNode(\r\n\u0027//*[local-name()=\"EventFiltering\"]\u0027\r\n)\r\n\r\nif ($null -eq $FilterSection) {\r\nWrite-Host \u0027[ERROR] EventFiltering section not found.\u0027\r\nexit 1\r\n}\r\n\r\n$EventTypes = @{\r\nProcessCreate = 1\r\nFileCreateTime = 2\r\nNetworkConnect = 3\r\nSysmonServiceStateChanged = 4\r\nProcessTerminate = 5\r\nDriverLoad = 6\r\nImageLoad = 7\r\nCreateRemoteThread = 8\r\nRawAccessRead = 9\r\nProcessAccess = 10\r\nFileCreate = 11\r\nRegistryEvent = 12\r\nRegistryEventSetValue = 13\r\nRegistryEventRenameKey = 14\r\nFileCreateStreamHash = 15\r\nServiceConfiguration = 16\r\nPipeEvent = 17\r\nWmiEventFilter = 19\r\nWmiEventConsumer = 20\r\nWmiEventConsumerToFilter = 21\r\nDnsQuery = 22\r\n}\r\n\r\n$EnabledIds = [System.Collections.Generic.List[int]]::new()\r\n$ExcludedEvents = [System.Collections.Generic.List[string]]::new()\r\n\r\nforeach ($EventNode in $FilterSection.ChildNodes) {\r\n\r\n\r\nif ($EventNode.NodeType -ne \u0027Element\u0027) {\r\n    continue\r\n}\r\n\r\n$EventName = $EventNode.LocalName\r\n\r\nif ($EventTypes.ContainsKey($EventName)) {\r\n\r\n    $EventId = $EventTypes[$EventName]\r\n\r\n    if (-not $EnabledIds.Contains($EventId)) {\r\n        $EnabledIds.Add($EventId)\r\n    }\r\n\r\n    $MatchMode = \u0027\u0027\r\n\r\n    if ($EventNode.Attributes[\u0027onmatch\u0027]) {\r\n        $MatchMode = $EventNode.Attributes[\u0027onmatch\u0027].Value\r\n    }\r\n\r\n    if ($MatchMode -eq \u0027exclude\u0027) {\r\n        $ExcludedEvents.Add($EventName)\r\n    }\r\n}\r\n\r\n\r\n}\r\n\r\n$AttackMappings = @(\r\n@{\r\nId = \u0027T1059\u0027\r\nName = \u0027Command and Scripting Interpreter\u0027\r\nEvents = @(1)\r\nFields = @(\u0027Image\u0027, \u0027CommandLine\u0027, \u0027User\u0027, \u0027ParentImage\u0027)\r\n}\r\n@{\r\nId = \u0027T1053\u0027\r\nName = \u0027Scheduled Task/Job\u0027\r\nEvents = @(1)\r\nFields = @(\u0027Image\u0027, \u0027CommandLine\u0027, \u0027ParentImage\u0027)\r\n}\r\n@{\r\nId = \u0027T1547\u0027\r\nName = \u0027Boot or Logon Autostart Execution\u0027\r\nEvents = @(13)\r\nFields = @(\u0027TargetObject\u0027, \u0027Details\u0027, \u0027Image\u0027)\r\n}\r\n@{\r\nId = \u0027T1055\u0027\r\nName = \u0027Process Injection\u0027\r\nEvents = @(8, 10)\r\nFields = @(\u0027SourceImage\u0027, \u0027TargetImage\u0027, \u0027GrantedAccess\u0027)\r\n}\r\n@{\r\nId = \u0027T1071\u0027\r\nName = \u0027Application Layer Protocol\u0027\r\nEvents = @(3, 22)\r\nFields = @(\r\n\u0027Image\u0027,\r\n\u0027DestinationIp\u0027,\r\n\u0027DestinationPort\u0027,\r\n\u0027QueryName\u0027\r\n)\r\n}\r\n@{\r\nId = \u0027T1574.002\u0027\r\nName = \u0027DLL Side-Loading\u0027\r\nEvents = @(7)\r\nFields = @(\u0027Image\u0027, \u0027ImageLoaded\u0027, \u0027Hashes\u0027)\r\n}\r\n@{\r\nId = \u0027T1027\u0027\r\nName = \u0027Obfuscated or Compressed Files\u0027\r\nEvents = @(11, 15)\r\nFields = @(\u0027Image\u0027, \u0027TargetFilename\u0027, \u0027Hashes\u0027)\r\n}\r\n)\r\n\r\n$CoverageRows = [System.Collections.Generic.List[PSCustomObject]]::new()\r\n\r\nforeach ($Mapping in $AttackMappings) {\r\n\r\n\r\n$Available = @(\r\n    $Mapping.Events | Where-Object {\r\n        $EnabledIds.Contains($_)\r\n    }\r\n)\r\n\r\n$Unavailable = @(\r\n    $Mapping.Events | Where-Object {\r\n        -not $EnabledIds.Contains($_)\r\n    }\r\n)\r\n\r\n$Conflicts = @()\r\n\r\nforeach ($ExcludedName in $ExcludedEvents) {\r\n\r\n    $ExcludedId = $EventTypes[$ExcludedName]\r\n\r\n    if ($Mapping.Events -contains $ExcludedId) {\r\n        $Conflicts += \"$ExcludedName uses onmatch=exclude\"\r\n    }\r\n}\r\n\r\nif ($Available.Count -eq 0) {\r\n    $Coverage = \u0027blind\u0027\r\n    $Explanation = \"None of the required Event IDs are enabled.\"\r\n    $Action = \"Enable Event ID(s): $($Mapping.Events -join \u0027, \u0027).\"\r\n}\r\nelseif ($Unavailable.Count -gt 0) {\r\n    $Coverage = \u0027partial\u0027\r\n    $Explanation = \"Required Event ID(s) missing: $($Unavailable -join \u0027, \u0027).\"\r\n    $Action = \"Enable missing Event ID(s): $($Unavailable -join \u0027, \u0027).\"\r\n}\r\nelseif ($Conflicts.Count -gt 0) {\r\n    $Coverage = \u0027partial\u0027\r\n    $Explanation = \"Relevant Event ID(s) have exclude filtering.\"\r\n    $Action = \u0027Review and narrow the relevant exclude rules.\u0027\r\n}\r\nelse {\r\n    $Coverage = \u0027covered\u0027\r\n    $Explanation = \u0027All required Event IDs are enabled with no detected exclude conflict.\u0027\r\n    $Action = \u0027No tuning required.\u0027\r\n}\r\n\r\n$CoverageRows.Add(\r\n    [PSCustomObject]@{\r\n        technique_id = $Mapping.Id\r\n        technique_name = $Mapping.Name\r\n        required_event_ids = @($Mapping.Events)\r\n        enabled_event_ids = @($Available)\r\n        filter_conflicts = @($Conflicts)\r\n        coverage_status = $Coverage\r\n        reason = $Explanation\r\n        evidence_fields_expected = $Mapping.Fields\r\n        recommendation = $Action\r\n    }\r\n)\r\n\r\n\r\n}\r\n\r\n$CoveredTotal = @(\r\n$CoverageRows | Where-Object {\r\n$_.coverage_status -eq \u0027covered\u0027\r\n}\r\n).Count\r\n\r\n$PartialTotal = @(\r\n$CoverageRows | Where-Object {\r\n$_.coverage_status -eq \u0027partial\u0027\r\n}\r\n).Count\r\n\r\n$BlindTotal = @(\r\n$CoverageRows | Where-Object {\r\n$_.coverage_status -eq \u0027blind\u0027\r\n}\r\n).Count\r\n\r\n$OutputData = [ordered]@{\r\ngenerated_at = Get-Date -Format \u0027yyyy-MM-ddTHH:mm:ss\u0027\r\nconfig_file = $ConfigPath\r\nenabled_event_ids = @($EnabledIds | Sort-Object)\r\nsummary = [ordered]@{\r\ntechniques_assessed = $CoverageRows.Count\r\ncovered = $CoveredTotal\r\npartial = $PartialTotal\r\nblind = $BlindTotal\r\n}\r\nmatrix = $CoverageRows\r\n}\r\n\r\n$OutputData |\r\nConvertTo-Json -Depth 6 |\r\nSet-Content -LiteralPath $ReportPath -Encoding UTF8\r\n\r\nWrite-Host \"Enabled Event IDs: $((@($EnabledIds | Sort-Object -Unique)) -join \u0027, \u0027)\"\r\nWrite-Host \"Techniques assessed: $($CoverageRows.Count)\"\r\nWrite-Host \"Covered: $CoveredTotal\"\r\nWrite-Host \"Partial: $PartialTotal\"\r\nWrite-Host \"Blind: $BlindTotal\"\r\nWrite-Host \"Report saved to: $ReportPath\"\r\n\r\n\r\nScriptBlock ID: 6753dcbe-4289-4d2a-b133-3a80b4123ef2\r\nPath: C:\\Users\\analyst\\Documents\\2x02\\1.ps1",
        "ScriptBlockText":  "\u003c#\n.SYNOPSIS\n1-sysmon_coverage_matrix.ps1\n\n.DESCRIPTION\nParses a Sysmon configuration and generates an ATT\u0026CK coverage matrix\nbased on the configured Sysmon Event IDs and filtering rules.\n\n.NOTES\nScript Name: 1-sysmon_coverage_matrix.ps1\nPurpose: Generate Sysmon ATT\u0026CK coverage matrix\nAuthor: Tristeceratops\nDate: 10/08/2026\n#\u003e\n\nSet-StrictMode -Version Latest\n$ErrorActionPreference = \u0027Stop\u0027\n\n$ConfigPath = Join-Path $PSScriptRoot \u0027sysmonconfig.xml\u0027\n$ReportPath = Join-Path $PSScriptRoot \u0027sysmon_coverage_matrix.json\u0027\n\nWrite-Host \u0027[*] Parsing Sysmon config: sysmonconfig.xml\u0027\n\nif (-not (Test-Path -LiteralPath $ConfigPath)) {\nWrite-Host \u0027[ERROR] sysmonconfig.xml not found.\u0027\nexit 1\n}\n\n[xml]$ConfigXml = Get-Content -LiteralPath $ConfigPath -Raw\n\n$FilterSection = $ConfigXml.SelectSingleNode(\n\u0027//*[local-name()=\"EventFiltering\"]\u0027\n)\n\nif ($null -eq $FilterSection) {\nWrite-Host \u0027[ERROR] EventFiltering section not found.\u0027\nexit 1\n}\n\n$EventTypes = @{\nProcessCreate = 1\nFileCreateTime = 2\nNetworkConnect = 3\nSysmonServiceStateChanged = 4\nProcessTerminate = 5\nDriverLoad = 6\nImageLoad = 7\nCreateRemoteThread = 8\nRawAccessRead = 9\nProcessAccess = 10\nFileCreate = 11\nRegistryEvent = 12\nRegistryEventSetValue = 13\nRegistryEventRenameKey = 14\nFileCreateStreamHash = 15\nServiceConfiguration = 16\nPipeEvent = 17\nWmiEventFilter = 19\nWmiEventConsumer = 20\nWmiEventConsumerToFilter = 21\nDnsQuery = 22\n}\n\n$EnabledIds = [System.Collections.Generic.List[int]]::new()\n$ExcludedEvents = [System.Collections.Generic.List[string]]::new()\n\nforeach ($EventNode in $FilterSection.ChildNodes) {\n\n\nif ($EventNode.NodeType -ne \u0027Element\u0027) {\n    continue\n}\n\n$EventName = $EventNode.LocalName\n\nif ($EventTypes.ContainsKey($EventName)) {\n\n    $EventId = $EventTypes[$EventName]\n\n    if (-not $EnabledIds.Contains($EventId)) {\n        $EnabledIds.Add($EventId)\n    }\n\n    $MatchMode = \u0027\u0027\n\n    if ($EventNode.Attributes[\u0027onmatch\u0027]) {\n        $MatchMode = $EventNode.Attributes[\u0027onmatch\u0027].Value\n    }\n\n    if ($MatchMode -eq \u0027exclude\u0027) {\n        $ExcludedEvents.Add($EventName)\n    }\n}\n\n\n}\n\n$AttackMappings = @(\n@{\nId = \u0027T1059\u0027\nName = \u0027Command and Scripting Interpreter\u0027\nEvents = @(1)\nFields = @(\u0027Image\u0027, \u0027CommandLine\u0027, \u0027User\u0027, \u0027ParentImage\u0027)\n}\n@{\nId = \u0027T1053\u0027\nName = \u0027Scheduled Task/Job\u0027\nEvents = @(1)\nFields = @(\u0027Image\u0027, \u0027CommandLine\u0027, \u0027ParentImage\u0027)\n}\n@{\nId = \u0027T1547\u0027\nName = \u0027Boot or Logon Autostart Execution\u0027\nEvents = @(13)\nFields = @(\u0027TargetObject\u0027, \u0027Details\u0027, \u0027Image\u0027)\n}\n@{\nId = \u0027T1055\u0027\nName = \u0027Process Injection\u0027\nEvents = @(8, 10)\nFields = @(\u0027SourceImage\u0027, \u0027TargetImage\u0027, \u0027GrantedAccess\u0027)\n}\n@{\nId = \u0027T1071\u0027\nName = \u0027Application Layer Protocol\u0027\nEvents = @(3, 22)\nFields = @(\n\u0027Image\u0027,\n\u0027DestinationIp\u0027,\n\u0027DestinationPort\u0027,\n\u0027QueryName\u0027\n)\n}\n@{\nId = \u0027T1574.002\u0027\nName = \u0027DLL Side-Loading\u0027\nEvents = @(7)\nFields = @(\u0027Image\u0027, \u0027ImageLoaded\u0027, \u0027Hashes\u0027)\n}\n@{\nId = \u0027T1027\u0027\nName = \u0027Obfuscated or Compressed Files\u0027\nEvents = @(11, 15)\nFields = @(\u0027Image\u0027, \u0027TargetFilename\u0027, \u0027Hashes\u0027)\n}\n)\n\n$CoverageRows = [System.Collections.Generic.List[PSCustomObject]]::new()\n\nforeach ($Mapping in $AttackMappings) {\n\n\n$Available = @(\n    $Mapping.Events | Where-Object {\n        $EnabledIds.Contains($_)\n    }\n)\n\n$Unavailable = @(\n    $Mapping.Events | Where-Object {\n        -not $EnabledIds.Contains($_)\n    }\n)\n\n$Conflicts = @()\n\nforeach ($ExcludedName in $ExcludedEvents) {\n\n    $ExcludedId = $EventTypes[$ExcludedName]\n\n    if ($Mapping.Events -contains $ExcludedId) {\n        $Conflicts += \"$ExcludedName uses onmatch=exclude\"\n    }\n}\n\nif ($Available.Count -eq 0) {\n    $Coverage = \u0027blind\u0027\n    $Explanation = \"None of the required Event IDs are enabled.\"\n    $Action = \"Enable Event ID(s): $($Mapping.Events -join \u0027, \u0027).\"\n}\nelseif ($Unavailable.Count -gt 0) {\n    $Coverage = \u0027partial\u0027\n    $Explanation = \"Required Event ID(s) missing: $($Unavailable -join \u0027, \u0027).\"\n    $Action = \"Enable missing Event ID(s): $($Unavailable -join \u0027, \u0027).\"\n}\nelseif ($Conflicts.Count -gt 0) {\n    $Coverage = \u0027partial\u0027\n    $Explanation = \"Relevant Event ID(s) have exclude filtering.\"\n    $Action = \u0027Review and narrow the relevant exclude rules.\u0027\n}\nelse {\n    $Coverage = \u0027covered\u0027\n    $Explanation = \u0027All required Event IDs are enabled with no detected exclude conflict.\u0027\n    $Action = \u0027No tuning required.\u0027\n}\n\n$CoverageRows.Add(\n    [PSCustomObject]@{\n        technique_id = $Mapping.Id\n        technique_name = $Mapping.Name\n        required_event_ids = @($Mapping.Events)\n        enabled_event_ids = @($Available)\n        filter_conflicts = @($Conflicts)\n        coverage_status = $Coverage\n        reason = $Explanation\n        evidence_fields_expected = $Mapping.Fields\n        recommendation = $Action\n    }\n)\n\n\n}\n\n$CoveredTotal = @(\n$CoverageRows | Where-Object {\n$_.coverage_status -eq \u0027covered\u0027\n}\n).Count\n\n$PartialTotal = @(\n$CoverageRows | Where-Object {\n$_.coverage_status -eq \u0027partial\u0027\n}\n).Count\n\n$BlindTotal = @(\n$CoverageRows | Where-Object {\n$_.coverage_status -eq \u0027blind\u0027\n}\n).Count\n\n$OutputData = [ordered]@{\ngenerated_at = Get-Date -Format \u0027yyyy-MM-ddTHH:mm:ss\u0027\nconfig_file = $ConfigPath\nenabled_event_ids = @($EnabledIds | Sort-Object)\nsummary = [ordered]@{\ntechniques_assessed = $CoverageRows.Count\ncovered = $CoveredTotal\npartial = $PartialTotal\nblind = $BlindTotal\n}\nmatrix = $CoverageRows\n}\n\n$OutputData |\nConvertTo-Json -Depth 6 |\nSet-Content -LiteralPath $ReportPath -Encoding UTF8\n\nWrite-Host \"Enabled Event IDs: $((@($EnabledIds | Sort-Object -Unique)) -join \u0027, \u0027)\"\nWrite-Host \"Techniques assessed: $($CoverageRows.Count)\"\nWrite-Host \"Covered: $CoveredTotal\"\nWrite-Host \"Partial: $PartialTotal\"\nWrite-Host \"Blind: $BlindTotal\"\nWrite-Host \"Report saved to: $ReportPath\"\n"
    },
