    {
        "timestamp":  "2026-08-10T09:25:01.0220054Z",
        "hostname":  "DC01.meddefense.local",
        "platform":  "Windows",
        "source_type":  "PowerShell",
        "channel":  "Microsoft-Windows-PowerShell/Operational",
        "event_id":  4104,
        "event_category":  "Execute a Remote Command",
        "provider":  "Microsoft-Windows-PowerShell",
        "raw_message":  "Creating Scriptblock text (1 of 1):\r\n\r\n#requires -version 3.0\r\n\r\ntry { Microsoft.PowerShell.Core\\Set-StrictMode -Off } catch { }\r\n\r\n$script:MyModule = $MyInvocation.MyCommand.ScriptBlock.Module\r\n\r\n$script:ClassName = \u0027root/StandardCimv2/MSFT_NetCompartment\u0027\r\n$script:ClassVersion = \u00271.0.0\u0027\r\n$script:ModuleVersion = \u00271.0\u0027\r\n$script:ObjectModelWrapper = [Microsoft.PowerShell.Cmdletization.Cim.CimCmdletAdapter]\r\n\r\n$script:PrivateData = [System.Collections.Generic.Dictionary[string,string]]::new()\r\n\r\nMicrosoft.PowerShell.Core\\Export-ModuleMember -Function @()\r\n        \r\n\r\nfunction __cmdletization_BindCommonParameters\r\n{\r\n    param(\r\n        $__cmdletization_objectModelWrapper,\r\n        $myPSBoundParameters\r\n    )       \r\n                \r\n\r\n        if ($myPSBoundParameters.ContainsKey(\u0027CimSession\u0027)) { \r\n            $__cmdletization_objectModelWrapper.PSObject.Properties[\u0027CimSession\u0027].Value = $myPSBoundParameters[\u0027CimSession\u0027] \r\n        }\r\n                    \r\n\r\n        if ($myPSBoundParameters.ContainsKey(\u0027ThrottleLimit\u0027)) { \r\n            $__cmdletization_objectModelWrapper.PSObject.Properties[\u0027ThrottleLimit\u0027].Value = $myPSBoundParameters[\u0027ThrottleLimit\u0027] \r\n        }\r\n                    \r\n\r\n        if ($myPSBoundParameters.ContainsKey(\u0027AsJob\u0027)) { \r\n            $__cmdletization_objectModelWrapper.PSObject.Properties[\u0027AsJob\u0027].Value = $myPSBoundParameters[\u0027AsJob\u0027] \r\n        }\r\n                    \r\n\r\n}\r\n                \r\n\r\nfunction Get-NetCompartment\r\n{\r\n    [CmdletBinding(DefaultParameterSetName=\u0027Query (cdxml)\u0027, PositionalBinding=$false)]\r\n    \r\n    [OutputType([Microsoft.Management.Infrastructure.CimInstance])]\r\n[OutputType(\u0027Microsoft.Management.Infrastructure.CimInstance#root/StandardCimv2/MSFT_NetCompartment\u0027)]\r\n\r\n    param(\r\n    \r\n    [Parameter(ParameterSetName=\u0027Query (cdxml)\u0027)]\r\n    [ValidateNotNull()]\r\n    [uint32[]]\r\n    ${CompartmentId},\r\n\r\n    [Parameter(ParameterSetName=\u0027Query (cdxml)\u0027)]\r\n    [Alias(\u0027Session\u0027)]\r\n    [ValidateNotNullOrEmpty()]\r\n    [CimSession[]]\r\n    ${CimSession},\r\n\r\n    [Parameter(ParameterSetName=\u0027Query (cdxml)\u0027)]\r\n    [int]\r\n    ${ThrottleLimit},\r\n\r\n    [Parameter(ParameterSetName=\u0027Query (cdxml)\u0027)]\r\n    [switch]\r\n    ${AsJob})\r\n\r\n    DynamicParam {\r\n        try \r\n        {\r\n            if (-not $__cmdletization_exceptionHasBeenThrown)\r\n            {\r\n                $__cmdletization_objectModelWrapper = $script:ObjectModelWrapper::new()\r\n                $__cmdletization_objectModelWrapper.Initialize($PSCmdlet, $script:ClassName, $script:ClassVersion, $script:ModuleVersion, $script:PrivateData)\r\n\r\n                if ($__cmdletization_objectModelWrapper -is [System.Management.Automation.IDynamicParameters])\r\n                {\r\n                    ([System.Management.Automation.IDynamicParameters]$__cmdletization_objectModelWrapper).GetDynamicParameters()\r\n                }\r\n            }\r\n        }\r\n        catch\r\n        {\r\n            $__cmdletization_exceptionHasBeenThrown = $true\r\n            throw\r\n        }\r\n    }\r\n\r\n    Begin {\r\n        $__cmdletization_exceptionHasBeenThrown = $false\r\n        try \r\n        {\r\n            __cmdletization_BindCommonParameters $__cmdletization_objectModelWrapper $PSBoundParameters\r\n            $__cmdletization_objectModelWrapper.BeginProcessing()\r\n        }\r\n        catch\r\n        {\r\n            $__cmdletization_exceptionHasBeenThrown = $true\r\n            throw\r\n        }\r\n    }\r\n        \r\n\r\n    Process {\r\n        try \r\n        {\r\n            if (-not $__cmdletization_exceptionHasBeenThrown)\r\n            {\r\n    $__cmdletization_queryBuilder = $__cmdletization_objectModelWrapper.GetQueryBuilder()\r\n    if ($PSBoundParameters.ContainsKey(\u0027CompartmentId\u0027) -and (@(\u0027Query (cdxml)\u0027) -contains $PSCmdlet.ParameterSetName )) {\r\n        $__cmdletization_values = @(${CompartmentId})\r\n        $__cmdletization_queryBuilder.FilterByProperty(\u0027CompartmentId\u0027, $__cmdletization_values, $false, \u0027Default\u0027)\r\n    }\r\n\r\n\r\n    $__cmdletization_objectModelWrapper.ProcessRecord($__cmdletization_queryBuilder)\r\n            }\r\n        }\r\n        catch\r\n        {\r\n            $__cmdletization_exceptionHasBeenThrown = $true\r\n            throw\r\n        }\r\n    }\r\n        \r\n\r\n    End {\r\n        try\r\n        {\r\n            if (-not $__cmdletization_exceptionHasBeenThrown)\r\n            {\r\n                $__cmdletization_objectModelWrapper.EndProcessing()\r\n            }\r\n        }\r\n        catch\r\n        {\r\n            throw\r\n        }\r\n    }\r\n\r\n    # .EXTERNALHELP MSFT_NetCompartment.cdxml-Help.xml\r\n}\r\nMicrosoft.PowerShell.Core\\Export-ModuleMember -Function \u0027Get-NetCompartment\u0027 -Alias \u0027*\u0027\r\n        \r\n\r\n\r\nScriptBlock ID: b1bf47d3-9f63-4a26-9aea-3dd51dde3eba\r\nPath: ",
        "ScriptBlockText":  "\n#requires -version 3.0\n\ntry { Microsoft.PowerShell.Core\\Set-StrictMode -Off } catch { }\n\n$script:MyModule = $MyInvocation.MyCommand.ScriptBlock.Module\n\n$script:ClassName = \u0027root/StandardCimv2/MSFT_NetCompartment\u0027\n$script:ClassVersion = \u00271.0.0\u0027\n$script:ModuleVersion = \u00271.0\u0027\n$script:ObjectModelWrapper = [Microsoft.PowerShell.Cmdletization.Cim.CimCmdletAdapter]\n\n$script:PrivateData = [System.Collections.Generic.Dictionary[string,string]]::new()\n\nMicrosoft.PowerShell.Core\\Export-ModuleMember -Function @()\n        \n\nfunction __cmdletization_BindCommonParameters\n{\n    param(\n        $__cmdletization_objectModelWrapper,\n        $myPSBoundParameters\n    )       \n                \n\n        if ($myPSBoundParameters.ContainsKey(\u0027CimSession\u0027)) { \n            $__cmdletization_objectModelWrapper.PSObject.Properties[\u0027CimSession\u0027].Value = $myPSBoundParameters[\u0027CimSession\u0027] \n        }\n                    \n\n        if ($myPSBoundParameters.ContainsKey(\u0027ThrottleLimit\u0027)) { \n            $__cmdletization_objectModelWrapper.PSObject.Properties[\u0027ThrottleLimit\u0027].Value = $myPSBoundParameters[\u0027ThrottleLimit\u0027] \n        }\n                    \n\n        if ($myPSBoundParameters.ContainsKey(\u0027AsJob\u0027)) { \n            $__cmdletization_objectModelWrapper.PSObject.Properties[\u0027AsJob\u0027].Value = $myPSBoundParameters[\u0027AsJob\u0027] \n        }\n                    \n\n}\n                \n\nfunction Get-NetCompartment\n{\n    [CmdletBinding(DefaultParameterSetName=\u0027Query (cdxml)\u0027, PositionalBinding=$false)]\n    \n    [OutputType([Microsoft.Management.Infrastructure.CimInstance])]\n[OutputType(\u0027Microsoft.Management.Infrastructure.CimInstance#root/StandardCimv2/MSFT_NetCompartment\u0027)]\n\n    param(\n    \n    [Parameter(ParameterSetName=\u0027Query (cdxml)\u0027)]\n    [ValidateNotNull()]\n    [uint32[]]\n    ${CompartmentId},\n\n    [Parameter(ParameterSetName=\u0027Query (cdxml)\u0027)]\n    [Alias(\u0027Session\u0027)]\n    [ValidateNotNullOrEmpty()]\n    [CimSession[]]\n    ${CimSession},\n\n    [Parameter(ParameterSetName=\u0027Query (cdxml)\u0027)]\n    [int]\n    ${ThrottleLimit},\n\n    [Parameter(ParameterSetName=\u0027Query (cdxml)\u0027)]\n    [switch]\n    ${AsJob})\n\n    DynamicParam {\n        try \n        {\n            if (-not $__cmdletization_exceptionHasBeenThrown)\n            {\n                $__cmdletization_objectModelWrapper = $script:ObjectModelWrapper::new()\n                $__cmdletization_objectModelWrapper.Initialize($PSCmdlet, $script:ClassName, $script:ClassVersion, $script:ModuleVersion, $script:PrivateData)\n\n                if ($__cmdletization_objectModelWrapper -is [System.Management.Automation.IDynamicParameters])\n                {\n                    ([System.Management.Automation.IDynamicParameters]$__cmdletization_objectModelWrapper).GetDynamicParameters()\n                }\n            }\n        }\n        catch\n        {\n            $__cmdletization_exceptionHasBeenThrown = $true\n            throw\n        }\n    }\n\n    Begin {\n        $__cmdletization_exceptionHasBeenThrown = $false\n        try \n        {\n            __cmdletization_BindCommonParameters $__cmdletization_objectModelWrapper $PSBoundParameters\n            $__cmdletization_objectModelWrapper.BeginProcessing()\n        }\n        catch\n        {\n            $__cmdletization_exceptionHasBeenThrown = $true\n            throw\n        }\n    }\n        \n\n    Process {\n        try \n        {\n            if (-not $__cmdletization_exceptionHasBeenThrown)\n            {\n    $__cmdletization_queryBuilder = $__cmdletization_objectModelWrapper.GetQueryBuilder()\n    if ($PSBoundParameters.ContainsKey(\u0027CompartmentId\u0027) -and (@(\u0027Query (cdxml)\u0027) -contains $PSCmdlet.ParameterSetName )) {\n        $__cmdletization_values = @(${CompartmentId})\n        $__cmdletization_queryBuilder.FilterByProperty(\u0027CompartmentId\u0027, $__cmdletization_values, $false, \u0027Default\u0027)\n    }\n\n\n    $__cmdletization_objectModelWrapper.ProcessRecord($__cmdletization_queryBuilder)\n            }\n        }\n        catch\n        {\n            $__cmdletization_exceptionHasBeenThrown = $true\n            throw\n        }\n    }\n        \n\n    End {\n        try\n        {\n            if (-not $__cmdletization_exceptionHasBeenThrown)\n            {\n                $__cmdletization_objectModelWrapper.EndProcessing()\n            }\n        }\n        catch\n        {\n            throw\n        }\n    }\n\n    # .EXTERNALHELP MSFT_NetCompartment.cdxml-Help.xml\n}\nMicrosoft.PowerShell.Core\\Export-ModuleMember -Function \u0027Get-NetCompartment\u0027 -Alias \u0027*\u0027\n        \n"
    },
    {
        "timestamp":  "2026-08-10T09:23:14.2458236Z",
        "hostname":  "DC01.meddefense.local",
        "platform":  "Windows",
        "source_type":  "PowerShell",
        "channel":  "Microsoft-Windows-PowerShell/Operational",
        "event_id":  40962,
        "event_category":  "PowerShell Console Startup",
        "provider":  "Microsoft-Windows-PowerShell",
        "raw_message":  "PowerShell console is ready for user input"
    },
    {
        "timestamp":  "2026-08-10T09:23:13.2924159Z",
        "hostname":  "DC01.meddefense.local",
        "platform":  "Windows",
        "source_type":  "PowerShell",
        "channel":  "Microsoft-Windows-PowerShell/Operational",
        "event_id":  53504,
        "event_category":  "PowerShell Named Pipe IPC",
        "provider":  "Microsoft-Windows-PowerShell",
        "raw_message":  "Windows PowerShell has started an IPC listening thread on process: 1196 in AppDomain: DefaultAppDomain."
    },
    {
        "timestamp":  "2026-08-10T09:23:12.9032572Z",
        "hostname":  "DC01.meddefense.local",
        "platform":  "Windows",
        "source_type":  "PowerShell",
        "channel":  "Microsoft-Windows-PowerShell/Operational",
        "event_id":  40961,
        "event_category":  "PowerShell Console Startup",
        "provider":  "Microsoft-Windows-PowerShell",
        "raw_message":  "PowerShell console is starting up"
    },
    {
        "timestamp":  "2026-08-10T13:03:43.4742129Z",
        "hostname":  "DC01.meddefense.local",
        "platform":  "Windows",
        "source_type":  "Security",
        "channel":  "Security",
        "event_id":  4624,
        "event_category":  "Logon",
        "provider":  "Microsoft-Windows-Security-Auditing",
        "raw_message":  "An account was successfully logged on.\r\n\r\nSubject:\r\n\tSecurity ID:\t\tS-1-0-0\r\n\tAccount Name:\t\t-\r\n\tAccount Domain:\t\t-\r\n\tLogon ID:\t\t0x0\r\n\r\nLogon Information:\r\n\tLogon Type:\t\t3\r\n\tRestricted Admin Mode:\t-\r\n\tVirtual Account:\t\tNo\r\n\tElevated Token:\t\tYes\r\n\r\nImpersonation Level:\t\tImpersonation\r\n\r\nNew Logon:\r\n\tSecurity ID:\t\tS-1-5-18\r\n\tAccount Name:\t\tDC01$\r\n\tAccount Domain:\t\tMEDDEFENSE.LOCAL\r\n\tLogon ID:\t\t0x509901\r\n\tLinked Logon ID:\t\t0x0\r\n\tNetwork Account Name:\t-\r\n\tNetwork Account Domain:\t-\r\n\tLogon GUID:\t\t{b51cca5f-cd61-64bc-f3c9-f29dc2292c40}\r\n\r\nProcess Information:\r\n\tProcess ID:\t\t0x0\r\n\tProcess Name:\t\t-\r\n\r\nNetwork Information:\r\n\tWorkstation Name:\t-\r\n\tSource Network Address:\t::1\r\n\tSource Port:\t\t55955\r\n\r\nDetailed Authentication Information:\r\n\tLogon Process:\t\tKerberos\r\n\tAuthentication Package:\tKerberos\r\n\tTransited Services:\t-\r\n\tPackage Name (NTLM only):\t-\r\n\tKey Length:\t\t0\r\n\r\nThis event is generated when a logon session is created. It is generated on the computer that was accessed.\r\n\r\nThe subject fields indicate the account on the local system which requested the logon. This is most commonly a service such as the Server service, or a local process such as Winlogon.exe or Services.exe.\r\n\r\nThe logon type field indicates the kind of logon that occurred. The most common types are 2 (interactive) and 3 (network).\r\n\r\nThe New Logon fields indicate the account for whom the new logon was created, i.e. the account that was logged on.\r\n\r\nThe network fields indicate where a remote logon request originated. Workstation name is not always available and may be left blank in some cases.\r\n\r\nThe impersonation level field indicates the extent to which a process in the logon session can impersonate.\r\n\r\nThe authentication information fields provide detailed information about this specific logon request.\r\n\t- Logon GUID is a unique identifier that can be used to correlate this event with a KDC event.\r\n\t- Transited services indicate which intermediate services have participated in this logon request.\r\n\t- Package name indicates which sub-protocol was used among the NTLM protocols.\r\n\t- Key length indicates the length of the generated session key. This will be 0 if no session key was requested.",
        "TargetUserName":  "DC01$",
        "LogonType":  "3",
        "IpAddress":  "::1",
        "Workstation":  "-"
    },
    {
        "timestamp":  "2026-08-10T13:03:15.2132644Z",
        "hostname":  "DC01.meddefense.local",
        "platform":  "Windows",
        "source_type":  "Security",
        "channel":  "Security",
        "event_id":  4624,
        "event_category":  "Logon",
        "provider":  "Microsoft-Windows-Security-Auditing",
        "raw_message":  "An account was successfully logged on.\r\n\r\nSubject:\r\n\tSecurity ID:\t\tS-1-0-0\r\n\tAccount Name:\t\t-\r\n\tAccount Domain:\t\t-\r\n\tLogon ID:\t\t0x0\r\n\r\nLogon Information:\r\n\tLogon Type:\t\t3\r\n\tRestricted Admin Mode:\t-\r\n\tVirtual Account:\t\tNo\r\n\tElevated Token:\t\tYes\r\n\r\nImpersonation Level:\t\tImpersonation\r\n\r\nNew Logon:\r\n\tSecurity ID:\t\tS-1-5-18\r\n\tAccount Name:\t\tDC01$\r\n\tAccount Domain:\t\tMEDDEFENSE.LOCAL\r\n\tLogon ID:\t\t0x4F19DC\r\n\tLinked Logon ID:\t\t0x0\r\n\tNetwork Account Name:\t-\r\n\tNetwork Account Domain:\t-\r\n\tLogon GUID:\t\t{b51cca5f-cd61-64bc-f3c9-f29dc2292c40}\r\n\r\nProcess Information:\r\n\tProcess ID:\t\t0x0\r\n\tProcess Name:\t\t-\r\n\r\nNetwork Information:\r\n\tWorkstation Name:\t-\r\n\tSource Network Address:\t::1\r\n\tSource Port:\t\t0\r\n\r\nDetailed Authentication Information:\r\n\tLogon Process:\t\tKerberos\r\n\tAuthentication Package:\tKerberos\r\n\tTransited Services:\t-\r\n\tPackage Name (NTLM only):\t-\r\n\tKey Length:\t\t0\r\n\r\nThis event is generated when a logon session is created. It is generated on the computer that was accessed.\r\n\r\nThe subject fields indicate the account on the local system which requested the logon. This is most commonly a service such as the Server service, or a local process such as Winlogon.exe or Services.exe.\r\n\r\nThe logon type field indicates the kind of logon that occurred. The most common types are 2 (interactive) and 3 (network).\r\n\r\nThe New Logon fields indicate the account for whom the new logon was created, i.e. the account that was logged on.\r\n\r\nThe network fields indicate where a remote logon request originated. Workstation name is not always available and may be left blank in some cases.\r\n\r\nThe impersonation level field indicates the extent to which a process in the logon session can impersonate.\r\n\r\nThe authentication information fields provide detailed information about this specific logon request.\r\n\t- Logon GUID is a unique identifier that can be used to correlate this event with a KDC event.\r\n\t- Transited services indicate which intermediate services have participated in this logon request.\r\n\t- Package name indicates which sub-protocol was used among the NTLM protocols.\r\n\t- Key length indicates the length of the generated session key. This will be 0 if no session key was requested.",
        "TargetUserName":  "DC01$",
        "LogonType":  "3",
        "IpAddress":  "::1",
        "Workstation":  "-"
    },
    {
        "timestamp":  "2026-08-10T13:03:15.1855502Z",
        "hostname":  "DC01.meddefense.local",
        "platform":  "Windows",
        "source_type":  "Security",
        "channel":  "Security",
        "event_id":  4624,
        "event_category":  "Logon",
        "provider":  "Microsoft-Windows-Security-Auditing",
        "raw_message":  "An account was successfully logged on.\r\n\r\nSubject:\r\n\tSecurity ID:\t\tS-1-0-0\r\n\tAccount Name:\t\t-\r\n\tAccount Domain:\t\t-\r\n\tLogon ID:\t\t0x0\r\n\r\nLogon Information:\r\n\tLogon Type:\t\t3\r\n\tRestricted Admin Mode:\t-\r\n\tVirtual Account:\t\tNo\r\n\tElevated Token:\t\tYes\r\n\r\nImpersonation Level:\t\tDelegation\r\n\r\nNew Logon:\r\n\tSecurity ID:\t\tS-1-5-18\r\n\tAccount Name:\t\tDC01$\r\n\tAccount Domain:\t\tMEDDEFENSE.LOCAL\r\n\tLogon ID:\t\t0x4F1880\r\n\tLinked Logon ID:\t\t0x0\r\n\tNetwork Account Name:\t-\r\n\tNetwork Account Domain:\t-\r\n\tLogon GUID:\t\t{eaf6481c-4a33-3e6a-cbc0-d819ca034d08}\r\n\r\nProcess Information:\r\n\tProcess ID:\t\t0x0\r\n\tProcess Name:\t\t-\r\n\r\nNetwork Information:\r\n\tWorkstation Name:\t-\r\n\tSource Network Address:\tfe80::8141:47fd:958b:a3d\r\n\tSource Port:\t\t55954\r\n\r\nDetailed Authentication Information:\r\n\tLogon Process:\t\tKerberos\r\n\tAuthentication Package:\tKerberos\r\n\tTransited Services:\t-\r\n\tPackage Name (NTLM only):\t-\r\n\tKey Length:\t\t0\r\n\r\nThis event is generated when a logon session is created. It is generated on the computer that was accessed.\r\n\r\nThe subject fields indicate the account on the local system which requested the logon. This is most commonly a service such as the Server service, or a local process such as Winlogon.exe or Services.exe.\r\n\r\nThe logon type field indicates the kind of logon that occurred. The most common types are 2 (interactive) and 3 (network).\r\n\r\nThe New Logon fields indicate the account for whom the new logon was created, i.e. the account that was logged on.\r\n\r\nThe network fields indicate where a remote logon request originated. Workstation name is not always available and may be left blank in some cases.\r\n\r\nThe impersonation level field indicates the extent to which a process in the logon session can impersonate.\r\n\r\nThe authentication information fields provide detailed information about this specific logon request.\r\n\t- Logon GUID is a unique identifier that can be used to correlate this event with a KDC event.\r\n\t- Transited services indicate which intermediate services have participated in this logon request.\r\n\t- Package name indicates which sub-protocol was used among the NTLM protocols.\r\n\t- Key length indicates the length of the generated session key. This will be 0 if no session key was requested.",
        "TargetUserName":  "DC01$",
        "LogonType":  "3",
        "IpAddress":  "fe80::8141:47fd:958b:a3d",
        "Workstation":  "-"
    },
    {
        "timestamp":  "2026-08-10T13:03:15.1612930Z",
        "hostname":  "DC01.meddefense.local",
        "platform":  "Windows",
        "source_type":  "Security",
        "channel":  "Security",
        "event_id":  4624,
        "event_category":  "Logon",
        "provider":  "Microsoft-Windows-Security-Auditing",
        "raw_message":  "An account was successfully logged on.\r\n\r\nSubject:\r\n\tSecurity ID:\t\tS-1-0-0\r\n\tAccount Name:\t\t-\r\n\tAccount Domain:\t\t-\r\n\tLogon ID:\t\t0x0\r\n\r\nLogon Information:\r\n\tLogon Type:\t\t3\r\n\tRestricted Admin Mode:\t-\r\n\tVirtual Account:\t\tNo\r\n\tElevated Token:\t\tYes\r\n\r\nImpersonation Level:\t\tImpersonation\r\n\r\nNew Logon:\r\n\tSecurity ID:\t\tS-1-5-18\r\n\tAccount Name:\t\tDC01$\r\n\tAccount Domain:\t\tMEDDEFENSE.LOCAL\r\n\tLogon ID:\t\t0x4F179D\r\n\tLinked Logon ID:\t\t0x0\r\n\tNetwork Account Name:\t-\r\n\tNetwork Account Domain:\t-\r\n\tLogon GUID:\t\t{b51cca5f-cd61-64bc-f3c9-f29dc2292c40}\r\n\r\nProcess Information:\r\n\tProcess ID:\t\t0x0\r\n\tProcess Name:\t\t-\r\n\r\nNetwork Information:\r\n\tWorkstation Name:\t-\r\n\tSource Network Address:\t10.10.3.10\r\n\tSource Port:\t\t55953\r\n\r\nDetailed Authentication Information:\r\n\tLogon Process:\t\tKerberos\r\n\tAuthentication Package:\tKerberos\r\n\tTransited Services:\t-\r\n\tPackage Name (NTLM only):\t-\r\n\tKey Length:\t\t0\r\n\r\nThis event is generated when a logon session is created. It is generated on the computer that was accessed.\r\n\r\nThe subject fields indicate the account on the local system which requested the logon. This is most commonly a service such as the Server service, or a local process such as Winlogon.exe or Services.exe.\r\n\r\nThe logon type field indicates the kind of logon that occurred. The most common types are 2 (interactive) and 3 (network).\r\n\r\nThe New Logon fields indicate the account for whom the new logon was created, i.e. the account that was logged on.\r\n\r\nThe network fields indicate where a remote logon request originated. Workstation name is not always available and may be left blank in some cases.\r\n\r\nThe impersonation level field indicates the extent to which a process in the logon session can impersonate.\r\n\r\nThe authentication information fields provide detailed information about this specific logon request.\r\n\t- Logon GUID is a unique identifier that can be used to correlate this event with a KDC event.\r\n\t- Transited services indicate which intermediate services have participated in this logon request.\r\n\t- Package name indicates which sub-protocol was used among the NTLM protocols.\r\n\t- Key length indicates the length of the generated session key. This will be 0 if no session key was requested.",
        "TargetUserName":  "DC01$",
        "LogonType":  "3",
        "IpAddress":  "10.10.3.10",
        "Workstation":  "-"
    },
    {
        "timestamp":  "2026-08-10T13:03:15.1520785Z",
        "hostname":  "DC01.meddefense.local",
        "platform":  "Windows",
        "source_type":  "Security",
        "channel":  "Security",
        "event_id":  4624,
        "event_category":  "Logon",
        "provider":  "Microsoft-Windows-Security-Auditing",
        "raw_message":  "An account was successfully logged on.\r\n\r\nSubject:\r\n\tSecurity ID:\t\tS-1-0-0\r\n\tAccount Name:\t\t-\r\n\tAccount Domain:\t\t-\r\n\tLogon ID:\t\t0x0\r\n\r\nLogon Information:\r\n\tLogon Type:\t\t3\r\n\tRestricted Admin Mode:\t-\r\n\tVirtual Account:\t\tNo\r\n\tElevated Token:\t\tYes\r\n\r\nImpersonation Level:\t\tImpersonation\r\n\r\nNew Logon:\r\n\tSecurity ID:\t\tS-1-5-18\r\n\tAccount Name:\t\tDC01$\r\n\tAccount Domain:\t\tMEDDEFENSE.LOCAL\r\n\tLogon ID:\t\t0x4F173D\r\n\tLinked Logon ID:\t\t0x0\r\n\tNetwork Account Name:\t-\r\n\tNetwork Account Domain:\t-\r\n\tLogon GUID:\t\t{b51cca5f-cd61-64bc-f3c9-f29dc2292c40}\r\n\r\nProcess Information:\r\n\tProcess ID:\t\t0x0\r\n\tProcess Name:\t\t-\r\n\r\nNetwork Information:\r\n\tWorkstation Name:\t-\r\n\tSource Network Address:\t::1\r\n\tSource Port:\t\t0\r\n\r\nDetailed Authentication Information:\r\n\tLogon Process:\t\tKerberos\r\n\tAuthentication Package:\tKerberos\r\n\tTransited Services:\t-\r\n\tPackage Name (NTLM only):\t-\r\n\tKey Length:\t\t0\r\n\r\nThis event is generated when a logon session is created. It is generated on the computer that was accessed.\r\n\r\nThe subject fields indicate the account on the local system which requested the logon. This is most commonly a service such as the Server service, or a local process such as Winlogon.exe or Services.exe.\r\n\r\nThe logon type field indicates the kind of logon that occurred. The most common types are 2 (interactive) and 3 (network).\r\n\r\nThe New Logon fields indicate the account for whom the new logon was created, i.e. the account that was logged on.\r\n\r\nThe network fields indicate where a remote logon request originated. Workstation name is not always available and may be left blank in some cases.\r\n\r\nThe impersonation level field indicates the extent to which a process in the logon session can impersonate.\r\n\r\nThe authentication information fields provide detailed information about this specific logon request.\r\n\t- Logon GUID is a unique identifier that can be used to correlate this event with a KDC event.\r\n\t- Transited services indicate which intermediate services have participated in this logon request.\r\n\t- Package name indicates which sub-protocol was used among the NTLM protocols.\r\n\t- Key length indicates the length of the generated session key. This will be 0 if no session key was requested.",
        "TargetUserName":  "DC01$",
        "LogonType":  "3",
        "IpAddress":  "::1",
        "Workstation":  "-"
    },
    {
        "timestamp":  "2026-08-10T13:03:15.1431520Z",
        "hostname":  "DC01.meddefense.local",
        "platform":  "Windows",
        "source_type":  "Security",
        "channel":  "Security",
        "event_id":  4624,
        "event_category":  "Logon",
        "provider":  "Microsoft-Windows-Security-Auditing",
        "raw_message":  "An account was successfully logged on.\r\n\r\nSubject:\r\n\tSecurity ID:\t\tS-1-0-0\r\n\tAccount Name:\t\t-\r\n\tAccount Domain:\t\t-\r\n\tLogon ID:\t\t0x0\r\n\r\nLogon Information:\r\n\tLogon Type:\t\t3\r\n\tRestricted Admin Mode:\t-\r\n\tVirtual Account:\t\tNo\r\n\tElevated Token:\t\tYes\r\n\r\nImpersonation Level:\t\tImpersonation\r\n\r\nNew Logon:\r\n\tSecurity ID:\t\tS-1-5-18\r\n\tAccount Name:\t\tDC01$\r\n\tAccount Domain:\t\tMEDDEFENSE.LOCAL\r\n\tLogon ID:\t\t0x4F1634\r\n\tLinked Logon ID:\t\t0x0\r\n\tNetwork Account Name:\t-\r\n\tNetwork Account Domain:\t-\r\n\tLogon GUID:\t\t{b51cca5f-cd61-64bc-f3c9-f29dc2292c40}\r\n\r\nProcess Information:\r\n\tProcess ID:\t\t0x0\r\n\tProcess Name:\t\t-\r\n\r\nNetwork Information:\r\n\tWorkstation Name:\t-\r\n\tSource Network Address:\tfe80::8141:47fd:958b:a3d\r\n\tSource Port:\t\t55952\r\n\r\nDetailed Authentication Information:\r\n\tLogon Process:\t\tKerberos\r\n\tAuthentication Package:\tKerberos\r\n\tTransited Services:\t-\r\n\tPackage Name (NTLM only):\t-\r\n\tKey Length:\t\t0\r\n\r\nThis event is generated when a logon session is created. It is generated on the computer that was accessed.\r\n\r\nThe subject fields indicate the account on the local system which requested the logon. This is most commonly a service such as the Server service, or a local process such as Winlogon.exe or Services.exe.\r\n\r\nThe logon type field indicates the kind of logon that occurred. The most common types are 2 (interactive) and 3 (network).\r\n\r\nThe New Logon fields indicate the account for whom the new logon was created, i.e. the account that was logged on.\r\n\r\nThe network fields indicate where a remote logon request originated. Workstation name is not always available and may be left blank in some cases.\r\n\r\nThe impersonation level field indicates the extent to which a process in the logon session can impersonate.\r\n\r\nThe authentication information fields provide detailed information about this specific logon request.\r\n\t- Logon GUID is a unique identifier that can be used to correlate this event with a KDC event.\r\n\t- Transited services indicate which intermediate services have participated in this logon request.\r\n\t- Package name indicates which sub-protocol was used among the NTLM protocols.\r\n\t- Key length indicates the length of the generated session key. This will be 0 if no session key was requested.",
        "TargetUserName":  "DC01$",
        "LogonType":  "3",
        "IpAddress":  "fe80::8141:47fd:958b:a3d",
        "Workstation":  "-"
    },
    {
        "timestamp":  "2026-08-10T13:03:14.7832640Z",
        "hostname":  "DC01.meddefense.local",
        "platform":  "Windows",
        "source_type":  "Security",
        "channel":  "Security",
        "event_id":  4624,
        "event_category":  "Logon",
        "provider":  "Microsoft-Windows-Security-Auditing",
        "raw_message":  "An account was successfully logged on.\r\n\r\nSubject:\r\n\tSecurity ID:\t\tS-1-0-0\r\n\tAccount Name:\t\t-\r\n\tAccount Domain:\t\t-\r\n\tLogon ID:\t\t0x0\r\n\r\nLogon Information:\r\n\tLogon Type:\t\t3\r\n\tRestricted Admin Mode:\t-\r\n\tVirtual Account:\t\tNo\r\n\tElevated Token:\t\tYes\r\n\r\nImpersonation Level:\t\tImpersonation\r\n\r\nNew Logon:\r\n\tSecurity ID:\t\tS-1-5-18\r\n\tAccount Name:\t\tDC01$\r\n\tAccount Domain:\t\tMEDDEFENSE.LOCAL\r\n\tLogon ID:\t\t0x4F138D\r\n\tLinked Logon ID:\t\t0x0\r\n\tNetwork Account Name:\t-\r\n\tNetwork Account Domain:\t-\r\n\tLogon GUID:\t\t{b51cca5f-cd61-64bc-f3c9-f29dc2292c40}\r\n\r\nProcess Information:\r\n\tProcess ID:\t\t0x0\r\n\tProcess Name:\t\t-\r\n\r\nNetwork Information:\r\n\tWorkstation Name:\t-\r\n\tSource Network Address:\t::1\r\n\tSource Port:\t\t55950\r\n\r\nDetailed Authentication Information:\r\n\tLogon Process:\t\tKerberos\r\n\tAuthentication Package:\tKerberos\r\n\tTransited Services:\t-\r\n\tPackage Name (NTLM only):\t-\r\n\tKey Length:\t\t0\r\n\r\nThis event is generated when a logon session is created. It is generated on the computer that was accessed.\r\n\r\nThe subject fields indicate the account on the local system which requested the logon. This is most commonly a service such as the Server service, or a local process such as Winlogon.exe or Services.exe.\r\n\r\nThe logon type field indicates the kind of logon that occurred. The most common types are 2 (interactive) and 3 (network).\r\n\r\nThe New Logon fields indicate the account for whom the new logon was created, i.e. the account that was logged on.\r\n\r\nThe network fields indicate where a remote logon request originated. Workstation name is not always available and may be left blank in some cases.\r\n\r\nThe impersonation level field indicates the extent to which a process in the logon session can impersonate.\r\n\r\nThe authentication information fields provide detailed information about this specific logon request.\r\n\t- Logon GUID is a unique identifier that can be used to correlate this event with a KDC event.\r\n\t- Transited services indicate which intermediate services have participated in this logon request.\r\n\t- Package name indicates which sub-protocol was used among the NTLM protocols.\r\n\t- Key length indicates the length of the generated session key. This will be 0 if no session key was requested.",
        "TargetUserName":  "DC01$",
        "LogonType":  "3",
        "IpAddress":  "::1",
        "Workstation":  "-"
    },
    {
        "timestamp":  "2026-08-10T13:02:48.2391930Z",
        "hostname":  "DC01.meddefense.local",
        "platform":  "Windows",
        "source_type":  "Security",
        "channel":  "Security",
        "event_id":  4624,
        "event_category":  "Logon",
        "provider":  "Microsoft-Windows-Security-Auditing",
        "raw_message":  "An account was successfully logged on.\r\n\r\nSubject:\r\n\tSecurity ID:\t\tS-1-5-18\r\n\tAccount Name:\t\tDC01$\r\n\tAccount Domain:\t\tMEDDEFENSE\r\n\tLogon ID:\t\t0x3E7\r\n\r\nLogon Information:\r\n\tLogon Type:\t\t5\r\n\tRestricted Admin Mode:\t-\r\n\tVirtual Account:\t\tNo\r\n\tElevated Token:\t\tYes\r\n\r\nImpersonation Level:\t\tImpersonation\r\n\r\nNew Logon:\r\n\tSecurity ID:\t\tS-1-5-18\r\n\tAccount Name:\t\tSYSTEM\r\n\tAccount Domain:\t\tNT AUTHORITY\r\n\tLogon ID:\t\t0x3E7\r\n\tLinked Logon ID:\t\t0x0\r\n\tNetwork Account Name:\t-\r\n\tNetwork Account Domain:\t-\r\n\tLogon GUID:\t\t{00000000-0000-0000-0000-000000000000}\r\n\r\nProcess Information:\r\n\tProcess ID:\t\t0x27c\r\n\tProcess Name:\t\tC:\\Windows\\System32\\services.exe\r\n\r\nNetwork Information:\r\n\tWorkstation Name:\t-\r\n\tSource Network Address:\t-\r\n\tSource Port:\t\t-\r\n\r\nDetailed Authentication Information:\r\n\tLogon Process:\t\tAdvapi  \r\n\tAuthentication Package:\tNegotiate\r\n\tTransited Services:\t-\r\n\tPackage Name (NTLM only):\t-\r\n\tKey Length:\t\t0\r\n\r\nThis event is generated when a logon session is created. It is generated on the computer that was accessed.\r\n\r\nThe subject fields indicate the account on the local system which requested the logon. This is most commonly a service such as the Server service, or a local process such as Winlogon.exe or Services.exe.\r\n\r\nThe logon type field indicates the kind of logon that occurred. The most common types are 2 (interactive) and 3 (network).\r\n\r\nThe New Logon fields indicate the account for whom the new logon was created, i.e. the account that was logged on.\r\n\r\nThe network fields indicate where a remote logon request originated. Workstation name is not always available and may be left blank in some cases.\r\n\r\nThe impersonation level field indicates the extent to which a process in the logon session can impersonate.\r\n\r\nThe authentication information fields provide detailed information about this specific logon request.\r\n\t- Logon GUID is a unique identifier that can be used to correlate this event with a KDC event.\r\n\t- Transited services indicate which intermediate services have participated in this logon request.\r\n\t- Package name indicates which sub-protocol was used among the NTLM protocols.\r\n\t- Key length indicates the length of the generated session key. This will be 0 if no session key was requested.",
        "TargetUserName":  "SYSTEM",
        "LogonType":  "5",
        "IpAddress":  "-",
        "Workstation":  "-"
    },
    {
        "timestamp":  "2026-08-10T13:02:48.0809069Z",
        "hostname":  "DC01.meddefense.local",
        "platform":  "Windows",
        "source_type":  "Security",
        "channel":  "Security",
        "event_id":  4624,
        "event_category":  "Logon",
        "provider":  "Microsoft-Windows-Security-Auditing",
        "raw_message":  "An account was successfully logged on.\r\n\r\nSubject:\r\n\tSecurity ID:\t\tS-1-5-18\r\n\tAccount Name:\t\tDC01$\r\n\tAccount Domain:\t\tMEDDEFENSE\r\n\tLogon ID:\t\t0x3E7\r\n\r\nLogon Information:\r\n\tLogon Type:\t\t7\r\n\tRestricted Admin Mode:\t-\r\n\tVirtual Account:\t\tNo\r\n\tElevated Token:\t\tNo\r\n\r\nImpersonation Level:\t\tImpersonation\r\n\r\nNew Logon:\r\n\tSecurity ID:\t\tS-1-5-21-1814653556-1550278643-4019151820-1107\r\n\tAccount Name:\t\tanalyst\r\n\tAccount Domain:\t\tMEDDEFENSE\r\n\tLogon ID:\t\t0x4E84D0\r\n\tLinked Logon ID:\t\t0x4E8424\r\n\tNetwork Account Name:\t-\r\n\tNetwork Account Domain:\t-\r\n\tLogon GUID:\t\t{00000000-0000-0000-0000-000000000000}\r\n\r\nProcess Information:\r\n\tProcess ID:\t\t0x284\r\n\tProcess Name:\t\tC:\\Windows\\System32\\lsass.exe\r\n\r\nNetwork Information:\r\n\tWorkstation Name:\tDC01\r\n\tSource Network Address:\t-\r\n\tSource Port:\t\t-\r\n\r\nDetailed Authentication Information:\r\n\tLogon Process:\t\tNegotiat\r\n\tAuthentication Package:\tNegotiate\r\n\tTransited Services:\t-\r\n\tPackage Name (NTLM only):\t-\r\n\tKey Length:\t\t0\r\n\r\nThis event is generated when a logon session is created. It is generated on the computer that was accessed.\r\n\r\nThe subject fields indicate the account on the local system which requested the logon. This is most commonly a service such as the Server service, or a local process such as Winlogon.exe or Services.exe.\r\n\r\nThe logon type field indicates the kind of logon that occurred. The most common types are 2 (interactive) and 3 (network).\r\n\r\nThe New Logon fields indicate the account for whom the new logon was created, i.e. the account that was logged on.\r\n\r\nThe network fields indicate where a remote logon request originated. Workstation name is not always available and may be left blank in some cases.\r\n\r\nThe impersonation level field indicates the extent to which a process in the logon session can impersonate.\r\n\r\nThe authentication information fields provide detailed information about this specific logon request.\r\n\t- Logon GUID is a unique identifier that can be used to correlate this event with a KDC event.\r\n\t- Transited services indicate which intermediate services have participated in this logon request.\r\n\t- Package name indicates which sub-protocol was used among the NTLM protocols.\r\n\t- Key length indicates the length of the generated session key. This will be 0 if no session key was requested.",
        "TargetUserName":  "analyst",
        "LogonType":  "7",
        "IpAddress":  "-",
        "Workstation":  "DC01"
    },
    {
        "timestamp":  "2026-08-10T13:02:48.0808936Z",
        "hostname":  "DC01.meddefense.local",
        "platform":  "Windows",
        "source_type":  "Security",
        "channel":  "Security",
        "event_id":  4624,
        "event_category":  "Logon",
        "provider":  "Microsoft-Windows-Security-Auditing",
        "raw_message":  "An account was successfully logged on.\r\n\r\nSubject:\r\n\tSecurity ID:\t\tS-1-5-18\r\n\tAccount Name:\t\tDC01$\r\n\tAccount Domain:\t\tMEDDEFENSE\r\n\tLogon ID:\t\t0x3E7\r\n\r\nLogon Information:\r\n\tLogon Type:\t\t7\r\n\tRestricted Admin Mode:\t-\r\n\tVirtual Account:\t\tNo\r\n\tElevated Token:\t\tYes\r\n\r\nImpersonation Level:\t\tImpersonation\r\n\r\nNew Logon:\r\n\tSecurity ID:\t\tS-1-5-21-1814653556-1550278643-4019151820-1107\r\n\tAccount Name:\t\tanalyst\r\n\tAccount Domain:\t\tMEDDEFENSE\r\n\tLogon ID:\t\t0x4E8424\r\n\tLinked Logon ID:\t\t0x4E84D0\r\n\tNetwork Account Name:\t-\r\n\tNetwork Account Domain:\t-\r\n\tLogon GUID:\t\t{efb41b2c-8c78-ec3e-9808-0d4b694d1ac1}\r\n\r\nProcess Information:\r\n\tProcess ID:\t\t0x284\r\n\tProcess Name:\t\tC:\\Windows\\System32\\lsass.exe\r\n\r\nNetwork Information:\r\n\tWorkstation Name:\tDC01\r\n\tSource Network Address:\t-\r\n\tSource Port:\t\t-\r\n\r\nDetailed Authentication Information:\r\n\tLogon Process:\t\tNegotiat\r\n\tAuthentication Package:\tNegotiate\r\n\tTransited Services:\t-\r\n\tPackage Name (NTLM only):\t-\r\n\tKey Length:\t\t0\r\n\r\nThis event is generated when a logon session is created. It is generated on the computer that was accessed.\r\n\r\nThe subject fields indicate the account on the local system which requested the logon. This is most commonly a service such as the Server service, or a local process such as Winlogon.exe or Services.exe.\r\n\r\nThe logon type field indicates the kind of logon that occurred. The most common types are 2 (interactive) and 3 (network).\r\n\r\nThe New Logon fields indicate the account for whom the new logon was created, i.e. the account that was logged on.\r\n\r\nThe network fields indicate where a remote logon request originated. Workstation name is not always available and may be left blank in some cases.\r\n\r\nThe impersonation level field indicates the extent to which a process in the logon session can impersonate.\r\n\r\nThe authentication information fields provide detailed information about this specific logon request.\r\n\t- Logon GUID is a unique identifier that can be used to correlate this event with a KDC event.\r\n\t- Transited services indicate which intermediate services have participated in this logon request.\r\n\t- Package name indicates which sub-protocol was used among the NTLM protocols.\r\n\t- Key length indicates the length of the generated session key. This will be 0 if no session key was requested.",
        "TargetUserName":  "analyst",
        "LogonType":  "7",
        "IpAddress":  "-",
        "Workstation":  "DC01"
    },
    {
        "timestamp":  "2026-08-10T13:02:48.0808770Z",
        "hostname":  "DC01.meddefense.local",
        "platform":  "Windows",
        "source_type":  "Security",
        "channel":  "Security",
        "event_id":  4648,
        "event_category":  "Logon",
        "provider":  "Microsoft-Windows-Security-Auditing",
        "raw_message":  "A logon was attempted using explicit credentials.\r\n\r\nSubject:\r\n\tSecurity ID:\t\tS-1-5-18\r\n\tAccount Name:\t\tDC01$\r\n\tAccount Domain:\t\tMEDDEFENSE\r\n\tLogon ID:\t\t0x3E7\r\n\tLogon GUID:\t\t{00000000-0000-0000-0000-000000000000}\r\n\r\nAccount Whose Credentials Were Used:\r\n\tAccount Name:\t\tanalyst\r\n\tAccount Domain:\t\tMEDDEFENSE\r\n\tLogon GUID:\t\t{efb41b2c-8c78-ec3e-9808-0d4b694d1ac1}\r\n\r\nTarget Server:\r\n\tTarget Server Name:\tlocalhost\r\n\tAdditional Information:\tlocalhost\r\n\r\nProcess Information:\r\n\tProcess ID:\t\t0x284\r\n\tProcess Name:\t\tC:\\Windows\\System32\\lsass.exe\r\n\r\nNetwork Information:\r\n\tNetwork Address:\t-\r\n\tPort:\t\t\t-\r\n\r\nThis event is generated when a process attempts to log on an account by explicitly specifying that account?s credentials.  This most commonly occurs in batch-type configurations such as scheduled tasks, or when using the RUNAS command."
    },
    {
        "timestamp":  "2026-08-10T13:02:47.9903104Z",
        "hostname":  "DC01.meddefense.local",
        "platform":  "Windows",
        "source_type":  "Security",
        "channel":  "Security",
        "event_id":  4624,
        "event_category":  "Logon",
        "provider":  "Microsoft-Windows-Security-Auditing",
        "raw_message":  "An account was successfully logged on.\r\n\r\nSubject:\r\n\tSecurity ID:\t\tS-1-5-18\r\n\tAccount Name:\t\tDC01$\r\n\tAccount Domain:\t\tMEDDEFENSE\r\n\tLogon ID:\t\t0x3E7\r\n\r\nLogon Information:\r\n\tLogon Type:\t\t7\r\n\tRestricted Admin Mode:\t-\r\n\tVirtual Account:\t\tNo\r\n\tElevated Token:\t\tNo\r\n\r\nImpersonation Level:\t\tImpersonation\r\n\r\nNew Logon:\r\n\tSecurity ID:\t\tS-1-5-21-1814653556-1550278643-4019151820-1107\r\n\tAccount Name:\t\tanalyst\r\n\tAccount Domain:\t\tMEDDEFENSE\r\n\tLogon ID:\t\t0x4E83D2\r\n\tLinked Logon ID:\t\t0x4E83C0\r\n\tNetwork Account Name:\t-\r\n\tNetwork Account Domain:\t-\r\n\tLogon GUID:\t\t{00000000-0000-0000-0000-000000000000}\r\n\r\nProcess Information:\r\n\tProcess ID:\t\t0x91c\r\n\tProcess Name:\t\tC:\\Windows\\System32\\svchost.exe\r\n\r\nNetwork Information:\r\n\tWorkstation Name:\tDC01\r\n\tSource Network Address:\t127.0.0.1\r\n\tSource Port:\t\t0\r\n\r\nDetailed Authentication Information:\r\n\tLogon Process:\t\tUser32 \r\n\tAuthentication Package:\tNegotiate\r\n\tTransited Services:\t-\r\n\tPackage Name (NTLM only):\t-\r\n\tKey Length:\t\t0\r\n\r\nThis event is generated when a logon session is created. It is generated on the computer that was accessed.\r\n\r\nThe subject fields indicate the account on the local system which requested the logon. This is most commonly a service such as the Server service, or a local process such as Winlogon.exe or Services.exe.\r\n\r\nThe logon type field indicates the kind of logon that occurred. The most common types are 2 (interactive) and 3 (network).\r\n\r\nThe New Logon fields indicate the account for whom the new logon was created, i.e. the account that was logged on.\r\n\r\nThe network fields indicate where a remote logon request originated. Workstation name is not always available and may be left blank in some cases.\r\n\r\nThe impersonation level field indicates the extent to which a process in the logon session can impersonate.\r\n\r\nThe authentication information fields provide detailed information about this specific logon request.\r\n\t- Logon GUID is a unique identifier that can be used to correlate this event with a KDC event.\r\n\t- Transited services indicate which intermediate services have participated in this logon request.\r\n\t- Package name indicates which sub-protocol was used among the NTLM protocols.\r\n\t- Key length indicates the length of the generated session key. This will be 0 if no session key was requested.",
        "TargetUserName":  "analyst",
        "LogonType":  "7",
        "IpAddress":  "127.0.0.1",
        "Workstation":  "DC01"
    },
    {
        "timestamp":  "2026-08-10T13:02:47.9902900Z",
        "hostname":  "DC01.meddefense.local",
        "platform":  "Windows",
        "source_type":  "Security",
        "channel":  "Security",
        "event_id":  4624,
        "event_category":  "Logon",
        "provider":  "Microsoft-Windows-Security-Auditing",
        "raw_message":  "An account was successfully logged on.\r\n\r\nSubject:\r\n\tSecurity ID:\t\tS-1-5-18\r\n\tAccount Name:\t\tDC01$\r\n\tAccount Domain:\t\tMEDDEFENSE\r\n\tLogon ID:\t\t0x3E7\r\n\r\nLogon Information:\r\n\tLogon Type:\t\t7\r\n\tRestricted Admin Mode:\t-\r\n\tVirtual Account:\t\tNo\r\n\tElevated Token:\t\tYes\r\n\r\nImpersonation Level:\t\tImpersonation\r\n\r\nNew Logon:\r\n\tSecurity ID:\t\tS-1-5-21-1814653556-1550278643-4019151820-1107\r\n\tAccount Name:\t\tanalyst\r\n\tAccount Domain:\t\tMEDDEFENSE\r\n\tLogon ID:\t\t0x4E83C0\r\n\tLinked Logon ID:\t\t0x4E83D2\r\n\tNetwork Account Name:\t-\r\n\tNetwork Account Domain:\t-\r\n\tLogon GUID:\t\t{00000000-0000-0000-0000-000000000000}\r\n\r\nProcess Information:\r\n\tProcess ID:\t\t0x91c\r\n\tProcess Name:\t\tC:\\Windows\\System32\\svchost.exe\r\n\r\nNetwork Information:\r\n\tWorkstation Name:\tDC01\r\n\tSource Network Address:\t127.0.0.1\r\n\tSource Port:\t\t0\r\n\r\nDetailed Authentication Information:\r\n\tLogon Process:\t\tUser32 \r\n\tAuthentication Package:\tNegotiate\r\n\tTransited Services:\t-\r\n\tPackage Name (NTLM only):\t-\r\n\tKey Length:\t\t0\r\n\r\nThis event is generated when a logon session is created. It is generated on the computer that was accessed.\r\n\r\nThe subject fields indicate the account on the local system which requested the logon. This is most commonly a service such as the Server service, or a local process such as Winlogon.exe or Services.exe.\r\n\r\nThe logon type field indicates the kind of logon that occurred. The most common types are 2 (interactive) and 3 (network).\r\n\r\nThe New Logon fields indicate the account for whom the new logon was created, i.e. the account that was logged on.\r\n\r\nThe network fields indicate where a remote logon request originated. Workstation name is not always available and may be left blank in some cases.\r\n\r\nThe impersonation level field indicates the extent to which a process in the logon session can impersonate.\r\n\r\nThe authentication information fields provide detailed information about this specific logon request.\r\n\t- Logon GUID is a unique identifier that can be used to correlate this event with a KDC event.\r\n\t- Transited services indicate which intermediate services have participated in this logon request.\r\n\t- Package name indicates which sub-protocol was used among the NTLM protocols.\r\n\t- Key length indicates the length of the generated session key. This will be 0 if no session key was requested.",
        "TargetUserName":  "analyst",
        "LogonType":  "7",
        "IpAddress":  "127.0.0.1",
        "Workstation":  "DC01"
    },
    {
        "timestamp":  "2026-08-10T13:02:47.9902637Z",
        "hostname":  "DC01.meddefense.local",
        "platform":  "Windows",
        "source_type":  "Security",
        "channel":  "Security",
        "event_id":  4648,
        "event_category":  "Logon",
        "provider":  "Microsoft-Windows-Security-Auditing",
        "raw_message":  "A logon was attempted using explicit credentials.\r\n\r\nSubject:\r\n\tSecurity ID:\t\tS-1-5-18\r\n\tAccount Name:\t\tDC01$\r\n\tAccount Domain:\t\tMEDDEFENSE\r\n\tLogon ID:\t\t0x3E7\r\n\tLogon GUID:\t\t{00000000-0000-0000-0000-000000000000}\r\n\r\nAccount Whose Credentials Were Used:\r\n\tAccount Name:\t\tanalyst\r\n\tAccount Domain:\t\tMEDDEFENSE\r\n\tLogon GUID:\t\t{00000000-0000-0000-0000-000000000000}\r\n\r\nTarget Server:\r\n\tTarget Server Name:\tlocalhost\r\n\tAdditional Information:\tlocalhost\r\n\r\nProcess Information:\r\n\tProcess ID:\t\t0x91c\r\n\tProcess Name:\t\tC:\\Windows\\System32\\svchost.exe\r\n\r\nNetwork Information:\r\n\tNetwork Address:\t127.0.0.1\r\n\tPort:\t\t\t0\r\n\r\nThis event is generated when a process attempts to log on an account by explicitly specifying that account?s credentials.  This most commonly occurs in batch-type configurations such as scheduled tasks, or when using the RUNAS command."
    },
