    {
        "timestamp":  "2026-08-10T13:03:09.9005650Z",
        "hostname":  "DC01.meddefense.local",
        "platform":  "Windows",
        "source_type":  "PowerShell",
        "channel":  "Microsoft-Windows-PowerShell/Operational",
        "event_id":  4103,
        "event_category":  "Executing Pipeline",
        "provider":  "Microsoft-Windows-PowerShell",
        "raw_message":  "CommandInvocation(Get-Process): \"Get-Process\"\r\nCommandInvocation(Out-Null): \"Out-Null\"\r\nParameterBinding(Out-Null): name=\"InputObject\"; value=\"System.Diagnostics.Process (AggregatorHost)\"\r\nParameterBinding(Out-Null): name=\"InputObject\"; value=\"System.Diagnostics.Process (conhost)\"\r\nParameterBinding(Out-Null): name=\"InputObject\"; value=\"System.Diagnostics.Process (csrss)\"\r\nParameterBinding(Out-Null): name=\"InputObject\"; value=\"System.Diagnostics.Process (csrss)\"\r\nParameterBinding(Out-Null): name=\"InputObject\"; value=\"System.Diagnostics.Process (ctfmon)\"\r\nParameterBinding(Out-Null): name=\"InputObject\"; value=\"System.Diagnostics.Process (dfsrs)\"\r\nParameterBinding(Out-Null): name=\"InputObject\"; value=\"System.Diagnostics.Process (dfssvc)\"\r\nParameterBinding(Out-Null): name=\"InputObject\"; value=\"System.Diagnostics.Process (dllhost)\"\r\nParameterBinding(Out-Null): name=\"InputObject\"; value=\"System.Diagnostics.Process (dllhost)\"\r\nParameterBinding(Out-Null): name=\"InputObject\"; value=\"System.Diagnostics.Process (dns)\"\r\nParameterBinding(Out-Null): name=\"InputObject\"; value=\"System.Diagnostics.Process (dwm)\"\r\nParameterBinding(Out-Null): name=\"InputObject\"; value=\"System.Diagnostics.Process (explorer)\"\r\nParameterBinding(Out-Null): name=\"InputObject\"; value=\"System.Diagnostics.Process (fontdrvhost)\"\r\nParameterBinding(Out-Null): name=\"InputObject\"; value=\"System.Diagnostics.Process (fontdrvhost)\"\r\nParameterBinding(Out-Null): name=\"InputObject\"; value=\"System.Diagnostics.Process (Idle)\"\r\nParameterBinding(Out-Null): name=\"InputObject\"; value=\"System.Diagnostics.Process (ismserv)\"\r\nParameterBinding(Out-Null): name=\"InputObject\"; value=\"System.Diagnostics.Process (LockApp)\"\r\nParameterBinding(Out-Null): name=\"InputObject\"; value=\"System.Diagnostics.Process (lsass)\"\r\nParameterBinding(Out-Null): name=\"InputObject\"; value=\"System.Diagnostics.Process (Microsoft.ActiveDirectory.WebServices)\"\r\nParameterBinding(Out-Null): name=\"InputObject\"; value=\"System.Diagnostics.Process (MicrosoftEdgeUpdate)\"\r\nParameterBinding(Out-Null): name=\"InputObject\"; value=\"System.Diagnostics.Process (MpDefenderCoreService)\"\r\nParameterBinding(Out-Null): name=\"InputObject\"; value=\"System.Diagnostics.Process (msdtc)\"\r\nParameterBinding(Out-Null): name=\"InputObject\"; value=\"System.Diagnostics.Process (MsMpEng)\"\r\nParameterBinding(Out-Null): name=\"InputObject\"; value=\"System.Diagnostics.Process (NisSrv)\"\r\nParameterBinding(Out-Null): name=\"InputObject\"; value=\"System.Diagnostics.Process (notepad)\"\r\nParameterBinding(Out-Null): name=\"InputObject\"; value=\"System.Diagnostics.Process (powershell)\"\r\nParameterBinding(Out-Null): name=\"InputObject\"; value=\"System.Diagnostics.Process (powershell)\"\r\nParameterBinding(Out-Null): name=\"InputObject\"; value=\"System.Diagnostics.Process (Registry)\"\r\nParameterBinding(Out-Null): name=\"InputObject\"; value=\"System.Diagnostics.Process (RuntimeBroker)\"\r\nParameterBinding(Out-Null): name=\"InputObject\"; value=\"System.Diagnostics.Process (RuntimeBroker)\"\r\nParameterBinding(Out-Null): name=\"InputObject\"; value=\"System.Diagnostics.Process (RuntimeBroker)\"\r\nParameterBinding(Out-Null): name=\"InputObject\"; value=\"System.Diagnostics.Process (RuntimeBroker)\"\r\nParameterBinding(Out-Null): name=\"InputObject\"; value=\"System.Diagnostics.Process (RuntimeBroker)\"\r\nParameterBinding(Out-Null): name=\"InputObject\"; value=\"System.Diagnostics.Process (SearchApp)\"\r\nParameterBinding(Out-Null): name=\"InputObject\"; value=\"System.Diagnostics.Process (services)\"\r\nParameterBinding(Out-Null): name=\"InputObject\"; value=\"System.Diagnostics.Process (ShellExperienceHost)\"\r\nParameterBinding(Out-Null): name=\"InputObject\"; value=\"System.Diagnostics.Process (sihost)\"\r\nParameterBinding(Out-Null): name=\"InputObject\"; value=\"System.Diagnostics.Process (smss)\"\r\nParameterBinding(Out-Null): name=\"InputObject\"; value=\"System.Diagnostics.Process (spoolsv)\"\r\nParameterBinding(Out-Null): name=\"InputObject\"; value=\"System.Diagnostics.Process (StartMenuExperienceHost)\"\r\nParameterBinding(Out-Null): name=\"InputObject\"; value=\"System.Diagnostics.Process (svchost)\"\r\nParameterBinding(Out-Null): name=\"InputObject\"; value=\"System.Diagnostics.Process (svchost)\"\r\nParameterBinding(Out-Null): name=\"InputObject\"; value=\"System.Diagnostics.Process (svchost)\"\r\nParameterBinding(Out-Null): name=\"InputObject\"; value=\"System.Diagnostics.Process (svchost)\"\r\nParameterBinding(Out-Null): name=\"InputObject\"; value=\"System.Diagnostics.Process (svchost)\"\r\nParameterBinding(Out-Null): name=\"InputObject\"; value=\"System.Diagnostics.Process (svchost)\"\r\nParameterBinding(Out-Null): name=\"InputObject\"; value=\"System.Diagnostics.Process (svchost)\"\r\nParameterBinding(Out-Null): name=\"InputObject\"; value=\"System.Diagnostics.Process (svchost)\"\r\nParameterBinding(Out-Null): name=\"InputObject\"; value=\"System.Diagnostics.Process (svchost)\"\r\nParameterBinding(Out-Null): name=\"InputObject\"; value=\"System.Diagnostics.Process (svchost)\"\r\nParameterBinding(Out-Null): name=\"InputObject\"; value=\"System.Diagnostics.Process (svchost)\"\r\nParameterBinding(Out-Null): name=\"InputObject\"; value=\"System.Diagnostics.Process (svchost)\"\r\nParameterBinding(Out-Null): name=\"InputObject\"; value=\"System.Diagnostics.Process (svchost)\"\r\nParameterBinding(Out-Null): name=\"InputObject\"; value=\"System.Diagnostics.Process (svchost)\"\r\nParameterBinding(Out-Null): name=\"InputObject\"; value=\"System.Diagnostics.Process (svchost)\"\r\nParameterBinding(Out-Null): name=\"InputObject\"; value=\"System.Diagnostics.Process (svchost)\"\r\nParameterBinding(Out-Null): name=\"InputObject\"; value=\"System.Diagnostics.Process (svchost)\"\r\nParameterBinding(Out-Null): name=\"InputObject\"; value=\"System.Diagnostics.Process (svchost)\"\r\nParameterBinding(Out-Null): name=\"InputObject\"; value=\"System.Diagnostics.Process (svchost)\"\r\nParameterBinding(Out-Null): name=\"InputObject\"; value=\"System.Diagnostics.Process (svchost)\"\r\nParameterBinding(Out-Null): name=\"InputObject\"; value=\"System.Diagnostics.Process (svchost)\"\r\nParameterBinding(Out-Null): name=\"InputObject\"; value=\"System.Diagnostics.Process (svchost)\"\r\nParameterBinding(Out-Null): name=\"InputObject\"; value=\"System.Diagnostics.Process (svchost)\"\r\nParameterBinding(Out-Null): name=\"InputObject\"; value=\"System.Diagnostics.Process (svchost)\"\r\nParameterBinding(Out-Null): name=\"InputObject\"; value=\"System.Diagnostics.Process (svchost)\"\r\nParameterBinding(Out-Null): name=\"InputObject\"; value=\"System.Diagnostics.Process (svchost)\"\r\nParameterBinding(Out-Null): name=\"InputObject\"; value=\"System.Diagnostics.Process (svchost)\"\r\nParameterBinding(Out-Null): name=\"InputObject\"; value=\"System.Diagnostics.Process (svchost)\"\r\nParameterBinding(Out-Null): name=\"InputObject\"; value=\"System.Diagnostics.Process (svchost)\"\r\nParameterBinding(Out-Null): name=\"InputObject\"; value=\"System.Diagnostics.Process (svchost)\"\r\nParameterBinding(Out-Null): name=\"InputObject\"; value=\"System.Diagnostics.Process (svchost)\"\r\nParameterBinding(Out-Null): name=\"InputObject\"; value=\"System.Diagnostics.Process (svchost)\"\r\nParameterBinding(Out-Null): name=\"InputObject\"; value=\"System.Diagnostics.Process (svchost)\"\r\nParameterBinding(Out-Null): name=\"InputObject\"; value=\"System.Diagnostics.Process (svchost)\"\r\nParameterBinding(Out-Null): name=\"InputObject\"; value=\"System.Diagnostics.Process (svchost)\"\r\nParameterBinding(Out-Null): name=\"InputObject\"; value=\"System.Diagnostics.Process (svchost)\"\r\nParameterBinding(Out-Null): name=\"InputObject\"; value=\"System.Diagnostics.Process (svchost)\"\r\nParameterBinding(Out-Null): name=\"InputObject\"; value=\"System.Diagnostics.Process (svchost)\"\r\nParameterBinding(Out-Null): name=\"InputObject\"; value=\"System.Diagnostics.Process (svchost)\"\r\nParameterBinding(Out-Null): name=\"InputObject\"; value=\"System.Diagnostics.Process (svchost)\"\r\nParameterBinding(Out-Null): name=\"InputObject\"; value=\"System.Diagnostics.Process (svchost)\"\r\nParameterBinding(Out-Null): name=\"InputObject\"; value=\"System.Diagnostics.Process (svchost)\"\r\nParameterBinding(Out-Null): name=\"InputObject\"; value=\"System.Diagnostics.Process (svchost)\"\r\nParameterBinding(Out-Null): name=\"InputObject\"; value=\"System.Diagnostics.Process (svchost)\"\r\nParameterBinding(Out-Null): name=\"InputObject\"; value=\"System.Diagnostics.Process (svchost)\"\r\nParameterBinding(Out-Null): name=\"InputObject\"; value=\"System.Diagnostics.Process (svchost)\"\r\nParameterBinding(Out-Null): name=\"InputObject\"; value=\"System.Diagnostics.Process (svchost)\"\r\nParameterBinding(Out-Null): name=\"InputObject\"; value=\"System.Diagnostics.Process (svchost)\"\r\nParameterBinding(Out-Null): name=\"InputObject\"; value=\"System.Diagnostics.Process (svchost)\"\r\nParameterBinding(Out-Null): name=\"InputObject\"; value=\"System.Diagnostics.Process (svchost)\"\r\nParameterBinding(Out-Null): name=\"InputObject\"; value=\"System.Diagnostics.Process (svchost)\"\r\nParameterBinding(Out-Null): name=\"InputObject\"; value=\"System.Diagnostics.Process (svchost)\"\r\nParameterBinding(Out-Null): name=\"InputObject\"; value=\"System.Diagnostics.Process (svchost)\"\r\nParameterBinding(Out-Null): name=\"InputObject\"; value=\"System.Diagnostics.Process (svchost)\"\r\nParameterBinding(Out-Null): name=\"InputObject\"; value=\"System.Diagnostics.Process (svchost)\"\r\nParameterBinding(Out-Null): name=\"InputObject\"; value=\"System.Diagnostics.Process (svchost)\"\r\nParameterBinding(Out-Null): name=\"InputObject\"; value=\"System.Diagnostics.Process (svchost)\"\r\nParameterBinding(Out-Null): name=\"InputObject\"; value=\"System.Diagnostics.Process (svchost)\"\r\nParameterBinding(Out-Null): name=\"InputObject\"; value=\"System.Diagnostics.Process (svchost)\"\r\nParameterBinding(Out-Null): name=\"InputObject\"; value=\"System.Diagnostics.Process (svchost)\"\r\nParameterBinding(Out-Null): name=\"InputObject\"; value=\"System.Diagnostics.Process (svchost)\"\r\nParameterBinding(Out-Null): name=\"InputObject\"; value=\"System.Diagnostics.Process (svchost)\"\r\nParameterBinding(Out-Null): name=\"InputObject\"; value=\"System.Diagnostics.Process (svchost)\"\r\nParameterBinding(Out-Null): name=\"InputObject\"; value=\"System.Diagnostics.Process (svchost)\"\r\nParameterBinding(Out-Null): name=\"InputObject\"; value=\"System.Diagnostics.Process (Sysmon64)\"\r\nParameterBinding(Out-Null): name=\"InputObject\"; value=\"System.Diagnostics.Process (System)\"\r\nParameterBinding(Out-Null): name=\"InputObject\"; value=\"System.Diagnostics.Process (taskhostw)\"\r\nParameterBinding(Out-Null): name=\"InputObject\"; value=\"System.Diagnostics.Process (TextInputHost)\"\r\nParameterBinding(Out-Null): name=\"InputObject\"; value=\"System.Diagnostics.Process (unsecapp)\"\r\nParameterBinding(Out-Null): name=\"InputObject\"; value=\"System.Diagnostics.Process (VBoxService)\"\r\nParameterBinding(Out-Null): name=\"InputObject\"; value=\"System.Diagnostics.Process (VBoxTray)\"\r\nParameterBinding(Out-Null): name=\"InputObject\"; value=\"System.Diagnostics.Process (vds)\"\r\nParameterBinding(Out-Null): name=\"InputObject\"; value=\"System.Diagnostics.Process (wininit)\"\r\nParameterBinding(Out-Null): name=\"InputObject\"; value=\"System.Diagnostics.Process (winlogon)\"\r\nParameterBinding(Out-Null): name=\"InputObject\"; value=\"System.Diagnostics.Process (wlms)\"\r\n\r\n\r\nContext:\r\n        Severity = Informational\r\n        Host Name = ConsoleHost\r\n        Host Version = 5.1.20348.558\r\n        Host ID = e45e6de1-c964-45e9-897c-2e14f4387885\r\n        Host Application = C:\\Windows\\System32\\WindowsPowerShell\\v1.0\\powershell.exe -NoProfile -Command Get-Process | Out-Null; Write-Host \u0027PSLOG_0a35d10253864fc8a3764764a26935ac\u0027\r\n        Engine Version = 5.1.20348.558\r\n        Runspace ID = 95d51c56-0074-4a8d-b1b8-743ff8606337\r\n        Pipeline ID = 1\r\n        Command Name = Get-Process\r\n        Command Type = Cmdlet\r\n        Script Name = \r\n        Command Path = \r\n        Sequence Number = 16\r\n        User = MEDDEFENSE\\analyst\r\n        Connected User = \r\n        Shell ID = Microsoft.PowerShell\r\n\r\n\r\nUser Data:\r\n\r\n"
    },
    {
        "timestamp":  "2026-08-10T13:03:09.8442366Z",
        "hostname":  "DC01.meddefense.local",
        "platform":  "Windows",
        "source_type":  "PowerShell",
        "channel":  "Microsoft-Windows-PowerShell/Operational",
        "event_id":  4104,
        "event_category":  "Execute a Remote Command",
        "provider":  "Microsoft-Windows-PowerShell",
        "raw_message":  "Creating Scriptblock text (1 of 1):\r\nGet-Process | Out-Null; Write-Host \u0027PSLOG_0a35d10253864fc8a3764764a26935ac\u0027\r\n\r\nScriptBlock ID: 5bd2dd99-4322-4463-8508-a12308fa968a\r\nPath: ",
        "ScriptBlockText":  "Get-Process | Out-Null; Write-Host \u0027PSLOG_0a35d10253864fc8a3764764a26935ac\u0027"
    },
    {
        "timestamp":  "2026-08-10T13:03:09.7825252Z",
        "hostname":  "DC01.meddefense.local",
        "platform":  "Windows",
        "source_type":  "PowerShell",
        "channel":  "Microsoft-Windows-PowerShell/Operational",
        "event_id":  40962,
        "event_category":  "PowerShell Console Startup",
        "provider":  "Microsoft-Windows-PowerShell",
        "raw_message":  "PowerShell console is ready for user input"
    },
    {
        "timestamp":  "2026-08-10T13:03:09.7151353Z",
        "hostname":  "DC01.meddefense.local",
        "platform":  "Windows",
        "source_type":  "PowerShell",
        "channel":  "Microsoft-Windows-PowerShell/Operational",
        "event_id":  53504,
        "event_category":  "PowerShell Named Pipe IPC",
        "provider":  "Microsoft-Windows-PowerShell",
        "raw_message":  "Windows PowerShell has started an IPC listening thread on process: 4800 in AppDomain: DefaultAppDomain."
    },
    {
        "timestamp":  "2026-08-10T13:03:09.5762251Z",
        "hostname":  "DC01.meddefense.local",
        "platform":  "Windows",
        "source_type":  "PowerShell",
        "channel":  "Microsoft-Windows-PowerShell/Operational",
        "event_id":  40961,
        "event_category":  "PowerShell Console Startup",
        "provider":  "Microsoft-Windows-PowerShell",
        "raw_message":  "PowerShell console is starting up"
    },
    {
        "timestamp":  "2026-08-10T13:03:09.4639867Z",
        "hostname":  "DC01.meddefense.local",
        "platform":  "Windows",
        "source_type":  "PowerShell",
        "channel":  "Microsoft-Windows-PowerShell/Operational",
        "event_id":  4104,
        "event_category":  "Execute a Remote Command",
        "provider":  "Microsoft-Windows-PowerShell",
        "raw_message":  "Creating Scriptblock text (1 of 1):\r\n\u003c#\r\n.SYNOPSIS\r\n2-powershell_logging_validation.ps1\r\n\r\n.DESCRIPTION\r\nValidates PowerShell ScriptBlock logging, encoded commands, module logging,\r\nmulti-line ScriptBlock capture, and Transcript output.\r\n\r\n.NOTES\r\nScript Name: 2-powershell_logging_validation.ps1\r\nPurpose: Validate PowerShell logging coverage\r\nAuthor: Tristeceratops\r\nDate: 10/08/2026\r\n#\u003e\r\n\r\nSet-StrictMode -Version Latest\r\n$ErrorActionPreference = \u0027SilentlyContinue\u0027\r\n\r\nWrite-Host \u0027[*] Testing PowerShell logging coverage...\u0027\r\n\r\n$StartTime = Get-Date\r\n$Marker = \"PSLOG_$([guid]::NewGuid().ToString(\u0027N\u0027))\"\r\n$TranscriptDirectory = \u0027C:\\PSTranscripts\u0027\r\n$Captured = 0\r\n$Missed = 0\r\n\r\nfunction Get-LoggedEvent {\r\nparam (\r\n[int]$EventId,\r\n[string]$SearchText\r\n)\r\n\r\nGet-WinEvent -FilterHashtable @{\r\n    LogName   = \u0027Microsoft-Windows-PowerShell/Operational\u0027\r\n    Id        = $EventId\r\n    StartTime = $StartTime\r\n} -ErrorAction SilentlyContinue |\r\n    Where-Object {\r\n        $_.Message -match [regex]::Escape($SearchText)\r\n    } |\r\n    Select-Object -First 1\r\n\r\n}\r\n\r\nWrite-Host \u0027    [1/5] Simple command (Get-Process)...\u0027\r\n\r\npowershell.exe -NoProfile -Command \"Get-Process | Out-Null; Write-Host \u0027$Marker\u0027\" |\r\nOut-Null\r\n\r\n$Event4104 = Get-LoggedEvent -EventId 4104 -SearchText \u0027Get-Process\u0027\r\n\r\nif ($null -ne $Event4104) {\r\nWrite-Host \u0027          EID 4104 ScriptBlock: \"Get-Process\" CAPTURED [PASS]\u0027\r\nWrite-Host \u0027          Detail: full\u0027\r\n$Captured++\r\n}\r\nelse {\r\nWrite-Host \u0027          EID 4104 ScriptBlock: \"Get-Process\" MISSED [FAIL]\u0027\r\nWrite-Host \u0027          Detail: partial\u0027\r\n$Missed++\r\n}\r\n\r\nWrite-Host \u0027    [2/5] Encoded command...\u0027\r\n\r\n$EncodedText = \u0027Write-Host \"Test\"\u0027\r\n$EncodedCommand = [Convert]::ToBase64String(\r\n[Text.Encoding]::Unicode.GetBytes($EncodedText)\r\n)\r\n\r\nWrite-Host \"          Input: -enc $EncodedCommand\"\r\nWrite-Host \"          EncodedCommand: $EncodedCommand\"\r\n\r\npowershell.exe -NoProfile -EncodedCommand $EncodedCommand |\r\nOut-Null\r\n\r\n$Event4104 = Get-LoggedEvent -EventId 4104 -SearchText \u0027Write-Host\u0027\r\n\r\nif ($null -ne $Event4104) {\r\nWrite-Host \u0027          EID 4104: decoded Write-Host captured [PASS]\u0027\r\nWrite-Host \u0027          Detail: full\u0027\r\n$Captured++\r\n}\r\nelse {\r\nWrite-Host \u0027          EID 4104: decoded command MISSED [FAIL]\u0027\r\nWrite-Host \u0027          Detail: partial\u0027\r\n$Missed++\r\n}\r\n\r\nWrite-Host \u0027    [3/5] Module import...\u0027\r\n\r\npowershell.exe -NoProfile -Command @\"\r\nImport-Module ActiveDirectory -ErrorAction SilentlyContinue\r\nWrite-Host \u0027$Marker\u0027\r\n\"@ | Out-Null\r\n\r\n$Event4103 = Get-LoggedEvent -EventId 4103 -SearchText \u0027ActiveDirectory\u0027\r\n\r\nif ($null -ne $Event4103) {\r\nWrite-Host \u0027          EID 4103: Import-Module ActiveDirectory CAPTURED [PASS]\u0027\r\nWrite-Host \u0027          Detail: full\u0027\r\n$Captured++\r\n}\r\nelse {\r\nWrite-Host \u0027          EID 4103: Import-Module ActiveDirectory MISSED [FAIL]\u0027\r\nWrite-Host \u0027          Detail: partial\u0027\r\n$Missed++\r\n}\r\n\r\nWrite-Host \u0027    [4/5] multi-line script block...\u0027\r\n\r\n$MultiLineScript = @\u0027\r\n$A = \"PSLOG\"\r\n$B = \"Validation\"\r\n$C = \"Test\"\r\nWrite-Host \"$A $B $C\"\r\n\u0027@\r\n\r\npowershell.exe -NoProfile -Command $MultiLineScript |\r\nOut-Null\r\n\r\n$MultiLineEvent = Get-WinEvent -FilterHashtable @{\r\nLogName   = \u0027Microsoft-Windows-PowerShell/Operational\u0027\r\nId        = 4104\r\nStartTime = $StartTime\r\n} -ErrorAction SilentlyContinue |\r\nWhere-Object {\r\n$*.Message -match \u0027$A\\s*=\\s*\"PSLOG\"\u0027 -and\r\n$*.Message -match \u0027$B\\s*=\\s*\"Validation\"\u0027 -and\r\n$*.Message -match \u0027$C\\s*=\\s*\"Test\"\u0027 -and\r\n$*.Message -match \u0027Write-Host\u0027\r\n} |\r\nSelect-Object -First 1\r\n\r\nif ($null -ne $MultiLineEvent) {\r\nWrite-Host \u0027          EID 4104: Full multi-line block CAPTURED [PASS]\u0027\r\nWrite-Host \u0027          Detail: full\u0027\r\n$Captured++\r\n}\r\nelse {\r\nWrite-Host \u0027          EID 4104: multi-line block MISSED [FAIL]\u0027\r\nWrite-Host \u0027          Detail: partial\u0027\r\n$Missed++\r\n}\r\n\r\nWrite-Host \u0027    [5/5] Transcript file...\u0027\r\n\r\n$TranscriptFile = Join-Path $TranscriptDirectory \"PowerShell_$Marker.txt\"\r\n\r\npowershell.exe -NoProfile -Command @\"\r\nStart-Transcript -Path \u0027$TranscriptFile\u0027 -Force\r\nWrite-Host \u0027$Marker\u0027\r\nGet-Date\r\nStop-Transcript\r\n\"@ | Out-Null\r\n\r\n$Transcript = Get-ChildItem -Path $TranscriptDirectory `\r\n-Filter \u0027*.txt\u0027 -ErrorAction SilentlyContinue |\r\nWhere-Object {\r\n$_.Name -like \"*$Marker*.txt\"\r\n} |\r\nSelect-Object -First 1\r\n\r\nif ($null -ne $Transcript) {\r\n$TranscriptContent = Get-Content -LiteralPath $Transcript.FullName -Raw\r\n\r\nif ($TranscriptContent -match $Marker) {\r\n    Write-Host \"          C:\\PSTranscripts\\*.txt Transcript CAPTURED [PASS]\"\r\n    Write-Host \u0027          Detail: full\u0027\r\n    $Captured++\r\n}\r\nelse {\r\n    Write-Host \u0027          C:\\PSTranscripts\\*.txt Transcript MISSED [FAIL]\u0027\r\n    Write-Host \u0027          Detail: partial\u0027\r\n    $Missed++\r\n}\r\n\r\n}\r\nelse {\r\nWrite-Host \u0027          C:\\PSTranscripts*.txt Transcript MISSED [FAIL]\u0027\r\nWrite-Host \u0027          Detail: partial\u0027\r\n$Missed++\r\n}\r\n\r\nWrite-Host \"Tests: 5 | CAPTURED: $Captured | MISSED: $Missed\"\r\n\r\n\r\nScriptBlock ID: 6ee7f22f-89dc-438f-a295-806c2ef1628b\r\nPath: C:\\Users\\analyst\\Documents\\2x02\\3.ps1",
        "ScriptBlockText":  "\u003c#\n.SYNOPSIS\n2-powershell_logging_validation.ps1\n\n.DESCRIPTION\nValidates PowerShell ScriptBlock logging, encoded commands, module logging,\nmulti-line ScriptBlock capture, and Transcript output.\n\n.NOTES\nScript Name: 2-powershell_logging_validation.ps1\nPurpose: Validate PowerShell logging coverage\nAuthor: Tristeceratops\nDate: 10/08/2026\n#\u003e\n\nSet-StrictMode -Version Latest\n$ErrorActionPreference = \u0027SilentlyContinue\u0027\n\nWrite-Host \u0027[*] Testing PowerShell logging coverage...\u0027\n\n$StartTime = Get-Date\n$Marker = \"PSLOG_$([guid]::NewGuid().ToString(\u0027N\u0027))\"\n$TranscriptDirectory = \u0027C:\\PSTranscripts\u0027\n$Captured = 0\n$Missed = 0\n\nfunction Get-LoggedEvent {\nparam (\n[int]$EventId,\n[string]$SearchText\n)\n\nGet-WinEvent -FilterHashtable @{\n    LogName   = \u0027Microsoft-Windows-PowerShell/Operational\u0027\n    Id        = $EventId\n    StartTime = $StartTime\n} -ErrorAction SilentlyContinue |\n    Where-Object {\n        $_.Message -match [regex]::Escape($SearchText)\n    } |\n    Select-Object -First 1\n\n}\n\nWrite-Host \u0027    [1/5] Simple command (Get-Process)...\u0027\n\npowershell.exe -NoProfile -Command \"Get-Process | Out-Null; Write-Host \u0027$Marker\u0027\" |\nOut-Null\n\n$Event4104 = Get-LoggedEvent -EventId 4104 -SearchText \u0027Get-Process\u0027\n\nif ($null -ne $Event4104) {\nWrite-Host \u0027          EID 4104 ScriptBlock: \"Get-Process\" CAPTURED [PASS]\u0027\nWrite-Host \u0027          Detail: full\u0027\n$Captured++\n}\nelse {\nWrite-Host \u0027          EID 4104 ScriptBlock: \"Get-Process\" MISSED [FAIL]\u0027\nWrite-Host \u0027          Detail: partial\u0027\n$Missed++\n}\n\nWrite-Host \u0027    [2/5] Encoded command...\u0027\n\n$EncodedText = \u0027Write-Host \"Test\"\u0027\n$EncodedCommand = [Convert]::ToBase64String(\n[Text.Encoding]::Unicode.GetBytes($EncodedText)\n)\n\nWrite-Host \"          Input: -enc $EncodedCommand\"\nWrite-Host \"          EncodedCommand: $EncodedCommand\"\n\npowershell.exe -NoProfile -EncodedCommand $EncodedCommand |\nOut-Null\n\n$Event4104 = Get-LoggedEvent -EventId 4104 -SearchText \u0027Write-Host\u0027\n\nif ($null -ne $Event4104) {\nWrite-Host \u0027          EID 4104: decoded Write-Host captured [PASS]\u0027\nWrite-Host \u0027          Detail: full\u0027\n$Captured++\n}\nelse {\nWrite-Host \u0027          EID 4104: decoded command MISSED [FAIL]\u0027\nWrite-Host \u0027          Detail: partial\u0027\n$Missed++\n}\n\nWrite-Host \u0027    [3/5] Module import...\u0027\n\npowershell.exe -NoProfile -Command @\"\nImport-Module ActiveDirectory -ErrorAction SilentlyContinue\nWrite-Host \u0027$Marker\u0027\n\"@ | Out-Null\n\n$Event4103 = Get-LoggedEvent -EventId 4103 -SearchText \u0027ActiveDirectory\u0027\n\nif ($null -ne $Event4103) {\nWrite-Host \u0027          EID 4103: Import-Module ActiveDirectory CAPTURED [PASS]\u0027\nWrite-Host \u0027          Detail: full\u0027\n$Captured++\n}\nelse {\nWrite-Host \u0027          EID 4103: Import-Module ActiveDirectory MISSED [FAIL]\u0027\nWrite-Host \u0027          Detail: partial\u0027\n$Missed++\n}\n\nWrite-Host \u0027    [4/5] multi-line script block...\u0027\n\n$MultiLineScript = @\u0027\n$A = \"PSLOG\"\n$B = \"Validation\"\n$C = \"Test\"\nWrite-Host \"$A $B $C\"\n\u0027@\n\npowershell.exe -NoProfile -Command $MultiLineScript |\nOut-Null\n\n$MultiLineEvent = Get-WinEvent -FilterHashtable @{\nLogName   = \u0027Microsoft-Windows-PowerShell/Operational\u0027\nId        = 4104\nStartTime = $StartTime\n} -ErrorAction SilentlyContinue |\nWhere-Object {\n$*.Message -match \u0027$A\\s*=\\s*\"PSLOG\"\u0027 -and\n$*.Message -match \u0027$B\\s*=\\s*\"Validation\"\u0027 -and\n$*.Message -match \u0027$C\\s*=\\s*\"Test\"\u0027 -and\n$*.Message -match \u0027Write-Host\u0027\n} |\nSelect-Object -First 1\n\nif ($null -ne $MultiLineEvent) {\nWrite-Host \u0027          EID 4104: Full multi-line block CAPTURED [PASS]\u0027\nWrite-Host \u0027          Detail: full\u0027\n$Captured++\n}\nelse {\nWrite-Host \u0027          EID 4104: multi-line block MISSED [FAIL]\u0027\nWrite-Host \u0027          Detail: partial\u0027\n$Missed++\n}\n\nWrite-Host \u0027    [5/5] Transcript file...\u0027\n\n$TranscriptFile = Join-Path $TranscriptDirectory \"PowerShell_$Marker.txt\"\n\npowershell.exe -NoProfile -Command @\"\nStart-Transcript -Path \u0027$TranscriptFile\u0027 -Force\nWrite-Host \u0027$Marker\u0027\nGet-Date\nStop-Transcript\n\"@ | Out-Null\n\n$Transcript = Get-ChildItem -Path $TranscriptDirectory `\n-Filter \u0027*.txt\u0027 -ErrorAction SilentlyContinue |\nWhere-Object {\n$_.Name -like \"*$Marker*.txt\"\n} |\nSelect-Object -First 1\n\nif ($null -ne $Transcript) {\n$TranscriptContent = Get-Content -LiteralPath $Transcript.FullName -Raw\n\nif ($TranscriptContent -match $Marker) {\n    Write-Host \"          C:\\PSTranscripts\\*.txt Transcript CAPTURED [PASS]\"\n    Write-Host \u0027          Detail: full\u0027\n    $Captured++\n}\nelse {\n    Write-Host \u0027          C:\\PSTranscripts\\*.txt Transcript MISSED [FAIL]\u0027\n    Write-Host \u0027          Detail: partial\u0027\n    $Missed++\n}\n\n}\nelse {\nWrite-Host \u0027          C:\\PSTranscripts*.txt Transcript MISSED [FAIL]\u0027\nWrite-Host \u0027          Detail: partial\u0027\n$Missed++\n}\n\nWrite-Host \"Tests: 5 | CAPTURED: $Captured | MISSED: $Missed\"\n"
    },
    {
        "timestamp":  "2026-08-10T12:41:03.9745396Z",
        "hostname":  "DC01.meddefense.local",
        "platform":  "Windows",
        "source_type":  "PowerShell",
        "channel":  "Microsoft-Windows-PowerShell/Operational",
        "event_id":  4100,
        "event_category":  "Executing Pipeline",
        "provider":  "Microsoft-Windows-PowerShell",
        "raw_message":  "Error Message = System error.\r\n\r\n\r\nContext:\r\n        Severity = Warning\r\n        Host Name = ConsoleHost\r\n        Host Version = 5.1.20348.558\r\n        Host ID = 5b8d59e3-eff6-4b3d-9a23-aabf8f6654f6\r\n        Host Application = C:\\Windows\\System32\\WindowsPowerShell\\v1.0\\powershell.exe\r\n        Engine Version = 5.1.20348.558\r\n        Runspace ID = a9ae440b-97bd-409b-a1c5-e94d1356cef2\r\n        Pipeline ID = 228\r\n        Command Name = \r\n        Command Type = \r\n        Script Name = \r\n        Command Path = \r\n        Sequence Number = 25\r\n        User = MEDDEFENSE\\analyst\r\n        Connected User = \r\n        Shell ID = Microsoft.PowerShell\r\n\r\n\r\nUser Data:\r\n\r\n"
    },
    {
        "timestamp":  "2026-08-10T12:41:03.7861606Z",
        "hostname":  "DC01.meddefense.local",
        "platform":  "Windows",
        "source_type":  "PowerShell",
        "channel":  "Microsoft-Windows-PowerShell/Operational",
        "event_id":  4104,
        "event_category":  "Execute a Remote Command",
        "provider":  "Microsoft-Windows-PowerShell",
        "raw_message":  "Creating Scriptblock text (1 of 1):\r\n$global:?\r\n\r\nScriptBlock ID: 26719453-5d2f-45f9-9880-c91dcd5695f3\r\nPath: ",
        "ScriptBlockText":  "$global:?"
    },
    {
        "timestamp":  "2026-08-10T12:41:03.7832588Z",
        "hostname":  "DC01.meddefense.local",
        "platform":  "Windows",
        "source_type":  "PowerShell",
        "channel":  "Microsoft-Windows-PowerShell/Operational",
        "event_id":  4103,
        "event_category":  "Executing Pipeline",
        "provider":  "Microsoft-Windows-PowerShell",
        "raw_message":  "CommandInvocation(Out-Default): \"Out-Default\"\r\nParameterBinding(Out-Default): name=\"InputObject\"; value=\"Transcript started, output file is C:\\PSTranscripts\\PowerShell_PSLOG_ce88b147531b49999f854c0850a027a3.txt\"\r\nParameterBinding(Out-Default): name=\"InputObject\"; value=\"8/10/2026 2:41:03 PM\"\r\nParameterBinding(Out-Default): name=\"InputObject\"; value=\"Transcript stopped, output file is C:\\PSTranscripts\\PowerShell_PSLOG_ce88b147531b49999f854c0850a027a3.txt\"\r\n\r\n\r\nContext:\r\n        Severity = Informational\r\n        Host Name = ConsoleHost\r\n        Host Version = 5.1.20348.558\r\n        Host ID = bc86023b-c38a-42dd-b79a-a4c6e0533a0f\r\n        Host Application = C:\\Windows\\System32\\WindowsPowerShell\\v1.0\\powershell.exe -NoProfile -Command Start-Transcript -Path \u0027C:\\PSTranscripts\\PowerShell_PSLOG_ce88b147531b49999f854c0850a027a3.txt\u0027 -Force\r\nWrite-Host \u0027PSLOG_ce88b147531b49999f854c0850a027a3\u0027\r\nGet-Date\r\nStop-Transcript\r\n        Engine Version = 5.1.20348.558\r\n        Runspace ID = 4acf1326-0677-435d-9cf7-0e985d39bbc5\r\n        Pipeline ID = 1\r\n        Command Name = \r\n        Command Type = Script\r\n        Script Name = \r\n        Command Path = \r\n        Sequence Number = 28\r\n        User = MEDDEFENSE\\analyst\r\n        Connected User = \r\n        Shell ID = Microsoft.PowerShell\r\n\r\n\r\nUser Data:\r\n\r\n"
    },
    {
        "timestamp":  "2026-08-10T12:41:03.7819339Z",
        "hostname":  "DC01.meddefense.local",
        "platform":  "Windows",
        "source_type":  "PowerShell",
        "channel":  "Microsoft-Windows-PowerShell/Operational",
        "event_id":  4103,
        "event_category":  "Executing Pipeline",
        "provider":  "Microsoft-Windows-PowerShell",
        "raw_message":  "CommandInvocation(Stop-Transcript): \"Stop-Transcript\"\r\n\r\n\r\nContext:\r\n        Severity = Informational\r\n        Host Name = ConsoleHost\r\n        Host Version = 5.1.20348.558\r\n        Host ID = bc86023b-c38a-42dd-b79a-a4c6e0533a0f\r\n        Host Application = C:\\Windows\\System32\\WindowsPowerShell\\v1.0\\powershell.exe -NoProfile -Command Start-Transcript -Path \u0027C:\\PSTranscripts\\PowerShell_PSLOG_ce88b147531b49999f854c0850a027a3.txt\u0027 -Force\r\nWrite-Host \u0027PSLOG_ce88b147531b49999f854c0850a027a3\u0027\r\nGet-Date\r\nStop-Transcript\r\n        Engine Version = 5.1.20348.558\r\n        Runspace ID = 4acf1326-0677-435d-9cf7-0e985d39bbc5\r\n        Pipeline ID = 1\r\n        Command Name = Stop-Transcript\r\n        Command Type = Cmdlet\r\n        Script Name = \r\n        Command Path = \r\n        Sequence Number = 26\r\n        User = MEDDEFENSE\\analyst\r\n        Connected User = \r\n        Shell ID = Microsoft.PowerShell\r\n\r\n\r\nUser Data:\r\n\r\n"
    },
    {
        "timestamp":  "2026-08-10T12:41:03.6638418Z",
        "hostname":  "DC01.meddefense.local",
        "platform":  "Windows",
        "source_type":  "PowerShell",
        "channel":  "Microsoft-Windows-PowerShell/Operational",
        "event_id":  4103,
        "event_category":  "Executing Pipeline",
        "provider":  "Microsoft-Windows-PowerShell",
        "raw_message":  "CommandInvocation(Get-Date): \"Get-Date\"\r\n\r\n\r\nContext:\r\n        Severity = Informational\r\n        Host Name = ConsoleHost\r\n        Host Version = 5.1.20348.558\r\n        Host ID = bc86023b-c38a-42dd-b79a-a4c6e0533a0f\r\n        Host Application = C:\\Windows\\System32\\WindowsPowerShell\\v1.0\\powershell.exe -NoProfile -Command Start-Transcript -Path \u0027C:\\PSTranscripts\\PowerShell_PSLOG_ce88b147531b49999f854c0850a027a3.txt\u0027 -Force\r\nWrite-Host \u0027PSLOG_ce88b147531b49999f854c0850a027a3\u0027\r\nGet-Date\r\nStop-Transcript\r\n        Engine Version = 5.1.20348.558\r\n        Runspace ID = 4acf1326-0677-435d-9cf7-0e985d39bbc5\r\n        Pipeline ID = 1\r\n        Command Name = Get-Date\r\n        Command Type = Cmdlet\r\n        Script Name = \r\n        Command Path = \r\n        Sequence Number = 24\r\n        User = MEDDEFENSE\\analyst\r\n        Connected User = \r\n        Shell ID = Microsoft.PowerShell\r\n\r\n\r\nUser Data:\r\n\r\n"
    },
    {
        "timestamp":  "2026-08-10T12:41:03.6580495Z",
        "hostname":  "DC01.meddefense.local",
        "platform":  "Windows",
        "source_type":  "PowerShell",
        "channel":  "Microsoft-Windows-PowerShell/Operational",
        "event_id":  4103,
        "event_category":  "Executing Pipeline",
        "provider":  "Microsoft-Windows-PowerShell",
        "raw_message":  "CommandInvocation(Set-StrictMode): \"Set-StrictMode\"\r\nParameterBinding(Set-StrictMode): name=\"Version\"; value=\"1.0\"\r\n\r\n\r\nContext:\r\n        Severity = Informational\r\n        Host Name = ConsoleHost\r\n        Host Version = 5.1.20348.558\r\n        Host ID = bc86023b-c38a-42dd-b79a-a4c6e0533a0f\r\n        Host Application = C:\\Windows\\System32\\WindowsPowerShell\\v1.0\\powershell.exe -NoProfile -Command Start-Transcript -Path \u0027C:\\PSTranscripts\\PowerShell_PSLOG_ce88b147531b49999f854c0850a027a3.txt\u0027 -Force\r\nWrite-Host \u0027PSLOG_ce88b147531b49999f854c0850a027a3\u0027\r\nGet-Date\r\nStop-Transcript\r\n        Engine Version = 5.1.20348.558\r\n        Runspace ID = 4acf1326-0677-435d-9cf7-0e985d39bbc5\r\n        Pipeline ID = 1\r\n        Command Name = Set-StrictMode\r\n        Command Type = Cmdlet\r\n        Script Name = \r\n        Command Path = \r\n        Sequence Number = 22\r\n        User = MEDDEFENSE\\analyst\r\n        Connected User = \r\n        Shell ID = Microsoft.PowerShell\r\n\r\n\r\nUser Data:\r\n\r\n"
    },
    {
        "timestamp":  "2026-08-10T12:41:03.6576654Z",
        "hostname":  "DC01.meddefense.local",
        "platform":  "Windows",
        "source_type":  "PowerShell",
        "channel":  "Microsoft-Windows-PowerShell/Operational",
        "event_id":  4104,
        "event_category":  "Execute a Remote Command",
        "provider":  "Microsoft-Windows-PowerShell",
        "raw_message":  "Creating Scriptblock text (1 of 1):\r\n{ Set-StrictMode -Version 1; $this.DisplayHint }\r\n\r\nScriptBlock ID: ee0ed88f-4fac-4912-89c6-32dc113ad9ed\r\nPath: ",
        "ScriptBlockText":  "{ Set-StrictMode -Version 1; $this.DisplayHint }"
    },
    {
        "timestamp":  "2026-08-10T12:41:03.6472867Z",
        "hostname":  "DC01.meddefense.local",
        "platform":  "Windows",
        "source_type":  "PowerShell",
        "channel":  "Microsoft-Windows-PowerShell/Operational",
        "event_id":  4103,
        "event_category":  "Executing Pipeline",
        "provider":  "Microsoft-Windows-PowerShell",
        "raw_message":  "CommandInvocation(Set-StrictMode): \"Set-StrictMode\"\r\nParameterBinding(Set-StrictMode): name=\"Version\"; value=\"1.0\"\r\n\r\n\r\nContext:\r\n        Severity = Informational\r\n        Host Name = ConsoleHost\r\n        Host Version = 5.1.20348.558\r\n        Host ID = bc86023b-c38a-42dd-b79a-a4c6e0533a0f\r\n        Host Application = C:\\Windows\\System32\\WindowsPowerShell\\v1.0\\powershell.exe -NoProfile -Command Start-Transcript -Path \u0027C:\\PSTranscripts\\PowerShell_PSLOG_ce88b147531b49999f854c0850a027a3.txt\u0027 -Force\r\nWrite-Host \u0027PSLOG_ce88b147531b49999f854c0850a027a3\u0027\r\nGet-Date\r\nStop-Transcript\r\n        Engine Version = 5.1.20348.558\r\n        Runspace ID = 4acf1326-0677-435d-9cf7-0e985d39bbc5\r\n        Pipeline ID = 1\r\n        Command Name = Set-StrictMode\r\n        Command Type = Cmdlet\r\n        Script Name = \r\n        Command Path = \r\n        Sequence Number = 20\r\n        User = MEDDEFENSE\\analyst\r\n        Connected User = \r\n        Shell ID = Microsoft.PowerShell\r\n\r\n\r\nUser Data:\r\n\r\n"
    },
    {
        "timestamp":  "2026-08-10T12:41:03.6466032Z",
        "hostname":  "DC01.meddefense.local",
        "platform":  "Windows",
        "source_type":  "PowerShell",
        "channel":  "Microsoft-Windows-PowerShell/Operational",
        "event_id":  4104,
        "event_category":  "Execute a Remote Command",
        "provider":  "Microsoft-Windows-PowerShell",
        "raw_message":  "Creating Scriptblock text (1 of 1):\r\n{ Set-StrictMode -Version 1; $this.DisplayHint }\r\n\r\nScriptBlock ID: 555e4567-d777-429f-9f31-0f7cfe492c60\r\nPath: ",
        "ScriptBlockText":  "{ Set-StrictMode -Version 1; $this.DisplayHint }"
    },
    {
        "timestamp":  "2026-08-10T12:41:03.6371639Z",
        "hostname":  "DC01.meddefense.local",
        "platform":  "Windows",
        "source_type":  "PowerShell",
        "channel":  "Microsoft-Windows-PowerShell/Operational",
        "event_id":  4103,
        "event_category":  "Executing Pipeline",
        "provider":  "Microsoft-Windows-PowerShell",
        "raw_message":  "CommandInvocation(Write-Host): \"Write-Host\"\r\nParameterBinding(Write-Host): name=\"Object\"; value=\"PSLOG_ce88b147531b49999f854c0850a027a3\"\r\n\r\n\r\nContext:\r\n        Severity = Informational\r\n        Host Name = ConsoleHost\r\n        Host Version = 5.1.20348.558\r\n        Host ID = bc86023b-c38a-42dd-b79a-a4c6e0533a0f\r\n        Host Application = C:\\Windows\\System32\\WindowsPowerShell\\v1.0\\powershell.exe -NoProfile -Command Start-Transcript -Path \u0027C:\\PSTranscripts\\PowerShell_PSLOG_ce88b147531b49999f854c0850a027a3.txt\u0027 -Force\r\nWrite-Host \u0027PSLOG_ce88b147531b49999f854c0850a027a3\u0027\r\nGet-Date\r\nStop-Transcript\r\n        Engine Version = 5.1.20348.558\r\n        Runspace ID = 4acf1326-0677-435d-9cf7-0e985d39bbc5\r\n        Pipeline ID = 1\r\n        Command Name = Write-Host\r\n        Command Type = Cmdlet\r\n        Script Name = \r\n        Command Path = \r\n        Sequence Number = 18\r\n        User = MEDDEFENSE\\analyst\r\n        Connected User = \r\n        Shell ID = Microsoft.PowerShell\r\n\r\n\r\nUser Data:\r\n\r\n"
    },
    {
        "timestamp":  "2026-08-10T12:41:03.5566994Z",
        "hostname":  "DC01.meddefense.local",
        "platform":  "Windows",
        "source_type":  "PowerShell",
        "channel":  "Microsoft-Windows-PowerShell/Operational",
        "event_id":  4103,
        "event_category":  "Executing Pipeline",
        "provider":  "Microsoft-Windows-PowerShell",
        "raw_message":  "CommandInvocation(Start-Transcript): \"Start-Transcript\"\r\nParameterBinding(Start-Transcript): name=\"Path\"; value=\"C:\\PSTranscripts\\PowerShell_PSLOG_ce88b147531b49999f854c0850a027a3.txt\"\r\nParameterBinding(Start-Transcript): name=\"Force\"; value=\"True\"\r\n\r\n\r\nContext:\r\n        Severity = Informational\r\n        Host Name = ConsoleHost\r\n        Host Version = 5.1.20348.558\r\n        Host ID = bc86023b-c38a-42dd-b79a-a4c6e0533a0f\r\n        Host Application = C:\\Windows\\System32\\WindowsPowerShell\\v1.0\\powershell.exe -NoProfile -Command Start-Transcript -Path \u0027C:\\PSTranscripts\\PowerShell_PSLOG_ce88b147531b49999f854c0850a027a3.txt\u0027 -Force\r\nWrite-Host \u0027PSLOG_ce88b147531b49999f854c0850a027a3\u0027\r\nGet-Date\r\nStop-Transcript\r\n        Engine Version = 5.1.20348.558\r\n        Runspace ID = 4acf1326-0677-435d-9cf7-0e985d39bbc5\r\n        Pipeline ID = 1\r\n        Command Name = Start-Transcript\r\n        Command Type = Cmdlet\r\n        Script Name = \r\n        Command Path = \r\n        Sequence Number = 16\r\n        User = MEDDEFENSE\\analyst\r\n        Connected User = \r\n        Shell ID = Microsoft.PowerShell\r\n\r\n\r\nUser Data:\r\n\r\n"
    },
    {
        "timestamp":  "2026-08-10T12:41:03.5065274Z",
        "hostname":  "DC01.meddefense.local",
        "platform":  "Windows",
        "source_type":  "PowerShell",
        "channel":  "Microsoft-Windows-PowerShell/Operational",
        "event_id":  4104,
        "event_category":  "Execute a Remote Command",
        "provider":  "Microsoft-Windows-PowerShell",
        "raw_message":  "Creating Scriptblock text (1 of 1):\r\nStart-Transcript -Path \u0027C:\\PSTranscripts\\PowerShell_PSLOG_ce88b147531b49999f854c0850a027a3.txt\u0027 -Force\r\nWrite-Host \u0027PSLOG_ce88b147531b49999f854c0850a027a3\u0027\r\nGet-Date\r\nStop-Transcript\r\n\r\nScriptBlock ID: 015dba30-27b9-4103-8fc3-dbe12b52ec28\r\nPath: ",
        "ScriptBlockText":  "Start-Transcript -Path \u0027C:\\PSTranscripts\\PowerShell_PSLOG_ce88b147531b49999f854c0850a027a3.txt\u0027 -Force\nWrite-Host \u0027PSLOG_ce88b147531b49999f854c0850a027a3\u0027\nGet-Date\nStop-Transcript"
    },
    {
        "timestamp":  "2026-08-10T12:41:03.4405339Z",
        "hostname":  "DC01.meddefense.local",
        "platform":  "Windows",
        "source_type":  "PowerShell",
        "channel":  "Microsoft-Windows-PowerShell/Operational",
        "event_id":  40962,
        "event_category":  "PowerShell Console Startup",
        "provider":  "Microsoft-Windows-PowerShell",
        "raw_message":  "PowerShell console is ready for user input"
    },
    {
        "timestamp":  "2026-08-10T12:41:03.3795902Z",
        "hostname":  "DC01.meddefense.local",
        "platform":  "Windows",
        "source_type":  "PowerShell",
        "channel":  "Microsoft-Windows-PowerShell/Operational",
        "event_id":  53504,
        "event_category":  "PowerShell Named Pipe IPC",
        "provider":  "Microsoft-Windows-PowerShell",
        "raw_message":  "Windows PowerShell has started an IPC listening thread on process: 5928 in AppDomain: DefaultAppDomain."
    },
    {
        "timestamp":  "2026-08-10T12:41:03.2547048Z",
        "hostname":  "DC01.meddefense.local",
        "platform":  "Windows",
        "source_type":  "PowerShell",
        "channel":  "Microsoft-Windows-PowerShell/Operational",
        "event_id":  40961,
        "event_category":  "PowerShell Console Startup",
        "provider":  "Microsoft-Windows-PowerShell",
        "raw_message":  "PowerShell console is starting up"
    },
    {
        "timestamp":  "2026-08-10T12:40:59.7728149Z",
        "hostname":  "DC01.meddefense.local",
        "platform":  "Windows",
        "source_type":  "PowerShell",
        "channel":  "Microsoft-Windows-PowerShell/Operational",
        "event_id":  4104,
        "event_category":  "Execute a Remote Command",
        "provider":  "Microsoft-Windows-PowerShell",
        "raw_message":  "Creating Scriptblock text (1 of 1):\r\n$global:?\r\n\r\nScriptBlock ID: 98678de8-fd44-421a-b211-c0aabc89d78a\r\nPath: ",
        "ScriptBlockText":  "$global:?"
    },
    {
        "timestamp":  "2026-08-10T12:40:59.7703398Z",
        "hostname":  "DC01.meddefense.local",
        "platform":  "Windows",
        "source_type":  "PowerShell",
        "channel":  "Microsoft-Windows-PowerShell/Operational",
        "event_id":  4103,
        "event_category":  "Executing Pipeline",
        "provider":  "Microsoft-Windows-PowerShell",
        "raw_message":  "CommandInvocation(Out-Default): \"Out-Default\"\r\nParameterBinding(Out-Default): name=\"InputObject\"; value=\"The term \u0027PSLOG\u0027 is not recognized as the name of a cmdlet, function, script file, or operable program. Check the spelling of the name, or if a path was included, verify that the path is correct and try again.\"\r\nParameterBinding(Out-Default): name=\"InputObject\"; value=\"The term \u0027Validation\u0027 is not recognized as the name of a cmdlet, function, script file, or operable program. Check the spelling of the name, or if a path was included, verify that the path is correct and try again.\"\r\nParameterBinding(Out-Default): name=\"InputObject\"; value=\"The term \u0027Test\u0027 is not recognized as the name of a cmdlet, function, script file, or operable program. Check the spelling of the name, or if a path was included, verify that the path is correct and try again.\"\r\n\r\n\r\nContext:\r\n        Severity = Informational\r\n        Host Name = ConsoleHost\r\n        Host Version = 5.1.20348.558\r\n        Host ID = cf224e43-94ad-474c-8dd3-34de6cb611f6\r\n        Host Application = C:\\Windows\\System32\\WindowsPowerShell\\v1.0\\powershell.exe -NoProfile -Command $A = PSLOG\r\n$B = Validation\r\n$C = Test\r\nWrite-Host $A $B $C\r\n        Engine Version = 5.1.20348.558\r\n        Runspace ID = ed9d7688-7788-448f-969e-1d160a9979a4\r\n        Pipeline ID = 1\r\n        Command Name = \r\n        Command Type = Script\r\n        Script Name = \r\n        Command Path = \r\n        Sequence Number = 114\r\n        User = MEDDEFENSE\\analyst\r\n        Connected User = \r\n        Shell ID = Microsoft.PowerShell\r\n\r\n\r\nUser Data:\r\n\r\n"
    },
    {
        "timestamp":  "2026-08-10T12:40:59.7699657Z",
        "hostname":  "DC01.meddefense.local",
        "platform":  "Windows",
        "source_type":  "PowerShell",
        "channel":  "Microsoft-Windows-PowerShell/Operational",
        "event_id":  4103,
        "event_category":  "Executing Pipeline",
        "provider":  "Microsoft-Windows-PowerShell",
        "raw_message":  "CommandInvocation(Write-Host): \"Write-Host\"\r\nParameterBinding(Write-Host): name=\"Object\"; value=\", , \"\r\n\r\n\r\nContext:\r\n        Severity = Informational\r\n        Host Name = ConsoleHost\r\n        Host Version = 5.1.20348.558\r\n        Host ID = cf224e43-94ad-474c-8dd3-34de6cb611f6\r\n        Host Application = C:\\Windows\\System32\\WindowsPowerShell\\v1.0\\powershell.exe -NoProfile -Command $A = PSLOG\r\n$B = Validation\r\n$C = Test\r\nWrite-Host $A $B $C\r\n        Engine Version = 5.1.20348.558\r\n        Runspace ID = ed9d7688-7788-448f-969e-1d160a9979a4\r\n        Pipeline ID = 1\r\n        Command Name = Write-Host\r\n        Command Type = Cmdlet\r\n        Script Name = \r\n        Command Path = \r\n        Sequence Number = 112\r\n        User = MEDDEFENSE\\analyst\r\n        Connected User = \r\n        Shell ID = Microsoft.PowerShell\r\n\r\n\r\nUser Data:\r\n\r\n"
    },
    {
        "timestamp":  "2026-08-10T12:40:59.6778648Z",
        "hostname":  "DC01.meddefense.local",
        "platform":  "Windows",
        "source_type":  "PowerShell",
        "channel":  "Microsoft-Windows-PowerShell/Operational",
        "event_id":  4103,
        "event_category":  "Executing Pipeline",
        "provider":  "Microsoft-Windows-PowerShell",
        "raw_message":  "CommandInvocation(Set-StrictMode): \"Set-StrictMode\"\r\nParameterBinding(Set-StrictMode): name=\"Version\"; value=\"1.0\"\r\n\r\n\r\nContext:\r\n        Severity = Informational\r\n        Host Name = ConsoleHost\r\n        Host Version = 5.1.20348.558\r\n        Host ID = cf224e43-94ad-474c-8dd3-34de6cb611f6\r\n        Host Application = C:\\Windows\\System32\\WindowsPowerShell\\v1.0\\powershell.exe -NoProfile -Command $A = PSLOG\r\n$B = Validation\r\n$C = Test\r\nWrite-Host $A $B $C\r\n        Engine Version = 5.1.20348.558\r\n        Runspace ID = ed9d7688-7788-448f-969e-1d160a9979a4\r\n        Pipeline ID = 1\r\n        Command Name = Set-StrictMode\r\n        Command Type = Cmdlet\r\n        Script Name = \r\n        Command Path = \r\n        Sequence Number = 110\r\n        User = MEDDEFENSE\\analyst\r\n        Connected User = \r\n        Shell ID = Microsoft.PowerShell\r\n\r\n\r\nUser Data:\r\n\r\n"
    },
    {
        "timestamp":  "2026-08-10T12:40:59.6770862Z",
        "hostname":  "DC01.meddefense.local",
        "platform":  "Windows",
        "source_type":  "PowerShell",
        "channel":  "Microsoft-Windows-PowerShell/Operational",
        "event_id":  4103,
        "event_category":  "Executing Pipeline",
        "provider":  "Microsoft-Windows-PowerShell",
        "raw_message":  "CommandInvocation(Set-StrictMode): \"Set-StrictMode\"\r\nParameterBinding(Set-StrictMode): name=\"Version\"; value=\"1.0\"\r\n\r\n\r\nContext:\r\n        Severity = Informational\r\n        Host Name = ConsoleHost\r\n        Host Version = 5.1.20348.558\r\n        Host ID = cf224e43-94ad-474c-8dd3-34de6cb611f6\r\n        Host Application = C:\\Windows\\System32\\WindowsPowerShell\\v1.0\\powershell.exe -NoProfile -Command $A = PSLOG\r\n$B = Validation\r\n$C = Test\r\nWrite-Host $A $B $C\r\n        Engine Version = 5.1.20348.558\r\n        Runspace ID = ed9d7688-7788-448f-969e-1d160a9979a4\r\n        Pipeline ID = 1\r\n        Command Name = Set-StrictMode\r\n        Command Type = Cmdlet\r\n        Script Name = \r\n        Command Path = \r\n        Sequence Number = 108\r\n        User = MEDDEFENSE\\analyst\r\n        Connected User = \r\n        Shell ID = Microsoft.PowerShell\r\n\r\n\r\nUser Data:\r\n\r\n"
    },
